07:03:18.989 [main                     ] DEBUG GameApplication      - Logger initialized
07:03:18.994 [main                     ] DEBUG GameApplication      - Logging settings
Title: Nuke Dungeons
Version: 0.3
Width: 750
Height: 750
Fullscreen: true
Intro: false
Menus: false
Profiling: false
Single step:false
App Mode: DEVELOPER
Menu Key: ESCAPE
Stage Style: DECORATED
Scene Factory: class com.almasb.fxgl.app.SceneFactory
Dialog Factory: class com.almasb.fxgl.ui.FXGLDialogFactory
UI Factory: class com.almasb.fxgl.ui.FXGLUIFactory

07:03:19.654 [JavaFX Application Thread] DEBUG Engine               - Initializing FXGL
07:03:19.655 [JavaFX Application Thread] INFO  Engine               - FXGL-11.4 (06.08.2019 18.29) on WINDOWS (J:18.0.2 FX:12.0.1)
07:03:19.655 [JavaFX Application Thread] INFO  Engine               - Source code and latest versions at: https://github.com/AlmasB/FXGL
07:03:19.655 [JavaFX Application Thread] INFO  Engine               -              Join the FXGL chat at: https://gitter.im/AlmasB/FXGL
07:03:19.659 [JavaFX Application Thread] DEBUG Engine               - Adding new engine service: class com.almasb.fxgl.audio.AudioPlayer
07:03:19.661 [JavaFX Application Thread] DEBUG Engine               - Adding new engine service: class com.almasb.fxgl.notification.impl.NotificationServiceProvider
07:03:19.662 [JavaFX Application Thread] DEBUG Engine               - Adding new engine service: class com.almasb.fxgl.achievement.AchievementManager
07:03:19.671 [JavaFX Application Thread] DEBUG FS                   - Loaded FSServiceImpl
07:03:19.671 [JavaFX Application Thread] DEBUG SaveLoadManager      - Checking profiles dir: profiles/
07:03:19.672 [JavaFX Application Thread] DEBUG Engine               - Loading localizations
07:03:19.689 [JavaFX Application Thread] DEBUG AssetLoader          - Loading from file system: /assets/properties/languages/english.properties
07:03:19.692 [JavaFX Application Thread] DEBUG AssetLoader          - Loading from file system: /assets/properties/languages/french.properties
07:03:19.694 [JavaFX Application Thread] DEBUG AssetLoader          - Loading from file system: /assets/properties/languages/german.properties
07:03:19.696 [JavaFX Application Thread] DEBUG AssetLoader          - Loading from file system: /assets/properties/languages/russian.properties
07:03:19.698 [JavaFX Application Thread] DEBUG AssetLoader          - Loading from file system: /assets/properties/languages/hungarian.properties
07:03:19.700 [JavaFX Application Thread] DEBUG Engine               - Registering font factories
07:03:19.701 [JavaFX Application Thread] DEBUG AssetLoader          - Loading from file system: /assets/ui/fonts/VarelaRound-Regular.ttf
07:03:19.826 [JavaFX Application Thread] DEBUG AssetLoader          - Loading from file system: /assets/ui/fonts/Abel-Regular.ttf
07:03:19.832 [JavaFX Application Thread] DEBUG AssetLoader          - Loading from file system: /assets/ui/fonts/lucida_console.ttf
07:03:19.842 [JavaFX Application Thread] DEBUG AssetLoader          - Loading from file system: /assets/ui/fonts/Courier-Prime.ttf
07:03:19.849 [JavaFX Application Thread] DEBUG Engine               - Setting UI factory
07:03:19.991 [JavaFX Application Thread] DEBUG AssetLoader          - Loading from file system: /assets/textures/fxgl_logo.png
07:03:20.088 [JavaFX Application Thread] DEBUG MainWindow           - Creating a JavaFX scene
07:03:20.153 [JavaFX Application Thread] DEBUG MainWindow           - Target settings size: 750.0 x 750.0
07:03:20.153 [JavaFX Application Thread] DEBUG MainWindow           - Scaled scene size:    750.0 x 750.0
07:03:20.153 [JavaFX Application Thread] DEBUG MainWindow           - Scaled ratio: (1.0, 1.0)
07:03:20.156 [JavaFX Application Thread] DEBUG MainWindow           - Applying CSS: fxgl_dark.css
07:03:20.156 [JavaFX Application Thread] DEBUG AssetLoader          - Loading from file system: /assets/ui/css/fxgl_dark.css
07:03:20.157 [JavaFX Application Thread] DEBUG AssetLoader          - Loading from file system: /assets/ui/cursors/fxgl_default.png
07:03:20.166 [JavaFX Application Thread] DEBUG Input                - Clearing active input actions
07:03:20.167 [JavaFX Application Thread] DEBUG MainWindow           - StartupScene -> StartupScene
07:03:20.172 [JavaFX Application Thread] DEBUG AssetLoader          - Loading from file system: /assets/textures/fxgl_icon.png
07:03:20.202 [JavaFX Application Thread] DEBUG MainWindow           - Opening main window
07:03:20.427 [JavaFX Application Thread] DEBUG MainWindow           - Window border size: (14.79998779296875, 38.0)
07:03:20.427 [JavaFX Application Thread] DEBUG MainWindow           - Scaled size: 750.0 x 750.0
07:03:20.427 [JavaFX Application Thread] DEBUG MainWindow           - Scaled ratio: (1.0, 1.0)
07:03:20.427 [JavaFX Application Thread] DEBUG MainWindow           - Scene size: 750.0 x 750.0
07:03:20.427 [JavaFX Application Thread] DEBUG MainWindow           - Stage size: 764.7999877929688 x 788.0
07:03:20.440 [FXGL Background Thread 1 ] DEBUG FS                   - Loaded FSServiceImpl
07:03:20.440 [FXGL Background Thread 1 ] DEBUG Engine               - Loading FXGL system data
07:03:20.450 [FXGL Background Thread 1 ] DEBUG FSServiceImpl        - Reading from: C:\Users\daron\Downloads\workspace\Programas java\Avanzado\Game2D\system\fxgl.bundle
07:03:20.469 [FXGL Background Thread 1 ] DEBUG Engine               - Bundle FXGL: {}
07:03:20.469 [FXGL Background Thread 1 ] DEBUG Engine               - Initializing application scenes
07:03:20.509 [FXGL Background Thread 1 ] DEBUG GameWorld            - Game world initialized
07:03:20.585 [FXGL Background Thread 1 ] DEBUG PhysicsWorld         - Physics world initialized: appHeight=750, physics.ppm=50,0
07:03:20.587 [FXGL Background Thread 1 ] DEBUG GameScene            - Game scene initialized: 750x750
07:03:20.628 [FXGL Background Thread 1 ] DEBUG Input                - Registered new binding: Resume - Esc
07:03:20.629 [FXGL Background Thread 1 ] DEBUG AssetLoader          - Loading from file system: /assets/textures/pause_menu_bg.png
07:03:20.672 [FXGL Background Thread 1 ] DEBUG Input                - Registered new binding: Pause - Esc
07:03:20.673 [FXGL Background Thread 1 ] DEBUG Engine               - Application scenes initialized
07:03:20.679 [JavaFX Application Thread] DEBUG Engine               - Running preInit()
07:03:20.679 [JavaFX Application Thread] DEBUG Input                - Registered new binding: MoveUp - W
07:03:20.679 [JavaFX Application Thread] DEBUG Input                - Registered new binding: MoveDown - S
07:03:20.680 [JavaFX Application Thread] DEBUG Input                - Registered new binding: MoveRight - D
07:03:20.680 [JavaFX Application Thread] DEBUG Input                - Registered new binding: MoveLeft - A
07:03:20.681 [JavaFX Application Thread] DEBUG Input                - Registered new binding: Shoot - LMB
07:03:20.682 [JavaFX Application Thread] DEBUG Input                - Registered new binding: Screenshot - P
07:03:20.683 [JavaFX Application Thread] DEBUG Input                - Registered new binding: System info dump - CTRL+9
07:03:20.683 [JavaFX Application Thread] DEBUG Input                - Registered new binding: Restart - CTRL+R
07:03:20.683 [JavaFX Application Thread] DEBUG Engine               - generateDefaultProfile()
07:03:20.683 [JavaFX Application Thread] DEBUG Engine               - Creating default profile
07:03:20.684 [JavaFX Application Thread] DEBUG EventBus             - Firing event: SaveEvent
07:03:20.696 [JavaFX Application Thread] DEBUG Engine               - Logging environment variables
07:03:20.697 [JavaFX Application Thread] DEBUG Engine               - achievements: []
07:03:20.697 [JavaFX Application Thread] DEBUG Engine               - language: ObjectProperty [value: ENGLISH]
07:03:20.697 [JavaFX Application Thread] DEBUG Engine               - isCloseConfirmation: false
07:03:20.697 [JavaFX Application Thread] DEBUG Engine               - isProfilingEnabled: false
07:03:20.697 [JavaFX Application Thread] DEBUG Engine               - soundNotification: core/notification.wav
07:03:20.697 [JavaFX Application Thread] DEBUG Engine               - devShowBBoxProperty: BooleanProperty [value: false]
07:03:20.697 [JavaFX Application Thread] DEBUG Engine               - pixelsPerMeter: 50.0
07:03:20.698 [JavaFX Application Thread] DEBUG Engine               - overlayRoot: Group@204a8014
07:03:20.698 [JavaFX Application Thread] DEBUG Engine               - appIcon: fxgl_icon.png
07:03:20.698 [JavaFX Application Thread] DEBUG Engine               - soundMenuBack: menu/back.wav
07:03:20.698 [JavaFX Application Thread] DEBUG Engine               - isFullScreenAllowed: true
07:03:20.698 [JavaFX Application Thread] DEBUG Engine               - isIntroEnabled: false
07:03:20.698 [JavaFX Application Thread] DEBUG Engine               - eventBus: com.almasb.fxgl.event.EventBus@45d0eda1
07:03:20.698 [JavaFX Application Thread] DEBUG Engine               - fontMono: lucida_console.ttf
07:03:20.698 [JavaFX Application Thread] DEBUG Engine               - soundMenuSelect: menu/select.wav
07:03:20.698 [JavaFX Application Thread] DEBUG Engine               - isWindows: true
07:03:20.698 [JavaFX Application Thread] DEBUG Engine               - isMobile: false
07:03:20.698 [JavaFX Application Thread] DEBUG Engine               - height: 750
07:03:20.698 [JavaFX Application Thread] DEBUG Engine               - isExperimentalNative: false
07:03:20.699 [JavaFX Application Thread] DEBUG Engine               - isSingleStep: false
07:03:20.699 [JavaFX Application Thread] DEBUG Engine               - cSSList: [fxgl_dark.css]
07:03:20.699 [JavaFX Application Thread] DEBUG Engine               - fontGame: Abel-Regular.ttf
07:03:20.699 [JavaFX Application Thread] DEBUG Engine               - menuKey: ESCAPE
07:03:20.699 [JavaFX Application Thread] DEBUG Engine               - devShowPositionProperty: BooleanProperty [value: false]
07:03:20.699 [JavaFX Application Thread] DEBUG Engine               - versionCheckDays: 7
07:03:20.699 [JavaFX Application Thread] DEBUG Engine               - masterTimer: com.almasb.fxgl.time.Timer@2a9ec20b
07:03:20.699 [JavaFX Application Thread] DEBUG Engine               - configClass: Optional.empty
07:03:20.699 [JavaFX Application Thread] DEBUG Engine               - version: 0.3
07:03:20.699 [JavaFX Application Thread] DEBUG Engine               - fullScreen: BooleanProperty [value: false]
07:03:20.699 [JavaFX Application Thread] DEBUG Engine               - dialogFactory: com.almasb.fxgl.ui.FXGLDialogFactory@252193f2
07:03:20.699 [JavaFX Application Thread] DEBUG Engine               - applicationMode: DEVELOPER
07:03:20.699 [JavaFX Application Thread] DEBUG Engine               - isMac: false
07:03:20.699 [JavaFX Application Thread] DEBUG Engine               - urlGoogleForms: https://goo.gl/forms/6wrMnOBxTE1fEpOy2
07:03:20.699 [JavaFX Application Thread] DEBUG Engine               - isMenuEnabled: false
07:03:20.699 [JavaFX Application Thread] DEBUG Engine               - urlPOM: https://raw.githubusercontent.com/AlmasB/FXGL/master/pom.xml
07:03:20.700 [JavaFX Application Thread] DEBUG Engine               - profileName: user.profile
07:03:20.700 [JavaFX Application Thread] DEBUG Engine               - notificationViewClass: class com.almasb.fxgl.notification.view.XboxNotificationView
07:03:20.700 [JavaFX Application Thread] DEBUG Engine               - devSensorColorProperty: ObjectProperty [value: 0xffff00ff]
07:03:20.700 [JavaFX Application Thread] DEBUG Engine               - dataFileExt: .dat
07:03:20.700 [JavaFX Application Thread] DEBUG Engine               - sceneFactory: com.almasb.fxgl.app.SceneFactory@58a1b152
07:03:20.700 [JavaFX Application Thread] DEBUG Engine               - stageStyle: DECORATED
07:03:20.700 [JavaFX Application Thread] DEBUG Engine               - isManualResizeEnabled: false
07:03:20.700 [JavaFX Application Thread] DEBUG Engine               - title: Nuke Dungeons
07:03:20.701 [JavaFX Application Thread] DEBUG Engine               - platform: WINDOWS
07:03:20.701 [JavaFX Application Thread] DEBUG Engine               - devBBoxColorProperty: ObjectProperty [value: 0xff0000ff]
07:03:20.701 [JavaFX Application Thread] DEBUG Engine               - isDesktop: true
07:03:20.701 [JavaFX Application Thread] DEBUG Engine               - credits: []
07:03:20.701 [JavaFX Application Thread] DEBUG Engine               - globalMusicVolumeProperty: DoubleProperty [value: 0.5]
07:03:20.701 [JavaFX Application Thread] DEBUG Engine               - isPreserveResizeRatio: false
07:03:20.701 [JavaFX Application Thread] DEBUG Engine               - uIFactory: com.almasb.fxgl.ui.FXGLUIFactory@1a5ee202
07:03:20.701 [JavaFX Application Thread] DEBUG Engine               - fontText: Courier-Prime.ttf
07:03:20.701 [JavaFX Application Thread] DEBUG Engine               - isExperimentalTiledLargeMap: false
07:03:20.701 [JavaFX Application Thread] DEBUG Engine               - secondsIn24h: 60
07:03:20.702 [JavaFX Application Thread] DEBUG Engine               - runtimeInfo: RuntimeInfo(platform=WINDOWS, version=11.4, build=06.08.2019 18.29)
07:03:20.702 [JavaFX Application Thread] DEBUG Engine               - urlGithub: https://github.com/AlmasB/FXGL
07:03:20.702 [JavaFX Application Thread] DEBUG Engine               - isLinux: false
07:03:20.702 [JavaFX Application Thread] DEBUG Engine               - soundMenuPress: menu/press.wav
07:03:20.702 [JavaFX Application Thread] DEBUG Engine               - profileDir: profiles/
07:03:20.702 [JavaFX Application Thread] DEBUG Engine               - isDeveloperMenuEnabled: false
07:03:20.702 [JavaFX Application Thread] DEBUG Engine               - globalSoundVolumeProperty: DoubleProperty [value: 0.5]
07:03:20.702 [JavaFX Application Thread] DEBUG Engine               - isBrowser: false
07:03:20.702 [JavaFX Application Thread] DEBUG Engine               - globalSoundVolume: 0.5
07:03:20.703 [JavaFX Application Thread] DEBUG Engine               - urlLeaderboard: http://fxgl-top.herokuapp.com/
07:03:20.703 [JavaFX Application Thread] DEBUG Engine               - saveDir: saves/
07:03:20.703 [JavaFX Application Thread] DEBUG Engine               - engineServices: [class com.almasb.fxgl.audio.AudioPlayer, class com.almasb.fxgl.notification.impl.NotificationServiceProvider, class com.almasb.fxgl.achievement.AchievementManager]
07:03:20.703 [JavaFX Application Thread] DEBUG Engine               - globalMusicVolume: 0.5
07:03:20.703 [JavaFX Application Thread] DEBUG Engine               - width: 750
07:03:20.703 [JavaFX Application Thread] DEBUG Engine               - saveFileExt: .sav
07:03:20.703 [JavaFX Application Thread] DEBUG Engine               - isAndroid: false
07:03:20.703 [JavaFX Application Thread] DEBUG Engine               - fontUI: VarelaRound-Regular.ttf
07:03:20.703 [JavaFX Application Thread] DEBUG Engine               - enabledMenuItems: []
07:03:20.703 [JavaFX Application Thread] DEBUG Engine               - isIOS: false
07:03:20.731 [JavaFX Application Thread] INFO  Engine               - FXGL initialization took: 1,059 sec
07:03:20.731 [JavaFX Application Thread] DEBUG LoopRunner           - Starting loop
07:03:20.742 [JavaFX Application Thread] DEBUG StartupScene         - STARTUP
07:03:20.742 [JavaFX Application Thread] DEBUG Engine               - Starting new game
07:03:20.743 [JavaFX Application Thread] DEBUG MainWindow           - Applying CSS: fxgl_dark.css
07:03:20.743 [JavaFX Application Thread] DEBUG AssetLoader          - Loading from file system: /assets/ui/css/fxgl_dark.css
07:03:20.743 [JavaFX Application Thread] DEBUG AssetLoader          - Loading from file system: /assets/ui/cursors/fxgl_default.png
07:03:20.746 [JavaFX Application Thread] DEBUG Input                - Clearing active input actions
07:03:20.763 [JavaFX Application Thread] DEBUG MainWindow           - StartupScene -> LoadingScene
07:03:20.771 [JavaFX Application Thread] DEBUG Engine               - Removing overlay from StartupScene and adding to LoadingScene
07:03:20.771 [FXGL Background Thread 1 ] DEBUG InitAppTask          - Clearing previous game
07:03:20.772 [FXGL Background Thread 1 ] DEBUG GameWorld            - Clearing game world
07:03:20.772 [FXGL Background Thread 1 ] DEBUG PhysicsWorld         - Clearing physics world
07:03:20.772 [FXGL Background Thread 1 ] DEBUG GameScene            - Clearing game scene
07:03:20.772 [FXGL Background Thread 1 ] DEBUG InitAppTask          - Initializing Game
07:03:20.775 [FXGL Background Thread 1 ] DEBUG AssetLoader          - Loading from file system: /assets/textures/fondoNivel1.jpeg
07:03:20.816 [FXGL Background Thread 1 ] DEBUG AssetLoader          - Loading from file system: /assets/textures/player1.png
07:03:20.834 [FXGL Background Thread 1 ] DEBUG AssetLoader          - Loading from file system: /assets/textures/arma2.png
07:03:20.843 [FXGL Background Thread 1 ] DEBUG InitAppTask          - Initializing Physics
07:03:20.844 [FXGL Background Thread 1 ] DEBUG InitAppTask          - Initializing UI
07:03:20.856 [FXGL Background Thread 1 ] DEBUG InitAppTask          - Initialization Complete
07:03:20.856 [FXGL Background Thread 1 ] INFO  InitAppTask          - Game initialization took: 0,084 sec
07:03:20.952 [JavaFX Application Thread] DEBUG MainWindow           - Applying CSS: fxgl_dark.css
07:03:20.952 [JavaFX Application Thread] DEBUG AssetLoader          - Loading from file system: /assets/ui/css/fxgl_dark.css
07:03:20.953 [JavaFX Application Thread] DEBUG AssetLoader          - Loading from file system: /assets/ui/cursors/fxgl_default.png
07:03:20.955 [JavaFX Application Thread] DEBUG Input                - Clearing active input actions
07:03:20.975 [JavaFX Application Thread] DEBUG MainWindow           - LoadingScene -> GameScene
07:03:20.975 [JavaFX Application Thread] DEBUG Engine               - Removing overlay from LoadingScene and adding to GameScene
07:03:21.823 [JavaFX Application Thread] DEBUG AssetLoader          - Loading from file system: /assets/textures/enemy1.png
07:03:22.568 [JavaFX Application Thread] DEBUG AssetLoader          - Loading from cache: /assets/textures/enemy1.png
07:03:23.302 [JavaFX Application Thread] DEBUG AssetLoader          - Loading from cache: /assets/textures/enemy1.png
07:03:24.035 [JavaFX Application Thread] DEBUG AssetLoader          - Loading from cache: /assets/textures/enemy1.png
07:03:24.761 [JavaFX Application Thread] DEBUG AssetLoader          - Loading from cache: /assets/textures/enemy1.png
07:03:25.489 [JavaFX Application Thread] DEBUG AssetLoader          - Loading from cache: /assets/textures/enemy1.png
07:03:26.217 [JavaFX Application Thread] DEBUG AssetLoader          - Loading from cache: /assets/textures/enemy1.png
07:03:26.944 [JavaFX Application Thread] DEBUG AssetLoader          - Loading from cache: /assets/textures/enemy1.png
07:03:27.672 [JavaFX Application Thread] DEBUG AssetLoader          - Loading from cache: /assets/textures/enemy1.png
07:03:28.409 [JavaFX Application Thread] DEBUG AssetLoader          - Loading from cache: /assets/textures/enemy1.png
07:03:47.432 [JavaFX Application Thread] DEBUG AssetLoader          - Loading from file system: /assets/textures/bullet.png
07:03:47.559 [JavaFX Application Thread] DEBUG AssetLoader          - Loading from cache: /assets/textures/bullet.png
07:03:47.792 [JavaFX Application Thread] DEBUG AssetLoader          - Loading from cache: /assets/textures/bullet.png
07:03:47.866 [JavaFX Application Thread] DEBUG AssetLoader          - Loading from file system: /assets/textures/explosion.png
07:03:47.960 [JavaFX Application Thread] DEBUG AssetLoader          - Loading from cache: /assets/textures/bullet.png
07:03:48.185 [JavaFX Application Thread] DEBUG AssetLoader          - Loading from cache: /assets/textures/explosion.png
07:03:48.212 [JavaFX Application Thread] DEBUG AssetLoader          - Loading from cache: /assets/textures/explosion.png
07:03:48.471 [JavaFX Application Thread] DEBUG AssetLoader          - Loading from cache: /assets/textures/bullet.png
07:03:49.056 [JavaFX Application Thread] DEBUG AssetLoader          - Loading from cache: /assets/textures/bullet.png
07:03:49.224 [JavaFX Application Thread] DEBUG AssetLoader          - Loading from cache: /assets/textures/bullet.png
07:03:49.274 [JavaFX Application Thread] DEBUG AssetLoader          - Loading from cache: /assets/textures/explosion.png
07:03:49.321 [JavaFX Application Thread] DEBUG AssetLoader          - Loading from cache: /assets/textures/explosion.png
07:03:49.488 [JavaFX Application Thread] DEBUG AssetLoader          - Loading from cache: /assets/textures/bullet.png
07:03:49.672 [JavaFX Application Thread] DEBUG AssetLoader          - Loading from cache: /assets/textures/bullet.png
07:03:49.750 [JavaFX Application Thread] DEBUG AssetLoader          - Loading from cache: /assets/textures/explosion.png
07:03:49.848 [JavaFX Application Thread] DEBUG AssetLoader          - Loading from cache: /assets/textures/bullet.png
07:03:50.008 [JavaFX Application Thread] DEBUG AssetLoader          - Loading from cache: /assets/textures/bullet.png
07:03:50.180 [JavaFX Application Thread] DEBUG AssetLoader          - Loading from cache: /assets/textures/explosion.png
07:03:50.193 [JavaFX Application Thread] DEBUG AssetLoader          - Loading from cache: /assets/textures/bullet.png
07:03:50.297 [JavaFX Application Thread] DEBUG AssetLoader          - Loading from cache: /assets/textures/explosion.png
07:03:50.312 [JavaFX Application Thread] DEBUG AssetLoader          - Loading from cache: /assets/textures/explosion.png
07:03:50.423 [JavaFX Application Thread] DEBUG AssetLoader          - Loading from cache: /assets/textures/bullet.png
07:03:51.144 [JavaFX Application Thread] DEBUG AssetLoader          - Loading from cache: /assets/textures/bullet.png
07:03:51.576 [JavaFX Application Thread] DEBUG AssetLoader          - Loading from cache: /assets/textures/explosion.png
07:03:51.578 [JavaFX Application Thread] DEBUG AssetLoader          - Loading from file system: /assets/textures/arma1.png
07:03:53.065 [JavaFX Application Thread] DEBUG AssetLoader          - Loading from file system: /assets/textures/enemy2.png
07:03:53.069 [JavaFX Application Thread] DEBUG AssetLoader          - Loading from cache: /assets/textures/enemy1.png
07:03:54.552 [JavaFX Application Thread] DEBUG AssetLoader          - Loading from cache: /assets/textures/enemy2.png
07:03:54.553 [JavaFX Application Thread] DEBUG AssetLoader          - Loading from cache: /assets/textures/enemy1.png
07:03:54.904 [JavaFX Application Thread] DEBUG AssetLoader          - Loading from cache: /assets/textures/bullet.png
07:03:55.055 [JavaFX Application Thread] DEBUG AssetLoader          - Loading from cache: /assets/textures/bullet.png
07:03:55.208 [JavaFX Application Thread] DEBUG AssetLoader          - Loading from cache: /assets/textures/bullet.png
07:03:55.332 [JavaFX Application Thread] DEBUG AssetLoader          - Loading from cache: /assets/textures/bullet.png
07:03:55.417 [JavaFX Application Thread] DEBUG AssetLoader          - Loading from cache: /assets/textures/explosion.png
07:03:55.431 [JavaFX Application Thread] DEBUG AssetLoader          - Loading from cache: /assets/textures/bullet.png
07:03:56.087 [JavaFX Application Thread] DEBUG AssetLoader          - Loading from cache: /assets/textures/enemy2.png
07:03:56.088 [JavaFX Application Thread] DEBUG AssetLoader          - Loading from cache: /assets/textures/enemy1.png
07:03:56.105 [JavaFX Application Thread] DEBUG AssetLoader          - Loading from cache: /assets/textures/explosion.png
07:03:56.329 [JavaFX Application Thread] DEBUG AssetLoader          - Loading from cache: /assets/textures/explosion.png
07:03:56.591 [JavaFX Application Thread] DEBUG AssetLoader          - Loading from cache: /assets/textures/bullet.png
07:03:56.751 [JavaFX Application Thread] DEBUG AssetLoader          - Loading from cache: /assets/textures/bullet.png
07:03:56.931 [JavaFX Application Thread] DEBUG AssetLoader          - Loading from cache: /assets/textures/bullet.png
07:03:57.111 [JavaFX Application Thread] DEBUG AssetLoader          - Loading from cache: /assets/textures/bullet.png
07:03:57.303 [JavaFX Application Thread] DEBUG AssetLoader          - Loading from cache: /assets/textures/bullet.png
07:03:57.492 [JavaFX Application Thread] DEBUG AssetLoader          - Loading from cache: /assets/textures/bullet.png
07:03:57.656 [JavaFX Application Thread] DEBUG AssetLoader          - Loading from cache: /assets/textures/enemy2.png
07:03:57.657 [JavaFX Application Thread] DEBUG AssetLoader          - Loading from cache: /assets/textures/enemy1.png
07:03:57.658 [JavaFX Application Thread] DEBUG AssetLoader          - Loading from cache: /assets/textures/explosion.png
07:03:57.659 [JavaFX Application Thread] DEBUG AssetLoader          - Loading from cache: /assets/textures/explosion.png
07:03:58.169 [JavaFX Application Thread] DEBUG AssetLoader          - Loading from cache: /assets/textures/explosion.png
07:03:58.279 [JavaFX Application Thread] DEBUG AssetLoader          - Loading from cache: /assets/textures/explosion.png
07:03:58.831 [JavaFX Application Thread] DEBUG AssetLoader          - Loading from cache: /assets/textures/bullet.png
07:03:59.241 [JavaFX Application Thread] DEBUG AssetLoader          - Loading from cache: /assets/textures/enemy2.png
07:03:59.241 [JavaFX Application Thread] DEBUG AssetLoader          - Loading from cache: /assets/textures/enemy1.png
07:03:59.242 [JavaFX Application Thread] DEBUG AssetLoader          - Loading from cache: /assets/textures/explosion.png
07:03:59.479 [JavaFX Application Thread] DEBUG AssetLoader          - Loading from cache: /assets/textures/bullet.png
07:03:59.662 [JavaFX Application Thread] DEBUG AssetLoader          - Loading from cache: /assets/textures/bullet.png
07:04:00.792 [JavaFX Application Thread] DEBUG AssetLoader          - Loading from cache: /assets/textures/enemy2.png
07:04:00.794 [JavaFX Application Thread] DEBUG AssetLoader          - Loading from cache: /assets/textures/explosion.png
07:04:01.007 [JavaFX Application Thread] DEBUG AssetLoader          - Loading from cache: /assets/textures/bullet.png
07:04:01.208 [JavaFX Application Thread] DEBUG AssetLoader          - Loading from cache: /assets/textures/bullet.png
07:04:01.367 [JavaFX Application Thread] DEBUG AssetLoader          - Loading from cache: /assets/textures/bullet.png
07:04:01.712 [JavaFX Application Thread] DEBUG AssetLoader          - Loading from cache: /assets/textures/bullet.png
07:04:01.960 [JavaFX Application Thread] DEBUG AssetLoader          - Loading from cache: /assets/textures/bullet.png
07:04:02.376 [JavaFX Application Thread] DEBUG AssetLoader          - Loading from cache: /assets/textures/enemy2.png
07:04:02.665 [JavaFX Application Thread] DEBUG AssetLoader          - Loading from cache: /assets/textures/explosion.png
07:04:02.976 [JavaFX Application Thread] DEBUG AssetLoader          - Loading from cache: /assets/textures/bullet.png
07:04:03.478 [JavaFX Application Thread] DEBUG AssetLoader          - Loading from cache: /assets/textures/bullet.png
07:04:04.007 [JavaFX Application Thread] DEBUG AssetLoader          - Loading from cache: /assets/textures/enemy2.png
07:04:05.167 [JavaFX Application Thread] DEBUG AssetLoader          - Loading from cache: /assets/textures/bullet.png
07:04:05.335 [JavaFX Application Thread] DEBUG AssetLoader          - Loading from cache: /assets/textures/bullet.png
07:04:05.493 [JavaFX Application Thread] DEBUG AssetLoader          - Loading from cache: /assets/textures/bullet.png
07:04:05.624 [JavaFX Application Thread] DEBUG AssetLoader          - Loading from cache: /assets/textures/enemy2.png
07:04:05.911 [JavaFX Application Thread] DEBUG AssetLoader          - Loading from cache: /assets/textures/explosion.png
07:04:06.168 [JavaFX Application Thread] DEBUG AssetLoader          - Loading from cache: /assets/textures/bullet.png
07:04:06.385 [JavaFX Application Thread] DEBUG AssetLoader          - Loading from cache: /assets/textures/bullet.png
07:04:06.823 [JavaFX Application Thread] DEBUG AssetLoader          - Loading from cache: /assets/textures/bullet.png
07:04:07.304 [JavaFX Application Thread] DEBUG AssetLoader          - Loading from cache: /assets/textures/enemy2.png
07:04:07.432 [JavaFX Application Thread] DEBUG AssetLoader          - Loading from cache: /assets/textures/explosion.png
07:04:07.503 [JavaFX Application Thread] DEBUG AssetLoader          - Loading from cache: /assets/textures/bullet.png
07:04:07.751 [JavaFX Application Thread] DEBUG AssetLoader          - Loading from cache: /assets/textures/explosion.png
07:04:07.902 [JavaFX Application Thread] DEBUG AssetLoader          - Loading from cache: /assets/textures/bullet.png
07:04:08.151 [JavaFX Application Thread] DEBUG AssetLoader          - Loading from cache: /assets/textures/bullet.png
07:04:09.847 [JavaFX Application Thread] DEBUG AssetLoader          - Loading from cache: /assets/textures/bullet.png
07:04:10.007 [JavaFX Application Thread] DEBUG AssetLoader          - Loading from cache: /assets/textures/bullet.png
07:04:10.175 [JavaFX Application Thread] DEBUG AssetLoader          - Loading from cache: /assets/textures/bullet.png
07:04:10.360 [JavaFX Application Thread] DEBUG AssetLoader          - Loading from cache: /assets/textures/bullet.png
07:04:10.520 [JavaFX Application Thread] DEBUG AssetLoader          - Loading from cache: /assets/textures/bullet.png
07:04:10.680 [JavaFX Application Thread] DEBUG AssetLoader          - Loading from cache: /assets/textures/bullet.png
07:04:10.697 [JavaFX Application Thread] DEBUG AssetLoader          - Loading from cache: /assets/textures/explosion.png
07:04:10.847 [JavaFX Application Thread] DEBUG AssetLoader          - Loading from cache: /assets/textures/bullet.png
07:04:11.625 [JavaFX Application Thread] DEBUG AssetLoader          - Loading from cache: /assets/textures/explosion.png
07:04:17.760 [JavaFX Application Thread] DEBUG Engine               - Exiting FXGL
07:04:17.760 [JavaFX Application Thread] DEBUG Engine               - Shutting down background threads
07:04:17.760 [JavaFX Application Thread] DEBUG Engine               - Saving FXGL system data
07:04:17.764 [JavaFX Application Thread] DEBUG FSServiceImpl        - Writing to: C:\Users\daron\Downloads\workspace\Programas java\Avanzado\Game2D\system\fxgl.bundle
07:04:17.766 [JavaFX Application Thread] DEBUG Engine               - Closing logger and exiting JavaFX
