07:00:34.633 [main                     ] DEBUG GameApplication      - Logger initialized
07:00:34.639 [main                     ] DEBUG GameApplication      - Logging settings
Title: Nuke Dungeons
Version: 0.3
Width: 750
Height: 750
Fullscreen: true
Intro: false
Menus: false
Profiling: false
Single step:false
App Mode: DEVELOPER
Menu Key: ESCAPE
Stage Style: DECORATED
Scene Factory: class com.almasb.fxgl.app.SceneFactory
Dialog Factory: class com.almasb.fxgl.ui.FXGLDialogFactory
UI Factory: class com.almasb.fxgl.ui.FXGLUIFactory

07:00:35.328 [JavaFX Application Thread] DEBUG Engine               - Initializing FXGL
07:00:35.329 [JavaFX Application Thread] INFO  Engine               - FXGL-11.4 (06.08.2019 18.29) on WINDOWS (J:18.0.2 FX:12.0.1)
07:00:35.329 [JavaFX Application Thread] INFO  Engine               - Source code and latest versions at: https://github.com/AlmasB/FXGL
07:00:35.329 [JavaFX Application Thread] INFO  Engine               -              Join the FXGL chat at: https://gitter.im/AlmasB/FXGL
07:00:35.333 [JavaFX Application Thread] DEBUG Engine               - Adding new engine service: class com.almasb.fxgl.audio.AudioPlayer
07:00:35.334 [JavaFX Application Thread] DEBUG Engine               - Adding new engine service: class com.almasb.fxgl.notification.impl.NotificationServiceProvider
07:00:35.335 [JavaFX Application Thread] DEBUG Engine               - Adding new engine service: class com.almasb.fxgl.achievement.AchievementManager
07:00:35.342 [JavaFX Application Thread] DEBUG FS                   - Loaded FSServiceImpl
07:00:35.343 [JavaFX Application Thread] DEBUG SaveLoadManager      - Checking profiles dir: profiles/
07:00:35.343 [JavaFX Application Thread] DEBUG Engine               - Loading localizations
07:00:35.363 [JavaFX Application Thread] DEBUG AssetLoader          - Loading from file system: /assets/properties/languages/english.properties
07:00:35.368 [JavaFX Application Thread] DEBUG AssetLoader          - Loading from file system: /assets/properties/languages/french.properties
07:00:35.370 [JavaFX Application Thread] DEBUG AssetLoader          - Loading from file system: /assets/properties/languages/german.properties
07:00:35.372 [JavaFX Application Thread] DEBUG AssetLoader          - Loading from file system: /assets/properties/languages/russian.properties
07:00:35.374 [JavaFX Application Thread] DEBUG AssetLoader          - Loading from file system: /assets/properties/languages/hungarian.properties
07:00:35.377 [JavaFX Application Thread] DEBUG Engine               - Registering font factories
07:00:35.378 [JavaFX Application Thread] DEBUG AssetLoader          - Loading from file system: /assets/ui/fonts/VarelaRound-Regular.ttf
07:00:35.503 [JavaFX Application Thread] DEBUG AssetLoader          - Loading from file system: /assets/ui/fonts/Abel-Regular.ttf
07:00:35.509 [JavaFX Application Thread] DEBUG AssetLoader          - Loading from file system: /assets/ui/fonts/lucida_console.ttf
07:00:35.518 [JavaFX Application Thread] DEBUG AssetLoader          - Loading from file system: /assets/ui/fonts/Courier-Prime.ttf
07:00:35.526 [JavaFX Application Thread] DEBUG Engine               - Setting UI factory
07:00:35.680 [JavaFX Application Thread] DEBUG AssetLoader          - Loading from file system: /assets/textures/fxgl_logo.png
07:00:35.784 [JavaFX Application Thread] DEBUG MainWindow           - Creating a JavaFX scene
07:00:35.852 [JavaFX Application Thread] DEBUG MainWindow           - Target settings size: 750.0 x 750.0
07:00:35.852 [JavaFX Application Thread] DEBUG MainWindow           - Scaled scene size:    750.0 x 750.0
07:00:35.852 [JavaFX Application Thread] DEBUG MainWindow           - Scaled ratio: (1.0, 1.0)
07:00:35.855 [JavaFX Application Thread] DEBUG MainWindow           - Applying CSS: fxgl_dark.css
07:00:35.855 [JavaFX Application Thread] DEBUG AssetLoader          - Loading from file system: /assets/ui/css/fxgl_dark.css
07:00:35.856 [JavaFX Application Thread] DEBUG AssetLoader          - Loading from file system: /assets/ui/cursors/fxgl_default.png
07:00:35.866 [JavaFX Application Thread] DEBUG Input                - Clearing active input actions
07:00:35.866 [JavaFX Application Thread] DEBUG MainWindow           - StartupScene -> StartupScene
07:00:35.873 [JavaFX Application Thread] DEBUG AssetLoader          - Loading from file system: /assets/textures/fxgl_icon.png
07:00:35.903 [JavaFX Application Thread] DEBUG MainWindow           - Opening main window
07:00:36.128 [JavaFX Application Thread] DEBUG MainWindow           - Window border size: (14.79998779296875, 38.0)
07:00:36.128 [JavaFX Application Thread] DEBUG MainWindow           - Scaled size: 750.0 x 750.0
07:00:36.128 [JavaFX Application Thread] DEBUG MainWindow           - Scaled ratio: (1.0, 1.0)
07:00:36.129 [JavaFX Application Thread] DEBUG MainWindow           - Scene size: 750.0 x 750.0
07:00:36.129 [JavaFX Application Thread] DEBUG MainWindow           - Stage size: 764.7999877929688 x 788.0
07:00:36.142 [FXGL Background Thread 1 ] DEBUG FS                   - Loaded FSServiceImpl
07:00:36.142 [FXGL Background Thread 1 ] DEBUG Engine               - Loading FXGL system data
07:00:36.152 [FXGL Background Thread 1 ] DEBUG FSServiceImpl        - Reading from: C:\Users\daron\Downloads\workspace\Programas java\Avanzado\Game2D\system\fxgl.bundle
07:00:36.175 [FXGL Background Thread 1 ] DEBUG Engine               - Bundle FXGL: {}
07:00:36.176 [FXGL Background Thread 1 ] DEBUG Engine               - Initializing application scenes
07:00:36.218 [FXGL Background Thread 1 ] DEBUG GameWorld            - Game world initialized
07:00:36.296 [FXGL Background Thread 1 ] DEBUG PhysicsWorld         - Physics world initialized: appHeight=750, physics.ppm=50,0
07:00:36.300 [FXGL Background Thread 1 ] DEBUG GameScene            - Game scene initialized: 750x750
07:00:36.343 [FXGL Background Thread 1 ] DEBUG Input                - Registered new binding: Resume - Esc
07:00:36.344 [FXGL Background Thread 1 ] DEBUG AssetLoader          - Loading from file system: /assets/textures/pause_menu_bg.png
07:00:36.384 [FXGL Background Thread 1 ] DEBUG Input                - Registered new binding: Pause - Esc
07:00:36.385 [FXGL Background Thread 1 ] DEBUG Engine               - Application scenes initialized
07:00:36.390 [JavaFX Application Thread] DEBUG Engine               - Running preInit()
07:00:36.390 [JavaFX Application Thread] DEBUG Input                - Registered new binding: MoveUp - W
07:00:36.390 [JavaFX Application Thread] DEBUG Input                - Registered new binding: MoveDown - S
07:00:36.391 [JavaFX Application Thread] DEBUG Input                - Registered new binding: MoveRight - D
07:00:36.391 [JavaFX Application Thread] DEBUG Input                - Registered new binding: MoveLeft - A
07:00:36.393 [JavaFX Application Thread] DEBUG Input                - Registered new binding: Shoot - LMB
07:00:36.394 [JavaFX Application Thread] DEBUG Input                - Registered new binding: Screenshot - P
07:00:36.395 [JavaFX Application Thread] DEBUG Input                - Registered new binding: System info dump - CTRL+9
07:00:36.395 [JavaFX Application Thread] DEBUG Input                - Registered new binding: Restart - CTRL+R
07:00:36.395 [JavaFX Application Thread] DEBUG Engine               - generateDefaultProfile()
07:00:36.396 [JavaFX Application Thread] DEBUG Engine               - Creating default profile
07:00:36.396 [JavaFX Application Thread] DEBUG EventBus             - Firing event: SaveEvent
07:00:36.408 [JavaFX Application Thread] DEBUG Engine               - Logging environment variables
07:00:36.408 [JavaFX Application Thread] DEBUG Engine               - achievements: []
07:00:36.408 [JavaFX Application Thread] DEBUG Engine               - language: ObjectProperty [value: ENGLISH]
07:00:36.409 [JavaFX Application Thread] DEBUG Engine               - isCloseConfirmation: false
07:00:36.409 [JavaFX Application Thread] DEBUG Engine               - isProfilingEnabled: false
07:00:36.409 [JavaFX Application Thread] DEBUG Engine               - soundNotification: core/notification.wav
07:00:36.409 [JavaFX Application Thread] DEBUG Engine               - devShowBBoxProperty: BooleanProperty [value: false]
07:00:36.409 [JavaFX Application Thread] DEBUG Engine               - pixelsPerMeter: 50.0
07:00:36.409 [JavaFX Application Thread] DEBUG Engine               - overlayRoot: Group@415ea4b7
07:00:36.409 [JavaFX Application Thread] DEBUG Engine               - appIcon: fxgl_icon.png
07:00:36.410 [JavaFX Application Thread] DEBUG Engine               - soundMenuBack: menu/back.wav
07:00:36.410 [JavaFX Application Thread] DEBUG Engine               - isFullScreenAllowed: true
07:00:36.410 [JavaFX Application Thread] DEBUG Engine               - isIntroEnabled: false
07:00:36.410 [JavaFX Application Thread] DEBUG Engine               - eventBus: com.almasb.fxgl.event.EventBus@6a003a9e
07:00:36.410 [JavaFX Application Thread] DEBUG Engine               - fontMono: lucida_console.ttf
07:00:36.410 [JavaFX Application Thread] DEBUG Engine               - soundMenuSelect: menu/select.wav
07:00:36.410 [JavaFX Application Thread] DEBUG Engine               - isWindows: true
07:00:36.410 [JavaFX Application Thread] DEBUG Engine               - isMobile: false
07:00:36.410 [JavaFX Application Thread] DEBUG Engine               - height: 750
07:00:36.410 [JavaFX Application Thread] DEBUG Engine               - isExperimentalNative: false
07:00:36.410 [JavaFX Application Thread] DEBUG Engine               - isSingleStep: false
07:00:36.410 [JavaFX Application Thread] DEBUG Engine               - cSSList: [fxgl_dark.css]
07:00:36.410 [JavaFX Application Thread] DEBUG Engine               - fontGame: Abel-Regular.ttf
07:00:36.410 [JavaFX Application Thread] DEBUG Engine               - menuKey: ESCAPE
07:00:36.411 [JavaFX Application Thread] DEBUG Engine               - devShowPositionProperty: BooleanProperty [value: false]
07:00:36.411 [JavaFX Application Thread] DEBUG Engine               - versionCheckDays: 7
07:00:36.411 [JavaFX Application Thread] DEBUG Engine               - masterTimer: com.almasb.fxgl.time.Timer@7ad84c73
07:00:36.411 [JavaFX Application Thread] DEBUG Engine               - configClass: Optional.empty
07:00:36.411 [JavaFX Application Thread] DEBUG Engine               - version: 0.3
07:00:36.411 [JavaFX Application Thread] DEBUG Engine               - fullScreen: BooleanProperty [value: false]
07:00:36.411 [JavaFX Application Thread] DEBUG Engine               - dialogFactory: com.almasb.fxgl.ui.FXGLDialogFactory@3f220f10
07:00:36.411 [JavaFX Application Thread] DEBUG Engine               - applicationMode: DEVELOPER
07:00:36.411 [JavaFX Application Thread] DEBUG Engine               - isMac: false
07:00:36.411 [JavaFX Application Thread] DEBUG Engine               - urlGoogleForms: https://goo.gl/forms/6wrMnOBxTE1fEpOy2
07:00:36.411 [JavaFX Application Thread] DEBUG Engine               - isMenuEnabled: false
07:00:36.412 [JavaFX Application Thread] DEBUG Engine               - urlPOM: https://raw.githubusercontent.com/AlmasB/FXGL/master/pom.xml
07:00:36.412 [JavaFX Application Thread] DEBUG Engine               - profileName: user.profile
07:00:36.412 [JavaFX Application Thread] DEBUG Engine               - notificationViewClass: class com.almasb.fxgl.notification.view.XboxNotificationView
07:00:36.412 [JavaFX Application Thread] DEBUG Engine               - devSensorColorProperty: ObjectProperty [value: 0xffff00ff]
07:00:36.412 [JavaFX Application Thread] DEBUG Engine               - dataFileExt: .dat
07:00:36.412 [JavaFX Application Thread] DEBUG Engine               - sceneFactory: com.almasb.fxgl.app.SceneFactory@412cb475
07:00:36.412 [JavaFX Application Thread] DEBUG Engine               - stageStyle: DECORATED
07:00:36.412 [JavaFX Application Thread] DEBUG Engine               - isManualResizeEnabled: false
07:00:36.412 [JavaFX Application Thread] DEBUG Engine               - title: Nuke Dungeons
07:00:36.412 [JavaFX Application Thread] DEBUG Engine               - platform: WINDOWS
07:00:36.413 [JavaFX Application Thread] DEBUG Engine               - devBBoxColorProperty: ObjectProperty [value: 0xff0000ff]
07:00:36.413 [JavaFX Application Thread] DEBUG Engine               - isDesktop: true
07:00:36.413 [JavaFX Application Thread] DEBUG Engine               - credits: []
07:00:36.413 [JavaFX Application Thread] DEBUG Engine               - globalMusicVolumeProperty: DoubleProperty [value: 0.5]
07:00:36.413 [JavaFX Application Thread] DEBUG Engine               - isPreserveResizeRatio: false
07:00:36.413 [JavaFX Application Thread] DEBUG Engine               - uIFactory: com.almasb.fxgl.ui.FXGLUIFactory@2a93b204
07:00:36.413 [JavaFX Application Thread] DEBUG Engine               - fontText: Courier-Prime.ttf
07:00:36.413 [JavaFX Application Thread] DEBUG Engine               - isExperimentalTiledLargeMap: false
07:00:36.413 [JavaFX Application Thread] DEBUG Engine               - secondsIn24h: 60
07:00:36.413 [JavaFX Application Thread] DEBUG Engine               - runtimeInfo: RuntimeInfo(platform=WINDOWS, version=11.4, build=06.08.2019 18.29)
07:00:36.413 [JavaFX Application Thread] DEBUG Engine               - urlGithub: https://github.com/AlmasB/FXGL
07:00:36.413 [JavaFX Application Thread] DEBUG Engine               - isLinux: false
07:00:36.413 [JavaFX Application Thread] DEBUG Engine               - soundMenuPress: menu/press.wav
07:00:36.413 [JavaFX Application Thread] DEBUG Engine               - profileDir: profiles/
07:00:36.413 [JavaFX Application Thread] DEBUG Engine               - isDeveloperMenuEnabled: false
07:00:36.414 [JavaFX Application Thread] DEBUG Engine               - globalSoundVolumeProperty: DoubleProperty [value: 0.5]
07:00:36.414 [JavaFX Application Thread] DEBUG Engine               - isBrowser: false
07:00:36.414 [JavaFX Application Thread] DEBUG Engine               - urlLeaderboard: http://fxgl-top.herokuapp.com/
07:00:36.414 [JavaFX Application Thread] DEBUG Engine               - globalSoundVolume: 0.5
07:00:36.414 [JavaFX Application Thread] DEBUG Engine               - saveDir: saves/
07:00:36.414 [JavaFX Application Thread] DEBUG Engine               - engineServices: [class com.almasb.fxgl.audio.AudioPlayer, class com.almasb.fxgl.notification.impl.NotificationServiceProvider, class com.almasb.fxgl.achievement.AchievementManager]
07:00:36.414 [JavaFX Application Thread] DEBUG Engine               - globalMusicVolume: 0.5
07:00:36.414 [JavaFX Application Thread] DEBUG Engine               - width: 750
07:00:36.414 [JavaFX Application Thread] DEBUG Engine               - saveFileExt: .sav
07:00:36.414 [JavaFX Application Thread] DEBUG Engine               - isAndroid: false
07:00:36.414 [JavaFX Application Thread] DEBUG Engine               - fontUI: VarelaRound-Regular.ttf
07:00:36.414 [JavaFX Application Thread] DEBUG Engine               - isIOS: false
07:00:36.414 [JavaFX Application Thread] DEBUG Engine               - enabledMenuItems: []
07:00:36.438 [JavaFX Application Thread] INFO  Engine               - FXGL initialization took: 1,095 sec
07:00:36.438 [JavaFX Application Thread] DEBUG LoopRunner           - Starting loop
07:00:36.450 [JavaFX Application Thread] DEBUG StartupScene         - STARTUP
07:00:36.450 [JavaFX Application Thread] DEBUG Engine               - Starting new game
07:00:36.451 [JavaFX Application Thread] DEBUG MainWindow           - Applying CSS: fxgl_dark.css
07:00:36.451 [JavaFX Application Thread] DEBUG AssetLoader          - Loading from file system: /assets/ui/css/fxgl_dark.css
07:00:36.451 [JavaFX Application Thread] DEBUG AssetLoader          - Loading from file system: /assets/ui/cursors/fxgl_default.png
07:00:36.454 [JavaFX Application Thread] DEBUG Input                - Clearing active input actions
07:00:36.475 [JavaFX Application Thread] DEBUG MainWindow           - StartupScene -> LoadingScene
07:00:36.486 [JavaFX Application Thread] DEBUG Engine               - Removing overlay from StartupScene and adding to LoadingScene
07:00:36.486 [FXGL Background Thread 1 ] DEBUG InitAppTask          - Clearing previous game
07:00:36.486 [FXGL Background Thread 1 ] DEBUG GameWorld            - Clearing game world
07:00:36.487 [FXGL Background Thread 1 ] DEBUG PhysicsWorld         - Clearing physics world
07:00:36.487 [FXGL Background Thread 1 ] DEBUG GameScene            - Clearing game scene
07:00:36.487 [FXGL Background Thread 1 ] DEBUG InitAppTask          - Initializing Game
07:00:36.488 [FXGL Background Thread 1 ] DEBUG AssetLoader          - Loading from file system: /assets/textures/fondoNivel1.jpeg
07:00:36.564 [JavaFX Application Thread] FATAL Engine               - Uncaught Exception:

Fatal exception occurred: java.lang.IllegalArgumentException : Parameter specified as non-null is null: method com.almasb.fxgl.app.GameScene.addUINode, parameter node
E: com.almasb.fxgl.app.GameScene.addUINode(GameScene.kt)
E: org.example.MainApp.initGame(MainApp.java:50)
E: com.almasb.fxgl.app.LoadingScene$InitAppTask.initGame(LoadingScene.kt:141)
E: com.almasb.fxgl.app.LoadingScene$InitAppTask.call(LoadingScene.kt:110)
E: com.almasb.fxgl.app.LoadingScene$InitAppTask.call(LoadingScene.kt:98)
E: javafx.concurrent.Task$TaskCallable.call(Task.java:1425)
E: java.base/java.util.concurrent.FutureTask.run(FutureTask.java:264)
E: java.base/java.util.concurrent.Executors$RunnableAdapter.call(Executors.java:539)
E: java.base/java.util.concurrent.FutureTask.run(FutureTask.java:264)
E: java.base/java.util.concurrent.ThreadPoolExecutor.runWorker(ThreadPoolExecutor.java:1136)
E: java.base/java.util.concurrent.ThreadPoolExecutor$Worker.run(ThreadPoolExecutor.java:635)
E: java.base/java.lang.Thread.run(Thread.java:833)

07:00:36.565 [JavaFX Application Thread] FATAL Engine               - Application will now exit
07:00:36.565 [JavaFX Application Thread] DEBUG LoopRunner           - Stopping loop
07:00:48.748 [JavaFX Application Thread] DEBUG Engine               - Exiting FXGL
07:00:48.748 [JavaFX Application Thread] DEBUG Engine               - Shutting down background threads
07:00:48.748 [JavaFX Application Thread] DEBUG Engine               - Saving FXGL system data
07:00:48.753 [JavaFX Application Thread] DEBUG FSServiceImpl        - Writing to: C:\Users\daron\Downloads\workspace\Programas java\Avanzado\Game2D\system\fxgl.bundle
07:00:48.759 [JavaFX Application Thread] DEBUG Engine               - Closing logger and exiting JavaFX
