19:10:46.637 [main                     ] DEBUG GameApplication      - Logger initialized
19:10:46.641 [main                     ] DEBUG GameApplication      - Logging settings
Title: Dungeons
Version: 0.2
Width: 750
Height: 750
Fullscreen: true
Intro: false
Menus: false
Profiling: false
Single step:false
App Mode: DEVELOPER
Menu Key: ESCAPE
Stage Style: DECORATED
Scene Factory: class com.almasb.fxgl.app.SceneFactory
Dialog Factory: class com.almasb.fxgl.ui.FXGLDialogFactory
UI Factory: class com.almasb.fxgl.ui.FXGLUIFactory

19:10:47.288 [JavaFX Application Thread] DEBUG Engine               - Initializing FXGL
19:10:47.289 [JavaFX Application Thread] INFO  Engine               - FXGL-11.4 (06.08.2019 18.29) on WINDOWS (J:18.0.2 FX:12.0.1)
19:10:47.289 [JavaFX Application Thread] INFO  Engine               - Source code and latest versions at: https://github.com/AlmasB/FXGL
19:10:47.289 [JavaFX Application Thread] INFO  Engine               -              Join the FXGL chat at: https://gitter.im/AlmasB/FXGL
19:10:47.293 [JavaFX Application Thread] DEBUG Engine               - Adding new engine service: class com.almasb.fxgl.audio.AudioPlayer
19:10:47.296 [JavaFX Application Thread] DEBUG Engine               - Adding new engine service: class com.almasb.fxgl.notification.impl.NotificationServiceProvider
19:10:47.297 [JavaFX Application Thread] DEBUG Engine               - Adding new engine service: class com.almasb.fxgl.achievement.AchievementManager
19:10:47.306 [JavaFX Application Thread] DEBUG FS                   - Loaded FSServiceImpl
19:10:47.306 [JavaFX Application Thread] DEBUG SaveLoadManager      - Checking profiles dir: profiles/
19:10:47.307 [JavaFX Application Thread] DEBUG Engine               - Loading localizations
19:10:47.323 [JavaFX Application Thread] DEBUG AssetLoader          - Loading from file system: /assets/properties/languages/english.properties
19:10:47.328 [JavaFX Application Thread] DEBUG AssetLoader          - Loading from file system: /assets/properties/languages/french.properties
19:10:47.331 [JavaFX Application Thread] DEBUG AssetLoader          - Loading from file system: /assets/properties/languages/german.properties
19:10:47.333 [JavaFX Application Thread] DEBUG AssetLoader          - Loading from file system: /assets/properties/languages/russian.properties
19:10:47.336 [JavaFX Application Thread] DEBUG AssetLoader          - Loading from file system: /assets/properties/languages/hungarian.properties
19:10:47.340 [JavaFX Application Thread] DEBUG Engine               - Registering font factories
19:10:47.341 [JavaFX Application Thread] DEBUG AssetLoader          - Loading from file system: /assets/ui/fonts/VarelaRound-Regular.ttf
19:10:47.459 [JavaFX Application Thread] DEBUG AssetLoader          - Loading from file system: /assets/ui/fonts/Abel-Regular.ttf
19:10:47.465 [JavaFX Application Thread] DEBUG AssetLoader          - Loading from file system: /assets/ui/fonts/lucida_console.ttf
19:10:47.474 [JavaFX Application Thread] DEBUG AssetLoader          - Loading from file system: /assets/ui/fonts/Courier-Prime.ttf
19:10:47.482 [JavaFX Application Thread] DEBUG Engine               - Setting UI factory
19:10:47.635 [JavaFX Application Thread] DEBUG AssetLoader          - Loading from file system: /assets/textures/fxgl_logo.png
19:10:47.754 [JavaFX Application Thread] DEBUG MainWindow           - Creating a JavaFX scene
19:10:47.824 [JavaFX Application Thread] DEBUG MainWindow           - Target settings size: 750.0 x 750.0
19:10:47.824 [JavaFX Application Thread] DEBUG MainWindow           - Scaled scene size:    750.0 x 750.0
19:10:47.825 [JavaFX Application Thread] DEBUG MainWindow           - Scaled ratio: (1.0, 1.0)
19:10:47.826 [JavaFX Application Thread] DEBUG MainWindow           - Applying CSS: fxgl_dark.css
19:10:47.827 [JavaFX Application Thread] DEBUG AssetLoader          - Loading from file system: /assets/ui/css/fxgl_dark.css
19:10:47.828 [JavaFX Application Thread] DEBUG AssetLoader          - Loading from file system: /assets/ui/cursors/fxgl_default.png
19:10:47.838 [JavaFX Application Thread] DEBUG Input                - Clearing active input actions
19:10:47.839 [JavaFX Application Thread] DEBUG MainWindow           - StartupScene -> StartupScene
19:10:47.844 [JavaFX Application Thread] DEBUG AssetLoader          - Loading from file system: /assets/textures/fxgl_icon.png
19:10:47.875 [JavaFX Application Thread] DEBUG MainWindow           - Opening main window
19:10:48.094 [JavaFX Application Thread] DEBUG MainWindow           - Window border size: (14.79998779296875, 38.0)
19:10:48.094 [JavaFX Application Thread] DEBUG MainWindow           - Scaled size: 750.0 x 750.0
19:10:48.094 [JavaFX Application Thread] DEBUG MainWindow           - Scaled ratio: (1.0, 1.0)
19:10:48.095 [JavaFX Application Thread] DEBUG MainWindow           - Scene size: 750.0 x 750.0
19:10:48.095 [JavaFX Application Thread] DEBUG MainWindow           - Stage size: 764.7999877929688 x 788.0
19:10:48.109 [FXGL Background Thread 1 ] DEBUG FS                   - Loaded FSServiceImpl
19:10:48.109 [FXGL Background Thread 1 ] DEBUG Engine               - Loading FXGL system data
19:10:48.118 [FXGL Background Thread 1 ] DEBUG FSServiceImpl        - Reading from: C:\Users\daron\Downloads\workspace\Programas java\Avanzado\Game2D\system\fxgl.bundle
19:10:48.138 [FXGL Background Thread 1 ] DEBUG Engine               - Bundle FXGL: {}
19:10:48.138 [FXGL Background Thread 1 ] DEBUG Engine               - Initializing application scenes
19:10:48.178 [FXGL Background Thread 1 ] DEBUG GameWorld            - Game world initialized
19:10:48.253 [FXGL Background Thread 1 ] DEBUG PhysicsWorld         - Physics world initialized: appHeight=750, physics.ppm=50,0
19:10:48.256 [FXGL Background Thread 1 ] DEBUG GameScene            - Game scene initialized: 750x750
19:10:48.299 [FXGL Background Thread 1 ] DEBUG Input                - Registered new binding: Resume - Esc
19:10:48.299 [FXGL Background Thread 1 ] DEBUG AssetLoader          - Loading from file system: /assets/textures/pause_menu_bg.png
19:10:48.341 [FXGL Background Thread 1 ] DEBUG Input                - Registered new binding: Pause - Esc
19:10:48.341 [FXGL Background Thread 1 ] DEBUG Engine               - Application scenes initialized
19:10:48.346 [JavaFX Application Thread] DEBUG Engine               - Running preInit()
19:10:48.346 [JavaFX Application Thread] DEBUG Input                - Registered new binding: MoveUp - W
19:10:48.347 [JavaFX Application Thread] DEBUG Input                - Registered new binding: MoveDown - S
19:10:48.347 [JavaFX Application Thread] DEBUG Input                - Registered new binding: MoveRight - D
19:10:48.347 [JavaFX Application Thread] DEBUG Input                - Registered new binding: MoveLeft - A
19:10:48.348 [JavaFX Application Thread] DEBUG Input                - Registered new binding: Screenshot - P
19:10:48.349 [JavaFX Application Thread] DEBUG Input                - Registered new binding: System info dump - CTRL+9
19:10:48.349 [JavaFX Application Thread] DEBUG Input                - Registered new binding: Restart - CTRL+R
19:10:48.350 [JavaFX Application Thread] DEBUG Engine               - generateDefaultProfile()
19:10:48.350 [JavaFX Application Thread] DEBUG Engine               - Creating default profile
19:10:48.351 [JavaFX Application Thread] DEBUG EventBus             - Firing event: SaveEvent
19:10:48.362 [JavaFX Application Thread] DEBUG Engine               - Logging environment variables
19:10:48.362 [JavaFX Application Thread] DEBUG Engine               - achievements: []
19:10:48.362 [JavaFX Application Thread] DEBUG Engine               - language: ObjectProperty [value: ENGLISH]
19:10:48.363 [JavaFX Application Thread] DEBUG Engine               - isCloseConfirmation: false
19:10:48.363 [JavaFX Application Thread] DEBUG Engine               - isProfilingEnabled: false
19:10:48.363 [JavaFX Application Thread] DEBUG Engine               - soundNotification: core/notification.wav
19:10:48.363 [JavaFX Application Thread] DEBUG Engine               - devShowBBoxProperty: BooleanProperty [value: false]
19:10:48.363 [JavaFX Application Thread] DEBUG Engine               - pixelsPerMeter: 50.0
19:10:48.363 [JavaFX Application Thread] DEBUG Engine               - overlayRoot: Group@60718353
19:10:48.363 [JavaFX Application Thread] DEBUG Engine               - appIcon: fxgl_icon.png
19:10:48.363 [JavaFX Application Thread] DEBUG Engine               - soundMenuBack: menu/back.wav
19:10:48.363 [JavaFX Application Thread] DEBUG Engine               - isFullScreenAllowed: true
19:10:48.363 [JavaFX Application Thread] DEBUG Engine               - isIntroEnabled: false
19:10:48.364 [JavaFX Application Thread] DEBUG Engine               - eventBus: com.almasb.fxgl.event.EventBus@55ba89ad
19:10:48.364 [JavaFX Application Thread] DEBUG Engine               - fontMono: lucida_console.ttf
19:10:48.364 [JavaFX Application Thread] DEBUG Engine               - soundMenuSelect: menu/select.wav
19:10:48.364 [JavaFX Application Thread] DEBUG Engine               - isWindows: true
19:10:48.364 [JavaFX Application Thread] DEBUG Engine               - isMobile: false
19:10:48.364 [JavaFX Application Thread] DEBUG Engine               - height: 750
19:10:48.364 [JavaFX Application Thread] DEBUG Engine               - isExperimentalNative: false
19:10:48.364 [JavaFX Application Thread] DEBUG Engine               - isSingleStep: false
19:10:48.364 [JavaFX Application Thread] DEBUG Engine               - cSSList: [fxgl_dark.css]
19:10:48.364 [JavaFX Application Thread] DEBUG Engine               - fontGame: Abel-Regular.ttf
19:10:48.364 [JavaFX Application Thread] DEBUG Engine               - menuKey: ESCAPE
19:10:48.365 [JavaFX Application Thread] DEBUG Engine               - devShowPositionProperty: BooleanProperty [value: false]
19:10:48.365 [JavaFX Application Thread] DEBUG Engine               - versionCheckDays: 7
19:10:48.365 [JavaFX Application Thread] DEBUG Engine               - masterTimer: com.almasb.fxgl.time.Timer@ab57b8c
19:10:48.365 [JavaFX Application Thread] DEBUG Engine               - configClass: Optional.empty
19:10:48.365 [JavaFX Application Thread] DEBUG Engine               - version: 0.2
19:10:48.365 [JavaFX Application Thread] DEBUG Engine               - fullScreen: BooleanProperty [value: false]
19:10:48.365 [JavaFX Application Thread] DEBUG Engine               - dialogFactory: com.almasb.fxgl.ui.FXGLDialogFactory@374ffc0a
19:10:48.365 [JavaFX Application Thread] DEBUG Engine               - applicationMode: DEVELOPER
19:10:48.365 [JavaFX Application Thread] DEBUG Engine               - isMac: false
19:10:48.365 [JavaFX Application Thread] DEBUG Engine               - urlGoogleForms: https://goo.gl/forms/6wrMnOBxTE1fEpOy2
19:10:48.366 [JavaFX Application Thread] DEBUG Engine               - isMenuEnabled: false
19:10:48.366 [JavaFX Application Thread] DEBUG Engine               - profileName: user.profile
19:10:48.366 [JavaFX Application Thread] DEBUG Engine               - urlPOM: https://raw.githubusercontent.com/AlmasB/FXGL/master/pom.xml
19:10:48.366 [JavaFX Application Thread] DEBUG Engine               - notificationViewClass: class com.almasb.fxgl.notification.view.XboxNotificationView
19:10:48.366 [JavaFX Application Thread] DEBUG Engine               - devSensorColorProperty: ObjectProperty [value: 0xffff00ff]
19:10:48.367 [JavaFX Application Thread] DEBUG Engine               - sceneFactory: com.almasb.fxgl.app.SceneFactory@4eb5f3bc
19:10:48.367 [JavaFX Application Thread] DEBUG Engine               - dataFileExt: .dat
19:10:48.367 [JavaFX Application Thread] DEBUG Engine               - stageStyle: DECORATED
19:10:48.367 [JavaFX Application Thread] DEBUG Engine               - isManualResizeEnabled: false
19:10:48.367 [JavaFX Application Thread] DEBUG Engine               - title: Dungeons
19:10:48.367 [JavaFX Application Thread] DEBUG Engine               - platform: WINDOWS
19:10:48.367 [JavaFX Application Thread] DEBUG Engine               - devBBoxColorProperty: ObjectProperty [value: 0xff0000ff]
19:10:48.367 [JavaFX Application Thread] DEBUG Engine               - isDesktop: true
19:10:48.368 [JavaFX Application Thread] DEBUG Engine               - credits: []
19:10:48.368 [JavaFX Application Thread] DEBUG Engine               - globalMusicVolumeProperty: DoubleProperty [value: 0.5]
19:10:48.368 [JavaFX Application Thread] DEBUG Engine               - uIFactory: com.almasb.fxgl.ui.FXGLUIFactory@4f43ec26
19:10:48.368 [JavaFX Application Thread] DEBUG Engine               - isPreserveResizeRatio: false
19:10:48.368 [JavaFX Application Thread] DEBUG Engine               - fontText: Courier-Prime.ttf
19:10:48.368 [JavaFX Application Thread] DEBUG Engine               - isExperimentalTiledLargeMap: false
19:10:48.368 [JavaFX Application Thread] DEBUG Engine               - secondsIn24h: 60
19:10:48.369 [JavaFX Application Thread] DEBUG Engine               - runtimeInfo: RuntimeInfo(platform=WINDOWS, version=11.4, build=06.08.2019 18.29)
19:10:48.369 [JavaFX Application Thread] DEBUG Engine               - soundMenuPress: menu/press.wav
19:10:48.369 [JavaFX Application Thread] DEBUG Engine               - isLinux: false
19:10:48.369 [JavaFX Application Thread] DEBUG Engine               - urlGithub: https://github.com/AlmasB/FXGL
19:10:48.369 [JavaFX Application Thread] DEBUG Engine               - profileDir: profiles/
19:10:48.369 [JavaFX Application Thread] DEBUG Engine               - isDeveloperMenuEnabled: false
19:10:48.369 [JavaFX Application Thread] DEBUG Engine               - globalSoundVolumeProperty: DoubleProperty [value: 0.5]
19:10:48.369 [JavaFX Application Thread] DEBUG Engine               - isBrowser: false
19:10:48.369 [JavaFX Application Thread] DEBUG Engine               - globalSoundVolume: 0.5
19:10:48.369 [JavaFX Application Thread] DEBUG Engine               - urlLeaderboard: http://fxgl-top.herokuapp.com/
19:10:48.369 [JavaFX Application Thread] DEBUG Engine               - saveDir: saves/
19:10:48.370 [JavaFX Application Thread] DEBUG Engine               - engineServices: [class com.almasb.fxgl.audio.AudioPlayer, class com.almasb.fxgl.notification.impl.NotificationServiceProvider, class com.almasb.fxgl.achievement.AchievementManager]
19:10:48.370 [JavaFX Application Thread] DEBUG Engine               - globalMusicVolume: 0.5
19:10:48.370 [JavaFX Application Thread] DEBUG Engine               - width: 750
19:10:48.370 [JavaFX Application Thread] DEBUG Engine               - saveFileExt: .sav
19:10:48.370 [JavaFX Application Thread] DEBUG Engine               - isAndroid: false
19:10:48.370 [JavaFX Application Thread] DEBUG Engine               - fontUI: VarelaRound-Regular.ttf
19:10:48.370 [JavaFX Application Thread] DEBUG Engine               - enabledMenuItems: []
19:10:48.371 [JavaFX Application Thread] DEBUG Engine               - isIOS: false
19:10:48.392 [JavaFX Application Thread] INFO  Engine               - FXGL initialization took: 1,084 sec
19:10:48.392 [JavaFX Application Thread] DEBUG LoopRunner           - Starting loop
19:10:48.402 [JavaFX Application Thread] DEBUG StartupScene         - STARTUP
19:10:48.402 [JavaFX Application Thread] DEBUG Engine               - Starting new game
19:10:48.402 [JavaFX Application Thread] DEBUG MainWindow           - Applying CSS: fxgl_dark.css
19:10:48.402 [JavaFX Application Thread] DEBUG AssetLoader          - Loading from file system: /assets/ui/css/fxgl_dark.css
19:10:48.403 [JavaFX Application Thread] DEBUG AssetLoader          - Loading from file system: /assets/ui/cursors/fxgl_default.png
19:10:48.405 [JavaFX Application Thread] DEBUG Input                - Clearing active input actions
19:10:48.428 [JavaFX Application Thread] DEBUG MainWindow           - StartupScene -> LoadingScene
19:10:48.438 [JavaFX Application Thread] DEBUG Engine               - Removing overlay from StartupScene and adding to LoadingScene
19:10:48.439 [FXGL Background Thread 1 ] DEBUG InitAppTask          - Clearing previous game
19:10:48.439 [FXGL Background Thread 1 ] DEBUG GameWorld            - Clearing game world
19:10:48.439 [FXGL Background Thread 1 ] DEBUG PhysicsWorld         - Clearing physics world
19:10:48.439 [FXGL Background Thread 1 ] DEBUG GameScene            - Clearing game scene
19:10:48.439 [FXGL Background Thread 1 ] DEBUG InitAppTask          - Initializing Game
19:10:48.460 [FXGL Background Thread 1 ] DEBUG AssetLoader          - Loading from file system: /assets/textures/player1.png
19:10:48.486 [FXGL Background Thread 1 ] DEBUG AssetLoader          - Loading from file system: /assets/textures/arma2.png
19:10:48.502 [FXGL Background Thread 1 ] DEBUG InitAppTask          - Initializing Physics
19:10:48.503 [FXGL Background Thread 1 ] DEBUG InitAppTask          - Initializing UI
19:10:48.503 [FXGL Background Thread 1 ] DEBUG InitAppTask          - Initialization Complete
19:10:48.503 [FXGL Background Thread 1 ] INFO  InitAppTask          - Game initialization took: 0,064 sec
19:10:48.526 [JavaFX Application Thread] DEBUG MainWindow           - Applying CSS: fxgl_dark.css
19:10:48.526 [JavaFX Application Thread] DEBUG AssetLoader          - Loading from file system: /assets/ui/css/fxgl_dark.css
19:10:48.526 [JavaFX Application Thread] DEBUG AssetLoader          - Loading from file system: /assets/ui/cursors/fxgl_default.png
19:10:48.527 [JavaFX Application Thread] DEBUG Input                - Clearing active input actions
19:10:48.553 [JavaFX Application Thread] DEBUG MainWindow           - LoadingScene -> GameScene
19:10:48.553 [JavaFX Application Thread] DEBUG Engine               - Removing overlay from LoadingScene and adding to GameScene
19:10:50.508 [JavaFX Application Thread] DEBUG AssetLoader          - Loading from file system: /assets/textures/enemy1.png
19:10:52.507 [JavaFX Application Thread] DEBUG AssetLoader          - Loading from cache: /assets/textures/enemy1.png
19:10:54.505 [JavaFX Application Thread] DEBUG AssetLoader          - Loading from cache: /assets/textures/enemy1.png
19:10:56.388 [JavaFX Application Thread] DEBUG Engine               - Exiting FXGL
19:10:56.389 [JavaFX Application Thread] DEBUG Engine               - Shutting down background threads
19:10:56.389 [JavaFX Application Thread] DEBUG Engine               - Saving FXGL system data
19:10:56.393 [JavaFX Application Thread] DEBUG FSServiceImpl        - Writing to: C:\Users\daron\Downloads\workspace\Programas java\Avanzado\Game2D\system\fxgl.bundle
19:10:56.397 [JavaFX Application Thread] DEBUG Engine               - Closing logger and exiting JavaFX
