19:08:52.121 [main                     ] DEBUG GameApplication      - Logger initialized
19:08:52.126 [main                     ] DEBUG GameApplication      - Logging settings
Title: Dungeons
Version: 0.2
Width: 750
Height: 750
Fullscreen: true
Intro: true
Menus: false
Profiling: false
Single step:false
App Mode: DEVELOPER
Menu Key: ESCAPE
Stage Style: DECORATED
Scene Factory: class com.almasb.fxgl.app.SceneFactory
Dialog Factory: class com.almasb.fxgl.ui.FXGLDialogFactory
UI Factory: class com.almasb.fxgl.ui.FXGLUIFactory

19:08:52.788 [JavaFX Application Thread] DEBUG Engine               - Initializing FXGL
19:08:52.789 [JavaFX Application Thread] INFO  Engine               - FXGL-11.4 (06.08.2019 18.29) on WINDOWS (J:18.0.2 FX:12.0.1)
19:08:52.789 [JavaFX Application Thread] INFO  Engine               - Source code and latest versions at: https://github.com/AlmasB/FXGL
19:08:52.789 [JavaFX Application Thread] INFO  Engine               -              Join the FXGL chat at: https://gitter.im/AlmasB/FXGL
19:08:52.794 [JavaFX Application Thread] DEBUG Engine               - Adding new engine service: class com.almasb.fxgl.audio.AudioPlayer
19:08:52.796 [JavaFX Application Thread] DEBUG Engine               - Adding new engine service: class com.almasb.fxgl.notification.impl.NotificationServiceProvider
19:08:52.796 [JavaFX Application Thread] DEBUG Engine               - Adding new engine service: class com.almasb.fxgl.achievement.AchievementManager
19:08:52.805 [JavaFX Application Thread] DEBUG FS                   - Loaded FSServiceImpl
19:08:52.805 [JavaFX Application Thread] DEBUG SaveLoadManager      - Checking profiles dir: profiles/
19:08:52.806 [JavaFX Application Thread] DEBUG Engine               - Loading localizations
19:08:52.824 [JavaFX Application Thread] DEBUG AssetLoader          - Loading from file system: /assets/properties/languages/english.properties
19:08:52.828 [JavaFX Application Thread] DEBUG AssetLoader          - Loading from file system: /assets/properties/languages/french.properties
19:08:52.831 [JavaFX Application Thread] DEBUG AssetLoader          - Loading from file system: /assets/properties/languages/german.properties
19:08:52.833 [JavaFX Application Thread] DEBUG AssetLoader          - Loading from file system: /assets/properties/languages/russian.properties
19:08:52.836 [JavaFX Application Thread] DEBUG AssetLoader          - Loading from file system: /assets/properties/languages/hungarian.properties
19:08:52.838 [JavaFX Application Thread] DEBUG Engine               - Registering font factories
19:08:52.839 [JavaFX Application Thread] DEBUG AssetLoader          - Loading from file system: /assets/ui/fonts/VarelaRound-Regular.ttf
19:08:52.971 [JavaFX Application Thread] DEBUG AssetLoader          - Loading from file system: /assets/ui/fonts/Abel-Regular.ttf
19:08:52.979 [JavaFX Application Thread] DEBUG AssetLoader          - Loading from file system: /assets/ui/fonts/lucida_console.ttf
19:08:52.987 [JavaFX Application Thread] DEBUG AssetLoader          - Loading from file system: /assets/ui/fonts/Courier-Prime.ttf
19:08:52.994 [JavaFX Application Thread] DEBUG Engine               - Setting UI factory
19:08:53.140 [JavaFX Application Thread] DEBUG AssetLoader          - Loading from file system: /assets/textures/fxgl_logo.png
19:08:53.235 [JavaFX Application Thread] DEBUG MainWindow           - Creating a JavaFX scene
19:08:53.300 [JavaFX Application Thread] DEBUG MainWindow           - Target settings size: 750.0 x 750.0
19:08:53.301 [JavaFX Application Thread] DEBUG MainWindow           - Scaled scene size:    750.0 x 750.0
19:08:53.301 [JavaFX Application Thread] DEBUG MainWindow           - Scaled ratio: (1.0, 1.0)
19:08:53.303 [JavaFX Application Thread] DEBUG MainWindow           - Applying CSS: fxgl_dark.css
19:08:53.303 [JavaFX Application Thread] DEBUG AssetLoader          - Loading from file system: /assets/ui/css/fxgl_dark.css
19:08:53.304 [JavaFX Application Thread] DEBUG AssetLoader          - Loading from file system: /assets/ui/cursors/fxgl_default.png
19:08:53.314 [JavaFX Application Thread] DEBUG Input                - Clearing active input actions
19:08:53.315 [JavaFX Application Thread] DEBUG MainWindow           - StartupScene -> StartupScene
19:08:53.320 [JavaFX Application Thread] DEBUG AssetLoader          - Loading from file system: /assets/textures/fxgl_icon.png
19:08:53.349 [JavaFX Application Thread] DEBUG MainWindow           - Opening main window
19:08:53.569 [JavaFX Application Thread] DEBUG MainWindow           - Window border size: (14.79998779296875, 38.0)
19:08:53.569 [JavaFX Application Thread] DEBUG MainWindow           - Scaled size: 750.0 x 750.0
19:08:53.569 [JavaFX Application Thread] DEBUG MainWindow           - Scaled ratio: (1.0, 1.0)
19:08:53.569 [JavaFX Application Thread] DEBUG MainWindow           - Scene size: 750.0 x 750.0
19:08:53.570 [JavaFX Application Thread] DEBUG MainWindow           - Stage size: 764.7999877929688 x 788.0
19:08:53.580 [FXGL Background Thread 1 ] DEBUG FS                   - Loaded FSServiceImpl
19:08:53.582 [FXGL Background Thread 1 ] DEBUG Engine               - Loading FXGL system data
19:08:53.590 [FXGL Background Thread 1 ] DEBUG FSServiceImpl        - Reading from: C:\Users\daron\Downloads\workspace\Programas java\Avanzado\Game2D\system\fxgl.bundle
19:08:53.612 [FXGL Background Thread 1 ] DEBUG Engine               - Bundle FXGL: {}
19:08:53.612 [FXGL Background Thread 1 ] DEBUG Engine               - Initializing application scenes
19:08:53.654 [FXGL Background Thread 1 ] DEBUG GameWorld            - Game world initialized
19:08:53.730 [FXGL Background Thread 1 ] DEBUG PhysicsWorld         - Physics world initialized: appHeight=750, physics.ppm=50,0
19:08:53.733 [FXGL Background Thread 1 ] DEBUG GameScene            - Game scene initialized: 750x750
19:08:53.783 [FXGL Background Thread 1 ] DEBUG AssetLoader          - Loading from file system: /assets/textures/particles/explosion.png
19:08:53.927 [FXGL Background Thread 1 ] DEBUG Input                - Registered new binding: Resume - Esc
19:08:53.927 [FXGL Background Thread 1 ] DEBUG AssetLoader          - Loading from file system: /assets/textures/pause_menu_bg.png
19:08:53.956 [FXGL Background Thread 1 ] DEBUG Input                - Registered new binding: Pause - Esc
19:08:53.958 [FXGL Background Thread 1 ] DEBUG Engine               - Application scenes initialized
19:08:53.961 [JavaFX Application Thread] DEBUG Engine               - Running preInit()
19:08:53.962 [JavaFX Application Thread] DEBUG Input                - Registered new binding: MoveUp - W
19:08:53.962 [JavaFX Application Thread] DEBUG Input                - Registered new binding: MoveDown - S
19:08:53.962 [JavaFX Application Thread] DEBUG Input                - Registered new binding: MoveRight - D
19:08:53.962 [JavaFX Application Thread] DEBUG Input                - Registered new binding: MoveLeft - A
19:08:53.964 [JavaFX Application Thread] DEBUG Input                - Registered new binding: Screenshot - P
19:08:53.964 [JavaFX Application Thread] DEBUG Input                - Registered new binding: System info dump - CTRL+9
19:08:53.965 [JavaFX Application Thread] DEBUG Input                - Registered new binding: Restart - CTRL+R
19:08:53.965 [JavaFX Application Thread] DEBUG Engine               - generateDefaultProfile()
19:08:53.965 [JavaFX Application Thread] DEBUG Engine               - Creating default profile
19:08:53.966 [JavaFX Application Thread] DEBUG EventBus             - Firing event: SaveEvent
19:08:53.977 [JavaFX Application Thread] DEBUG Engine               - Logging environment variables
19:08:53.977 [JavaFX Application Thread] DEBUG Engine               - achievements: []
19:08:53.978 [JavaFX Application Thread] DEBUG Engine               - language: ObjectProperty [value: ENGLISH]
19:08:53.978 [JavaFX Application Thread] DEBUG Engine               - isCloseConfirmation: false
19:08:53.978 [JavaFX Application Thread] DEBUG Engine               - isProfilingEnabled: false
19:08:53.978 [JavaFX Application Thread] DEBUG Engine               - soundNotification: core/notification.wav
19:08:53.978 [JavaFX Application Thread] DEBUG Engine               - devShowBBoxProperty: BooleanProperty [value: false]
19:08:53.978 [JavaFX Application Thread] DEBUG Engine               - pixelsPerMeter: 50.0
19:08:53.978 [JavaFX Application Thread] DEBUG Engine               - overlayRoot: Group@4b3eec5e
19:08:53.979 [JavaFX Application Thread] DEBUG Engine               - soundMenuBack: menu/back.wav
19:08:53.979 [JavaFX Application Thread] DEBUG Engine               - appIcon: fxgl_icon.png
19:08:53.979 [JavaFX Application Thread] DEBUG Engine               - isFullScreenAllowed: true
19:08:53.979 [JavaFX Application Thread] DEBUG Engine               - isIntroEnabled: true
19:08:53.979 [JavaFX Application Thread] DEBUG Engine               - eventBus: com.almasb.fxgl.event.EventBus@3c4a66d
19:08:53.979 [JavaFX Application Thread] DEBUG Engine               - fontMono: lucida_console.ttf
19:08:53.980 [JavaFX Application Thread] DEBUG Engine               - soundMenuSelect: menu/select.wav
19:08:53.980 [JavaFX Application Thread] DEBUG Engine               - isWindows: true
19:08:53.980 [JavaFX Application Thread] DEBUG Engine               - isMobile: false
19:08:53.980 [JavaFX Application Thread] DEBUG Engine               - height: 750
19:08:53.980 [JavaFX Application Thread] DEBUG Engine               - isExperimentalNative: false
19:08:53.980 [JavaFX Application Thread] DEBUG Engine               - cSSList: [fxgl_dark.css]
19:08:53.980 [JavaFX Application Thread] DEBUG Engine               - isSingleStep: false
19:08:53.980 [JavaFX Application Thread] DEBUG Engine               - fontGame: Abel-Regular.ttf
19:08:53.980 [JavaFX Application Thread] DEBUG Engine               - menuKey: ESCAPE
19:08:53.980 [JavaFX Application Thread] DEBUG Engine               - devShowPositionProperty: BooleanProperty [value: false]
19:08:53.980 [JavaFX Application Thread] DEBUG Engine               - versionCheckDays: 7
19:08:53.981 [JavaFX Application Thread] DEBUG Engine               - masterTimer: com.almasb.fxgl.time.Timer@524c1063
19:08:53.981 [JavaFX Application Thread] DEBUG Engine               - configClass: Optional.empty
19:08:53.981 [JavaFX Application Thread] DEBUG Engine               - version: 0.2
19:08:53.981 [JavaFX Application Thread] DEBUG Engine               - fullScreen: BooleanProperty [value: false]
19:08:53.981 [JavaFX Application Thread] DEBUG Engine               - dialogFactory: com.almasb.fxgl.ui.FXGLDialogFactory@3491e486
19:08:53.981 [JavaFX Application Thread] DEBUG Engine               - applicationMode: DEVELOPER
19:08:53.981 [JavaFX Application Thread] DEBUG Engine               - isMac: false
19:08:53.981 [JavaFX Application Thread] DEBUG Engine               - urlGoogleForms: https://goo.gl/forms/6wrMnOBxTE1fEpOy2
19:08:53.981 [JavaFX Application Thread] DEBUG Engine               - isMenuEnabled: false
19:08:53.981 [JavaFX Application Thread] DEBUG Engine               - urlPOM: https://raw.githubusercontent.com/AlmasB/FXGL/master/pom.xml
19:08:53.981 [JavaFX Application Thread] DEBUG Engine               - profileName: user.profile
19:08:53.981 [JavaFX Application Thread] DEBUG Engine               - notificationViewClass: class com.almasb.fxgl.notification.view.XboxNotificationView
19:08:53.982 [JavaFX Application Thread] DEBUG Engine               - devSensorColorProperty: ObjectProperty [value: 0xffff00ff]
19:08:53.982 [JavaFX Application Thread] DEBUG Engine               - sceneFactory: com.almasb.fxgl.app.SceneFactory@3904803b
19:08:53.982 [JavaFX Application Thread] DEBUG Engine               - dataFileExt: .dat
19:08:53.982 [JavaFX Application Thread] DEBUG Engine               - stageStyle: DECORATED
19:08:53.982 [JavaFX Application Thread] DEBUG Engine               - isManualResizeEnabled: false
19:08:53.982 [JavaFX Application Thread] DEBUG Engine               - title: Dungeons
19:08:53.982 [JavaFX Application Thread] DEBUG Engine               - platform: WINDOWS
19:08:53.982 [JavaFX Application Thread] DEBUG Engine               - devBBoxColorProperty: ObjectProperty [value: 0xff0000ff]
19:08:53.982 [JavaFX Application Thread] DEBUG Engine               - isDesktop: true
19:08:53.983 [JavaFX Application Thread] DEBUG Engine               - globalMusicVolumeProperty: DoubleProperty [value: 0.5]
19:08:53.983 [JavaFX Application Thread] DEBUG Engine               - credits: []
19:08:53.983 [JavaFX Application Thread] DEBUG Engine               - uIFactory: com.almasb.fxgl.ui.FXGLUIFactory@1f55aeb8
19:08:53.983 [JavaFX Application Thread] DEBUG Engine               - isPreserveResizeRatio: false
19:08:53.983 [JavaFX Application Thread] DEBUG Engine               - fontText: Courier-Prime.ttf
19:08:53.983 [JavaFX Application Thread] DEBUG Engine               - isExperimentalTiledLargeMap: false
19:08:53.983 [JavaFX Application Thread] DEBUG Engine               - secondsIn24h: 60
19:08:53.983 [JavaFX Application Thread] DEBUG Engine               - runtimeInfo: RuntimeInfo(platform=WINDOWS, version=11.4, build=06.08.2019 18.29)
19:08:53.983 [JavaFX Application Thread] DEBUG Engine               - soundMenuPress: menu/press.wav
19:08:53.983 [JavaFX Application Thread] DEBUG Engine               - urlGithub: https://github.com/AlmasB/FXGL
19:08:53.983 [JavaFX Application Thread] DEBUG Engine               - isLinux: false
19:08:53.983 [JavaFX Application Thread] DEBUG Engine               - profileDir: profiles/
19:08:53.984 [JavaFX Application Thread] DEBUG Engine               - isDeveloperMenuEnabled: false
19:08:53.984 [JavaFX Application Thread] DEBUG Engine               - globalSoundVolumeProperty: DoubleProperty [value: 0.5]
19:08:53.984 [JavaFX Application Thread] DEBUG Engine               - isBrowser: false
19:08:53.984 [JavaFX Application Thread] DEBUG Engine               - globalSoundVolume: 0.5
19:08:53.984 [JavaFX Application Thread] DEBUG Engine               - urlLeaderboard: http://fxgl-top.herokuapp.com/
19:08:53.984 [JavaFX Application Thread] DEBUG Engine               - saveDir: saves/
19:08:53.984 [JavaFX Application Thread] DEBUG Engine               - engineServices: [class com.almasb.fxgl.audio.AudioPlayer, class com.almasb.fxgl.notification.impl.NotificationServiceProvider, class com.almasb.fxgl.achievement.AchievementManager]
19:08:53.984 [JavaFX Application Thread] DEBUG Engine               - globalMusicVolume: 0.5
19:08:53.984 [JavaFX Application Thread] DEBUG Engine               - width: 750
19:08:53.984 [JavaFX Application Thread] DEBUG Engine               - saveFileExt: .sav
19:08:53.984 [JavaFX Application Thread] DEBUG Engine               - isAndroid: false
19:08:53.985 [JavaFX Application Thread] DEBUG Engine               - fontUI: VarelaRound-Regular.ttf
19:08:53.985 [JavaFX Application Thread] DEBUG Engine               - enabledMenuItems: []
19:08:53.985 [JavaFX Application Thread] DEBUG Engine               - isIOS: false
19:08:54.008 [JavaFX Application Thread] INFO  Engine               - FXGL initialization took: 1,201 sec
19:08:54.008 [JavaFX Application Thread] DEBUG LoopRunner           - Starting loop
19:08:54.019 [JavaFX Application Thread] DEBUG StartupScene         - STARTUP
19:08:54.019 [JavaFX Application Thread] DEBUG MainWindow           - Applying CSS: fxgl_dark.css
19:08:54.019 [JavaFX Application Thread] DEBUG AssetLoader          - Loading from file system: /assets/ui/css/fxgl_dark.css
19:08:54.020 [JavaFX Application Thread] DEBUG AssetLoader          - Loading from file system: /assets/ui/cursors/fxgl_default.png
19:08:54.021 [JavaFX Application Thread] DEBUG Input                - Clearing active input actions
19:08:54.041 [JavaFX Application Thread] DEBUG MainWindow           - StartupScene -> FXGLIntroScene
19:08:54.046 [JavaFX Application Thread] DEBUG Engine               - Removing overlay from StartupScene and adding to FXGLIntroScene
19:08:59.707 [JavaFX Application Thread] DEBUG Engine               - Starting new game
19:08:59.708 [JavaFX Application Thread] DEBUG MainWindow           - Applying CSS: fxgl_dark.css
19:08:59.708 [JavaFX Application Thread] DEBUG AssetLoader          - Loading from file system: /assets/ui/css/fxgl_dark.css
19:08:59.708 [JavaFX Application Thread] DEBUG AssetLoader          - Loading from file system: /assets/ui/cursors/fxgl_default.png
19:08:59.711 [JavaFX Application Thread] DEBUG Input                - Clearing active input actions
19:08:59.731 [JavaFX Application Thread] DEBUG MainWindow           - FXGLIntroScene -> LoadingScene
19:08:59.745 [JavaFX Application Thread] DEBUG Engine               - Removing overlay from FXGLIntroScene and adding to LoadingScene
19:08:59.746 [FXGL Background Thread 1 ] DEBUG InitAppTask          - Clearing previous game
19:08:59.746 [FXGL Background Thread 1 ] DEBUG GameWorld            - Clearing game world
19:08:59.746 [FXGL Background Thread 1 ] DEBUG PhysicsWorld         - Clearing physics world
19:08:59.747 [FXGL Background Thread 1 ] DEBUG GameScene            - Clearing game scene
19:08:59.747 [FXGL Background Thread 1 ] DEBUG InitAppTask          - Initializing Game
19:08:59.775 [FXGL Background Thread 1 ] DEBUG AssetLoader          - Loading from file system: /assets/textures/player1.png
19:08:59.795 [FXGL Background Thread 1 ] DEBUG AssetLoader          - Loading from file system: /assets/textures/arma2.png
19:08:59.805 [FXGL Background Thread 1 ] DEBUG InitAppTask          - Initializing Physics
19:08:59.806 [FXGL Background Thread 1 ] DEBUG InitAppTask          - Initializing UI
19:08:59.806 [FXGL Background Thread 1 ] DEBUG InitAppTask          - Initialization Complete
19:08:59.806 [FXGL Background Thread 1 ] INFO  InitAppTask          - Game initialization took: 0,061 sec
19:08:59.830 [JavaFX Application Thread] DEBUG MainWindow           - Applying CSS: fxgl_dark.css
19:08:59.830 [JavaFX Application Thread] DEBUG AssetLoader          - Loading from file system: /assets/ui/css/fxgl_dark.css
19:08:59.831 [JavaFX Application Thread] DEBUG AssetLoader          - Loading from file system: /assets/ui/cursors/fxgl_default.png
19:08:59.833 [JavaFX Application Thread] DEBUG Input                - Clearing active input actions
19:08:59.845 [JavaFX Application Thread] DEBUG MainWindow           - LoadingScene -> GameScene
19:08:59.845 [JavaFX Application Thread] DEBUG Engine               - Removing overlay from LoadingScene and adding to GameScene
19:09:00.359 [JavaFX Application Thread] DEBUG MainWindow           - Push state: FXGLPauseMenu
19:09:00.359 [JavaFX Application Thread] DEBUG Input                - Clearing active input actions
19:09:00.359 [JavaFX Application Thread] DEBUG MainWindow           - GameScene -> FXGLPauseMenu
19:09:00.376 [JavaFX Application Thread] DEBUG Engine               - Removing overlay from GameScene and adding to FXGLPauseMenu
19:09:01.234 [JavaFX Application Thread] DEBUG MainWindow           - Pop state: FXGLPauseMenu
19:09:01.234 [JavaFX Application Thread] DEBUG Input                - Clearing active input actions
19:09:01.235 [JavaFX Application Thread] DEBUG Engine               - Removing overlay from FXGLPauseMenu and adding to GameScene
19:09:01.236 [JavaFX Application Thread] DEBUG MainWindow           - GameScene <- FXGLPauseMenu
19:09:01.811 [JavaFX Application Thread] DEBUG AssetLoader          - Loading from file system: /assets/textures/enemy1.png
19:09:03.810 [JavaFX Application Thread] DEBUG AssetLoader          - Loading from cache: /assets/textures/enemy1.png
19:09:05.843 [JavaFX Application Thread] DEBUG Engine               - Exiting FXGL
19:09:05.845 [JavaFX Application Thread] DEBUG Engine               - Shutting down background threads
19:09:05.845 [JavaFX Application Thread] DEBUG Engine               - Saving FXGL system data
19:09:05.848 [JavaFX Application Thread] DEBUG FSServiceImpl        - Writing to: C:\Users\daron\Downloads\workspace\Programas java\Avanzado\Game2D\system\fxgl.bundle
19:09:05.852 [JavaFX Application Thread] DEBUG Engine               - Closing logger and exiting JavaFX
