08:33:02.355 [main                     ] DEBUG GameApplication      - Logger initialized
08:33:02.358 [main                     ] DEBUG GameApplication      - Logging settings
Title: Nuke Dungeons
Version: 0.3
Width: 750
Height: 750
Fullscreen: true
Intro: false
Menus: false
Profiling: false
Single step:false
App Mode: DEVELOPER
Menu Key: ESCAPE
Stage Style: DECORATED
Scene Factory: class com.almasb.fxgl.app.SceneFactory
Dialog Factory: class com.almasb.fxgl.ui.FXGLDialogFactory
UI Factory: class com.almasb.fxgl.ui.FXGLUIFactory

08:33:03.055 [JavaFX Application Thread] DEBUG Engine               - Initializing FXGL
08:33:03.055 [JavaFX Application Thread] INFO  Engine               - FXGL-11.4 (06.08.2019 18.29) on WINDOWS (J:18.0.2 FX:12.0.1)
08:33:03.055 [JavaFX Application Thread] INFO  Engine               - Source code and latest versions at: https://github.com/AlmasB/FXGL
08:33:03.056 [JavaFX Application Thread] INFO  Engine               -              Join the FXGL chat at: https://gitter.im/AlmasB/FXGL
08:33:03.059 [JavaFX Application Thread] DEBUG Engine               - Adding new engine service: class com.almasb.fxgl.audio.AudioPlayer
08:33:03.062 [JavaFX Application Thread] DEBUG Engine               - Adding new engine service: class com.almasb.fxgl.notification.impl.NotificationServiceProvider
08:33:03.062 [JavaFX Application Thread] DEBUG Engine               - Adding new engine service: class com.almasb.fxgl.achievement.AchievementManager
08:33:03.071 [JavaFX Application Thread] DEBUG FS                   - Loaded FSServiceImpl
08:33:03.071 [JavaFX Application Thread] DEBUG SaveLoadManager      - Checking profiles dir: profiles/
08:33:03.071 [JavaFX Application Thread] DEBUG Engine               - Loading localizations
08:33:03.088 [JavaFX Application Thread] DEBUG AssetLoader          - Loading from file system: /assets/properties/languages/english.properties
08:33:03.093 [JavaFX Application Thread] DEBUG AssetLoader          - Loading from file system: /assets/properties/languages/french.properties
08:33:03.095 [JavaFX Application Thread] DEBUG AssetLoader          - Loading from file system: /assets/properties/languages/german.properties
08:33:03.097 [JavaFX Application Thread] DEBUG AssetLoader          - Loading from file system: /assets/properties/languages/russian.properties
08:33:03.099 [JavaFX Application Thread] DEBUG AssetLoader          - Loading from file system: /assets/properties/languages/hungarian.properties
08:33:03.102 [JavaFX Application Thread] DEBUG Engine               - Registering font factories
08:33:03.102 [JavaFX Application Thread] DEBUG AssetLoader          - Loading from file system: /assets/ui/fonts/VarelaRound-Regular.ttf
08:33:03.226 [JavaFX Application Thread] DEBUG AssetLoader          - Loading from file system: /assets/ui/fonts/Abel-Regular.ttf
08:33:03.233 [JavaFX Application Thread] DEBUG AssetLoader          - Loading from file system: /assets/ui/fonts/lucida_console.ttf
08:33:03.242 [JavaFX Application Thread] DEBUG AssetLoader          - Loading from file system: /assets/ui/fonts/Courier-Prime.ttf
08:33:03.249 [JavaFX Application Thread] DEBUG Engine               - Setting UI factory
08:33:03.393 [JavaFX Application Thread] DEBUG AssetLoader          - Loading from file system: /assets/textures/fxgl_logo.png
08:33:03.485 [JavaFX Application Thread] DEBUG MainWindow           - Creating a JavaFX scene
08:33:03.554 [JavaFX Application Thread] DEBUG MainWindow           - Target settings size: 750.0 x 750.0
08:33:03.554 [JavaFX Application Thread] DEBUG MainWindow           - Scaled scene size:    750.0 x 750.0
08:33:03.554 [JavaFX Application Thread] DEBUG MainWindow           - Scaled ratio: (1.0, 1.0)
08:33:03.557 [JavaFX Application Thread] DEBUG MainWindow           - Applying CSS: fxgl_dark.css
08:33:03.557 [JavaFX Application Thread] DEBUG AssetLoader          - Loading from file system: /assets/ui/css/fxgl_dark.css
08:33:03.558 [JavaFX Application Thread] DEBUG AssetLoader          - Loading from file system: /assets/ui/cursors/fxgl_default.png
08:33:03.570 [JavaFX Application Thread] DEBUG Input                - Clearing active input actions
08:33:03.570 [JavaFX Application Thread] DEBUG MainWindow           - StartupScene -> StartupScene
08:33:03.577 [JavaFX Application Thread] DEBUG AssetLoader          - Loading from file system: /assets/textures/fxgl_icon.png
08:33:03.607 [JavaFX Application Thread] DEBUG MainWindow           - Opening main window
08:33:03.832 [JavaFX Application Thread] DEBUG MainWindow           - Window border size: (14.79998779296875, 38.0)
08:33:03.832 [JavaFX Application Thread] DEBUG MainWindow           - Scaled size: 750.0 x 750.0
08:33:03.833 [JavaFX Application Thread] DEBUG MainWindow           - Scaled ratio: (1.0, 1.0)
08:33:03.833 [JavaFX Application Thread] DEBUG MainWindow           - Scene size: 750.0 x 750.0
08:33:03.833 [JavaFX Application Thread] DEBUG MainWindow           - Stage size: 764.7999877929688 x 788.0
08:33:03.843 [FXGL Background Thread 1 ] DEBUG FS                   - Loaded FSServiceImpl
08:33:03.844 [FXGL Background Thread 1 ] DEBUG Engine               - Loading FXGL system data
08:33:03.854 [FXGL Background Thread 1 ] DEBUG FSServiceImpl        - Reading from: C:\Users\daron\Downloads\workspace\Programas java\Avanzado\Game2D\system\fxgl.bundle
08:33:03.877 [FXGL Background Thread 1 ] DEBUG Engine               - Bundle FXGL: {}
08:33:03.878 [FXGL Background Thread 1 ] DEBUG Engine               - Initializing application scenes
08:33:03.919 [FXGL Background Thread 1 ] DEBUG GameWorld            - Game world initialized
08:33:03.995 [FXGL Background Thread 1 ] DEBUG PhysicsWorld         - Physics world initialized: appHeight=750, physics.ppm=50,0
08:33:03.998 [FXGL Background Thread 1 ] DEBUG GameScene            - Game scene initialized: 750x750
08:33:04.036 [FXGL Background Thread 1 ] DEBUG Input                - Registered new binding: Resume - Esc
08:33:04.036 [FXGL Background Thread 1 ] DEBUG AssetLoader          - Loading from file system: /assets/textures/pause_menu_bg.png
08:33:04.072 [FXGL Background Thread 1 ] DEBUG Input                - Registered new binding: Pause - Esc
08:33:04.072 [FXGL Background Thread 1 ] DEBUG Engine               - Application scenes initialized
08:33:04.077 [JavaFX Application Thread] DEBUG Engine               - Running preInit()
08:33:04.077 [JavaFX Application Thread] DEBUG Input                - Registered new binding: MoveUp - W
08:33:04.078 [JavaFX Application Thread] DEBUG Input                - Registered new binding: MoveDown - S
08:33:04.078 [JavaFX Application Thread] DEBUG Input                - Registered new binding: MoveRight - D
08:33:04.078 [JavaFX Application Thread] DEBUG Input                - Registered new binding: MoveLeft - A
08:33:04.080 [JavaFX Application Thread] DEBUG Input                - Registered new binding: Shoot - LMB
08:33:04.081 [JavaFX Application Thread] DEBUG Input                - Registered new binding: Screenshot - P
08:33:04.081 [JavaFX Application Thread] DEBUG Input                - Registered new binding: System info dump - CTRL+9
08:33:04.082 [JavaFX Application Thread] DEBUG Input                - Registered new binding: Restart - CTRL+R
08:33:04.082 [JavaFX Application Thread] DEBUG Engine               - generateDefaultProfile()
08:33:04.082 [JavaFX Application Thread] DEBUG Engine               - Creating default profile
08:33:04.082 [JavaFX Application Thread] DEBUG EventBus             - Firing event: SaveEvent
08:33:04.095 [JavaFX Application Thread] DEBUG Engine               - Logging environment variables
08:33:04.095 [JavaFX Application Thread] DEBUG Engine               - achievements: []
08:33:04.096 [JavaFX Application Thread] DEBUG Engine               - language: ObjectProperty [value: ENGLISH]
08:33:04.096 [JavaFX Application Thread] DEBUG Engine               - isCloseConfirmation: false
08:33:04.096 [JavaFX Application Thread] DEBUG Engine               - isProfilingEnabled: false
08:33:04.096 [JavaFX Application Thread] DEBUG Engine               - soundNotification: core/notification.wav
08:33:04.096 [JavaFX Application Thread] DEBUG Engine               - devShowBBoxProperty: BooleanProperty [value: false]
08:33:04.096 [JavaFX Application Thread] DEBUG Engine               - pixelsPerMeter: 50.0
08:33:04.096 [JavaFX Application Thread] DEBUG Engine               - overlayRoot: Group@28a25060
08:33:04.097 [JavaFX Application Thread] DEBUG Engine               - appIcon: fxgl_icon.png
08:33:04.097 [JavaFX Application Thread] DEBUG Engine               - soundMenuBack: menu/back.wav
08:33:04.097 [JavaFX Application Thread] DEBUG Engine               - isFullScreenAllowed: true
08:33:04.097 [JavaFX Application Thread] DEBUG Engine               - isIntroEnabled: false
08:33:04.097 [JavaFX Application Thread] DEBUG Engine               - eventBus: com.almasb.fxgl.event.EventBus@26898301
08:33:04.097 [JavaFX Application Thread] DEBUG Engine               - fontMono: lucida_console.ttf
08:33:04.097 [JavaFX Application Thread] DEBUG Engine               - soundMenuSelect: menu/select.wav
08:33:04.097 [JavaFX Application Thread] DEBUG Engine               - isWindows: true
08:33:04.097 [JavaFX Application Thread] DEBUG Engine               - isMobile: false
08:33:04.097 [JavaFX Application Thread] DEBUG Engine               - height: 750
08:33:04.098 [JavaFX Application Thread] DEBUG Engine               - isExperimentalNative: false
08:33:04.098 [JavaFX Application Thread] DEBUG Engine               - isSingleStep: false
08:33:04.098 [JavaFX Application Thread] DEBUG Engine               - cSSList: [fxgl_dark.css]
08:33:04.098 [JavaFX Application Thread] DEBUG Engine               - fontGame: Abel-Regular.ttf
08:33:04.098 [JavaFX Application Thread] DEBUG Engine               - menuKey: ESCAPE
08:33:04.098 [JavaFX Application Thread] DEBUG Engine               - devShowPositionProperty: BooleanProperty [value: false]
08:33:04.098 [JavaFX Application Thread] DEBUG Engine               - versionCheckDays: 7
08:33:04.098 [JavaFX Application Thread] DEBUG Engine               - masterTimer: com.almasb.fxgl.time.Timer@15eb97e3
08:33:04.098 [JavaFX Application Thread] DEBUG Engine               - configClass: Optional.empty
08:33:04.099 [JavaFX Application Thread] DEBUG Engine               - version: 0.3
08:33:04.099 [JavaFX Application Thread] DEBUG Engine               - fullScreen: BooleanProperty [value: false]
08:33:04.099 [JavaFX Application Thread] DEBUG Engine               - dialogFactory: com.almasb.fxgl.ui.FXGLDialogFactory@ccf9783
08:33:04.099 [JavaFX Application Thread] DEBUG Engine               - applicationMode: DEVELOPER
08:33:04.099 [JavaFX Application Thread] DEBUG Engine               - isMac: false
08:33:04.099 [JavaFX Application Thread] DEBUG Engine               - urlGoogleForms: https://goo.gl/forms/6wrMnOBxTE1fEpOy2
08:33:04.099 [JavaFX Application Thread] DEBUG Engine               - isMenuEnabled: false
08:33:04.099 [JavaFX Application Thread] DEBUG Engine               - urlPOM: https://raw.githubusercontent.com/AlmasB/FXGL/master/pom.xml
08:33:04.099 [JavaFX Application Thread] DEBUG Engine               - profileName: user.profile
08:33:04.099 [JavaFX Application Thread] DEBUG Engine               - notificationViewClass: class com.almasb.fxgl.notification.view.XboxNotificationView
08:33:04.099 [JavaFX Application Thread] DEBUG Engine               - devSensorColorProperty: ObjectProperty [value: 0xffff00ff]
08:33:04.100 [JavaFX Application Thread] DEBUG Engine               - dataFileExt: .dat
08:33:04.100 [JavaFX Application Thread] DEBUG Engine               - sceneFactory: com.almasb.fxgl.app.SceneFactory@6829c638
08:33:04.100 [JavaFX Application Thread] DEBUG Engine               - stageStyle: DECORATED
08:33:04.100 [JavaFX Application Thread] DEBUG Engine               - isManualResizeEnabled: false
08:33:04.100 [JavaFX Application Thread] DEBUG Engine               - title: Nuke Dungeons
08:33:04.100 [JavaFX Application Thread] DEBUG Engine               - platform: WINDOWS
08:33:04.100 [JavaFX Application Thread] DEBUG Engine               - devBBoxColorProperty: ObjectProperty [value: 0xff0000ff]
08:33:04.100 [JavaFX Application Thread] DEBUG Engine               - isDesktop: true
08:33:04.100 [JavaFX Application Thread] DEBUG Engine               - globalMusicVolumeProperty: DoubleProperty [value: 0.5]
08:33:04.101 [JavaFX Application Thread] DEBUG Engine               - credits: []
08:33:04.101 [JavaFX Application Thread] DEBUG Engine               - isPreserveResizeRatio: false
08:33:04.101 [JavaFX Application Thread] DEBUG Engine               - uIFactory: com.almasb.fxgl.ui.FXGLUIFactory@252c1b7
08:33:04.101 [JavaFX Application Thread] DEBUG Engine               - fontText: Courier-Prime.ttf
08:33:04.101 [JavaFX Application Thread] DEBUG Engine               - isExperimentalTiledLargeMap: false
08:33:04.101 [JavaFX Application Thread] DEBUG Engine               - secondsIn24h: 60
08:33:04.101 [JavaFX Application Thread] DEBUG Engine               - runtimeInfo: RuntimeInfo(platform=WINDOWS, version=11.4, build=06.08.2019 18.29)
08:33:04.101 [JavaFX Application Thread] DEBUG Engine               - urlGithub: https://github.com/AlmasB/FXGL
08:33:04.101 [JavaFX Application Thread] DEBUG Engine               - soundMenuPress: menu/press.wav
08:33:04.101 [JavaFX Application Thread] DEBUG Engine               - isLinux: false
08:33:04.101 [JavaFX Application Thread] DEBUG Engine               - profileDir: profiles/
08:33:04.102 [JavaFX Application Thread] DEBUG Engine               - globalSoundVolumeProperty: DoubleProperty [value: 0.5]
08:33:04.102 [JavaFX Application Thread] DEBUG Engine               - isDeveloperMenuEnabled: false
08:33:04.102 [JavaFX Application Thread] DEBUG Engine               - urlLeaderboard: http://fxgl-top.herokuapp.com/
08:33:04.102 [JavaFX Application Thread] DEBUG Engine               - isBrowser: false
08:33:04.102 [JavaFX Application Thread] DEBUG Engine               - globalSoundVolume: 0.5
08:33:04.102 [JavaFX Application Thread] DEBUG Engine               - saveDir: saves/
08:33:04.102 [JavaFX Application Thread] DEBUG Engine               - engineServices: [class com.almasb.fxgl.audio.AudioPlayer, class com.almasb.fxgl.notification.impl.NotificationServiceProvider, class com.almasb.fxgl.achievement.AchievementManager]
08:33:04.102 [JavaFX Application Thread] DEBUG Engine               - globalMusicVolume: 0.5
08:33:04.102 [JavaFX Application Thread] DEBUG Engine               - width: 750
08:33:04.102 [JavaFX Application Thread] DEBUG Engine               - saveFileExt: .sav
08:33:04.102 [JavaFX Application Thread] DEBUG Engine               - isAndroid: false
08:33:04.103 [JavaFX Application Thread] DEBUG Engine               - fontUI: VarelaRound-Regular.ttf
08:33:04.103 [JavaFX Application Thread] DEBUG Engine               - enabledMenuItems: []
08:33:04.103 [JavaFX Application Thread] DEBUG Engine               - isIOS: false
08:33:04.126 [JavaFX Application Thread] INFO  Engine               - FXGL initialization took: 1,054 sec
08:33:04.127 [JavaFX Application Thread] DEBUG LoopRunner           - Starting loop
08:33:04.137 [JavaFX Application Thread] DEBUG StartupScene         - STARTUP
08:33:04.137 [JavaFX Application Thread] DEBUG Engine               - Starting new game
08:33:04.137 [JavaFX Application Thread] DEBUG MainWindow           - Applying CSS: fxgl_dark.css
08:33:04.137 [JavaFX Application Thread] DEBUG AssetLoader          - Loading from file system: /assets/ui/css/fxgl_dark.css
08:33:04.138 [JavaFX Application Thread] DEBUG AssetLoader          - Loading from file system: /assets/ui/cursors/fxgl_default.png
08:33:04.139 [JavaFX Application Thread] DEBUG Input                - Clearing active input actions
08:33:04.155 [JavaFX Application Thread] DEBUG MainWindow           - StartupScene -> LoadingScene
08:33:04.163 [JavaFX Application Thread] DEBUG Engine               - Removing overlay from StartupScene and adding to LoadingScene
08:33:04.164 [FXGL Background Thread 1 ] DEBUG InitAppTask          - Clearing previous game
08:33:04.164 [FXGL Background Thread 1 ] DEBUG GameWorld            - Clearing game world
08:33:04.164 [FXGL Background Thread 1 ] DEBUG PhysicsWorld         - Clearing physics world
08:33:04.164 [FXGL Background Thread 1 ] DEBUG GameScene            - Clearing game scene
08:33:04.164 [FXGL Background Thread 1 ] DEBUG InitAppTask          - Initializing Game
08:33:04.166 [FXGL Background Thread 1 ] DEBUG AssetLoader          - Loading from file system: /assets/textures/fondoNivel1.jpeg
08:33:04.208 [FXGL Background Thread 1 ] DEBUG AssetLoader          - Loading from file system: /assets/textures/player1.png
08:33:04.230 [FXGL Background Thread 1 ] DEBUG AssetLoader          - Loading from file system: /assets/textures/arma2.png
08:33:04.246 [FXGL Background Thread 1 ] DEBUG InitAppTask          - Initializing Physics
08:33:04.248 [FXGL Background Thread 1 ] DEBUG InitAppTask          - Initializing UI
08:33:04.250 [FXGL Background Thread 1 ] DEBUG InitAppTask          - Initialization Complete
08:33:04.251 [FXGL Background Thread 1 ] INFO  InitAppTask          - Game initialization took: 0,087 sec
08:33:04.332 [JavaFX Application Thread] DEBUG MainWindow           - Applying CSS: fxgl_dark.css
08:33:04.332 [JavaFX Application Thread] DEBUG AssetLoader          - Loading from file system: /assets/ui/css/fxgl_dark.css
08:33:04.334 [JavaFX Application Thread] DEBUG AssetLoader          - Loading from file system: /assets/ui/cursors/fxgl_default.png
08:33:04.337 [JavaFX Application Thread] DEBUG Input                - Clearing active input actions
08:33:04.357 [JavaFX Application Thread] DEBUG MainWindow           - LoadingScene -> GameScene
08:33:04.358 [JavaFX Application Thread] DEBUG Engine               - Removing overlay from LoadingScene and adding to GameScene
08:33:04.484 [JavaFX Application Thread] DEBUG AssetLoader          - Loading from file system: /assets/textures/vida.png
08:33:04.495 [JavaFX Application Thread] DEBUG AssetLoader          - Loading from file system: /assets/textures/bullet.png
08:33:04.509 [JavaFX Application Thread] DEBUG AssetLoader          - Loading from cache: /assets/textures/vida.png
08:33:04.510 [JavaFX Application Thread] DEBUG AssetLoader          - Loading from cache: /assets/textures/bullet.png
08:33:04.523 [JavaFX Application Thread] DEBUG AssetLoader          - Loading from cache: /assets/textures/vida.png
08:33:04.523 [JavaFX Application Thread] DEBUG AssetLoader          - Loading from cache: /assets/textures/bullet.png
08:33:04.528 [JavaFX Application Thread] DEBUG AssetLoader          - Loading from cache: /assets/textures/vida.png
08:33:04.529 [JavaFX Application Thread] DEBUG AssetLoader          - Loading from cache: /assets/textures/bullet.png
08:33:04.535 [JavaFX Application Thread] DEBUG AssetLoader          - Loading from cache: /assets/textures/vida.png
08:33:04.535 [JavaFX Application Thread] DEBUG AssetLoader          - Loading from cache: /assets/textures/bullet.png
08:33:04.541 [JavaFX Application Thread] DEBUG AssetLoader          - Loading from cache: /assets/textures/vida.png
08:33:04.541 [JavaFX Application Thread] DEBUG AssetLoader          - Loading from cache: /assets/textures/bullet.png
08:33:04.547 [JavaFX Application Thread] DEBUG AssetLoader          - Loading from cache: /assets/textures/vida.png
08:33:04.547 [JavaFX Application Thread] DEBUG AssetLoader          - Loading from cache: /assets/textures/bullet.png
08:33:04.552 [JavaFX Application Thread] DEBUG AssetLoader          - Loading from cache: /assets/textures/vida.png
08:33:04.553 [JavaFX Application Thread] DEBUG AssetLoader          - Loading from cache: /assets/textures/bullet.png
08:33:04.556 [JavaFX Application Thread] DEBUG AssetLoader          - Loading from cache: /assets/textures/vida.png
08:33:04.556 [JavaFX Application Thread] DEBUG AssetLoader          - Loading from cache: /assets/textures/bullet.png
08:33:04.563 [JavaFX Application Thread] DEBUG AssetLoader          - Loading from cache: /assets/textures/vida.png
08:33:04.564 [JavaFX Application Thread] DEBUG AssetLoader          - Loading from cache: /assets/textures/bullet.png
08:33:04.570 [JavaFX Application Thread] DEBUG AssetLoader          - Loading from cache: /assets/textures/vida.png
08:33:04.570 [JavaFX Application Thread] DEBUG AssetLoader          - Loading from cache: /assets/textures/bullet.png
08:33:04.576 [JavaFX Application Thread] DEBUG AssetLoader          - Loading from cache: /assets/textures/vida.png
08:33:04.576 [JavaFX Application Thread] DEBUG AssetLoader          - Loading from cache: /assets/textures/bullet.png
08:33:04.582 [JavaFX Application Thread] DEBUG AssetLoader          - Loading from cache: /assets/textures/vida.png
08:33:04.583 [JavaFX Application Thread] DEBUG AssetLoader          - Loading from cache: /assets/textures/bullet.png
08:33:04.587 [JavaFX Application Thread] DEBUG AssetLoader          - Loading from cache: /assets/textures/vida.png
08:33:04.588 [JavaFX Application Thread] DEBUG AssetLoader          - Loading from cache: /assets/textures/bullet.png
08:33:04.594 [JavaFX Application Thread] DEBUG AssetLoader          - Loading from cache: /assets/textures/vida.png
08:33:04.594 [JavaFX Application Thread] DEBUG AssetLoader          - Loading from cache: /assets/textures/bullet.png
08:33:04.599 [JavaFX Application Thread] DEBUG AssetLoader          - Loading from cache: /assets/textures/vida.png
08:33:04.600 [JavaFX Application Thread] DEBUG AssetLoader          - Loading from cache: /assets/textures/bullet.png
08:33:04.605 [JavaFX Application Thread] DEBUG AssetLoader          - Loading from cache: /assets/textures/vida.png
08:33:04.605 [JavaFX Application Thread] DEBUG AssetLoader          - Loading from cache: /assets/textures/bullet.png
08:33:04.612 [JavaFX Application Thread] DEBUG AssetLoader          - Loading from cache: /assets/textures/vida.png
08:33:04.613 [JavaFX Application Thread] DEBUG AssetLoader          - Loading from cache: /assets/textures/bullet.png
08:33:04.618 [JavaFX Application Thread] DEBUG AssetLoader          - Loading from cache: /assets/textures/vida.png
08:33:04.618 [JavaFX Application Thread] DEBUG AssetLoader          - Loading from cache: /assets/textures/bullet.png
08:33:04.624 [JavaFX Application Thread] DEBUG AssetLoader          - Loading from cache: /assets/textures/vida.png
08:33:04.624 [JavaFX Application Thread] DEBUG AssetLoader          - Loading from cache: /assets/textures/bullet.png
08:33:04.630 [JavaFX Application Thread] DEBUG AssetLoader          - Loading from cache: /assets/textures/vida.png
08:33:04.630 [JavaFX Application Thread] DEBUG AssetLoader          - Loading from cache: /assets/textures/bullet.png
08:33:04.636 [JavaFX Application Thread] DEBUG AssetLoader          - Loading from cache: /assets/textures/vida.png
08:33:04.636 [JavaFX Application Thread] DEBUG AssetLoader          - Loading from cache: /assets/textures/bullet.png
08:33:04.641 [JavaFX Application Thread] DEBUG AssetLoader          - Loading from cache: /assets/textures/vida.png
08:33:04.642 [JavaFX Application Thread] DEBUG AssetLoader          - Loading from cache: /assets/textures/bullet.png
08:33:04.648 [JavaFX Application Thread] DEBUG AssetLoader          - Loading from cache: /assets/textures/vida.png
08:33:04.649 [JavaFX Application Thread] DEBUG AssetLoader          - Loading from cache: /assets/textures/bullet.png
08:33:04.651 [JavaFX Application Thread] DEBUG AssetLoader          - Loading from cache: /assets/textures/vida.png
08:33:04.652 [JavaFX Application Thread] DEBUG AssetLoader          - Loading from cache: /assets/textures/bullet.png
08:33:04.660 [JavaFX Application Thread] DEBUG AssetLoader          - Loading from cache: /assets/textures/vida.png
08:33:04.661 [JavaFX Application Thread] DEBUG AssetLoader          - Loading from cache: /assets/textures/bullet.png
08:33:04.666 [JavaFX Application Thread] DEBUG AssetLoader          - Loading from cache: /assets/textures/vida.png
08:33:04.667 [JavaFX Application Thread] DEBUG AssetLoader          - Loading from cache: /assets/textures/bullet.png
08:33:04.672 [JavaFX Application Thread] DEBUG AssetLoader          - Loading from cache: /assets/textures/vida.png
08:33:04.673 [JavaFX Application Thread] DEBUG AssetLoader          - Loading from cache: /assets/textures/bullet.png
08:33:04.678 [JavaFX Application Thread] DEBUG AssetLoader          - Loading from cache: /assets/textures/vida.png
08:33:04.679 [JavaFX Application Thread] DEBUG AssetLoader          - Loading from cache: /assets/textures/bullet.png
08:33:04.685 [JavaFX Application Thread] DEBUG AssetLoader          - Loading from cache: /assets/textures/vida.png
08:33:04.685 [JavaFX Application Thread] DEBUG AssetLoader          - Loading from cache: /assets/textures/bullet.png
08:33:04.691 [JavaFX Application Thread] DEBUG AssetLoader          - Loading from cache: /assets/textures/vida.png
08:33:04.691 [JavaFX Application Thread] DEBUG AssetLoader          - Loading from cache: /assets/textures/bullet.png
08:33:04.696 [JavaFX Application Thread] DEBUG AssetLoader          - Loading from cache: /assets/textures/vida.png
08:33:04.696 [JavaFX Application Thread] DEBUG AssetLoader          - Loading from cache: /assets/textures/bullet.png
08:33:04.701 [JavaFX Application Thread] DEBUG AssetLoader          - Loading from cache: /assets/textures/vida.png
08:33:04.701 [JavaFX Application Thread] DEBUG AssetLoader          - Loading from cache: /assets/textures/bullet.png
08:33:04.707 [JavaFX Application Thread] DEBUG AssetLoader          - Loading from cache: /assets/textures/vida.png
08:33:04.709 [JavaFX Application Thread] DEBUG AssetLoader          - Loading from cache: /assets/textures/bullet.png
08:33:04.714 [JavaFX Application Thread] DEBUG AssetLoader          - Loading from cache: /assets/textures/vida.png
08:33:04.714 [JavaFX Application Thread] DEBUG AssetLoader          - Loading from cache: /assets/textures/bullet.png
08:33:04.720 [JavaFX Application Thread] DEBUG AssetLoader          - Loading from cache: /assets/textures/vida.png
08:33:04.720 [JavaFX Application Thread] DEBUG AssetLoader          - Loading from cache: /assets/textures/bullet.png
08:33:04.725 [JavaFX Application Thread] DEBUG AssetLoader          - Loading from cache: /assets/textures/vida.png
08:33:04.726 [JavaFX Application Thread] DEBUG AssetLoader          - Loading from cache: /assets/textures/bullet.png
08:33:04.731 [JavaFX Application Thread] DEBUG AssetLoader          - Loading from cache: /assets/textures/vida.png
08:33:04.732 [JavaFX Application Thread] DEBUG AssetLoader          - Loading from cache: /assets/textures/bullet.png
08:33:04.737 [JavaFX Application Thread] DEBUG AssetLoader          - Loading from cache: /assets/textures/vida.png
08:33:04.738 [JavaFX Application Thread] DEBUG AssetLoader          - Loading from cache: /assets/textures/bullet.png
08:33:04.743 [JavaFX Application Thread] DEBUG AssetLoader          - Loading from cache: /assets/textures/vida.png
08:33:04.744 [JavaFX Application Thread] DEBUG AssetLoader          - Loading from cache: /assets/textures/bullet.png
08:33:04.748 [JavaFX Application Thread] DEBUG AssetLoader          - Loading from cache: /assets/textures/vida.png
08:33:04.748 [JavaFX Application Thread] DEBUG AssetLoader          - Loading from cache: /assets/textures/bullet.png
08:33:04.756 [JavaFX Application Thread] DEBUG AssetLoader          - Loading from cache: /assets/textures/vida.png
08:33:04.756 [JavaFX Application Thread] DEBUG AssetLoader          - Loading from cache: /assets/textures/bullet.png
08:33:04.762 [JavaFX Application Thread] DEBUG AssetLoader          - Loading from cache: /assets/textures/vida.png
08:33:04.762 [JavaFX Application Thread] DEBUG AssetLoader          - Loading from cache: /assets/textures/bullet.png
08:33:04.768 [JavaFX Application Thread] DEBUG AssetLoader          - Loading from cache: /assets/textures/vida.png
08:33:04.769 [JavaFX Application Thread] DEBUG AssetLoader          - Loading from cache: /assets/textures/bullet.png
08:33:04.774 [JavaFX Application Thread] DEBUG AssetLoader          - Loading from cache: /assets/textures/vida.png
08:33:04.775 [JavaFX Application Thread] DEBUG AssetLoader          - Loading from cache: /assets/textures/bullet.png
08:33:04.779 [JavaFX Application Thread] DEBUG AssetLoader          - Loading from cache: /assets/textures/vida.png
08:33:04.781 [JavaFX Application Thread] DEBUG AssetLoader          - Loading from cache: /assets/textures/bullet.png
08:33:04.786 [JavaFX Application Thread] DEBUG AssetLoader          - Loading from cache: /assets/textures/vida.png
08:33:04.786 [JavaFX Application Thread] DEBUG AssetLoader          - Loading from cache: /assets/textures/bullet.png
08:33:04.792 [JavaFX Application Thread] DEBUG AssetLoader          - Loading from cache: /assets/textures/vida.png
08:33:04.793 [JavaFX Application Thread] DEBUG AssetLoader          - Loading from cache: /assets/textures/bullet.png
08:33:04.796 [JavaFX Application Thread] DEBUG AssetLoader          - Loading from cache: /assets/textures/vida.png
08:33:04.796 [JavaFX Application Thread] DEBUG AssetLoader          - Loading from cache: /assets/textures/bullet.png
08:33:04.804 [JavaFX Application Thread] DEBUG AssetLoader          - Loading from cache: /assets/textures/vida.png
08:33:04.804 [JavaFX Application Thread] DEBUG AssetLoader          - Loading from cache: /assets/textures/bullet.png
08:33:04.810 [JavaFX Application Thread] DEBUG AssetLoader          - Loading from cache: /assets/textures/vida.png
08:33:04.811 [JavaFX Application Thread] DEBUG AssetLoader          - Loading from cache: /assets/textures/bullet.png
08:33:04.816 [JavaFX Application Thread] DEBUG AssetLoader          - Loading from cache: /assets/textures/vida.png
08:33:04.817 [JavaFX Application Thread] DEBUG AssetLoader          - Loading from cache: /assets/textures/bullet.png
08:33:04.822 [JavaFX Application Thread] DEBUG AssetLoader          - Loading from cache: /assets/textures/vida.png
08:33:04.823 [JavaFX Application Thread] DEBUG AssetLoader          - Loading from cache: /assets/textures/bullet.png
08:33:04.827 [JavaFX Application Thread] DEBUG AssetLoader          - Loading from cache: /assets/textures/vida.png
08:33:04.829 [JavaFX Application Thread] DEBUG AssetLoader          - Loading from cache: /assets/textures/bullet.png
08:33:04.835 [JavaFX Application Thread] DEBUG AssetLoader          - Loading from cache: /assets/textures/vida.png
08:33:04.835 [JavaFX Application Thread] DEBUG AssetLoader          - Loading from cache: /assets/textures/bullet.png
08:33:04.840 [JavaFX Application Thread] DEBUG AssetLoader          - Loading from cache: /assets/textures/vida.png
08:33:04.842 [JavaFX Application Thread] DEBUG AssetLoader          - Loading from cache: /assets/textures/bullet.png
08:33:04.843 [JavaFX Application Thread] DEBUG AssetLoader          - Loading from cache: /assets/textures/vida.png
08:33:04.843 [JavaFX Application Thread] DEBUG AssetLoader          - Loading from cache: /assets/textures/bullet.png
08:33:04.854 [JavaFX Application Thread] DEBUG AssetLoader          - Loading from cache: /assets/textures/vida.png
08:33:04.854 [JavaFX Application Thread] DEBUG AssetLoader          - Loading from cache: /assets/textures/bullet.png
08:33:04.858 [JavaFX Application Thread] DEBUG AssetLoader          - Loading from cache: /assets/textures/vida.png
08:33:04.858 [JavaFX Application Thread] DEBUG AssetLoader          - Loading from cache: /assets/textures/bullet.png
08:33:04.865 [JavaFX Application Thread] DEBUG AssetLoader          - Loading from cache: /assets/textures/vida.png
08:33:04.866 [JavaFX Application Thread] DEBUG AssetLoader          - Loading from cache: /assets/textures/bullet.png
08:33:04.871 [JavaFX Application Thread] DEBUG AssetLoader          - Loading from cache: /assets/textures/vida.png
08:33:04.871 [JavaFX Application Thread] DEBUG AssetLoader          - Loading from cache: /assets/textures/bullet.png
08:33:04.875 [JavaFX Application Thread] DEBUG AssetLoader          - Loading from cache: /assets/textures/vida.png
08:33:04.876 [JavaFX Application Thread] DEBUG AssetLoader          - Loading from cache: /assets/textures/bullet.png
08:33:04.884 [JavaFX Application Thread] DEBUG AssetLoader          - Loading from cache: /assets/textures/vida.png
08:33:04.884 [JavaFX Application Thread] DEBUG AssetLoader          - Loading from cache: /assets/textures/bullet.png
08:33:04.889 [JavaFX Application Thread] DEBUG AssetLoader          - Loading from cache: /assets/textures/vida.png
08:33:04.889 [JavaFX Application Thread] DEBUG AssetLoader          - Loading from cache: /assets/textures/bullet.png
08:33:04.895 [JavaFX Application Thread] DEBUG AssetLoader          - Loading from cache: /assets/textures/vida.png
08:33:04.896 [JavaFX Application Thread] DEBUG AssetLoader          - Loading from cache: /assets/textures/bullet.png
08:33:04.901 [JavaFX Application Thread] DEBUG AssetLoader          - Loading from cache: /assets/textures/vida.png
08:33:04.901 [JavaFX Application Thread] DEBUG AssetLoader          - Loading from cache: /assets/textures/bullet.png
08:33:04.909 [JavaFX Application Thread] DEBUG AssetLoader          - Loading from cache: /assets/textures/vida.png
08:33:04.909 [JavaFX Application Thread] DEBUG AssetLoader          - Loading from cache: /assets/textures/bullet.png
08:33:04.914 [JavaFX Application Thread] DEBUG AssetLoader          - Loading from cache: /assets/textures/vida.png
08:33:04.914 [JavaFX Application Thread] DEBUG AssetLoader          - Loading from cache: /assets/textures/bullet.png
08:33:04.920 [JavaFX Application Thread] DEBUG AssetLoader          - Loading from cache: /assets/textures/vida.png
08:33:04.920 [JavaFX Application Thread] DEBUG AssetLoader          - Loading from cache: /assets/textures/bullet.png
08:33:04.924 [JavaFX Application Thread] DEBUG AssetLoader          - Loading from cache: /assets/textures/vida.png
08:33:04.925 [JavaFX Application Thread] DEBUG AssetLoader          - Loading from cache: /assets/textures/bullet.png
08:33:04.931 [JavaFX Application Thread] DEBUG AssetLoader          - Loading from cache: /assets/textures/vida.png
08:33:04.931 [JavaFX Application Thread] DEBUG AssetLoader          - Loading from cache: /assets/textures/bullet.png
08:33:04.938 [JavaFX Application Thread] DEBUG AssetLoader          - Loading from cache: /assets/textures/vida.png
08:33:04.938 [JavaFX Application Thread] DEBUG AssetLoader          - Loading from cache: /assets/textures/bullet.png
08:33:04.943 [JavaFX Application Thread] DEBUG AssetLoader          - Loading from cache: /assets/textures/vida.png
08:33:04.944 [JavaFX Application Thread] DEBUG AssetLoader          - Loading from cache: /assets/textures/bullet.png
08:33:04.949 [JavaFX Application Thread] DEBUG AssetLoader          - Loading from cache: /assets/textures/vida.png
08:33:04.951 [JavaFX Application Thread] DEBUG AssetLoader          - Loading from cache: /assets/textures/bullet.png
08:33:04.956 [JavaFX Application Thread] DEBUG AssetLoader          - Loading from cache: /assets/textures/vida.png
08:33:04.956 [JavaFX Application Thread] DEBUG AssetLoader          - Loading from cache: /assets/textures/bullet.png
08:33:04.962 [JavaFX Application Thread] DEBUG AssetLoader          - Loading from cache: /assets/textures/vida.png
08:33:04.962 [JavaFX Application Thread] DEBUG AssetLoader          - Loading from cache: /assets/textures/bullet.png
08:33:04.968 [JavaFX Application Thread] DEBUG AssetLoader          - Loading from cache: /assets/textures/vida.png
08:33:04.968 [JavaFX Application Thread] DEBUG AssetLoader          - Loading from cache: /assets/textures/bullet.png
08:33:04.971 [JavaFX Application Thread] DEBUG AssetLoader          - Loading from cache: /assets/textures/vida.png
08:33:04.972 [JavaFX Application Thread] DEBUG AssetLoader          - Loading from cache: /assets/textures/bullet.png
08:33:04.981 [JavaFX Application Thread] DEBUG AssetLoader          - Loading from cache: /assets/textures/vida.png
08:33:04.981 [JavaFX Application Thread] DEBUG AssetLoader          - Loading from cache: /assets/textures/bullet.png
08:33:04.986 [JavaFX Application Thread] DEBUG AssetLoader          - Loading from cache: /assets/textures/vida.png
08:33:04.986 [JavaFX Application Thread] DEBUG AssetLoader          - Loading from cache: /assets/textures/bullet.png
08:33:04.992 [JavaFX Application Thread] DEBUG AssetLoader          - Loading from cache: /assets/textures/vida.png
08:33:04.993 [JavaFX Application Thread] DEBUG AssetLoader          - Loading from cache: /assets/textures/bullet.png
08:33:04.998 [JavaFX Application Thread] DEBUG AssetLoader          - Loading from cache: /assets/textures/vida.png
08:33:04.998 [JavaFX Application Thread] DEBUG AssetLoader          - Loading from cache: /assets/textures/bullet.png
08:33:05.004 [JavaFX Application Thread] DEBUG AssetLoader          - Loading from cache: /assets/textures/vida.png
08:33:05.005 [JavaFX Application Thread] DEBUG AssetLoader          - Loading from cache: /assets/textures/bullet.png
08:33:05.010 [JavaFX Application Thread] DEBUG AssetLoader          - Loading from cache: /assets/textures/vida.png
08:33:05.011 [JavaFX Application Thread] DEBUG AssetLoader          - Loading from cache: /assets/textures/bullet.png
08:33:05.017 [JavaFX Application Thread] DEBUG AssetLoader          - Loading from cache: /assets/textures/vida.png
08:33:05.018 [JavaFX Application Thread] DEBUG AssetLoader          - Loading from cache: /assets/textures/bullet.png
08:33:05.020 [JavaFX Application Thread] DEBUG AssetLoader          - Loading from cache: /assets/textures/vida.png
08:33:05.021 [JavaFX Application Thread] DEBUG AssetLoader          - Loading from cache: /assets/textures/bullet.png
08:33:05.030 [JavaFX Application Thread] DEBUG AssetLoader          - Loading from cache: /assets/textures/vida.png
08:33:05.031 [JavaFX Application Thread] DEBUG AssetLoader          - Loading from cache: /assets/textures/bullet.png
08:33:05.036 [JavaFX Application Thread] DEBUG AssetLoader          - Loading from cache: /assets/textures/vida.png
08:33:05.036 [JavaFX Application Thread] DEBUG AssetLoader          - Loading from cache: /assets/textures/bullet.png
08:33:05.040 [JavaFX Application Thread] DEBUG AssetLoader          - Loading from cache: /assets/textures/vida.png
08:33:05.040 [JavaFX Application Thread] DEBUG AssetLoader          - Loading from cache: /assets/textures/bullet.png
08:33:05.047 [JavaFX Application Thread] DEBUG AssetLoader          - Loading from cache: /assets/textures/vida.png
08:33:05.047 [JavaFX Application Thread] DEBUG AssetLoader          - Loading from cache: /assets/textures/bullet.png
08:33:05.051 [JavaFX Application Thread] DEBUG AssetLoader          - Loading from cache: /assets/textures/vida.png
08:33:05.052 [JavaFX Application Thread] DEBUG AssetLoader          - Loading from cache: /assets/textures/bullet.png
08:33:05.059 [JavaFX Application Thread] DEBUG AssetLoader          - Loading from cache: /assets/textures/vida.png
08:33:05.059 [JavaFX Application Thread] DEBUG AssetLoader          - Loading from cache: /assets/textures/bullet.png
08:33:05.065 [JavaFX Application Thread] DEBUG AssetLoader          - Loading from cache: /assets/textures/vida.png
08:33:05.065 [JavaFX Application Thread] DEBUG AssetLoader          - Loading from cache: /assets/textures/bullet.png
08:33:05.067 [JavaFX Application Thread] DEBUG AssetLoader          - Loading from cache: /assets/textures/vida.png
08:33:05.067 [JavaFX Application Thread] DEBUG AssetLoader          - Loading from cache: /assets/textures/bullet.png
08:33:05.078 [JavaFX Application Thread] DEBUG AssetLoader          - Loading from cache: /assets/textures/vida.png
08:33:05.078 [JavaFX Application Thread] DEBUG AssetLoader          - Loading from cache: /assets/textures/bullet.png
08:33:05.084 [JavaFX Application Thread] DEBUG AssetLoader          - Loading from cache: /assets/textures/vida.png
08:33:05.084 [JavaFX Application Thread] DEBUG AssetLoader          - Loading from cache: /assets/textures/bullet.png
08:33:05.089 [JavaFX Application Thread] DEBUG AssetLoader          - Loading from cache: /assets/textures/vida.png
08:33:05.089 [JavaFX Application Thread] DEBUG AssetLoader          - Loading from cache: /assets/textures/bullet.png
08:33:05.096 [JavaFX Application Thread] DEBUG AssetLoader          - Loading from cache: /assets/textures/vida.png
08:33:05.096 [JavaFX Application Thread] DEBUG AssetLoader          - Loading from cache: /assets/textures/bullet.png
08:33:05.099 [JavaFX Application Thread] DEBUG AssetLoader          - Loading from cache: /assets/textures/vida.png
08:33:05.100 [JavaFX Application Thread] DEBUG AssetLoader          - Loading from cache: /assets/textures/bullet.png
08:33:05.107 [JavaFX Application Thread] DEBUG AssetLoader          - Loading from cache: /assets/textures/vida.png
08:33:05.109 [JavaFX Application Thread] DEBUG AssetLoader          - Loading from cache: /assets/textures/bullet.png
08:33:05.114 [JavaFX Application Thread] DEBUG AssetLoader          - Loading from cache: /assets/textures/vida.png
08:33:05.114 [JavaFX Application Thread] DEBUG AssetLoader          - Loading from cache: /assets/textures/bullet.png
08:33:05.116 [JavaFX Application Thread] DEBUG AssetLoader          - Loading from cache: /assets/textures/vida.png
08:33:05.116 [JavaFX Application Thread] DEBUG AssetLoader          - Loading from cache: /assets/textures/bullet.png
08:33:05.125 [JavaFX Application Thread] DEBUG AssetLoader          - Loading from cache: /assets/textures/vida.png
08:33:05.126 [JavaFX Application Thread] DEBUG AssetLoader          - Loading from cache: /assets/textures/bullet.png
08:33:05.131 [JavaFX Application Thread] DEBUG AssetLoader          - Loading from cache: /assets/textures/vida.png
08:33:05.132 [JavaFX Application Thread] DEBUG AssetLoader          - Loading from cache: /assets/textures/bullet.png
08:33:05.138 [JavaFX Application Thread] DEBUG AssetLoader          - Loading from cache: /assets/textures/vida.png
08:33:05.138 [JavaFX Application Thread] DEBUG AssetLoader          - Loading from cache: /assets/textures/bullet.png
08:33:05.144 [JavaFX Application Thread] DEBUG AssetLoader          - Loading from cache: /assets/textures/vida.png
08:33:05.144 [JavaFX Application Thread] DEBUG AssetLoader          - Loading from cache: /assets/textures/bullet.png
08:33:05.147 [JavaFX Application Thread] DEBUG AssetLoader          - Loading from cache: /assets/textures/vida.png
08:33:05.148 [JavaFX Application Thread] DEBUG AssetLoader          - Loading from cache: /assets/textures/bullet.png
08:33:05.156 [JavaFX Application Thread] DEBUG AssetLoader          - Loading from cache: /assets/textures/vida.png
08:33:05.157 [JavaFX Application Thread] DEBUG AssetLoader          - Loading from cache: /assets/textures/bullet.png
08:33:05.162 [JavaFX Application Thread] DEBUG AssetLoader          - Loading from cache: /assets/textures/vida.png
08:33:05.162 [JavaFX Application Thread] DEBUG AssetLoader          - Loading from cache: /assets/textures/bullet.png
08:33:05.168 [JavaFX Application Thread] DEBUG AssetLoader          - Loading from cache: /assets/textures/vida.png
08:33:05.168 [JavaFX Application Thread] DEBUG AssetLoader          - Loading from cache: /assets/textures/bullet.png
08:33:05.174 [JavaFX Application Thread] DEBUG AssetLoader          - Loading from cache: /assets/textures/vida.png
08:33:05.175 [JavaFX Application Thread] DEBUG AssetLoader          - Loading from cache: /assets/textures/bullet.png
08:33:05.180 [JavaFX Application Thread] DEBUG AssetLoader          - Loading from cache: /assets/textures/vida.png
08:33:05.180 [JavaFX Application Thread] DEBUG AssetLoader          - Loading from cache: /assets/textures/bullet.png
08:33:05.186 [JavaFX Application Thread] DEBUG AssetLoader          - Loading from cache: /assets/textures/vida.png
08:33:05.187 [JavaFX Application Thread] DEBUG AssetLoader          - Loading from cache: /assets/textures/bullet.png
08:33:05.192 [JavaFX Application Thread] DEBUG AssetLoader          - Loading from cache: /assets/textures/vida.png
08:33:05.192 [JavaFX Application Thread] DEBUG AssetLoader          - Loading from cache: /assets/textures/bullet.png
08:33:05.196 [JavaFX Application Thread] DEBUG AssetLoader          - Loading from cache: /assets/textures/vida.png
08:33:05.197 [JavaFX Application Thread] DEBUG AssetLoader          - Loading from cache: /assets/textures/bullet.png
08:33:05.204 [JavaFX Application Thread] DEBUG AssetLoader          - Loading from cache: /assets/textures/vida.png
08:33:05.204 [JavaFX Application Thread] DEBUG AssetLoader          - Loading from cache: /assets/textures/bullet.png
08:33:05.211 [JavaFX Application Thread] DEBUG AssetLoader          - Loading from cache: /assets/textures/vida.png
08:33:05.212 [JavaFX Application Thread] DEBUG AssetLoader          - Loading from cache: /assets/textures/bullet.png
08:33:05.217 [JavaFX Application Thread] DEBUG AssetLoader          - Loading from cache: /assets/textures/vida.png
08:33:05.217 [JavaFX Application Thread] DEBUG AssetLoader          - Loading from cache: /assets/textures/bullet.png
08:33:05.223 [JavaFX Application Thread] DEBUG AssetLoader          - Loading from cache: /assets/textures/vida.png
08:33:05.224 [JavaFX Application Thread] DEBUG AssetLoader          - Loading from cache: /assets/textures/bullet.png
08:33:05.235 [JavaFX Application Thread] DEBUG AssetLoader          - Loading from cache: /assets/textures/vida.png
08:33:05.235 [JavaFX Application Thread] DEBUG AssetLoader          - Loading from cache: /assets/textures/bullet.png
08:33:05.240 [JavaFX Application Thread] DEBUG AssetLoader          - Loading from file system: /assets/textures/enemy1.png
08:33:05.257 [JavaFX Application Thread] DEBUG AssetLoader          - Loading from cache: /assets/textures/vida.png
08:33:05.257 [JavaFX Application Thread] DEBUG AssetLoader          - Loading from cache: /assets/textures/bullet.png
08:33:05.263 [JavaFX Application Thread] DEBUG AssetLoader          - Loading from cache: /assets/textures/vida.png
08:33:05.264 [JavaFX Application Thread] DEBUG AssetLoader          - Loading from cache: /assets/textures/bullet.png
08:33:05.268 [JavaFX Application Thread] DEBUG AssetLoader          - Loading from cache: /assets/textures/vida.png
08:33:05.268 [JavaFX Application Thread] DEBUG AssetLoader          - Loading from cache: /assets/textures/bullet.png
08:33:05.271 [JavaFX Application Thread] DEBUG AssetLoader          - Loading from cache: /assets/textures/vida.png
08:33:05.271 [JavaFX Application Thread] DEBUG AssetLoader          - Loading from cache: /assets/textures/bullet.png
08:33:05.276 [JavaFX Application Thread] DEBUG AssetLoader          - Loading from cache: /assets/textures/vida.png
08:33:05.276 [JavaFX Application Thread] DEBUG AssetLoader          - Loading from cache: /assets/textures/bullet.png
08:33:05.283 [JavaFX Application Thread] DEBUG AssetLoader          - Loading from cache: /assets/textures/vida.png
08:33:05.283 [JavaFX Application Thread] DEBUG AssetLoader          - Loading from cache: /assets/textures/bullet.png
08:33:05.290 [JavaFX Application Thread] DEBUG AssetLoader          - Loading from cache: /assets/textures/vida.png
08:33:05.290 [JavaFX Application Thread] DEBUG AssetLoader          - Loading from cache: /assets/textures/bullet.png
08:33:05.292 [JavaFX Application Thread] DEBUG AssetLoader          - Loading from cache: /assets/textures/vida.png
08:33:05.292 [JavaFX Application Thread] DEBUG AssetLoader          - Loading from cache: /assets/textures/bullet.png
08:33:05.300 [JavaFX Application Thread] DEBUG AssetLoader          - Loading from cache: /assets/textures/vida.png
08:33:05.302 [JavaFX Application Thread] DEBUG AssetLoader          - Loading from cache: /assets/textures/bullet.png
08:33:05.307 [JavaFX Application Thread] DEBUG AssetLoader          - Loading from cache: /assets/textures/vida.png
08:33:05.308 [JavaFX Application Thread] DEBUG AssetLoader          - Loading from cache: /assets/textures/bullet.png
08:33:05.314 [JavaFX Application Thread] DEBUG AssetLoader          - Loading from cache: /assets/textures/vida.png
08:33:05.314 [JavaFX Application Thread] DEBUG AssetLoader          - Loading from cache: /assets/textures/bullet.png
08:33:05.320 [JavaFX Application Thread] DEBUG AssetLoader          - Loading from cache: /assets/textures/vida.png
08:33:05.320 [JavaFX Application Thread] DEBUG AssetLoader          - Loading from cache: /assets/textures/bullet.png
08:33:05.324 [JavaFX Application Thread] DEBUG AssetLoader          - Loading from cache: /assets/textures/vida.png
08:33:05.325 [JavaFX Application Thread] DEBUG AssetLoader          - Loading from cache: /assets/textures/bullet.png
08:33:05.331 [JavaFX Application Thread] DEBUG AssetLoader          - Loading from cache: /assets/textures/vida.png
08:33:05.331 [JavaFX Application Thread] DEBUG AssetLoader          - Loading from cache: /assets/textures/bullet.png
08:33:05.338 [JavaFX Application Thread] DEBUG AssetLoader          - Loading from cache: /assets/textures/vida.png
08:33:05.338 [JavaFX Application Thread] DEBUG AssetLoader          - Loading from cache: /assets/textures/bullet.png
08:33:05.344 [JavaFX Application Thread] DEBUG AssetLoader          - Loading from cache: /assets/textures/vida.png
08:33:05.344 [JavaFX Application Thread] DEBUG AssetLoader          - Loading from cache: /assets/textures/bullet.png
08:33:05.350 [JavaFX Application Thread] DEBUG AssetLoader          - Loading from cache: /assets/textures/vida.png
08:33:05.350 [JavaFX Application Thread] DEBUG AssetLoader          - Loading from cache: /assets/textures/bullet.png
08:33:05.357 [JavaFX Application Thread] DEBUG AssetLoader          - Loading from cache: /assets/textures/vida.png
08:33:05.357 [JavaFX Application Thread] DEBUG AssetLoader          - Loading from cache: /assets/textures/bullet.png
08:33:05.363 [JavaFX Application Thread] DEBUG AssetLoader          - Loading from cache: /assets/textures/vida.png
08:33:05.363 [JavaFX Application Thread] DEBUG AssetLoader          - Loading from cache: /assets/textures/bullet.png
08:33:05.369 [JavaFX Application Thread] DEBUG AssetLoader          - Loading from cache: /assets/textures/vida.png
08:33:05.369 [JavaFX Application Thread] DEBUG AssetLoader          - Loading from cache: /assets/textures/bullet.png
08:33:05.372 [JavaFX Application Thread] DEBUG AssetLoader          - Loading from cache: /assets/textures/vida.png
08:33:05.372 [JavaFX Application Thread] DEBUG AssetLoader          - Loading from cache: /assets/textures/bullet.png
08:33:05.381 [JavaFX Application Thread] DEBUG AssetLoader          - Loading from cache: /assets/textures/vida.png
08:33:05.381 [JavaFX Application Thread] DEBUG AssetLoader          - Loading from cache: /assets/textures/bullet.png
08:33:05.389 [JavaFX Application Thread] DEBUG AssetLoader          - Loading from cache: /assets/textures/vida.png
08:33:05.389 [JavaFX Application Thread] DEBUG AssetLoader          - Loading from cache: /assets/textures/bullet.png
08:33:05.392 [JavaFX Application Thread] DEBUG AssetLoader          - Loading from cache: /assets/textures/vida.png
08:33:05.392 [JavaFX Application Thread] DEBUG AssetLoader          - Loading from cache: /assets/textures/bullet.png
08:33:05.398 [JavaFX Application Thread] DEBUG AssetLoader          - Loading from cache: /assets/textures/vida.png
08:33:05.399 [JavaFX Application Thread] DEBUG AssetLoader          - Loading from cache: /assets/textures/bullet.png
08:33:05.404 [JavaFX Application Thread] DEBUG AssetLoader          - Loading from cache: /assets/textures/vida.png
08:33:05.405 [JavaFX Application Thread] DEBUG AssetLoader          - Loading from cache: /assets/textures/bullet.png
08:33:05.410 [JavaFX Application Thread] DEBUG AssetLoader          - Loading from cache: /assets/textures/vida.png
08:33:05.410 [JavaFX Application Thread] DEBUG AssetLoader          - Loading from cache: /assets/textures/bullet.png
08:33:05.416 [JavaFX Application Thread] DEBUG AssetLoader          - Loading from cache: /assets/textures/vida.png
08:33:05.416 [JavaFX Application Thread] DEBUG AssetLoader          - Loading from cache: /assets/textures/bullet.png
08:33:05.420 [JavaFX Application Thread] DEBUG AssetLoader          - Loading from cache: /assets/textures/vida.png
08:33:05.421 [JavaFX Application Thread] DEBUG AssetLoader          - Loading from cache: /assets/textures/bullet.png
08:33:05.428 [JavaFX Application Thread] DEBUG AssetLoader          - Loading from cache: /assets/textures/vida.png
08:33:05.429 [JavaFX Application Thread] DEBUG AssetLoader          - Loading from cache: /assets/textures/bullet.png
08:33:05.435 [JavaFX Application Thread] DEBUG AssetLoader          - Loading from cache: /assets/textures/vida.png
08:33:05.435 [JavaFX Application Thread] DEBUG AssetLoader          - Loading from cache: /assets/textures/bullet.png
08:33:05.441 [JavaFX Application Thread] DEBUG AssetLoader          - Loading from cache: /assets/textures/vida.png
08:33:05.441 [JavaFX Application Thread] DEBUG AssetLoader          - Loading from cache: /assets/textures/bullet.png
08:33:05.448 [JavaFX Application Thread] DEBUG AssetLoader          - Loading from cache: /assets/textures/vida.png
08:33:05.448 [JavaFX Application Thread] DEBUG AssetLoader          - Loading from cache: /assets/textures/bullet.png
08:33:05.451 [JavaFX Application Thread] DEBUG AssetLoader          - Loading from cache: /assets/textures/vida.png
08:33:05.451 [JavaFX Application Thread] DEBUG AssetLoader          - Loading from cache: /assets/textures/bullet.png
08:33:05.459 [JavaFX Application Thread] DEBUG AssetLoader          - Loading from cache: /assets/textures/vida.png
08:33:05.461 [JavaFX Application Thread] DEBUG AssetLoader          - Loading from cache: /assets/textures/bullet.png
08:33:05.466 [JavaFX Application Thread] DEBUG AssetLoader          - Loading from cache: /assets/textures/vida.png
08:33:05.466 [JavaFX Application Thread] DEBUG AssetLoader          - Loading from cache: /assets/textures/bullet.png
08:33:05.468 [JavaFX Application Thread] DEBUG AssetLoader          - Loading from cache: /assets/textures/vida.png
08:33:05.468 [JavaFX Application Thread] DEBUG AssetLoader          - Loading from cache: /assets/textures/bullet.png
08:33:05.478 [JavaFX Application Thread] DEBUG AssetLoader          - Loading from cache: /assets/textures/vida.png
08:33:05.478 [JavaFX Application Thread] DEBUG AssetLoader          - Loading from cache: /assets/textures/bullet.png
08:33:05.484 [JavaFX Application Thread] DEBUG AssetLoader          - Loading from cache: /assets/textures/vida.png
08:33:05.484 [JavaFX Application Thread] DEBUG AssetLoader          - Loading from cache: /assets/textures/bullet.png
08:33:05.490 [JavaFX Application Thread] DEBUG AssetLoader          - Loading from cache: /assets/textures/vida.png
08:33:05.490 [JavaFX Application Thread] DEBUG AssetLoader          - Loading from cache: /assets/textures/bullet.png
08:33:05.497 [JavaFX Application Thread] DEBUG AssetLoader          - Loading from cache: /assets/textures/vida.png
08:33:05.497 [JavaFX Application Thread] DEBUG AssetLoader          - Loading from cache: /assets/textures/bullet.png
08:33:05.500 [JavaFX Application Thread] DEBUG AssetLoader          - Loading from cache: /assets/textures/vida.png
08:33:05.500 [JavaFX Application Thread] DEBUG AssetLoader          - Loading from cache: /assets/textures/bullet.png
08:33:05.508 [JavaFX Application Thread] DEBUG AssetLoader          - Loading from cache: /assets/textures/vida.png
08:33:05.508 [JavaFX Application Thread] DEBUG AssetLoader          - Loading from cache: /assets/textures/bullet.png
08:33:05.515 [JavaFX Application Thread] DEBUG AssetLoader          - Loading from cache: /assets/textures/vida.png
08:33:05.516 [JavaFX Application Thread] DEBUG AssetLoader          - Loading from cache: /assets/textures/bullet.png
08:33:05.521 [JavaFX Application Thread] DEBUG AssetLoader          - Loading from cache: /assets/textures/vida.png
08:33:05.522 [JavaFX Application Thread] DEBUG AssetLoader          - Loading from cache: /assets/textures/bullet.png
08:33:05.527 [JavaFX Application Thread] DEBUG AssetLoader          - Loading from cache: /assets/textures/vida.png
08:33:05.527 [JavaFX Application Thread] DEBUG AssetLoader          - Loading from cache: /assets/textures/bullet.png
08:33:05.532 [JavaFX Application Thread] DEBUG AssetLoader          - Loading from cache: /assets/textures/vida.png
08:33:05.532 [JavaFX Application Thread] DEBUG AssetLoader          - Loading from cache: /assets/textures/bullet.png
08:33:05.538 [JavaFX Application Thread] DEBUG AssetLoader          - Loading from cache: /assets/textures/vida.png
08:33:05.539 [JavaFX Application Thread] DEBUG AssetLoader          - Loading from cache: /assets/textures/bullet.png
08:33:05.545 [JavaFX Application Thread] DEBUG AssetLoader          - Loading from cache: /assets/textures/vida.png
08:33:05.546 [JavaFX Application Thread] DEBUG AssetLoader          - Loading from cache: /assets/textures/bullet.png
08:33:05.548 [JavaFX Application Thread] DEBUG AssetLoader          - Loading from cache: /assets/textures/vida.png
08:33:05.548 [JavaFX Application Thread] DEBUG AssetLoader          - Loading from cache: /assets/textures/bullet.png
08:33:05.557 [JavaFX Application Thread] DEBUG AssetLoader          - Loading from cache: /assets/textures/vida.png
08:33:05.558 [JavaFX Application Thread] DEBUG AssetLoader          - Loading from cache: /assets/textures/bullet.png
08:33:05.563 [JavaFX Application Thread] DEBUG AssetLoader          - Loading from cache: /assets/textures/vida.png
08:33:05.564 [JavaFX Application Thread] DEBUG AssetLoader          - Loading from cache: /assets/textures/bullet.png
08:33:05.569 [JavaFX Application Thread] DEBUG AssetLoader          - Loading from cache: /assets/textures/vida.png
08:33:05.570 [JavaFX Application Thread] DEBUG AssetLoader          - Loading from cache: /assets/textures/bullet.png
08:33:05.576 [JavaFX Application Thread] DEBUG AssetLoader          - Loading from cache: /assets/textures/vida.png
08:33:05.577 [JavaFX Application Thread] DEBUG AssetLoader          - Loading from cache: /assets/textures/bullet.png
08:33:05.581 [JavaFX Application Thread] DEBUG AssetLoader          - Loading from cache: /assets/textures/vida.png
08:33:05.581 [JavaFX Application Thread] DEBUG AssetLoader          - Loading from cache: /assets/textures/bullet.png
08:33:05.588 [JavaFX Application Thread] DEBUG AssetLoader          - Loading from cache: /assets/textures/vida.png
08:33:05.589 [JavaFX Application Thread] DEBUG AssetLoader          - Loading from cache: /assets/textures/bullet.png
08:33:05.594 [JavaFX Application Thread] DEBUG AssetLoader          - Loading from cache: /assets/textures/vida.png
08:33:05.594 [JavaFX Application Thread] DEBUG AssetLoader          - Loading from cache: /assets/textures/bullet.png
08:33:05.596 [JavaFX Application Thread] DEBUG AssetLoader          - Loading from cache: /assets/textures/vida.png
08:33:05.596 [JavaFX Application Thread] DEBUG AssetLoader          - Loading from cache: /assets/textures/bullet.png
08:33:05.605 [JavaFX Application Thread] DEBUG AssetLoader          - Loading from cache: /assets/textures/vida.png
08:33:05.606 [JavaFX Application Thread] DEBUG AssetLoader          - Loading from cache: /assets/textures/bullet.png
08:33:05.612 [JavaFX Application Thread] DEBUG AssetLoader          - Loading from cache: /assets/textures/vida.png
08:33:05.612 [JavaFX Application Thread] DEBUG AssetLoader          - Loading from cache: /assets/textures/bullet.png
08:33:05.617 [JavaFX Application Thread] DEBUG AssetLoader          - Loading from cache: /assets/textures/vida.png
08:33:05.618 [JavaFX Application Thread] DEBUG AssetLoader          - Loading from cache: /assets/textures/bullet.png
08:33:05.623 [JavaFX Application Thread] DEBUG AssetLoader          - Loading from cache: /assets/textures/vida.png
08:33:05.623 [JavaFX Application Thread] DEBUG AssetLoader          - Loading from cache: /assets/textures/bullet.png
08:33:05.627 [JavaFX Application Thread] DEBUG AssetLoader          - Loading from cache: /assets/textures/vida.png
08:33:05.627 [JavaFX Application Thread] DEBUG AssetLoader          - Loading from cache: /assets/textures/bullet.png
08:33:05.635 [JavaFX Application Thread] DEBUG AssetLoader          - Loading from cache: /assets/textures/vida.png
08:33:05.635 [JavaFX Application Thread] DEBUG AssetLoader          - Loading from cache: /assets/textures/bullet.png
08:33:05.641 [JavaFX Application Thread] DEBUG AssetLoader          - Loading from cache: /assets/textures/vida.png
08:33:05.641 [JavaFX Application Thread] DEBUG AssetLoader          - Loading from cache: /assets/textures/bullet.png
08:33:05.643 [JavaFX Application Thread] DEBUG AssetLoader          - Loading from cache: /assets/textures/vida.png
08:33:05.643 [JavaFX Application Thread] DEBUG AssetLoader          - Loading from cache: /assets/textures/bullet.png
08:33:05.652 [JavaFX Application Thread] DEBUG AssetLoader          - Loading from cache: /assets/textures/vida.png
08:33:05.653 [JavaFX Application Thread] DEBUG AssetLoader          - Loading from cache: /assets/textures/bullet.png
08:33:05.659 [JavaFX Application Thread] DEBUG AssetLoader          - Loading from cache: /assets/textures/vida.png
08:33:05.659 [JavaFX Application Thread] DEBUG AssetLoader          - Loading from cache: /assets/textures/bullet.png
08:33:05.664 [JavaFX Application Thread] DEBUG AssetLoader          - Loading from cache: /assets/textures/vida.png
08:33:05.664 [JavaFX Application Thread] DEBUG AssetLoader          - Loading from cache: /assets/textures/bullet.png
08:33:05.670 [JavaFX Application Thread] DEBUG AssetLoader          - Loading from cache: /assets/textures/vida.png
08:33:05.672 [JavaFX Application Thread] DEBUG AssetLoader          - Loading from cache: /assets/textures/bullet.png
08:33:05.675 [JavaFX Application Thread] DEBUG AssetLoader          - Loading from cache: /assets/textures/vida.png
08:33:05.675 [JavaFX Application Thread] DEBUG AssetLoader          - Loading from cache: /assets/textures/bullet.png
08:33:05.682 [JavaFX Application Thread] DEBUG AssetLoader          - Loading from cache: /assets/textures/vida.png
08:33:05.683 [JavaFX Application Thread] DEBUG AssetLoader          - Loading from cache: /assets/textures/bullet.png
08:33:05.690 [JavaFX Application Thread] DEBUG AssetLoader          - Loading from cache: /assets/textures/vida.png
08:33:05.690 [JavaFX Application Thread] DEBUG AssetLoader          - Loading from cache: /assets/textures/bullet.png
08:33:05.691 [JavaFX Application Thread] DEBUG AssetLoader          - Loading from cache: /assets/textures/vida.png
08:33:05.691 [JavaFX Application Thread] DEBUG AssetLoader          - Loading from cache: /assets/textures/bullet.png
08:33:05.701 [JavaFX Application Thread] DEBUG AssetLoader          - Loading from cache: /assets/textures/vida.png
08:33:05.701 [JavaFX Application Thread] DEBUG AssetLoader          - Loading from cache: /assets/textures/bullet.png
08:33:05.708 [JavaFX Application Thread] DEBUG AssetLoader          - Loading from cache: /assets/textures/vida.png
08:33:05.708 [JavaFX Application Thread] DEBUG AssetLoader          - Loading from cache: /assets/textures/bullet.png
08:33:05.714 [JavaFX Application Thread] DEBUG AssetLoader          - Loading from cache: /assets/textures/vida.png
08:33:05.715 [JavaFX Application Thread] DEBUG AssetLoader          - Loading from cache: /assets/textures/bullet.png
08:33:05.720 [JavaFX Application Thread] DEBUG AssetLoader          - Loading from cache: /assets/textures/vida.png
08:33:05.720 [JavaFX Application Thread] DEBUG AssetLoader          - Loading from cache: /assets/textures/bullet.png
08:33:05.723 [JavaFX Application Thread] DEBUG AssetLoader          - Loading from cache: /assets/textures/vida.png
08:33:05.723 [JavaFX Application Thread] DEBUG AssetLoader          - Loading from cache: /assets/textures/bullet.png
08:33:05.837 [JavaFX Application Thread] DEBUG Engine               - Exiting FXGL
08:33:05.837 [JavaFX Application Thread] DEBUG Engine               - Shutting down background threads
08:33:05.837 [JavaFX Application Thread] DEBUG Engine               - Saving FXGL system data
08:33:05.840 [JavaFX Application Thread] DEBUG FSServiceImpl        - Writing to: C:\Users\daron\Downloads\workspace\Programas java\Avanzado\Game2D\system\fxgl.bundle
08:33:05.843 [JavaFX Application Thread] DEBUG Engine               - Closing logger and exiting JavaFX
