15:14:19.000 [main                     ] DEBUG GameApplication      - Logger initialized
15:14:19.002 [main                     ] DEBUG GameApplication      - Logging settings
Title: Dungeons
Version: 0.1
Width: 750
Height: 750
Fullscreen: false
Intro: false
Menus: false
Profiling: false
Single step:false
App Mode: DEVELOPER
Menu Key: ESCAPE
Stage Style: DECORATED
Scene Factory: class com.almasb.fxgl.app.SceneFactory
Dialog Factory: class com.almasb.fxgl.ui.FXGLDialogFactory
UI Factory: class com.almasb.fxgl.ui.FXGLUIFactory

15:14:19.310 [JavaFX Application Thread] DEBUG Engine               - Initializing FXGL
15:14:19.310 [JavaFX Application Thread] INFO  Engine               - FXGL-11.4 (06.08.2019 18.29) on WINDOWS (J:18.0.2 FX:12.0.1)
15:14:19.311 [JavaFX Application Thread] INFO  Engine               - Source code and latest versions at: https://github.com/AlmasB/FXGL
15:14:19.311 [JavaFX Application Thread] INFO  Engine               -              Join the FXGL chat at: https://gitter.im/AlmasB/FXGL
15:14:19.313 [JavaFX Application Thread] DEBUG Engine               - Adding new engine service: class com.almasb.fxgl.audio.AudioPlayer
15:14:19.313 [JavaFX Application Thread] DEBUG Engine               - Adding new engine service: class com.almasb.fxgl.notification.impl.NotificationServiceProvider
15:14:19.314 [JavaFX Application Thread] DEBUG Engine               - Adding new engine service: class com.almasb.fxgl.achievement.AchievementManager
15:14:19.317 [JavaFX Application Thread] DEBUG FS                   - Loaded FSServiceImpl
15:14:19.318 [JavaFX Application Thread] DEBUG SaveLoadManager      - Checking profiles dir: profiles/
15:14:19.318 [JavaFX Application Thread] DEBUG Engine               - Loading localizations
15:14:19.326 [JavaFX Application Thread] DEBUG AssetLoader          - Loading from file system: /assets/properties/languages/english.properties
15:14:19.329 [JavaFX Application Thread] DEBUG AssetLoader          - Loading from file system: /assets/properties/languages/french.properties
15:14:19.330 [JavaFX Application Thread] DEBUG AssetLoader          - Loading from file system: /assets/properties/languages/german.properties
15:14:19.331 [JavaFX Application Thread] DEBUG AssetLoader          - Loading from file system: /assets/properties/languages/russian.properties
15:14:19.332 [JavaFX Application Thread] DEBUG AssetLoader          - Loading from file system: /assets/properties/languages/hungarian.properties
15:14:19.333 [JavaFX Application Thread] DEBUG Engine               - Registering font factories
15:14:19.333 [JavaFX Application Thread] DEBUG AssetLoader          - Loading from file system: /assets/ui/fonts/VarelaRound-Regular.ttf
15:14:19.390 [JavaFX Application Thread] DEBUG AssetLoader          - Loading from file system: /assets/ui/fonts/Abel-Regular.ttf
15:14:19.398 [JavaFX Application Thread] DEBUG AssetLoader          - Loading from file system: /assets/ui/fonts/lucida_console.ttf
15:14:19.402 [JavaFX Application Thread] DEBUG AssetLoader          - Loading from file system: /assets/ui/fonts/Courier-Prime.ttf
15:14:19.406 [JavaFX Application Thread] DEBUG Engine               - Setting UI factory
15:14:19.472 [JavaFX Application Thread] DEBUG AssetLoader          - Loading from file system: /assets/textures/fxgl_logo.png
15:14:19.516 [JavaFX Application Thread] DEBUG MainWindow           - Creating a JavaFX scene
15:14:19.549 [JavaFX Application Thread] DEBUG MainWindow           - Target settings size: 750.0 x 750.0
15:14:19.550 [JavaFX Application Thread] DEBUG MainWindow           - Scaled scene size:    750.0 x 750.0
15:14:19.550 [JavaFX Application Thread] DEBUG MainWindow           - Scaled ratio: (1.0, 1.0)
15:14:19.551 [JavaFX Application Thread] DEBUG MainWindow           - Applying CSS: fxgl_dark.css
15:14:19.551 [JavaFX Application Thread] DEBUG AssetLoader          - Loading from file system: /assets/ui/css/fxgl_dark.css
15:14:19.551 [JavaFX Application Thread] DEBUG AssetLoader          - Loading from file system: /assets/ui/cursors/fxgl_default.png
15:14:19.556 [JavaFX Application Thread] DEBUG Input                - Clearing active input actions
15:14:19.557 [JavaFX Application Thread] DEBUG MainWindow           - StartupScene -> StartupScene
15:14:19.560 [JavaFX Application Thread] DEBUG AssetLoader          - Loading from file system: /assets/textures/fxgl_icon.png
15:14:19.574 [JavaFX Application Thread] DEBUG MainWindow           - Opening main window
15:14:19.680 [JavaFX Application Thread] DEBUG MainWindow           - Window border size: (14.79998779296875, 38.0)
15:14:19.680 [JavaFX Application Thread] DEBUG MainWindow           - Scaled size: 750.0 x 750.0
15:14:19.680 [JavaFX Application Thread] DEBUG MainWindow           - Scaled ratio: (1.0, 1.0)
15:14:19.680 [JavaFX Application Thread] DEBUG MainWindow           - Scene size: 750.0 x 750.0
15:14:19.680 [JavaFX Application Thread] DEBUG MainWindow           - Stage size: 764.7999877929688 x 788.0
15:14:19.686 [FXGL Background Thread 1 ] DEBUG FS                   - Loaded FSServiceImpl
15:14:19.686 [FXGL Background Thread 1 ] DEBUG Engine               - Loading FXGL system data
15:14:19.692 [FXGL Background Thread 1 ] DEBUG FSServiceImpl        - Reading from: C:\Users\daron\Downloads\workspace\Programas java\Avanzado\Game2D\system\fxgl.bundle
15:14:19.703 [FXGL Background Thread 1 ] DEBUG Engine               - Bundle FXGL: {}
15:14:19.703 [FXGL Background Thread 1 ] DEBUG Engine               - Initializing application scenes
15:14:19.725 [FXGL Background Thread 1 ] DEBUG GameWorld            - Game world initialized
15:14:19.765 [FXGL Background Thread 1 ] DEBUG PhysicsWorld         - Physics world initialized: appHeight=750, physics.ppm=50,0
15:14:19.766 [FXGL Background Thread 1 ] DEBUG GameScene            - Game scene initialized: 750x750
15:14:19.785 [FXGL Background Thread 1 ] DEBUG Input                - Registered new binding: Resume - Esc
15:14:19.785 [FXGL Background Thread 1 ] DEBUG AssetLoader          - Loading from file system: /assets/textures/pause_menu_bg.png
15:14:19.803 [FXGL Background Thread 1 ] DEBUG Input                - Registered new binding: Pause - Esc
15:14:19.803 [FXGL Background Thread 1 ] DEBUG Engine               - Application scenes initialized
15:14:19.805 [JavaFX Application Thread] DEBUG Engine               - Running preInit()
15:14:19.806 [JavaFX Application Thread] DEBUG Input                - Registered new binding: Screenshot - P
15:14:19.807 [JavaFX Application Thread] DEBUG Input                - Registered new binding: System info dump - CTRL+9
15:14:19.807 [JavaFX Application Thread] DEBUG Input                - Registered new binding: Restart - CTRL+R
15:14:19.807 [JavaFX Application Thread] DEBUG Engine               - generateDefaultProfile()
15:14:19.807 [JavaFX Application Thread] DEBUG Engine               - Creating default profile
15:14:19.807 [JavaFX Application Thread] DEBUG EventBus             - Firing event: SaveEvent
15:14:19.812 [JavaFX Application Thread] DEBUG Engine               - Logging environment variables
15:14:19.812 [JavaFX Application Thread] DEBUG Engine               - achievements: []
15:14:19.812 [JavaFX Application Thread] DEBUG Engine               - language: ObjectProperty [value: ENGLISH]
15:14:19.812 [JavaFX Application Thread] DEBUG Engine               - isCloseConfirmation: false
15:14:19.813 [JavaFX Application Thread] DEBUG Engine               - isProfilingEnabled: false
15:14:19.813 [JavaFX Application Thread] DEBUG Engine               - soundNotification: core/notification.wav
15:14:19.813 [JavaFX Application Thread] DEBUG Engine               - devShowBBoxProperty: BooleanProperty [value: false]
15:14:19.813 [JavaFX Application Thread] DEBUG Engine               - pixelsPerMeter: 50.0
15:14:19.813 [JavaFX Application Thread] DEBUG Engine               - overlayRoot: Group@64fb5835
15:14:19.813 [JavaFX Application Thread] DEBUG Engine               - appIcon: fxgl_icon.png
15:14:19.813 [JavaFX Application Thread] DEBUG Engine               - soundMenuBack: menu/back.wav
15:14:19.813 [JavaFX Application Thread] DEBUG Engine               - isFullScreenAllowed: false
15:14:19.813 [JavaFX Application Thread] DEBUG Engine               - isIntroEnabled: false
15:14:19.813 [JavaFX Application Thread] DEBUG Engine               - eventBus: com.almasb.fxgl.event.EventBus@429f5275
15:14:19.813 [JavaFX Application Thread] DEBUG Engine               - fontMono: lucida_console.ttf
15:14:19.813 [JavaFX Application Thread] DEBUG Engine               - soundMenuSelect: menu/select.wav
15:14:19.813 [JavaFX Application Thread] DEBUG Engine               - isWindows: true
15:14:19.813 [JavaFX Application Thread] DEBUG Engine               - isMobile: false
15:14:19.813 [JavaFX Application Thread] DEBUG Engine               - height: 750
15:14:19.813 [JavaFX Application Thread] DEBUG Engine               - isExperimentalNative: false
15:14:19.813 [JavaFX Application Thread] DEBUG Engine               - cSSList: [fxgl_dark.css]
15:14:19.813 [JavaFX Application Thread] DEBUG Engine               - isSingleStep: false
15:14:19.814 [JavaFX Application Thread] DEBUG Engine               - fontGame: Abel-Regular.ttf
15:14:19.814 [JavaFX Application Thread] DEBUG Engine               - menuKey: ESCAPE
15:14:19.814 [JavaFX Application Thread] DEBUG Engine               - devShowPositionProperty: BooleanProperty [value: false]
15:14:19.814 [JavaFX Application Thread] DEBUG Engine               - versionCheckDays: 7
15:14:19.814 [JavaFX Application Thread] DEBUG Engine               - masterTimer: com.almasb.fxgl.time.Timer@4893b507
15:14:19.814 [JavaFX Application Thread] DEBUG Engine               - configClass: Optional.empty
15:14:19.814 [JavaFX Application Thread] DEBUG Engine               - version: 0.1
15:14:19.814 [JavaFX Application Thread] DEBUG Engine               - fullScreen: BooleanProperty [value: false]
15:14:19.814 [JavaFX Application Thread] DEBUG Engine               - dialogFactory: com.almasb.fxgl.ui.FXGLDialogFactory@3475c6f0
15:14:19.814 [JavaFX Application Thread] DEBUG Engine               - applicationMode: DEVELOPER
15:14:19.814 [JavaFX Application Thread] DEBUG Engine               - isMac: false
15:14:19.814 [JavaFX Application Thread] DEBUG Engine               - urlGoogleForms: https://goo.gl/forms/6wrMnOBxTE1fEpOy2
15:14:19.814 [JavaFX Application Thread] DEBUG Engine               - isMenuEnabled: false
15:14:19.814 [JavaFX Application Thread] DEBUG Engine               - urlPOM: https://raw.githubusercontent.com/AlmasB/FXGL/master/pom.xml
15:14:19.814 [JavaFX Application Thread] DEBUG Engine               - profileName: user.profile
15:14:19.814 [JavaFX Application Thread] DEBUG Engine               - notificationViewClass: class com.almasb.fxgl.notification.view.XboxNotificationView
15:14:19.814 [JavaFX Application Thread] DEBUG Engine               - devSensorColorProperty: ObjectProperty [value: 0xffff00ff]
15:14:19.814 [JavaFX Application Thread] DEBUG Engine               - sceneFactory: com.almasb.fxgl.app.SceneFactory@31fc8bc9
15:14:19.814 [JavaFX Application Thread] DEBUG Engine               - dataFileExt: .dat
15:14:19.814 [JavaFX Application Thread] DEBUG Engine               - stageStyle: DECORATED
15:14:19.815 [JavaFX Application Thread] DEBUG Engine               - isManualResizeEnabled: false
15:14:19.815 [JavaFX Application Thread] DEBUG Engine               - title: Dungeons
15:14:19.815 [JavaFX Application Thread] DEBUG Engine               - platform: WINDOWS
15:14:19.815 [JavaFX Application Thread] DEBUG Engine               - devBBoxColorProperty: ObjectProperty [value: 0xff0000ff]
15:14:19.815 [JavaFX Application Thread] DEBUG Engine               - isDesktop: true
15:14:19.815 [JavaFX Application Thread] DEBUG Engine               - globalMusicVolumeProperty: DoubleProperty [value: 0.5]
15:14:19.815 [JavaFX Application Thread] DEBUG Engine               - credits: []
15:14:19.815 [JavaFX Application Thread] DEBUG Engine               - uIFactory: com.almasb.fxgl.ui.FXGLUIFactory@9c86b79
15:14:19.815 [JavaFX Application Thread] DEBUG Engine               - isPreserveResizeRatio: false
15:14:19.815 [JavaFX Application Thread] DEBUG Engine               - fontText: Courier-Prime.ttf
15:14:19.815 [JavaFX Application Thread] DEBUG Engine               - isExperimentalTiledLargeMap: false
15:14:19.815 [JavaFX Application Thread] DEBUG Engine               - secondsIn24h: 60
15:14:19.815 [JavaFX Application Thread] DEBUG Engine               - runtimeInfo: RuntimeInfo(platform=WINDOWS, version=11.4, build=06.08.2019 18.29)
15:14:19.815 [JavaFX Application Thread] DEBUG Engine               - soundMenuPress: menu/press.wav
15:14:19.815 [JavaFX Application Thread] DEBUG Engine               - urlGithub: https://github.com/AlmasB/FXGL
15:14:19.815 [JavaFX Application Thread] DEBUG Engine               - isLinux: false
15:14:19.815 [JavaFX Application Thread] DEBUG Engine               - profileDir: profiles/
15:14:19.815 [JavaFX Application Thread] DEBUG Engine               - isDeveloperMenuEnabled: false
15:14:19.815 [JavaFX Application Thread] DEBUG Engine               - globalSoundVolumeProperty: DoubleProperty [value: 0.5]
15:14:19.815 [JavaFX Application Thread] DEBUG Engine               - isBrowser: false
15:14:19.815 [JavaFX Application Thread] DEBUG Engine               - urlLeaderboard: http://fxgl-top.herokuapp.com/
15:14:19.815 [JavaFX Application Thread] DEBUG Engine               - globalSoundVolume: 0.5
15:14:19.816 [JavaFX Application Thread] DEBUG Engine               - saveDir: saves/
15:14:19.816 [JavaFX Application Thread] DEBUG Engine               - engineServices: [class com.almasb.fxgl.audio.AudioPlayer, class com.almasb.fxgl.notification.impl.NotificationServiceProvider, class com.almasb.fxgl.achievement.AchievementManager]
15:14:19.816 [JavaFX Application Thread] DEBUG Engine               - globalMusicVolume: 0.5
15:14:19.816 [JavaFX Application Thread] DEBUG Engine               - width: 750
15:14:19.816 [JavaFX Application Thread] DEBUG Engine               - saveFileExt: .sav
15:14:19.816 [JavaFX Application Thread] DEBUG Engine               - isAndroid: false
15:14:19.816 [JavaFX Application Thread] DEBUG Engine               - fontUI: VarelaRound-Regular.ttf
15:14:19.816 [JavaFX Application Thread] DEBUG Engine               - enabledMenuItems: []
15:14:19.816 [JavaFX Application Thread] DEBUG Engine               - isIOS: false
15:14:19.827 [JavaFX Application Thread] INFO  Engine               - FXGL initialization took: 0,509 sec
15:14:19.827 [JavaFX Application Thread] DEBUG LoopRunner           - Starting loop
15:14:19.832 [JavaFX Application Thread] DEBUG StartupScene         - STARTUP
15:14:19.832 [JavaFX Application Thread] DEBUG Engine               - Starting new game
15:14:19.832 [JavaFX Application Thread] DEBUG MainWindow           - Applying CSS: fxgl_dark.css
15:14:19.832 [JavaFX Application Thread] DEBUG AssetLoader          - Loading from file system: /assets/ui/css/fxgl_dark.css
15:14:19.832 [JavaFX Application Thread] DEBUG AssetLoader          - Loading from file system: /assets/ui/cursors/fxgl_default.png
15:14:19.833 [JavaFX Application Thread] DEBUG Input                - Clearing active input actions
15:14:19.841 [JavaFX Application Thread] DEBUG MainWindow           - StartupScene -> LoadingScene
15:14:19.845 [JavaFX Application Thread] DEBUG Engine               - Removing overlay from StartupScene and adding to LoadingScene
15:14:19.846 [FXGL Background Thread 1 ] DEBUG InitAppTask          - Clearing previous game
15:14:19.846 [FXGL Background Thread 1 ] DEBUG GameWorld            - Clearing game world
15:14:19.846 [FXGL Background Thread 1 ] DEBUG PhysicsWorld         - Clearing physics world
15:14:19.846 [FXGL Background Thread 1 ] DEBUG GameScene            - Clearing game scene
15:14:19.846 [FXGL Background Thread 1 ] DEBUG InitAppTask          - Initializing Game
15:14:19.855 [FXGL Background Thread 1 ] DEBUG AssetLoader          - Loading from file system: /assets/textures/player1.png
15:14:19.860 [FXGL Background Thread 1 ] DEBUG AssetLoader          - Loading from file system: /assets/textures/arma1.png
15:14:19.867 [FXGL Background Thread 1 ] DEBUG Input                - Registered new binding: action0 - W
15:14:19.867 [FXGL Background Thread 1 ] DEBUG Input                - Registered new binding: action1 - S
15:14:19.868 [FXGL Background Thread 1 ] DEBUG Input                - Registered new binding: action2 - A
15:14:19.868 [FXGL Background Thread 1 ] DEBUG Input                - Registered new binding: action3 - D
15:14:19.868 [FXGL Background Thread 1 ] DEBUG InitAppTask          - Initializing Physics
15:14:19.868 [FXGL Background Thread 1 ] DEBUG InitAppTask          - Initializing UI
15:14:19.868 [FXGL Background Thread 1 ] DEBUG InitAppTask          - Initialization Complete
15:14:19.868 [FXGL Background Thread 1 ] INFO  InitAppTask          - Game initialization took: 0,023 sec
15:14:19.881 [JavaFX Application Thread] DEBUG MainWindow           - Applying CSS: fxgl_dark.css
15:14:19.881 [JavaFX Application Thread] DEBUG AssetLoader          - Loading from file system: /assets/ui/css/fxgl_dark.css
15:14:19.881 [JavaFX Application Thread] DEBUG AssetLoader          - Loading from file system: /assets/ui/cursors/fxgl_default.png
15:14:19.882 [JavaFX Application Thread] DEBUG Input                - Clearing active input actions
15:14:19.889 [JavaFX Application Thread] DEBUG MainWindow           - LoadingScene -> GameScene
15:14:19.890 [JavaFX Application Thread] DEBUG Engine               - Removing overlay from LoadingScene and adding to GameScene
15:14:21.872 [JavaFX Application Thread] DEBUG AssetLoader          - Loading from file system: /assets/textures/enemy1.png
15:14:23.872 [JavaFX Application Thread] DEBUG AssetLoader          - Loading from cache: /assets/textures/enemy1.png
15:14:25.867 [JavaFX Application Thread] DEBUG AssetLoader          - Loading from cache: /assets/textures/enemy1.png
15:14:27.872 [JavaFX Application Thread] DEBUG AssetLoader          - Loading from cache: /assets/textures/enemy1.png
15:14:28.754 [JavaFX Application Thread] DEBUG Engine               - Exiting FXGL
15:14:28.755 [JavaFX Application Thread] DEBUG Engine               - Shutting down background threads
15:14:28.755 [JavaFX Application Thread] DEBUG Engine               - Saving FXGL system data
15:14:28.757 [JavaFX Application Thread] DEBUG FSServiceImpl        - Writing to: C:\Users\daron\Downloads\workspace\Programas java\Avanzado\Game2D\system\fxgl.bundle
15:14:28.759 [JavaFX Application Thread] DEBUG Engine               - Closing logger and exiting JavaFX
