13:50:37.089 [main                     ] DEBUG GameApplication      - Logger initialized
13:50:37.092 [main                     ] DEBUG GameApplication      - Logging settings
Title: Dungeons
Version: 0.1
Width: 750
Height: 750
Fullscreen: false
Intro: false
Menus: false
Profiling: false
Single step:false
App Mode: DEVELOPER
Menu Key: ESCAPE
Stage Style: DECORATED
Scene Factory: class com.almasb.fxgl.app.SceneFactory
Dialog Factory: class com.almasb.fxgl.ui.FXGLDialogFactory
UI Factory: class com.almasb.fxgl.ui.FXGLUIFactory

13:50:37.385 [JavaFX Application Thread] DEBUG Engine               - Initializing FXGL
13:50:37.386 [JavaFX Application Thread] INFO  Engine               - FXGL-11.4 (06.08.2019 18.29) on WINDOWS (J:18.0.2 FX:12.0.1)
13:50:37.386 [JavaFX Application Thread] INFO  Engine               - Source code and latest versions at: https://github.com/AlmasB/FXGL
13:50:37.386 [JavaFX Application Thread] INFO  Engine               -              Join the FXGL chat at: https://gitter.im/AlmasB/FXGL
13:50:37.387 [JavaFX Application Thread] DEBUG Engine               - Adding new engine service: class com.almasb.fxgl.audio.AudioPlayer
13:50:37.389 [JavaFX Application Thread] DEBUG Engine               - Adding new engine service: class com.almasb.fxgl.notification.impl.NotificationServiceProvider
13:50:37.389 [JavaFX Application Thread] DEBUG Engine               - Adding new engine service: class com.almasb.fxgl.achievement.AchievementManager
13:50:37.393 [JavaFX Application Thread] DEBUG FS                   - Loaded FSServiceImpl
13:50:37.393 [JavaFX Application Thread] DEBUG SaveLoadManager      - Checking profiles dir: profiles/
13:50:37.393 [JavaFX Application Thread] DEBUG Engine               - Loading localizations
13:50:37.401 [JavaFX Application Thread] DEBUG AssetLoader          - Loading from file system: /assets/properties/languages/english.properties
13:50:37.403 [JavaFX Application Thread] DEBUG AssetLoader          - Loading from file system: /assets/properties/languages/french.properties
13:50:37.404 [JavaFX Application Thread] DEBUG AssetLoader          - Loading from file system: /assets/properties/languages/german.properties
13:50:37.404 [JavaFX Application Thread] DEBUG AssetLoader          - Loading from file system: /assets/properties/languages/russian.properties
13:50:37.406 [JavaFX Application Thread] DEBUG AssetLoader          - Loading from file system: /assets/properties/languages/hungarian.properties
13:50:37.407 [JavaFX Application Thread] DEBUG Engine               - Registering font factories
13:50:37.408 [JavaFX Application Thread] DEBUG AssetLoader          - Loading from file system: /assets/ui/fonts/VarelaRound-Regular.ttf
13:50:37.464 [JavaFX Application Thread] DEBUG AssetLoader          - Loading from file system: /assets/ui/fonts/Abel-Regular.ttf
13:50:37.471 [JavaFX Application Thread] DEBUG AssetLoader          - Loading from file system: /assets/ui/fonts/lucida_console.ttf
13:50:37.475 [JavaFX Application Thread] DEBUG AssetLoader          - Loading from file system: /assets/ui/fonts/Courier-Prime.ttf
13:50:37.479 [JavaFX Application Thread] DEBUG Engine               - Setting UI factory
13:50:37.545 [JavaFX Application Thread] DEBUG AssetLoader          - Loading from file system: /assets/textures/fxgl_logo.png
13:50:37.588 [JavaFX Application Thread] DEBUG MainWindow           - Creating a JavaFX scene
13:50:37.620 [JavaFX Application Thread] DEBUG MainWindow           - Target settings size: 750.0 x 750.0
13:50:37.620 [JavaFX Application Thread] DEBUG MainWindow           - Scaled scene size:    750.0 x 750.0
13:50:37.620 [JavaFX Application Thread] DEBUG MainWindow           - Scaled ratio: (1.0, 1.0)
13:50:37.621 [JavaFX Application Thread] DEBUG MainWindow           - Applying CSS: fxgl_dark.css
13:50:37.621 [JavaFX Application Thread] DEBUG AssetLoader          - Loading from file system: /assets/ui/css/fxgl_dark.css
13:50:37.621 [JavaFX Application Thread] DEBUG AssetLoader          - Loading from file system: /assets/ui/cursors/fxgl_default.png
13:50:37.626 [JavaFX Application Thread] DEBUG Input                - Clearing active input actions
13:50:37.626 [JavaFX Application Thread] DEBUG MainWindow           - StartupScene -> StartupScene
13:50:37.629 [JavaFX Application Thread] DEBUG AssetLoader          - Loading from file system: /assets/textures/fxgl_icon.png
13:50:37.643 [JavaFX Application Thread] DEBUG MainWindow           - Opening main window
13:50:37.750 [JavaFX Application Thread] DEBUG MainWindow           - Window border size: (14.79998779296875, 38.0)
13:50:37.750 [JavaFX Application Thread] DEBUG MainWindow           - Scaled size: 750.0 x 750.0
13:50:37.750 [JavaFX Application Thread] DEBUG MainWindow           - Scaled ratio: (1.0, 1.0)
13:50:37.750 [JavaFX Application Thread] DEBUG MainWindow           - Scene size: 750.0 x 750.0
13:50:37.750 [JavaFX Application Thread] DEBUG MainWindow           - Stage size: 764.7999877929688 x 788.0
13:50:37.757 [FXGL Background Thread 1 ] DEBUG FS                   - Loaded FSServiceImpl
13:50:37.757 [FXGL Background Thread 1 ] DEBUG Engine               - Loading FXGL system data
13:50:37.762 [FXGL Background Thread 1 ] DEBUG FSServiceImpl        - Reading from: C:\Users\daron\Downloads\workspace\Programas java\Avanzado\Game2D\system\fxgl.bundle
13:50:37.773 [FXGL Background Thread 1 ] DEBUG Engine               - Bundle FXGL: {}
13:50:37.773 [FXGL Background Thread 1 ] DEBUG Engine               - Initializing application scenes
13:50:37.795 [FXGL Background Thread 1 ] DEBUG GameWorld            - Game world initialized
13:50:37.835 [FXGL Background Thread 1 ] DEBUG PhysicsWorld         - Physics world initialized: appHeight=750, physics.ppm=50,0
13:50:37.837 [FXGL Background Thread 1 ] DEBUG GameScene            - Game scene initialized: 750x750
13:50:37.854 [FXGL Background Thread 1 ] DEBUG Input                - Registered new binding: Resume - Esc
13:50:37.855 [FXGL Background Thread 1 ] DEBUG AssetLoader          - Loading from file system: /assets/textures/pause_menu_bg.png
13:50:37.871 [FXGL Background Thread 1 ] DEBUG Input                - Registered new binding: Pause - Esc
13:50:37.871 [FXGL Background Thread 1 ] DEBUG Engine               - Application scenes initialized
13:50:37.873 [JavaFX Application Thread] DEBUG Engine               - Running preInit()
13:50:37.874 [JavaFX Application Thread] DEBUG Input                - Registered new binding: Screenshot - P
13:50:37.874 [JavaFX Application Thread] DEBUG Input                - Registered new binding: System info dump - CTRL+9
13:50:37.875 [JavaFX Application Thread] DEBUG Input                - Registered new binding: Restart - CTRL+R
13:50:37.875 [JavaFX Application Thread] DEBUG Engine               - generateDefaultProfile()
13:50:37.875 [JavaFX Application Thread] DEBUG Engine               - Creating default profile
13:50:37.875 [JavaFX Application Thread] DEBUG EventBus             - Firing event: SaveEvent
13:50:37.880 [JavaFX Application Thread] DEBUG Engine               - Logging environment variables
13:50:37.880 [JavaFX Application Thread] DEBUG Engine               - achievements: []
13:50:37.880 [JavaFX Application Thread] DEBUG Engine               - language: ObjectProperty [value: ENGLISH]
13:50:37.880 [JavaFX Application Thread] DEBUG Engine               - isCloseConfirmation: false
13:50:37.880 [JavaFX Application Thread] DEBUG Engine               - isProfilingEnabled: false
13:50:37.880 [JavaFX Application Thread] DEBUG Engine               - soundNotification: core/notification.wav
13:50:37.881 [JavaFX Application Thread] DEBUG Engine               - devShowBBoxProperty: BooleanProperty [value: false]
13:50:37.881 [JavaFX Application Thread] DEBUG Engine               - pixelsPerMeter: 50.0
13:50:37.881 [JavaFX Application Thread] DEBUG Engine               - overlayRoot: Group@713a329f
13:50:37.881 [JavaFX Application Thread] DEBUG Engine               - soundMenuBack: menu/back.wav
13:50:37.881 [JavaFX Application Thread] DEBUG Engine               - appIcon: fxgl_icon.png
13:50:37.881 [JavaFX Application Thread] DEBUG Engine               - isFullScreenAllowed: false
13:50:37.881 [JavaFX Application Thread] DEBUG Engine               - isIntroEnabled: false
13:50:37.881 [JavaFX Application Thread] DEBUG Engine               - eventBus: com.almasb.fxgl.event.EventBus@2378ce0
13:50:37.881 [JavaFX Application Thread] DEBUG Engine               - fontMono: lucida_console.ttf
13:50:37.881 [JavaFX Application Thread] DEBUG Engine               - soundMenuSelect: menu/select.wav
13:50:37.881 [JavaFX Application Thread] DEBUG Engine               - isWindows: true
13:50:37.881 [JavaFX Application Thread] DEBUG Engine               - isMobile: false
13:50:37.881 [JavaFX Application Thread] DEBUG Engine               - height: 750
13:50:37.881 [JavaFX Application Thread] DEBUG Engine               - isExperimentalNative: false
13:50:37.881 [JavaFX Application Thread] DEBUG Engine               - isSingleStep: false
13:50:37.881 [JavaFX Application Thread] DEBUG Engine               - cSSList: [fxgl_dark.css]
13:50:37.881 [JavaFX Application Thread] DEBUG Engine               - fontGame: Abel-Regular.ttf
13:50:37.881 [JavaFX Application Thread] DEBUG Engine               - menuKey: ESCAPE
13:50:37.881 [JavaFX Application Thread] DEBUG Engine               - devShowPositionProperty: BooleanProperty [value: false]
13:50:37.881 [JavaFX Application Thread] DEBUG Engine               - versionCheckDays: 7
13:50:37.881 [JavaFX Application Thread] DEBUG Engine               - masterTimer: com.almasb.fxgl.time.Timer@6f8f0901
13:50:37.882 [JavaFX Application Thread] DEBUG Engine               - configClass: Optional.empty
13:50:37.882 [JavaFX Application Thread] DEBUG Engine               - version: 0.1
13:50:37.882 [JavaFX Application Thread] DEBUG Engine               - fullScreen: BooleanProperty [value: false]
13:50:37.882 [JavaFX Application Thread] DEBUG Engine               - dialogFactory: com.almasb.fxgl.ui.FXGLDialogFactory@32414514
13:50:37.882 [JavaFX Application Thread] DEBUG Engine               - applicationMode: DEVELOPER
13:50:37.882 [JavaFX Application Thread] DEBUG Engine               - isMac: false
13:50:37.882 [JavaFX Application Thread] DEBUG Engine               - urlGoogleForms: https://goo.gl/forms/6wrMnOBxTE1fEpOy2
13:50:37.882 [JavaFX Application Thread] DEBUG Engine               - isMenuEnabled: false
13:50:37.882 [JavaFX Application Thread] DEBUG Engine               - urlPOM: https://raw.githubusercontent.com/AlmasB/FXGL/master/pom.xml
13:50:37.882 [JavaFX Application Thread] DEBUG Engine               - profileName: user.profile
13:50:37.882 [JavaFX Application Thread] DEBUG Engine               - notificationViewClass: class com.almasb.fxgl.notification.view.XboxNotificationView
13:50:37.882 [JavaFX Application Thread] DEBUG Engine               - devSensorColorProperty: ObjectProperty [value: 0xffff00ff]
13:50:37.882 [JavaFX Application Thread] DEBUG Engine               - sceneFactory: com.almasb.fxgl.app.SceneFactory@35c5de0a
13:50:37.882 [JavaFX Application Thread] DEBUG Engine               - dataFileExt: .dat
13:50:37.882 [JavaFX Application Thread] DEBUG Engine               - stageStyle: DECORATED
13:50:37.882 [JavaFX Application Thread] DEBUG Engine               - isManualResizeEnabled: false
13:50:37.882 [JavaFX Application Thread] DEBUG Engine               - title: Dungeons
13:50:37.882 [JavaFX Application Thread] DEBUG Engine               - platform: WINDOWS
13:50:37.882 [JavaFX Application Thread] DEBUG Engine               - devBBoxColorProperty: ObjectProperty [value: 0xff0000ff]
13:50:37.882 [JavaFX Application Thread] DEBUG Engine               - isDesktop: true
13:50:37.882 [JavaFX Application Thread] DEBUG Engine               - credits: []
13:50:37.883 [JavaFX Application Thread] DEBUG Engine               - globalMusicVolumeProperty: DoubleProperty [value: 0.5]
13:50:37.883 [JavaFX Application Thread] DEBUG Engine               - isPreserveResizeRatio: false
13:50:37.883 [JavaFX Application Thread] DEBUG Engine               - uIFactory: com.almasb.fxgl.ui.FXGLUIFactory@bab04de
13:50:37.883 [JavaFX Application Thread] DEBUG Engine               - fontText: Courier-Prime.ttf
13:50:37.883 [JavaFX Application Thread] DEBUG Engine               - isExperimentalTiledLargeMap: false
13:50:37.883 [JavaFX Application Thread] DEBUG Engine               - secondsIn24h: 60
13:50:37.883 [JavaFX Application Thread] DEBUG Engine               - runtimeInfo: RuntimeInfo(platform=WINDOWS, version=11.4, build=06.08.2019 18.29)
13:50:37.883 [JavaFX Application Thread] DEBUG Engine               - soundMenuPress: menu/press.wav
13:50:37.883 [JavaFX Application Thread] DEBUG Engine               - isLinux: false
13:50:37.883 [JavaFX Application Thread] DEBUG Engine               - urlGithub: https://github.com/AlmasB/FXGL
13:50:37.883 [JavaFX Application Thread] DEBUG Engine               - profileDir: profiles/
13:50:37.883 [JavaFX Application Thread] DEBUG Engine               - isDeveloperMenuEnabled: false
13:50:37.883 [JavaFX Application Thread] DEBUG Engine               - globalSoundVolumeProperty: DoubleProperty [value: 0.5]
13:50:37.883 [JavaFX Application Thread] DEBUG Engine               - isBrowser: false
13:50:37.883 [JavaFX Application Thread] DEBUG Engine               - globalSoundVolume: 0.5
13:50:37.883 [JavaFX Application Thread] DEBUG Engine               - urlLeaderboard: http://fxgl-top.herokuapp.com/
13:50:37.883 [JavaFX Application Thread] DEBUG Engine               - saveDir: saves/
13:50:37.883 [JavaFX Application Thread] DEBUG Engine               - engineServices: [class com.almasb.fxgl.audio.AudioPlayer, class com.almasb.fxgl.notification.impl.NotificationServiceProvider, class com.almasb.fxgl.achievement.AchievementManager]
13:50:37.883 [JavaFX Application Thread] DEBUG Engine               - globalMusicVolume: 0.5
13:50:37.883 [JavaFX Application Thread] DEBUG Engine               - width: 750
13:50:37.883 [JavaFX Application Thread] DEBUG Engine               - saveFileExt: .sav
13:50:37.884 [JavaFX Application Thread] DEBUG Engine               - isAndroid: false
13:50:37.884 [JavaFX Application Thread] DEBUG Engine               - fontUI: VarelaRound-Regular.ttf
13:50:37.884 [JavaFX Application Thread] DEBUG Engine               - enabledMenuItems: []
13:50:37.884 [JavaFX Application Thread] DEBUG Engine               - isIOS: false
13:50:37.894 [JavaFX Application Thread] INFO  Engine               - FXGL initialization took: 0,501 sec
13:50:37.894 [JavaFX Application Thread] DEBUG LoopRunner           - Starting loop
13:50:37.899 [JavaFX Application Thread] DEBUG StartupScene         - STARTUP
13:50:37.899 [JavaFX Application Thread] DEBUG Engine               - Starting new game
13:50:37.900 [JavaFX Application Thread] DEBUG MainWindow           - Applying CSS: fxgl_dark.css
13:50:37.900 [JavaFX Application Thread] DEBUG AssetLoader          - Loading from file system: /assets/ui/css/fxgl_dark.css
13:50:37.900 [JavaFX Application Thread] DEBUG AssetLoader          - Loading from file system: /assets/ui/cursors/fxgl_default.png
13:50:37.901 [JavaFX Application Thread] DEBUG Input                - Clearing active input actions
13:50:37.910 [JavaFX Application Thread] DEBUG MainWindow           - StartupScene -> LoadingScene
13:50:37.913 [JavaFX Application Thread] DEBUG Engine               - Removing overlay from StartupScene and adding to LoadingScene
13:50:37.913 [FXGL Background Thread 1 ] DEBUG InitAppTask          - Clearing previous game
13:50:37.914 [FXGL Background Thread 1 ] DEBUG GameWorld            - Clearing game world
13:50:37.914 [FXGL Background Thread 1 ] DEBUG PhysicsWorld         - Clearing physics world
13:50:37.914 [FXGL Background Thread 1 ] DEBUG GameScene            - Clearing game scene
13:50:37.914 [FXGL Background Thread 1 ] DEBUG InitAppTask          - Initializing Game
13:50:37.924 [FXGL Background Thread 1 ] DEBUG AssetLoader          - Loading from file system: /assets/textures/player1.png
13:50:37.929 [FXGL Background Thread 1 ] DEBUG AssetLoader          - Loading from file system: /assets/textures/arma1.png
13:50:37.936 [FXGL Background Thread 1 ] DEBUG InitAppTask          - Initializing Physics
13:50:37.936 [FXGL Background Thread 1 ] DEBUG InitAppTask          - Initializing UI
13:50:37.936 [FXGL Background Thread 1 ] DEBUG InitAppTask          - Initialization Complete
13:50:37.936 [FXGL Background Thread 1 ] INFO  InitAppTask          - Game initialization took: 0,023 sec
13:50:37.952 [JavaFX Application Thread] DEBUG MainWindow           - Applying CSS: fxgl_dark.css
13:50:37.952 [JavaFX Application Thread] DEBUG AssetLoader          - Loading from file system: /assets/ui/css/fxgl_dark.css
13:50:37.952 [JavaFX Application Thread] DEBUG AssetLoader          - Loading from file system: /assets/ui/cursors/fxgl_default.png
13:50:37.953 [JavaFX Application Thread] DEBUG Input                - Clearing active input actions
13:50:37.964 [JavaFX Application Thread] DEBUG MainWindow           - LoadingScene -> GameScene
13:50:37.964 [JavaFX Application Thread] DEBUG Engine               - Removing overlay from LoadingScene and adding to GameScene
13:50:39.948 [JavaFX Application Thread] DEBUG AssetLoader          - Loading from file system: /assets/textures/enemy1.png
13:50:41.942 [JavaFX Application Thread] DEBUG AssetLoader          - Loading from cache: /assets/textures/enemy1.png
13:50:43.942 [JavaFX Application Thread] DEBUG AssetLoader          - Loading from cache: /assets/textures/enemy1.png
13:50:45.942 [JavaFX Application Thread] DEBUG AssetLoader          - Loading from cache: /assets/textures/enemy1.png
13:50:59.525 [JavaFX Application Thread] DEBUG Engine               - Exiting FXGL
13:50:59.526 [JavaFX Application Thread] DEBUG Engine               - Shutting down background threads
13:50:59.526 [JavaFX Application Thread] DEBUG Engine               - Saving FXGL system data
13:50:59.528 [JavaFX Application Thread] DEBUG FSServiceImpl        - Writing to: C:\Users\daron\Downloads\workspace\Programas java\Avanzado\Game2D\system\fxgl.bundle
13:50:59.530 [JavaFX Application Thread] DEBUG Engine               - Closing logger and exiting JavaFX
