19:13:17.132 [main                     ] DEBUG GameApplication      - Logger initialized
19:13:17.135 [main                     ] DEBUG GameApplication      - Logging settings
Title: Dungeons
Version: 0.2
Width: 750
Height: 750
Fullscreen: true
Intro: false
Menus: false
Profiling: false
Single step:false
App Mode: DEVELOPER
Menu Key: ESCAPE
Stage Style: DECORATED
Scene Factory: class com.almasb.fxgl.app.SceneFactory
Dialog Factory: class com.almasb.fxgl.ui.FXGLDialogFactory
UI Factory: class com.almasb.fxgl.ui.FXGLUIFactory

19:13:17.772 [JavaFX Application Thread] DEBUG Engine               - Initializing FXGL
19:13:17.773 [JavaFX Application Thread] INFO  Engine               - FXGL-11.4 (06.08.2019 18.29) on WINDOWS (J:18.0.2 FX:12.0.1)
19:13:17.773 [JavaFX Application Thread] INFO  Engine               - Source code and latest versions at: https://github.com/AlmasB/FXGL
19:13:17.773 [JavaFX Application Thread] INFO  Engine               -              Join the FXGL chat at: https://gitter.im/AlmasB/FXGL
19:13:17.777 [JavaFX Application Thread] DEBUG Engine               - Adding new engine service: class com.almasb.fxgl.audio.AudioPlayer
19:13:17.779 [JavaFX Application Thread] DEBUG Engine               - Adding new engine service: class com.almasb.fxgl.notification.impl.NotificationServiceProvider
19:13:17.779 [JavaFX Application Thread] DEBUG Engine               - Adding new engine service: class com.almasb.fxgl.achievement.AchievementManager
19:13:17.786 [JavaFX Application Thread] DEBUG FS                   - Loaded FSServiceImpl
19:13:17.787 [JavaFX Application Thread] DEBUG SaveLoadManager      - Checking profiles dir: profiles/
19:13:17.787 [JavaFX Application Thread] DEBUG Engine               - Loading localizations
19:13:17.803 [JavaFX Application Thread] DEBUG AssetLoader          - Loading from file system: /assets/properties/languages/english.properties
19:13:17.807 [JavaFX Application Thread] DEBUG AssetLoader          - Loading from file system: /assets/properties/languages/french.properties
19:13:17.810 [JavaFX Application Thread] DEBUG AssetLoader          - Loading from file system: /assets/properties/languages/german.properties
19:13:17.812 [JavaFX Application Thread] DEBUG AssetLoader          - Loading from file system: /assets/properties/languages/russian.properties
19:13:17.813 [JavaFX Application Thread] DEBUG AssetLoader          - Loading from file system: /assets/properties/languages/hungarian.properties
19:13:17.816 [JavaFX Application Thread] DEBUG Engine               - Registering font factories
19:13:17.816 [JavaFX Application Thread] DEBUG AssetLoader          - Loading from file system: /assets/ui/fonts/VarelaRound-Regular.ttf
19:13:17.938 [JavaFX Application Thread] DEBUG AssetLoader          - Loading from file system: /assets/ui/fonts/Abel-Regular.ttf
19:13:17.945 [JavaFX Application Thread] DEBUG AssetLoader          - Loading from file system: /assets/ui/fonts/lucida_console.ttf
19:13:17.954 [JavaFX Application Thread] DEBUG AssetLoader          - Loading from file system: /assets/ui/fonts/Courier-Prime.ttf
19:13:17.962 [JavaFX Application Thread] DEBUG Engine               - Setting UI factory
19:13:18.114 [JavaFX Application Thread] DEBUG AssetLoader          - Loading from file system: /assets/textures/fxgl_logo.png
19:13:18.242 [JavaFX Application Thread] DEBUG MainWindow           - Creating a JavaFX scene
19:13:18.311 [JavaFX Application Thread] DEBUG MainWindow           - Target settings size: 750.0 x 750.0
19:13:18.311 [JavaFX Application Thread] DEBUG MainWindow           - Scaled scene size:    750.0 x 750.0
19:13:18.311 [JavaFX Application Thread] DEBUG MainWindow           - Scaled ratio: (1.0, 1.0)
19:13:18.313 [JavaFX Application Thread] DEBUG MainWindow           - Applying CSS: fxgl_dark.css
19:13:18.314 [JavaFX Application Thread] DEBUG AssetLoader          - Loading from file system: /assets/ui/css/fxgl_dark.css
19:13:18.315 [JavaFX Application Thread] DEBUG AssetLoader          - Loading from file system: /assets/ui/cursors/fxgl_default.png
19:13:18.325 [JavaFX Application Thread] DEBUG Input                - Clearing active input actions
19:13:18.325 [JavaFX Application Thread] DEBUG MainWindow           - StartupScene -> StartupScene
19:13:18.330 [JavaFX Application Thread] DEBUG AssetLoader          - Loading from file system: /assets/textures/fxgl_icon.png
19:13:18.362 [JavaFX Application Thread] DEBUG MainWindow           - Opening main window
19:13:18.611 [JavaFX Application Thread] DEBUG MainWindow           - Window border size: (14.79998779296875, 38.0)
19:13:18.611 [JavaFX Application Thread] DEBUG MainWindow           - Scaled size: 750.0 x 750.0
19:13:18.611 [JavaFX Application Thread] DEBUG MainWindow           - Scaled ratio: (1.0, 1.0)
19:13:18.611 [JavaFX Application Thread] DEBUG MainWindow           - Scene size: 750.0 x 750.0
19:13:18.611 [JavaFX Application Thread] DEBUG MainWindow           - Stage size: 764.7999877929688 x 788.0
19:13:18.622 [FXGL Background Thread 1 ] DEBUG FS                   - Loaded FSServiceImpl
19:13:18.622 [FXGL Background Thread 1 ] DEBUG Engine               - Loading FXGL system data
19:13:18.632 [FXGL Background Thread 1 ] DEBUG FSServiceImpl        - Reading from: C:\Users\daron\Downloads\workspace\Programas java\Avanzado\Game2D\system\fxgl.bundle
19:13:18.650 [FXGL Background Thread 1 ] DEBUG Engine               - Bundle FXGL: {}
19:13:18.651 [FXGL Background Thread 1 ] DEBUG Engine               - Initializing application scenes
19:13:18.691 [FXGL Background Thread 1 ] DEBUG GameWorld            - Game world initialized
19:13:18.766 [FXGL Background Thread 1 ] DEBUG PhysicsWorld         - Physics world initialized: appHeight=750, physics.ppm=50,0
19:13:18.769 [FXGL Background Thread 1 ] DEBUG GameScene            - Game scene initialized: 750x750
19:13:18.810 [FXGL Background Thread 1 ] DEBUG Input                - Registered new binding: Resume - Esc
19:13:18.810 [FXGL Background Thread 1 ] DEBUG AssetLoader          - Loading from file system: /assets/textures/pause_menu_bg.png
19:13:18.845 [FXGL Background Thread 1 ] DEBUG Input                - Registered new binding: Pause - Esc
19:13:18.845 [FXGL Background Thread 1 ] DEBUG Engine               - Application scenes initialized
19:13:18.849 [JavaFX Application Thread] DEBUG Engine               - Running preInit()
19:13:18.850 [JavaFX Application Thread] DEBUG Input                - Registered new binding: MoveUp - W
19:13:18.850 [JavaFX Application Thread] DEBUG Input                - Registered new binding: MoveDown - S
19:13:18.850 [JavaFX Application Thread] DEBUG Input                - Registered new binding: MoveRight - D
19:13:18.850 [JavaFX Application Thread] DEBUG Input                - Registered new binding: MoveLeft - A
19:13:18.852 [JavaFX Application Thread] DEBUG Input                - Registered new binding: Screenshot - P
19:13:18.852 [JavaFX Application Thread] DEBUG Input                - Registered new binding: System info dump - CTRL+9
19:13:18.853 [JavaFX Application Thread] DEBUG Input                - Registered new binding: Restart - CTRL+R
19:13:18.853 [JavaFX Application Thread] DEBUG Engine               - generateDefaultProfile()
19:13:18.853 [JavaFX Application Thread] DEBUG Engine               - Creating default profile
19:13:18.854 [JavaFX Application Thread] DEBUG EventBus             - Firing event: SaveEvent
19:13:18.865 [JavaFX Application Thread] DEBUG Engine               - Logging environment variables
19:13:18.865 [JavaFX Application Thread] DEBUG Engine               - achievements: []
19:13:18.865 [JavaFX Application Thread] DEBUG Engine               - language: ObjectProperty [value: ENGLISH]
19:13:18.866 [JavaFX Application Thread] DEBUG Engine               - isCloseConfirmation: false
19:13:18.866 [JavaFX Application Thread] DEBUG Engine               - isProfilingEnabled: false
19:13:18.866 [JavaFX Application Thread] DEBUG Engine               - soundNotification: core/notification.wav
19:13:18.866 [JavaFX Application Thread] DEBUG Engine               - devShowBBoxProperty: BooleanProperty [value: false]
19:13:18.866 [JavaFX Application Thread] DEBUG Engine               - pixelsPerMeter: 50.0
19:13:18.866 [JavaFX Application Thread] DEBUG Engine               - overlayRoot: Group@7a258e8c
19:13:18.866 [JavaFX Application Thread] DEBUG Engine               - soundMenuBack: menu/back.wav
19:13:18.866 [JavaFX Application Thread] DEBUG Engine               - appIcon: fxgl_icon.png
19:13:18.866 [JavaFX Application Thread] DEBUG Engine               - isFullScreenAllowed: true
19:13:18.867 [JavaFX Application Thread] DEBUG Engine               - isIntroEnabled: false
19:13:18.867 [JavaFX Application Thread] DEBUG Engine               - eventBus: com.almasb.fxgl.event.EventBus@4c42ee37
19:13:18.867 [JavaFX Application Thread] DEBUG Engine               - fontMono: lucida_console.ttf
19:13:18.867 [JavaFX Application Thread] DEBUG Engine               - soundMenuSelect: menu/select.wav
19:13:18.867 [JavaFX Application Thread] DEBUG Engine               - isWindows: true
19:13:18.867 [JavaFX Application Thread] DEBUG Engine               - isMobile: false
19:13:18.867 [JavaFX Application Thread] DEBUG Engine               - height: 750
19:13:18.867 [JavaFX Application Thread] DEBUG Engine               - isExperimentalNative: false
19:13:18.867 [JavaFX Application Thread] DEBUG Engine               - isSingleStep: false
19:13:18.868 [JavaFX Application Thread] DEBUG Engine               - cSSList: [fxgl_dark.css]
19:13:18.868 [JavaFX Application Thread] DEBUG Engine               - fontGame: Abel-Regular.ttf
19:13:18.868 [JavaFX Application Thread] DEBUG Engine               - menuKey: ESCAPE
19:13:18.868 [JavaFX Application Thread] DEBUG Engine               - devShowPositionProperty: BooleanProperty [value: false]
19:13:18.868 [JavaFX Application Thread] DEBUG Engine               - versionCheckDays: 7
19:13:18.868 [JavaFX Application Thread] DEBUG Engine               - masterTimer: com.almasb.fxgl.time.Timer@3599f784
19:13:18.868 [JavaFX Application Thread] DEBUG Engine               - configClass: Optional.empty
19:13:18.868 [JavaFX Application Thread] DEBUG Engine               - version: 0.2
19:13:18.869 [JavaFX Application Thread] DEBUG Engine               - fullScreen: BooleanProperty [value: false]
19:13:18.869 [JavaFX Application Thread] DEBUG Engine               - dialogFactory: com.almasb.fxgl.ui.FXGLDialogFactory@799e677
19:13:18.869 [JavaFX Application Thread] DEBUG Engine               - applicationMode: DEVELOPER
19:13:18.869 [JavaFX Application Thread] DEBUG Engine               - isMac: false
19:13:18.869 [JavaFX Application Thread] DEBUG Engine               - urlGoogleForms: https://goo.gl/forms/6wrMnOBxTE1fEpOy2
19:13:18.869 [JavaFX Application Thread] DEBUG Engine               - isMenuEnabled: false
19:13:18.870 [JavaFX Application Thread] DEBUG Engine               - urlPOM: https://raw.githubusercontent.com/AlmasB/FXGL/master/pom.xml
19:13:18.870 [JavaFX Application Thread] DEBUG Engine               - profileName: user.profile
19:13:18.870 [JavaFX Application Thread] DEBUG Engine               - notificationViewClass: class com.almasb.fxgl.notification.view.XboxNotificationView
19:13:18.870 [JavaFX Application Thread] DEBUG Engine               - devSensorColorProperty: ObjectProperty [value: 0xffff00ff]
19:13:18.870 [JavaFX Application Thread] DEBUG Engine               - sceneFactory: com.almasb.fxgl.app.SceneFactory@1164b437
19:13:18.870 [JavaFX Application Thread] DEBUG Engine               - dataFileExt: .dat
19:13:18.870 [JavaFX Application Thread] DEBUG Engine               - stageStyle: DECORATED
19:13:18.870 [JavaFX Application Thread] DEBUG Engine               - isManualResizeEnabled: false
19:13:18.870 [JavaFX Application Thread] DEBUG Engine               - title: Dungeons
19:13:18.871 [JavaFX Application Thread] DEBUG Engine               - platform: WINDOWS
19:13:18.871 [JavaFX Application Thread] DEBUG Engine               - devBBoxColorProperty: ObjectProperty [value: 0xff0000ff]
19:13:18.871 [JavaFX Application Thread] DEBUG Engine               - isDesktop: true
19:13:18.871 [JavaFX Application Thread] DEBUG Engine               - globalMusicVolumeProperty: DoubleProperty [value: 0.5]
19:13:18.871 [JavaFX Application Thread] DEBUG Engine               - credits: []
19:13:18.871 [JavaFX Application Thread] DEBUG Engine               - isPreserveResizeRatio: false
19:13:18.871 [JavaFX Application Thread] DEBUG Engine               - uIFactory: com.almasb.fxgl.ui.FXGLUIFactory@4a8cc37a
19:13:18.872 [JavaFX Application Thread] DEBUG Engine               - fontText: Courier-Prime.ttf
19:13:18.872 [JavaFX Application Thread] DEBUG Engine               - isExperimentalTiledLargeMap: false
19:13:18.872 [JavaFX Application Thread] DEBUG Engine               - secondsIn24h: 60
19:13:18.872 [JavaFX Application Thread] DEBUG Engine               - runtimeInfo: RuntimeInfo(platform=WINDOWS, version=11.4, build=06.08.2019 18.29)
19:13:18.872 [JavaFX Application Thread] DEBUG Engine               - urlGithub: https://github.com/AlmasB/FXGL
19:13:18.872 [JavaFX Application Thread] DEBUG Engine               - soundMenuPress: menu/press.wav
19:13:18.872 [JavaFX Application Thread] DEBUG Engine               - isLinux: false
19:13:18.872 [JavaFX Application Thread] DEBUG Engine               - profileDir: profiles/
19:13:18.872 [JavaFX Application Thread] DEBUG Engine               - isDeveloperMenuEnabled: false
19:13:18.872 [JavaFX Application Thread] DEBUG Engine               - globalSoundVolumeProperty: DoubleProperty [value: 0.5]
19:13:18.872 [JavaFX Application Thread] DEBUG Engine               - isBrowser: false
19:13:18.873 [JavaFX Application Thread] DEBUG Engine               - urlLeaderboard: http://fxgl-top.herokuapp.com/
19:13:18.873 [JavaFX Application Thread] DEBUG Engine               - globalSoundVolume: 0.5
19:13:18.873 [JavaFX Application Thread] DEBUG Engine               - saveDir: saves/
19:13:18.873 [JavaFX Application Thread] DEBUG Engine               - engineServices: [class com.almasb.fxgl.audio.AudioPlayer, class com.almasb.fxgl.notification.impl.NotificationServiceProvider, class com.almasb.fxgl.achievement.AchievementManager]
19:13:18.873 [JavaFX Application Thread] DEBUG Engine               - globalMusicVolume: 0.5
19:13:18.873 [JavaFX Application Thread] DEBUG Engine               - width: 750
19:13:18.873 [JavaFX Application Thread] DEBUG Engine               - saveFileExt: .sav
19:13:18.873 [JavaFX Application Thread] DEBUG Engine               - isAndroid: false
19:13:18.873 [JavaFX Application Thread] DEBUG Engine               - fontUI: VarelaRound-Regular.ttf
19:13:18.874 [JavaFX Application Thread] DEBUG Engine               - enabledMenuItems: []
19:13:18.874 [JavaFX Application Thread] DEBUG Engine               - isIOS: false
19:13:18.894 [JavaFX Application Thread] INFO  Engine               - FXGL initialization took: 1,107 sec
19:13:18.894 [JavaFX Application Thread] DEBUG LoopRunner           - Starting loop
19:13:18.905 [JavaFX Application Thread] DEBUG StartupScene         - STARTUP
19:13:18.906 [JavaFX Application Thread] DEBUG Engine               - Starting new game
19:13:18.906 [JavaFX Application Thread] DEBUG MainWindow           - Applying CSS: fxgl_dark.css
19:13:18.906 [JavaFX Application Thread] DEBUG AssetLoader          - Loading from file system: /assets/ui/css/fxgl_dark.css
19:13:18.907 [JavaFX Application Thread] DEBUG AssetLoader          - Loading from file system: /assets/ui/cursors/fxgl_default.png
19:13:18.908 [JavaFX Application Thread] DEBUG Input                - Clearing active input actions
19:13:18.932 [JavaFX Application Thread] DEBUG MainWindow           - StartupScene -> LoadingScene
19:13:18.941 [JavaFX Application Thread] DEBUG Engine               - Removing overlay from StartupScene and adding to LoadingScene
19:13:18.942 [FXGL Background Thread 1 ] DEBUG InitAppTask          - Clearing previous game
19:13:18.942 [FXGL Background Thread 1 ] DEBUG GameWorld            - Clearing game world
19:13:18.942 [FXGL Background Thread 1 ] DEBUG PhysicsWorld         - Clearing physics world
19:13:18.943 [FXGL Background Thread 1 ] DEBUG GameScene            - Clearing game scene
19:13:18.943 [FXGL Background Thread 1 ] DEBUG InitAppTask          - Initializing Game
19:13:18.966 [FXGL Background Thread 1 ] DEBUG AssetLoader          - Loading from file system: /assets/textures/player1.png
19:13:18.987 [FXGL Background Thread 1 ] DEBUG AssetLoader          - Loading from file system: /assets/textures/arma2.png
19:13:19.001 [FXGL Background Thread 1 ] DEBUG InitAppTask          - Initializing Physics
19:13:19.002 [FXGL Background Thread 1 ] DEBUG InitAppTask          - Initializing UI
19:13:19.002 [FXGL Background Thread 1 ] DEBUG InitAppTask          - Initialization Complete
19:13:19.002 [FXGL Background Thread 1 ] INFO  InitAppTask          - Game initialization took: 0,060 sec
19:13:19.026 [JavaFX Application Thread] DEBUG MainWindow           - Applying CSS: fxgl_dark.css
19:13:19.026 [JavaFX Application Thread] DEBUG AssetLoader          - Loading from file system: /assets/ui/css/fxgl_dark.css
19:13:19.026 [JavaFX Application Thread] DEBUG AssetLoader          - Loading from file system: /assets/ui/cursors/fxgl_default.png
19:13:19.028 [JavaFX Application Thread] DEBUG Input                - Clearing active input actions
19:13:19.052 [JavaFX Application Thread] DEBUG MainWindow           - LoadingScene -> GameScene
19:13:19.052 [JavaFX Application Thread] DEBUG Engine               - Removing overlay from LoadingScene and adding to GameScene
19:13:21.008 [JavaFX Application Thread] DEBUG AssetLoader          - Loading from file system: /assets/textures/enemy1.png
19:13:23.004 [JavaFX Application Thread] DEBUG AssetLoader          - Loading from cache: /assets/textures/enemy1.png
19:13:25.005 [JavaFX Application Thread] DEBUG AssetLoader          - Loading from cache: /assets/textures/enemy1.png
19:13:27.006 [JavaFX Application Thread] DEBUG AssetLoader          - Loading from cache: /assets/textures/enemy1.png
19:14:09.916 [JavaFX Application Thread] DEBUG Engine               - Exiting FXGL
19:14:09.917 [JavaFX Application Thread] DEBUG Engine               - Shutting down background threads
19:14:09.917 [JavaFX Application Thread] DEBUG Engine               - Saving FXGL system data
19:14:09.921 [JavaFX Application Thread] DEBUG FSServiceImpl        - Writing to: C:\Users\daron\Downloads\workspace\Programas java\Avanzado\Game2D\system\fxgl.bundle
19:14:09.924 [JavaFX Application Thread] DEBUG Engine               - Closing logger and exiting JavaFX
