19:09:26.627 [main                     ] DEBUG GameApplication      - Logger initialized
19:09:26.632 [main                     ] DEBUG GameApplication      - Logging settings
Title: Dungeons
Version: 0.2
Width: 750
Height: 750
Fullscreen: true
Intro: true
Menus: false
Profiling: false
Single step:false
App Mode: DEVELOPER
Menu Key: ESCAPE
Stage Style: DECORATED
Scene Factory: class com.almasb.fxgl.app.SceneFactory
Dialog Factory: class com.almasb.fxgl.ui.FXGLDialogFactory
UI Factory: class com.almasb.fxgl.ui.FXGLUIFactory

19:09:27.279 [JavaFX Application Thread] DEBUG Engine               - Initializing FXGL
19:09:27.279 [JavaFX Application Thread] INFO  Engine               - FXGL-11.4 (06.08.2019 18.29) on WINDOWS (J:18.0.2 FX:12.0.1)
19:09:27.279 [JavaFX Application Thread] INFO  Engine               - Source code and latest versions at: https://github.com/AlmasB/FXGL
19:09:27.280 [JavaFX Application Thread] INFO  Engine               -              Join the FXGL chat at: https://gitter.im/AlmasB/FXGL
19:09:27.284 [JavaFX Application Thread] DEBUG Engine               - Adding new engine service: class com.almasb.fxgl.audio.AudioPlayer
19:09:27.285 [JavaFX Application Thread] DEBUG Engine               - Adding new engine service: class com.almasb.fxgl.notification.impl.NotificationServiceProvider
19:09:27.286 [JavaFX Application Thread] DEBUG Engine               - Adding new engine service: class com.almasb.fxgl.achievement.AchievementManager
19:09:27.294 [JavaFX Application Thread] DEBUG FS                   - Loaded FSServiceImpl
19:09:27.295 [JavaFX Application Thread] DEBUG SaveLoadManager      - Checking profiles dir: profiles/
19:09:27.295 [JavaFX Application Thread] DEBUG Engine               - Loading localizations
19:09:27.312 [JavaFX Application Thread] DEBUG AssetLoader          - Loading from file system: /assets/properties/languages/english.properties
19:09:27.316 [JavaFX Application Thread] DEBUG AssetLoader          - Loading from file system: /assets/properties/languages/french.properties
19:09:27.319 [JavaFX Application Thread] DEBUG AssetLoader          - Loading from file system: /assets/properties/languages/german.properties
19:09:27.321 [JavaFX Application Thread] DEBUG AssetLoader          - Loading from file system: /assets/properties/languages/russian.properties
19:09:27.323 [JavaFX Application Thread] DEBUG AssetLoader          - Loading from file system: /assets/properties/languages/hungarian.properties
19:09:27.326 [JavaFX Application Thread] DEBUG Engine               - Registering font factories
19:09:27.327 [JavaFX Application Thread] DEBUG AssetLoader          - Loading from file system: /assets/ui/fonts/VarelaRound-Regular.ttf
19:09:27.450 [JavaFX Application Thread] DEBUG AssetLoader          - Loading from file system: /assets/ui/fonts/Abel-Regular.ttf
19:09:27.458 [JavaFX Application Thread] DEBUG AssetLoader          - Loading from file system: /assets/ui/fonts/lucida_console.ttf
19:09:27.468 [JavaFX Application Thread] DEBUG AssetLoader          - Loading from file system: /assets/ui/fonts/Courier-Prime.ttf
19:09:27.476 [JavaFX Application Thread] DEBUG Engine               - Setting UI factory
19:09:27.634 [JavaFX Application Thread] DEBUG AssetLoader          - Loading from file system: /assets/textures/fxgl_logo.png
19:09:27.737 [JavaFX Application Thread] DEBUG MainWindow           - Creating a JavaFX scene
19:09:27.802 [JavaFX Application Thread] DEBUG MainWindow           - Target settings size: 750.0 x 750.0
19:09:27.802 [JavaFX Application Thread] DEBUG MainWindow           - Scaled scene size:    750.0 x 750.0
19:09:27.802 [JavaFX Application Thread] DEBUG MainWindow           - Scaled ratio: (1.0, 1.0)
19:09:27.804 [JavaFX Application Thread] DEBUG MainWindow           - Applying CSS: fxgl_dark.css
19:09:27.805 [JavaFX Application Thread] DEBUG AssetLoader          - Loading from file system: /assets/ui/css/fxgl_dark.css
19:09:27.806 [JavaFX Application Thread] DEBUG AssetLoader          - Loading from file system: /assets/ui/cursors/fxgl_default.png
19:09:27.817 [JavaFX Application Thread] DEBUG Input                - Clearing active input actions
19:09:27.817 [JavaFX Application Thread] DEBUG MainWindow           - StartupScene -> StartupScene
19:09:27.823 [JavaFX Application Thread] DEBUG AssetLoader          - Loading from file system: /assets/textures/fxgl_icon.png
19:09:27.853 [JavaFX Application Thread] DEBUG MainWindow           - Opening main window
19:09:28.067 [JavaFX Application Thread] DEBUG MainWindow           - Window border size: (14.79998779296875, 38.0)
19:09:28.067 [JavaFX Application Thread] DEBUG MainWindow           - Scaled size: 750.0 x 750.0
19:09:28.067 [JavaFX Application Thread] DEBUG MainWindow           - Scaled ratio: (1.0, 1.0)
19:09:28.067 [JavaFX Application Thread] DEBUG MainWindow           - Scene size: 750.0 x 750.0
19:09:28.067 [JavaFX Application Thread] DEBUG MainWindow           - Stage size: 764.7999877929688 x 788.0
19:09:28.080 [FXGL Background Thread 1 ] DEBUG FS                   - Loaded FSServiceImpl
19:09:28.080 [FXGL Background Thread 1 ] DEBUG Engine               - Loading FXGL system data
19:09:28.091 [FXGL Background Thread 1 ] DEBUG FSServiceImpl        - Reading from: C:\Users\daron\Downloads\workspace\Programas java\Avanzado\Game2D\system\fxgl.bundle
19:09:28.112 [FXGL Background Thread 1 ] DEBUG Engine               - Bundle FXGL: {}
19:09:28.112 [FXGL Background Thread 1 ] DEBUG Engine               - Initializing application scenes
19:09:28.159 [FXGL Background Thread 1 ] DEBUG GameWorld            - Game world initialized
19:09:28.239 [FXGL Background Thread 1 ] DEBUG PhysicsWorld         - Physics world initialized: appHeight=750, physics.ppm=50,0
19:09:28.243 [FXGL Background Thread 1 ] DEBUG GameScene            - Game scene initialized: 750x750
19:09:28.281 [FXGL Background Thread 1 ] DEBUG AssetLoader          - Loading from file system: /assets/textures/particles/explosion.png
19:09:28.399 [FXGL Background Thread 1 ] DEBUG Input                - Registered new binding: Resume - Esc
19:09:28.399 [FXGL Background Thread 1 ] DEBUG AssetLoader          - Loading from file system: /assets/textures/pause_menu_bg.png
19:09:28.425 [FXGL Background Thread 1 ] DEBUG Input                - Registered new binding: Pause - Esc
19:09:28.425 [FXGL Background Thread 1 ] DEBUG Engine               - Application scenes initialized
19:09:28.430 [JavaFX Application Thread] DEBUG Engine               - Running preInit()
19:09:28.430 [JavaFX Application Thread] DEBUG Input                - Registered new binding: MoveUp - W
19:09:28.430 [JavaFX Application Thread] DEBUG Input                - Registered new binding: MoveDown - S
19:09:28.430 [JavaFX Application Thread] DEBUG Input                - Registered new binding: MoveRight - D
19:09:28.431 [JavaFX Application Thread] DEBUG Input                - Registered new binding: MoveLeft - A
19:09:28.432 [JavaFX Application Thread] DEBUG Input                - Registered new binding: Screenshot - P
19:09:28.432 [JavaFX Application Thread] DEBUG Input                - Registered new binding: System info dump - CTRL+9
19:09:28.432 [JavaFX Application Thread] DEBUG Input                - Registered new binding: Restart - CTRL+R
19:09:28.433 [JavaFX Application Thread] DEBUG Engine               - generateDefaultProfile()
19:09:28.433 [JavaFX Application Thread] DEBUG Engine               - Creating default profile
19:09:28.433 [JavaFX Application Thread] DEBUG EventBus             - Firing event: SaveEvent
19:09:28.445 [JavaFX Application Thread] DEBUG Engine               - Logging environment variables
19:09:28.446 [JavaFX Application Thread] DEBUG Engine               - achievements: []
19:09:28.446 [JavaFX Application Thread] DEBUG Engine               - language: ObjectProperty [value: ENGLISH]
19:09:28.446 [JavaFX Application Thread] DEBUG Engine               - isCloseConfirmation: false
19:09:28.446 [JavaFX Application Thread] DEBUG Engine               - isProfilingEnabled: false
19:09:28.446 [JavaFX Application Thread] DEBUG Engine               - soundNotification: core/notification.wav
19:09:28.446 [JavaFX Application Thread] DEBUG Engine               - devShowBBoxProperty: BooleanProperty [value: false]
19:09:28.446 [JavaFX Application Thread] DEBUG Engine               - pixelsPerMeter: 50.0
19:09:28.446 [JavaFX Application Thread] DEBUG Engine               - overlayRoot: Group@593dd6f9
19:09:28.447 [JavaFX Application Thread] DEBUG Engine               - appIcon: fxgl_icon.png
19:09:28.447 [JavaFX Application Thread] DEBUG Engine               - soundMenuBack: menu/back.wav
19:09:28.447 [JavaFX Application Thread] DEBUG Engine               - isFullScreenAllowed: true
19:09:28.447 [JavaFX Application Thread] DEBUG Engine               - isIntroEnabled: true
19:09:28.447 [JavaFX Application Thread] DEBUG Engine               - eventBus: com.almasb.fxgl.event.EventBus@2fdc7a70
19:09:28.447 [JavaFX Application Thread] DEBUG Engine               - fontMono: lucida_console.ttf
19:09:28.447 [JavaFX Application Thread] DEBUG Engine               - soundMenuSelect: menu/select.wav
19:09:28.447 [JavaFX Application Thread] DEBUG Engine               - isWindows: true
19:09:28.448 [JavaFX Application Thread] DEBUG Engine               - isMobile: false
19:09:28.448 [JavaFX Application Thread] DEBUG Engine               - height: 750
19:09:28.448 [JavaFX Application Thread] DEBUG Engine               - isExperimentalNative: false
19:09:28.448 [JavaFX Application Thread] DEBUG Engine               - cSSList: [fxgl_dark.css]
19:09:28.448 [JavaFX Application Thread] DEBUG Engine               - isSingleStep: false
19:09:28.448 [JavaFX Application Thread] DEBUG Engine               - fontGame: Abel-Regular.ttf
19:09:28.448 [JavaFX Application Thread] DEBUG Engine               - menuKey: ESCAPE
19:09:28.448 [JavaFX Application Thread] DEBUG Engine               - devShowPositionProperty: BooleanProperty [value: false]
19:09:28.448 [JavaFX Application Thread] DEBUG Engine               - versionCheckDays: 7
19:09:28.448 [JavaFX Application Thread] DEBUG Engine               - masterTimer: com.almasb.fxgl.time.Timer@632f88c5
19:09:28.449 [JavaFX Application Thread] DEBUG Engine               - configClass: Optional.empty
19:09:28.449 [JavaFX Application Thread] DEBUG Engine               - version: 0.2
19:09:28.449 [JavaFX Application Thread] DEBUG Engine               - fullScreen: BooleanProperty [value: false]
19:09:28.449 [JavaFX Application Thread] DEBUG Engine               - dialogFactory: com.almasb.fxgl.ui.FXGLDialogFactory@baf39d7
19:09:28.449 [JavaFX Application Thread] DEBUG Engine               - applicationMode: DEVELOPER
19:09:28.449 [JavaFX Application Thread] DEBUG Engine               - isMac: false
19:09:28.449 [JavaFX Application Thread] DEBUG Engine               - urlGoogleForms: https://goo.gl/forms/6wrMnOBxTE1fEpOy2
19:09:28.449 [JavaFX Application Thread] DEBUG Engine               - isMenuEnabled: false
19:09:28.449 [JavaFX Application Thread] DEBUG Engine               - profileName: user.profile
19:09:28.449 [JavaFX Application Thread] DEBUG Engine               - urlPOM: https://raw.githubusercontent.com/AlmasB/FXGL/master/pom.xml
19:09:28.449 [JavaFX Application Thread] DEBUG Engine               - notificationViewClass: class com.almasb.fxgl.notification.view.XboxNotificationView
19:09:28.450 [JavaFX Application Thread] DEBUG Engine               - devSensorColorProperty: ObjectProperty [value: 0xffff00ff]
19:09:28.450 [JavaFX Application Thread] DEBUG Engine               - sceneFactory: com.almasb.fxgl.app.SceneFactory@4c79f989
19:09:28.450 [JavaFX Application Thread] DEBUG Engine               - dataFileExt: .dat
19:09:28.450 [JavaFX Application Thread] DEBUG Engine               - stageStyle: DECORATED
19:09:28.450 [JavaFX Application Thread] DEBUG Engine               - isManualResizeEnabled: false
19:09:28.450 [JavaFX Application Thread] DEBUG Engine               - title: Dungeons
19:09:28.450 [JavaFX Application Thread] DEBUG Engine               - platform: WINDOWS
19:09:28.450 [JavaFX Application Thread] DEBUG Engine               - devBBoxColorProperty: ObjectProperty [value: 0xff0000ff]
19:09:28.451 [JavaFX Application Thread] DEBUG Engine               - isDesktop: true
19:09:28.451 [JavaFX Application Thread] DEBUG Engine               - credits: []
19:09:28.451 [JavaFX Application Thread] DEBUG Engine               - globalMusicVolumeProperty: DoubleProperty [value: 0.5]
19:09:28.451 [JavaFX Application Thread] DEBUG Engine               - isPreserveResizeRatio: false
19:09:28.451 [JavaFX Application Thread] DEBUG Engine               - uIFactory: com.almasb.fxgl.ui.FXGLUIFactory@3a158c
19:09:28.451 [JavaFX Application Thread] DEBUG Engine               - fontText: Courier-Prime.ttf
19:09:28.451 [JavaFX Application Thread] DEBUG Engine               - isExperimentalTiledLargeMap: false
19:09:28.451 [JavaFX Application Thread] DEBUG Engine               - secondsIn24h: 60
19:09:28.451 [JavaFX Application Thread] DEBUG Engine               - runtimeInfo: RuntimeInfo(platform=WINDOWS, version=11.4, build=06.08.2019 18.29)
19:09:28.451 [JavaFX Application Thread] DEBUG Engine               - soundMenuPress: menu/press.wav
19:09:28.451 [JavaFX Application Thread] DEBUG Engine               - isLinux: false
19:09:28.451 [JavaFX Application Thread] DEBUG Engine               - urlGithub: https://github.com/AlmasB/FXGL
19:09:28.453 [JavaFX Application Thread] DEBUG Engine               - profileDir: profiles/
19:09:28.453 [JavaFX Application Thread] DEBUG Engine               - isDeveloperMenuEnabled: false
19:09:28.453 [JavaFX Application Thread] DEBUG Engine               - globalSoundVolumeProperty: DoubleProperty [value: 0.5]
19:09:28.453 [JavaFX Application Thread] DEBUG Engine               - isBrowser: false
19:09:28.453 [JavaFX Application Thread] DEBUG Engine               - urlLeaderboard: http://fxgl-top.herokuapp.com/
19:09:28.453 [JavaFX Application Thread] DEBUG Engine               - globalSoundVolume: 0.5
19:09:28.453 [JavaFX Application Thread] DEBUG Engine               - saveDir: saves/
19:09:28.454 [JavaFX Application Thread] DEBUG Engine               - engineServices: [class com.almasb.fxgl.audio.AudioPlayer, class com.almasb.fxgl.notification.impl.NotificationServiceProvider, class com.almasb.fxgl.achievement.AchievementManager]
19:09:28.454 [JavaFX Application Thread] DEBUG Engine               - globalMusicVolume: 0.5
19:09:28.454 [JavaFX Application Thread] DEBUG Engine               - width: 750
19:09:28.454 [JavaFX Application Thread] DEBUG Engine               - saveFileExt: .sav
19:09:28.454 [JavaFX Application Thread] DEBUG Engine               - isAndroid: false
19:09:28.454 [JavaFX Application Thread] DEBUG Engine               - fontUI: VarelaRound-Regular.ttf
19:09:28.454 [JavaFX Application Thread] DEBUG Engine               - enabledMenuItems: []
19:09:28.455 [JavaFX Application Thread] DEBUG Engine               - isIOS: false
19:09:28.490 [JavaFX Application Thread] INFO  Engine               - FXGL initialization took: 1,194 sec
19:09:28.491 [JavaFX Application Thread] DEBUG LoopRunner           - Starting loop
19:09:28.503 [JavaFX Application Thread] DEBUG StartupScene         - STARTUP
19:09:28.504 [JavaFX Application Thread] DEBUG MainWindow           - Applying CSS: fxgl_dark.css
19:09:28.504 [JavaFX Application Thread] DEBUG AssetLoader          - Loading from file system: /assets/ui/css/fxgl_dark.css
19:09:28.504 [JavaFX Application Thread] DEBUG AssetLoader          - Loading from file system: /assets/ui/cursors/fxgl_default.png
19:09:28.506 [JavaFX Application Thread] DEBUG Input                - Clearing active input actions
19:09:28.528 [JavaFX Application Thread] DEBUG MainWindow           - StartupScene -> FXGLIntroScene
19:09:28.533 [JavaFX Application Thread] DEBUG Engine               - Removing overlay from StartupScene and adding to FXGLIntroScene
19:09:30.553 [JavaFX Application Thread] DEBUG LoopRunner           - Pausing loop
19:09:37.654 [JavaFX Application Thread] DEBUG LoopRunner           - Resuming loop
19:09:37.661 [JavaFX Application Thread] DEBUG Engine               - Starting new game
19:09:37.662 [JavaFX Application Thread] DEBUG MainWindow           - Applying CSS: fxgl_dark.css
19:09:37.663 [JavaFX Application Thread] DEBUG AssetLoader          - Loading from file system: /assets/ui/css/fxgl_dark.css
19:09:37.663 [JavaFX Application Thread] DEBUG AssetLoader          - Loading from file system: /assets/ui/cursors/fxgl_default.png
19:09:37.666 [JavaFX Application Thread] DEBUG Input                - Clearing active input actions
19:09:37.695 [JavaFX Application Thread] DEBUG MainWindow           - FXGLIntroScene -> LoadingScene
19:09:37.710 [JavaFX Application Thread] DEBUG Engine               - Removing overlay from FXGLIntroScene and adding to LoadingScene
19:09:37.711 [FXGL Background Thread 1 ] DEBUG InitAppTask          - Clearing previous game
19:09:37.711 [FXGL Background Thread 1 ] DEBUG GameWorld            - Clearing game world
19:09:37.711 [FXGL Background Thread 1 ] DEBUG PhysicsWorld         - Clearing physics world
19:09:37.712 [FXGL Background Thread 1 ] DEBUG GameScene            - Clearing game scene
19:09:37.712 [FXGL Background Thread 1 ] DEBUG InitAppTask          - Initializing Game
19:09:37.737 [FXGL Background Thread 1 ] DEBUG AssetLoader          - Loading from file system: /assets/textures/player1.png
19:09:37.762 [FXGL Background Thread 1 ] DEBUG AssetLoader          - Loading from file system: /assets/textures/arma2.png
19:09:37.775 [FXGL Background Thread 1 ] DEBUG InitAppTask          - Initializing Physics
19:09:37.775 [FXGL Background Thread 1 ] DEBUG InitAppTask          - Initializing UI
19:09:37.777 [FXGL Background Thread 1 ] DEBUG InitAppTask          - Initialization Complete
19:09:37.777 [FXGL Background Thread 1 ] INFO  InitAppTask          - Game initialization took: 0,066 sec
19:09:37.784 [JavaFX Application Thread] DEBUG MainWindow           - Applying CSS: fxgl_dark.css
19:09:37.785 [JavaFX Application Thread] DEBUG AssetLoader          - Loading from file system: /assets/ui/css/fxgl_dark.css
19:09:37.785 [JavaFX Application Thread] DEBUG AssetLoader          - Loading from file system: /assets/ui/cursors/fxgl_default.png
19:09:37.787 [JavaFX Application Thread] DEBUG Input                - Clearing active input actions
19:09:37.802 [JavaFX Application Thread] DEBUG MainWindow           - LoadingScene -> GameScene
19:09:37.802 [JavaFX Application Thread] DEBUG Engine               - Removing overlay from LoadingScene and adding to GameScene
19:09:39.777 [JavaFX Application Thread] DEBUG AssetLoader          - Loading from file system: /assets/textures/enemy1.png
19:09:41.779 [JavaFX Application Thread] DEBUG AssetLoader          - Loading from cache: /assets/textures/enemy1.png
19:09:42.076 [JavaFX Application Thread] DEBUG Engine               - Exiting FXGL
19:09:42.076 [JavaFX Application Thread] DEBUG Engine               - Shutting down background threads
19:09:42.077 [JavaFX Application Thread] DEBUG Engine               - Saving FXGL system data
19:09:42.081 [JavaFX Application Thread] DEBUG FSServiceImpl        - Writing to: C:\Users\daron\Downloads\workspace\Programas java\Avanzado\Game2D\system\fxgl.bundle
19:09:42.084 [JavaFX Application Thread] DEBUG Engine               - Closing logger and exiting JavaFX
