18:36:20.426 [main                     ] DEBUG GameApplication      - Logger initialized
18:36:20.431 [main                     ] DEBUG GameApplication      - Logging settings
Title: Dungeons
Version: 0.2
Width: 750
Height: 750
Fullscreen: true
Intro: true
Menus: false
Profiling: false
Single step:false
App Mode: DEVELOPER
Menu Key: ESCAPE
Stage Style: DECORATED
Scene Factory: class com.almasb.fxgl.app.SceneFactory
Dialog Factory: class com.almasb.fxgl.ui.FXGLDialogFactory
UI Factory: class com.almasb.fxgl.ui.FXGLUIFactory

18:36:21.083 [JavaFX Application Thread] DEBUG Engine               - Initializing FXGL
18:36:21.084 [JavaFX Application Thread] INFO  Engine               - FXGL-11.4 (06.08.2019 18.29) on WINDOWS (J:18.0.2 FX:12.0.1)
18:36:21.084 [JavaFX Application Thread] INFO  Engine               - Source code and latest versions at: https://github.com/AlmasB/FXGL
18:36:21.084 [JavaFX Application Thread] INFO  Engine               -              Join the FXGL chat at: https://gitter.im/AlmasB/FXGL
18:36:21.089 [JavaFX Application Thread] DEBUG Engine               - Adding new engine service: class com.almasb.fxgl.audio.AudioPlayer
18:36:21.091 [JavaFX Application Thread] DEBUG Engine               - Adding new engine service: class com.almasb.fxgl.notification.impl.NotificationServiceProvider
18:36:21.091 [JavaFX Application Thread] DEBUG Engine               - Adding new engine service: class com.almasb.fxgl.achievement.AchievementManager
18:36:21.100 [JavaFX Application Thread] DEBUG FS                   - Loaded FSServiceImpl
18:36:21.100 [JavaFX Application Thread] DEBUG SaveLoadManager      - Checking profiles dir: profiles/
18:36:21.101 [JavaFX Application Thread] DEBUG Engine               - Loading localizations
18:36:21.120 [JavaFX Application Thread] DEBUG AssetLoader          - Loading from file system: /assets/properties/languages/english.properties
18:36:21.126 [JavaFX Application Thread] DEBUG AssetLoader          - Loading from file system: /assets/properties/languages/french.properties
18:36:21.128 [JavaFX Application Thread] DEBUG AssetLoader          - Loading from file system: /assets/properties/languages/german.properties
18:36:21.129 [JavaFX Application Thread] DEBUG AssetLoader          - Loading from file system: /assets/properties/languages/russian.properties
18:36:21.132 [JavaFX Application Thread] DEBUG AssetLoader          - Loading from file system: /assets/properties/languages/hungarian.properties
18:36:21.135 [JavaFX Application Thread] DEBUG Engine               - Registering font factories
18:36:21.135 [JavaFX Application Thread] DEBUG AssetLoader          - Loading from file system: /assets/ui/fonts/VarelaRound-Regular.ttf
18:36:21.269 [JavaFX Application Thread] DEBUG AssetLoader          - Loading from file system: /assets/ui/fonts/Abel-Regular.ttf
18:36:21.277 [JavaFX Application Thread] DEBUG AssetLoader          - Loading from file system: /assets/ui/fonts/lucida_console.ttf
18:36:21.288 [JavaFX Application Thread] DEBUG AssetLoader          - Loading from file system: /assets/ui/fonts/Courier-Prime.ttf
18:36:21.296 [JavaFX Application Thread] DEBUG Engine               - Setting UI factory
18:36:21.452 [JavaFX Application Thread] DEBUG AssetLoader          - Loading from file system: /assets/textures/fxgl_logo.png
18:36:21.546 [JavaFX Application Thread] DEBUG MainWindow           - Creating a JavaFX scene
18:36:21.618 [JavaFX Application Thread] DEBUG MainWindow           - Target settings size: 750.0 x 750.0
18:36:21.619 [JavaFX Application Thread] DEBUG MainWindow           - Scaled scene size:    750.0 x 750.0
18:36:21.619 [JavaFX Application Thread] DEBUG MainWindow           - Scaled ratio: (1.0, 1.0)
18:36:21.621 [JavaFX Application Thread] DEBUG MainWindow           - Applying CSS: fxgl_dark.css
18:36:21.622 [JavaFX Application Thread] DEBUG AssetLoader          - Loading from file system: /assets/ui/css/fxgl_dark.css
18:36:21.623 [JavaFX Application Thread] DEBUG AssetLoader          - Loading from file system: /assets/ui/cursors/fxgl_default.png
18:36:21.633 [JavaFX Application Thread] DEBUG Input                - Clearing active input actions
18:36:21.634 [JavaFX Application Thread] DEBUG MainWindow           - StartupScene -> StartupScene
18:36:21.640 [JavaFX Application Thread] DEBUG AssetLoader          - Loading from file system: /assets/textures/fxgl_icon.png
18:36:21.673 [JavaFX Application Thread] DEBUG MainWindow           - Opening main window
18:36:21.904 [JavaFX Application Thread] DEBUG MainWindow           - Window border size: (14.79998779296875, 38.0)
18:36:21.904 [JavaFX Application Thread] DEBUG MainWindow           - Scaled size: 750.0 x 750.0
18:36:21.904 [JavaFX Application Thread] DEBUG MainWindow           - Scaled ratio: (1.0, 1.0)
18:36:21.904 [JavaFX Application Thread] DEBUG MainWindow           - Scene size: 750.0 x 750.0
18:36:21.904 [JavaFX Application Thread] DEBUG MainWindow           - Stage size: 764.7999877929688 x 788.0
18:36:21.915 [FXGL Background Thread 1 ] DEBUG FS                   - Loaded FSServiceImpl
18:36:21.915 [FXGL Background Thread 1 ] DEBUG Engine               - Loading FXGL system data
18:36:21.925 [FXGL Background Thread 1 ] DEBUG FSServiceImpl        - Reading from: C:\Users\daron\Downloads\workspace\Programas java\Avanzado\Game2D\system\fxgl.bundle
18:36:21.945 [FXGL Background Thread 1 ] DEBUG Engine               - Bundle FXGL: {}
18:36:21.945 [FXGL Background Thread 1 ] DEBUG Engine               - Initializing application scenes
18:36:21.988 [FXGL Background Thread 1 ] DEBUG GameWorld            - Game world initialized
18:36:22.067 [FXGL Background Thread 1 ] DEBUG PhysicsWorld         - Physics world initialized: appHeight=750, physics.ppm=50,0
18:36:22.070 [FXGL Background Thread 1 ] DEBUG GameScene            - Game scene initialized: 750x750
18:36:22.115 [FXGL Background Thread 1 ] DEBUG AssetLoader          - Loading from file system: /assets/textures/particles/explosion.png
18:36:22.262 [FXGL Background Thread 1 ] DEBUG Input                - Registered new binding: Resume - Esc
18:36:22.262 [FXGL Background Thread 1 ] DEBUG AssetLoader          - Loading from file system: /assets/textures/pause_menu_bg.png
18:36:22.292 [FXGL Background Thread 1 ] DEBUG Input                - Registered new binding: Pause - Esc
18:36:22.292 [FXGL Background Thread 1 ] DEBUG Engine               - Application scenes initialized
18:36:22.298 [JavaFX Application Thread] DEBUG Engine               - Running preInit()
18:36:22.298 [JavaFX Application Thread] DEBUG Input                - Registered new binding: MoveUp - W
18:36:22.298 [JavaFX Application Thread] DEBUG Input                - Registered new binding: MoveDown - S
18:36:22.299 [JavaFX Application Thread] DEBUG Input                - Registered new binding: MoveRight - D
18:36:22.299 [JavaFX Application Thread] DEBUG Input                - Registered new binding: MoveLeft - A
18:36:22.300 [JavaFX Application Thread] DEBUG Input                - Registered new binding: Screenshot - P
18:36:22.301 [JavaFX Application Thread] DEBUG Input                - Registered new binding: System info dump - CTRL+9
18:36:22.301 [JavaFX Application Thread] DEBUG Input                - Registered new binding: Restart - CTRL+R
18:36:22.301 [JavaFX Application Thread] DEBUG Engine               - generateDefaultProfile()
18:36:22.301 [JavaFX Application Thread] DEBUG Engine               - Creating default profile
18:36:22.302 [JavaFX Application Thread] DEBUG EventBus             - Firing event: SaveEvent
18:36:22.313 [JavaFX Application Thread] DEBUG Engine               - Logging environment variables
18:36:22.313 [JavaFX Application Thread] DEBUG Engine               - achievements: []
18:36:22.313 [JavaFX Application Thread] DEBUG Engine               - language: ObjectProperty [value: ENGLISH]
18:36:22.313 [JavaFX Application Thread] DEBUG Engine               - isCloseConfirmation: false
18:36:22.313 [JavaFX Application Thread] DEBUG Engine               - isProfilingEnabled: false
18:36:22.314 [JavaFX Application Thread] DEBUG Engine               - soundNotification: core/notification.wav
18:36:22.314 [JavaFX Application Thread] DEBUG Engine               - devShowBBoxProperty: BooleanProperty [value: false]
18:36:22.314 [JavaFX Application Thread] DEBUG Engine               - pixelsPerMeter: 50.0
18:36:22.314 [JavaFX Application Thread] DEBUG Engine               - overlayRoot: Group@4b3eec5e
18:36:22.314 [JavaFX Application Thread] DEBUG Engine               - appIcon: fxgl_icon.png
18:36:22.315 [JavaFX Application Thread] DEBUG Engine               - soundMenuBack: menu/back.wav
18:36:22.315 [JavaFX Application Thread] DEBUG Engine               - isFullScreenAllowed: true
18:36:22.315 [JavaFX Application Thread] DEBUG Engine               - isIntroEnabled: true
18:36:22.315 [JavaFX Application Thread] DEBUG Engine               - eventBus: com.almasb.fxgl.event.EventBus@3c4a66d
18:36:22.315 [JavaFX Application Thread] DEBUG Engine               - fontMono: lucida_console.ttf
18:36:22.315 [JavaFX Application Thread] DEBUG Engine               - soundMenuSelect: menu/select.wav
18:36:22.315 [JavaFX Application Thread] DEBUG Engine               - isWindows: true
18:36:22.315 [JavaFX Application Thread] DEBUG Engine               - isMobile: false
18:36:22.315 [JavaFX Application Thread] DEBUG Engine               - height: 750
18:36:22.316 [JavaFX Application Thread] DEBUG Engine               - isExperimentalNative: false
18:36:22.316 [JavaFX Application Thread] DEBUG Engine               - isSingleStep: false
18:36:22.316 [JavaFX Application Thread] DEBUG Engine               - cSSList: [fxgl_dark.css]
18:36:22.316 [JavaFX Application Thread] DEBUG Engine               - fontGame: Abel-Regular.ttf
18:36:22.316 [JavaFX Application Thread] DEBUG Engine               - menuKey: ESCAPE
18:36:22.317 [JavaFX Application Thread] DEBUG Engine               - devShowPositionProperty: BooleanProperty [value: false]
18:36:22.317 [JavaFX Application Thread] DEBUG Engine               - versionCheckDays: 7
18:36:22.317 [JavaFX Application Thread] DEBUG Engine               - masterTimer: com.almasb.fxgl.time.Timer@524c1063
18:36:22.317 [JavaFX Application Thread] DEBUG Engine               - configClass: Optional.empty
18:36:22.317 [JavaFX Application Thread] DEBUG Engine               - version: 0.2
18:36:22.317 [JavaFX Application Thread] DEBUG Engine               - fullScreen: BooleanProperty [value: false]
18:36:22.317 [JavaFX Application Thread] DEBUG Engine               - dialogFactory: com.almasb.fxgl.ui.FXGLDialogFactory@3491e486
18:36:22.317 [JavaFX Application Thread] DEBUG Engine               - applicationMode: DEVELOPER
18:36:22.317 [JavaFX Application Thread] DEBUG Engine               - isMac: false
18:36:22.317 [JavaFX Application Thread] DEBUG Engine               - urlGoogleForms: https://goo.gl/forms/6wrMnOBxTE1fEpOy2
18:36:22.317 [JavaFX Application Thread] DEBUG Engine               - isMenuEnabled: false
18:36:22.317 [JavaFX Application Thread] DEBUG Engine               - profileName: user.profile
18:36:22.318 [JavaFX Application Thread] DEBUG Engine               - urlPOM: https://raw.githubusercontent.com/AlmasB/FXGL/master/pom.xml
18:36:22.318 [JavaFX Application Thread] DEBUG Engine               - notificationViewClass: class com.almasb.fxgl.notification.view.XboxNotificationView
18:36:22.318 [JavaFX Application Thread] DEBUG Engine               - devSensorColorProperty: ObjectProperty [value: 0xffff00ff]
18:36:22.318 [JavaFX Application Thread] DEBUG Engine               - sceneFactory: com.almasb.fxgl.app.SceneFactory@3904803b
18:36:22.318 [JavaFX Application Thread] DEBUG Engine               - dataFileExt: .dat
18:36:22.318 [JavaFX Application Thread] DEBUG Engine               - stageStyle: DECORATED
18:36:22.318 [JavaFX Application Thread] DEBUG Engine               - isManualResizeEnabled: false
18:36:22.318 [JavaFX Application Thread] DEBUG Engine               - title: Dungeons
18:36:22.318 [JavaFX Application Thread] DEBUG Engine               - platform: WINDOWS
18:36:22.318 [JavaFX Application Thread] DEBUG Engine               - devBBoxColorProperty: ObjectProperty [value: 0xff0000ff]
18:36:22.319 [JavaFX Application Thread] DEBUG Engine               - isDesktop: true
18:36:22.319 [JavaFX Application Thread] DEBUG Engine               - credits: []
18:36:22.319 [JavaFX Application Thread] DEBUG Engine               - globalMusicVolumeProperty: DoubleProperty [value: 0.5]
18:36:22.319 [JavaFX Application Thread] DEBUG Engine               - isPreserveResizeRatio: false
18:36:22.319 [JavaFX Application Thread] DEBUG Engine               - uIFactory: com.almasb.fxgl.ui.FXGLUIFactory@1f55aeb8
18:36:22.319 [JavaFX Application Thread] DEBUG Engine               - fontText: Courier-Prime.ttf
18:36:22.319 [JavaFX Application Thread] DEBUG Engine               - isExperimentalTiledLargeMap: false
18:36:22.319 [JavaFX Application Thread] DEBUG Engine               - secondsIn24h: 60
18:36:22.319 [JavaFX Application Thread] DEBUG Engine               - runtimeInfo: RuntimeInfo(platform=WINDOWS, version=11.4, build=06.08.2019 18.29)
18:36:22.319 [JavaFX Application Thread] DEBUG Engine               - soundMenuPress: menu/press.wav
18:36:22.319 [JavaFX Application Thread] DEBUG Engine               - urlGithub: https://github.com/AlmasB/FXGL
18:36:22.320 [JavaFX Application Thread] DEBUG Engine               - isLinux: false
18:36:22.320 [JavaFX Application Thread] DEBUG Engine               - profileDir: profiles/
18:36:22.320 [JavaFX Application Thread] DEBUG Engine               - isDeveloperMenuEnabled: false
18:36:22.320 [JavaFX Application Thread] DEBUG Engine               - globalSoundVolumeProperty: DoubleProperty [value: 0.5]
18:36:22.320 [JavaFX Application Thread] DEBUG Engine               - isBrowser: false
18:36:22.320 [JavaFX Application Thread] DEBUG Engine               - globalSoundVolume: 0.5
18:36:22.320 [JavaFX Application Thread] DEBUG Engine               - urlLeaderboard: http://fxgl-top.herokuapp.com/
18:36:22.320 [JavaFX Application Thread] DEBUG Engine               - saveDir: saves/
18:36:22.320 [JavaFX Application Thread] DEBUG Engine               - engineServices: [class com.almasb.fxgl.audio.AudioPlayer, class com.almasb.fxgl.notification.impl.NotificationServiceProvider, class com.almasb.fxgl.achievement.AchievementManager]
18:36:22.320 [JavaFX Application Thread] DEBUG Engine               - globalMusicVolume: 0.5
18:36:22.321 [JavaFX Application Thread] DEBUG Engine               - width: 750
18:36:22.321 [JavaFX Application Thread] DEBUG Engine               - saveFileExt: .sav
18:36:22.321 [JavaFX Application Thread] DEBUG Engine               - isAndroid: false
18:36:22.321 [JavaFX Application Thread] DEBUG Engine               - fontUI: VarelaRound-Regular.ttf
18:36:22.321 [JavaFX Application Thread] DEBUG Engine               - enabledMenuItems: []
18:36:22.321 [JavaFX Application Thread] DEBUG Engine               - isIOS: false
18:36:22.345 [JavaFX Application Thread] INFO  Engine               - FXGL initialization took: 1,243 sec
18:36:22.345 [JavaFX Application Thread] DEBUG LoopRunner           - Starting loop
18:36:22.357 [JavaFX Application Thread] DEBUG StartupScene         - STARTUP
18:36:22.357 [JavaFX Application Thread] DEBUG MainWindow           - Applying CSS: fxgl_dark.css
18:36:22.358 [JavaFX Application Thread] DEBUG AssetLoader          - Loading from file system: /assets/ui/css/fxgl_dark.css
18:36:22.358 [JavaFX Application Thread] DEBUG AssetLoader          - Loading from file system: /assets/ui/cursors/fxgl_default.png
18:36:22.359 [JavaFX Application Thread] DEBUG Input                - Clearing active input actions
18:36:22.379 [JavaFX Application Thread] DEBUG MainWindow           - StartupScene -> FXGLIntroScene
18:36:22.385 [JavaFX Application Thread] DEBUG Engine               - Removing overlay from StartupScene and adding to FXGLIntroScene
18:36:23.018 [JavaFX Application Thread] DEBUG LoopRunner           - Pausing loop
18:36:25.709 [JavaFX Application Thread] DEBUG LoopRunner           - Resuming loop
18:36:28.047 [JavaFX Application Thread] DEBUG Engine               - Starting new game
18:36:28.047 [JavaFX Application Thread] DEBUG MainWindow           - Applying CSS: fxgl_dark.css
18:36:28.048 [JavaFX Application Thread] DEBUG AssetLoader          - Loading from file system: /assets/ui/css/fxgl_dark.css
18:36:28.048 [JavaFX Application Thread] DEBUG AssetLoader          - Loading from file system: /assets/ui/cursors/fxgl_default.png
18:36:28.050 [JavaFX Application Thread] DEBUG Input                - Clearing active input actions
18:36:28.067 [JavaFX Application Thread] DEBUG MainWindow           - FXGLIntroScene -> LoadingScene
18:36:28.080 [JavaFX Application Thread] DEBUG Engine               - Removing overlay from FXGLIntroScene and adding to LoadingScene
18:36:28.080 [FXGL Background Thread 1 ] DEBUG InitAppTask          - Clearing previous game
18:36:28.081 [FXGL Background Thread 1 ] DEBUG GameWorld            - Clearing game world
18:36:28.081 [FXGL Background Thread 1 ] DEBUG PhysicsWorld         - Clearing physics world
18:36:28.081 [FXGL Background Thread 1 ] DEBUG GameScene            - Clearing game scene
18:36:28.081 [FXGL Background Thread 1 ] DEBUG InitAppTask          - Initializing Game
18:36:28.102 [FXGL Background Thread 1 ] DEBUG AssetLoader          - Loading from file system: /assets/textures/player1.png
18:36:28.122 [FXGL Background Thread 1 ] DEBUG AssetLoader          - Loading from file system: /assets/textures/arma1.png
18:36:28.132 [FXGL Background Thread 1 ] DEBUG InitAppTask          - Initializing Physics
18:36:28.132 [FXGL Background Thread 1 ] DEBUG InitAppTask          - Initializing UI
18:36:28.132 [FXGL Background Thread 1 ] DEBUG InitAppTask          - Initialization Complete
18:36:28.133 [FXGL Background Thread 1 ] INFO  InitAppTask          - Game initialization took: 0,053 sec
18:36:28.160 [JavaFX Application Thread] DEBUG MainWindow           - Applying CSS: fxgl_dark.css
18:36:28.160 [JavaFX Application Thread] DEBUG AssetLoader          - Loading from file system: /assets/ui/css/fxgl_dark.css
18:36:28.161 [JavaFX Application Thread] DEBUG AssetLoader          - Loading from file system: /assets/ui/cursors/fxgl_default.png
18:36:28.162 [JavaFX Application Thread] DEBUG Input                - Clearing active input actions
18:36:28.172 [JavaFX Application Thread] DEBUG MainWindow           - LoadingScene -> GameScene
18:36:28.173 [JavaFX Application Thread] DEBUG Engine               - Removing overlay from LoadingScene and adding to GameScene
18:36:30.136 [JavaFX Application Thread] DEBUG AssetLoader          - Loading from file system: /assets/textures/enemy1.png
18:36:32.136 [JavaFX Application Thread] DEBUG AssetLoader          - Loading from cache: /assets/textures/enemy1.png
18:36:34.135 [JavaFX Application Thread] DEBUG AssetLoader          - Loading from cache: /assets/textures/enemy1.png
18:36:36.135 [JavaFX Application Thread] DEBUG AssetLoader          - Loading from cache: /assets/textures/enemy1.png
18:36:45.333 [JavaFX Application Thread] DEBUG Engine               - Exiting FXGL
18:36:45.333 [JavaFX Application Thread] DEBUG Engine               - Shutting down background threads
18:36:45.334 [JavaFX Application Thread] DEBUG Engine               - Saving FXGL system data
18:36:45.337 [JavaFX Application Thread] DEBUG FSServiceImpl        - Writing to: C:\Users\daron\Downloads\workspace\Programas java\Avanzado\Game2D\system\fxgl.bundle
18:36:45.341 [JavaFX Application Thread] DEBUG Engine               - Closing logger and exiting JavaFX
