18:54:36.599 [main                     ] DEBUG GameApplication      - Logger initialized
18:54:36.604 [main                     ] DEBUG GameApplication      - Logging settings
Title: Dungeons
Version: 0.2
Width: 750
Height: 750
Fullscreen: true
Intro: true
Menus: false
Profiling: false
Single step:false
App Mode: DEVELOPER
Menu Key: ESCAPE
Stage Style: DECORATED
Scene Factory: class com.almasb.fxgl.app.SceneFactory
Dialog Factory: class com.almasb.fxgl.ui.FXGLDialogFactory
UI Factory: class com.almasb.fxgl.ui.FXGLUIFactory

18:54:37.238 [JavaFX Application Thread] DEBUG Engine               - Initializing FXGL
18:54:37.239 [JavaFX Application Thread] INFO  Engine               - FXGL-11.4 (06.08.2019 18.29) on WINDOWS (J:18.0.2 FX:12.0.1)
18:54:37.239 [JavaFX Application Thread] INFO  Engine               - Source code and latest versions at: https://github.com/AlmasB/FXGL
18:54:37.239 [JavaFX Application Thread] INFO  Engine               -              Join the FXGL chat at: https://gitter.im/AlmasB/FXGL
18:54:37.242 [JavaFX Application Thread] DEBUG Engine               - Adding new engine service: class com.almasb.fxgl.audio.AudioPlayer
18:54:37.244 [JavaFX Application Thread] DEBUG Engine               - Adding new engine service: class com.almasb.fxgl.notification.impl.NotificationServiceProvider
18:54:37.244 [JavaFX Application Thread] DEBUG Engine               - Adding new engine service: class com.almasb.fxgl.achievement.AchievementManager
18:54:37.253 [JavaFX Application Thread] DEBUG FS                   - Loaded FSServiceImpl
18:54:37.253 [JavaFX Application Thread] DEBUG SaveLoadManager      - Checking profiles dir: profiles/
18:54:37.253 [JavaFX Application Thread] DEBUG Engine               - Loading localizations
18:54:37.270 [JavaFX Application Thread] DEBUG AssetLoader          - Loading from file system: /assets/properties/languages/english.properties
18:54:37.275 [JavaFX Application Thread] DEBUG AssetLoader          - Loading from file system: /assets/properties/languages/french.properties
18:54:37.277 [JavaFX Application Thread] DEBUG AssetLoader          - Loading from file system: /assets/properties/languages/german.properties
18:54:37.279 [JavaFX Application Thread] DEBUG AssetLoader          - Loading from file system: /assets/properties/languages/russian.properties
18:54:37.281 [JavaFX Application Thread] DEBUG AssetLoader          - Loading from file system: /assets/properties/languages/hungarian.properties
18:54:37.284 [JavaFX Application Thread] DEBUG Engine               - Registering font factories
18:54:37.284 [JavaFX Application Thread] DEBUG AssetLoader          - Loading from file system: /assets/ui/fonts/VarelaRound-Regular.ttf
18:54:37.403 [JavaFX Application Thread] DEBUG AssetLoader          - Loading from file system: /assets/ui/fonts/Abel-Regular.ttf
18:54:37.411 [JavaFX Application Thread] DEBUG AssetLoader          - Loading from file system: /assets/ui/fonts/lucida_console.ttf
18:54:37.421 [JavaFX Application Thread] DEBUG AssetLoader          - Loading from file system: /assets/ui/fonts/Courier-Prime.ttf
18:54:37.429 [JavaFX Application Thread] DEBUG Engine               - Setting UI factory
18:54:37.576 [JavaFX Application Thread] DEBUG AssetLoader          - Loading from file system: /assets/textures/fxgl_logo.png
18:54:37.680 [JavaFX Application Thread] DEBUG MainWindow           - Creating a JavaFX scene
18:54:37.747 [JavaFX Application Thread] DEBUG MainWindow           - Target settings size: 750.0 x 750.0
18:54:37.747 [JavaFX Application Thread] DEBUG MainWindow           - Scaled scene size:    750.0 x 750.0
18:54:37.747 [JavaFX Application Thread] DEBUG MainWindow           - Scaled ratio: (1.0, 1.0)
18:54:37.749 [JavaFX Application Thread] DEBUG MainWindow           - Applying CSS: fxgl_dark.css
18:54:37.749 [JavaFX Application Thread] DEBUG AssetLoader          - Loading from file system: /assets/ui/css/fxgl_dark.css
18:54:37.751 [JavaFX Application Thread] DEBUG AssetLoader          - Loading from file system: /assets/ui/cursors/fxgl_default.png
18:54:37.761 [JavaFX Application Thread] DEBUG Input                - Clearing active input actions
18:54:37.761 [JavaFX Application Thread] DEBUG MainWindow           - StartupScene -> StartupScene
18:54:37.767 [JavaFX Application Thread] DEBUG AssetLoader          - Loading from file system: /assets/textures/fxgl_icon.png
18:54:37.799 [JavaFX Application Thread] DEBUG MainWindow           - Opening main window
18:54:38.019 [JavaFX Application Thread] DEBUG MainWindow           - Window border size: (14.79998779296875, 38.0)
18:54:38.019 [JavaFX Application Thread] DEBUG MainWindow           - Scaled size: 750.0 x 750.0
18:54:38.019 [JavaFX Application Thread] DEBUG MainWindow           - Scaled ratio: (1.0, 1.0)
18:54:38.019 [JavaFX Application Thread] DEBUG MainWindow           - Scene size: 750.0 x 750.0
18:54:38.019 [JavaFX Application Thread] DEBUG MainWindow           - Stage size: 764.7999877929688 x 788.0
18:54:38.031 [FXGL Background Thread 1 ] DEBUG FS                   - Loaded FSServiceImpl
18:54:38.031 [FXGL Background Thread 1 ] DEBUG Engine               - Loading FXGL system data
18:54:38.042 [FXGL Background Thread 1 ] DEBUG FSServiceImpl        - Reading from: C:\Users\daron\Downloads\workspace\Programas java\Avanzado\Game2D\system\fxgl.bundle
18:54:38.064 [FXGL Background Thread 1 ] DEBUG Engine               - Bundle FXGL: {}
18:54:38.064 [FXGL Background Thread 1 ] DEBUG Engine               - Initializing application scenes
18:54:38.106 [FXGL Background Thread 1 ] DEBUG GameWorld            - Game world initialized
18:54:38.183 [FXGL Background Thread 1 ] DEBUG PhysicsWorld         - Physics world initialized: appHeight=750, physics.ppm=50,0
18:54:38.186 [FXGL Background Thread 1 ] DEBUG GameScene            - Game scene initialized: 750x750
18:54:38.232 [FXGL Background Thread 1 ] DEBUG AssetLoader          - Loading from file system: /assets/textures/particles/explosion.png
18:54:38.372 [FXGL Background Thread 1 ] DEBUG Input                - Registered new binding: Resume - Esc
18:54:38.372 [FXGL Background Thread 1 ] DEBUG AssetLoader          - Loading from file system: /assets/textures/pause_menu_bg.png
18:54:38.401 [FXGL Background Thread 1 ] DEBUG Input                - Registered new binding: Pause - Esc
18:54:38.401 [FXGL Background Thread 1 ] DEBUG Engine               - Application scenes initialized
18:54:38.406 [JavaFX Application Thread] DEBUG Engine               - Running preInit()
18:54:38.407 [JavaFX Application Thread] DEBUG Input                - Registered new binding: MoveUp - W
18:54:38.407 [JavaFX Application Thread] DEBUG Input                - Registered new binding: MoveDown - S
18:54:38.407 [JavaFX Application Thread] DEBUG Input                - Registered new binding: MoveRight - D
18:54:38.407 [JavaFX Application Thread] DEBUG Input                - Registered new binding: MoveLeft - A
18:54:38.408 [JavaFX Application Thread] DEBUG Input                - Registered new binding: Screenshot - P
18:54:38.408 [JavaFX Application Thread] DEBUG Input                - Registered new binding: System info dump - CTRL+9
18:54:38.409 [JavaFX Application Thread] DEBUG Input                - Registered new binding: Restart - CTRL+R
18:54:38.409 [JavaFX Application Thread] DEBUG Engine               - generateDefaultProfile()
18:54:38.409 [JavaFX Application Thread] DEBUG Engine               - Creating default profile
18:54:38.410 [JavaFX Application Thread] DEBUG EventBus             - Firing event: SaveEvent
18:54:38.422 [JavaFX Application Thread] DEBUG Engine               - Logging environment variables
18:54:38.422 [JavaFX Application Thread] DEBUG Engine               - achievements: []
18:54:38.422 [JavaFX Application Thread] DEBUG Engine               - language: ObjectProperty [value: ENGLISH]
18:54:38.422 [JavaFX Application Thread] DEBUG Engine               - isCloseConfirmation: false
18:54:38.422 [JavaFX Application Thread] DEBUG Engine               - isProfilingEnabled: false
18:54:38.423 [JavaFX Application Thread] DEBUG Engine               - soundNotification: core/notification.wav
18:54:38.423 [JavaFX Application Thread] DEBUG Engine               - devShowBBoxProperty: BooleanProperty [value: false]
18:54:38.423 [JavaFX Application Thread] DEBUG Engine               - pixelsPerMeter: 50.0
18:54:38.423 [JavaFX Application Thread] DEBUG Engine               - overlayRoot: Group@6be8d471
18:54:38.423 [JavaFX Application Thread] DEBUG Engine               - appIcon: fxgl_icon.png
18:54:38.423 [JavaFX Application Thread] DEBUG Engine               - soundMenuBack: menu/back.wav
18:54:38.424 [JavaFX Application Thread] DEBUG Engine               - isFullScreenAllowed: true
18:54:38.424 [JavaFX Application Thread] DEBUG Engine               - isIntroEnabled: true
18:54:38.424 [JavaFX Application Thread] DEBUG Engine               - eventBus: com.almasb.fxgl.event.EventBus@ab57b8c
18:54:38.424 [JavaFX Application Thread] DEBUG Engine               - fontMono: lucida_console.ttf
18:54:38.424 [JavaFX Application Thread] DEBUG Engine               - soundMenuSelect: menu/select.wav
18:54:38.424 [JavaFX Application Thread] DEBUG Engine               - isWindows: true
18:54:38.424 [JavaFX Application Thread] DEBUG Engine               - isMobile: false
18:54:38.424 [JavaFX Application Thread] DEBUG Engine               - height: 750
18:54:38.424 [JavaFX Application Thread] DEBUG Engine               - isExperimentalNative: false
18:54:38.424 [JavaFX Application Thread] DEBUG Engine               - isSingleStep: false
18:54:38.425 [JavaFX Application Thread] DEBUG Engine               - cSSList: [fxgl_dark.css]
18:54:38.425 [JavaFX Application Thread] DEBUG Engine               - fontGame: Abel-Regular.ttf
18:54:38.425 [JavaFX Application Thread] DEBUG Engine               - menuKey: ESCAPE
18:54:38.425 [JavaFX Application Thread] DEBUG Engine               - devShowPositionProperty: BooleanProperty [value: false]
18:54:38.425 [JavaFX Application Thread] DEBUG Engine               - versionCheckDays: 7
18:54:38.425 [JavaFX Application Thread] DEBUG Engine               - masterTimer: com.almasb.fxgl.time.Timer@374ffc0a
18:54:38.425 [JavaFX Application Thread] DEBUG Engine               - configClass: Optional.empty
18:54:38.425 [JavaFX Application Thread] DEBUG Engine               - version: 0.2
18:54:38.425 [JavaFX Application Thread] DEBUG Engine               - fullScreen: BooleanProperty [value: false]
18:54:38.425 [JavaFX Application Thread] DEBUG Engine               - dialogFactory: com.almasb.fxgl.ui.FXGLDialogFactory@4eb5f3bc
18:54:38.425 [JavaFX Application Thread] DEBUG Engine               - applicationMode: DEVELOPER
18:54:38.426 [JavaFX Application Thread] DEBUG Engine               - isMac: false
18:54:38.426 [JavaFX Application Thread] DEBUG Engine               - urlGoogleForms: https://goo.gl/forms/6wrMnOBxTE1fEpOy2
18:54:38.426 [JavaFX Application Thread] DEBUG Engine               - isMenuEnabled: false
18:54:38.426 [JavaFX Application Thread] DEBUG Engine               - urlPOM: https://raw.githubusercontent.com/AlmasB/FXGL/master/pom.xml
18:54:38.426 [JavaFX Application Thread] DEBUG Engine               - profileName: user.profile
18:54:38.426 [JavaFX Application Thread] DEBUG Engine               - notificationViewClass: class com.almasb.fxgl.notification.view.XboxNotificationView
18:54:38.426 [JavaFX Application Thread] DEBUG Engine               - devSensorColorProperty: ObjectProperty [value: 0xffff00ff]
18:54:38.426 [JavaFX Application Thread] DEBUG Engine               - sceneFactory: com.almasb.fxgl.app.SceneFactory@4f43ec26
18:54:38.426 [JavaFX Application Thread] DEBUG Engine               - dataFileExt: .dat
18:54:38.426 [JavaFX Application Thread] DEBUG Engine               - stageStyle: DECORATED
18:54:38.427 [JavaFX Application Thread] DEBUG Engine               - isManualResizeEnabled: false
18:54:38.427 [JavaFX Application Thread] DEBUG Engine               - title: Dungeons
18:54:38.427 [JavaFX Application Thread] DEBUG Engine               - platform: WINDOWS
18:54:38.427 [JavaFX Application Thread] DEBUG Engine               - devBBoxColorProperty: ObjectProperty [value: 0xff0000ff]
18:54:38.427 [JavaFX Application Thread] DEBUG Engine               - isDesktop: true
18:54:38.427 [JavaFX Application Thread] DEBUG Engine               - globalMusicVolumeProperty: DoubleProperty [value: 0.5]
18:54:38.427 [JavaFX Application Thread] DEBUG Engine               - credits: []
18:54:38.427 [JavaFX Application Thread] DEBUG Engine               - isPreserveResizeRatio: false
18:54:38.427 [JavaFX Application Thread] DEBUG Engine               - uIFactory: com.almasb.fxgl.ui.FXGLUIFactory@6e8b9759
18:54:38.427 [JavaFX Application Thread] DEBUG Engine               - fontText: Courier-Prime.ttf
18:54:38.428 [JavaFX Application Thread] DEBUG Engine               - isExperimentalTiledLargeMap: false
18:54:38.428 [JavaFX Application Thread] DEBUG Engine               - secondsIn24h: 60
18:54:38.428 [JavaFX Application Thread] DEBUG Engine               - runtimeInfo: RuntimeInfo(platform=WINDOWS, version=11.4, build=06.08.2019 18.29)
18:54:38.428 [JavaFX Application Thread] DEBUG Engine               - soundMenuPress: menu/press.wav
18:54:38.428 [JavaFX Application Thread] DEBUG Engine               - urlGithub: https://github.com/AlmasB/FXGL
18:54:38.428 [JavaFX Application Thread] DEBUG Engine               - isLinux: false
18:54:38.428 [JavaFX Application Thread] DEBUG Engine               - profileDir: profiles/
18:54:38.428 [JavaFX Application Thread] DEBUG Engine               - isDeveloperMenuEnabled: false
18:54:38.428 [JavaFX Application Thread] DEBUG Engine               - globalSoundVolumeProperty: DoubleProperty [value: 0.5]
18:54:38.428 [JavaFX Application Thread] DEBUG Engine               - isBrowser: false
18:54:38.428 [JavaFX Application Thread] DEBUG Engine               - urlLeaderboard: http://fxgl-top.herokuapp.com/
18:54:38.428 [JavaFX Application Thread] DEBUG Engine               - globalSoundVolume: 0.5
18:54:38.429 [JavaFX Application Thread] DEBUG Engine               - saveDir: saves/
18:54:38.429 [JavaFX Application Thread] DEBUG Engine               - engineServices: [class com.almasb.fxgl.audio.AudioPlayer, class com.almasb.fxgl.notification.impl.NotificationServiceProvider, class com.almasb.fxgl.achievement.AchievementManager]
18:54:38.429 [JavaFX Application Thread] DEBUG Engine               - globalMusicVolume: 0.5
18:54:38.429 [JavaFX Application Thread] DEBUG Engine               - width: 750
18:54:38.429 [JavaFX Application Thread] DEBUG Engine               - saveFileExt: .sav
18:54:38.429 [JavaFX Application Thread] DEBUG Engine               - isAndroid: false
18:54:38.429 [JavaFX Application Thread] DEBUG Engine               - fontUI: VarelaRound-Regular.ttf
18:54:38.429 [JavaFX Application Thread] DEBUG Engine               - enabledMenuItems: []
18:54:38.429 [JavaFX Application Thread] DEBUG Engine               - isIOS: false
18:54:38.456 [JavaFX Application Thread] INFO  Engine               - FXGL initialization took: 1,202 sec
18:54:38.456 [JavaFX Application Thread] DEBUG LoopRunner           - Starting loop
18:54:38.468 [JavaFX Application Thread] DEBUG StartupScene         - STARTUP
18:54:38.468 [JavaFX Application Thread] DEBUG MainWindow           - Applying CSS: fxgl_dark.css
18:54:38.468 [JavaFX Application Thread] DEBUG AssetLoader          - Loading from file system: /assets/ui/css/fxgl_dark.css
18:54:38.469 [JavaFX Application Thread] DEBUG AssetLoader          - Loading from file system: /assets/ui/cursors/fxgl_default.png
18:54:38.470 [JavaFX Application Thread] DEBUG Input                - Clearing active input actions
18:54:38.491 [JavaFX Application Thread] DEBUG MainWindow           - StartupScene -> FXGLIntroScene
18:54:38.497 [JavaFX Application Thread] DEBUG Engine               - Removing overlay from StartupScene and adding to FXGLIntroScene
18:54:44.159 [JavaFX Application Thread] DEBUG Engine               - Starting new game
18:54:44.160 [JavaFX Application Thread] DEBUG MainWindow           - Applying CSS: fxgl_dark.css
18:54:44.160 [JavaFX Application Thread] DEBUG AssetLoader          - Loading from file system: /assets/ui/css/fxgl_dark.css
18:54:44.160 [JavaFX Application Thread] DEBUG AssetLoader          - Loading from file system: /assets/ui/cursors/fxgl_default.png
18:54:44.162 [JavaFX Application Thread] DEBUG Input                - Clearing active input actions
18:54:44.187 [JavaFX Application Thread] DEBUG MainWindow           - FXGLIntroScene -> LoadingScene
18:54:44.200 [JavaFX Application Thread] DEBUG Engine               - Removing overlay from FXGLIntroScene and adding to LoadingScene
18:54:44.201 [FXGL Background Thread 1 ] DEBUG InitAppTask          - Clearing previous game
18:54:44.201 [FXGL Background Thread 1 ] DEBUG GameWorld            - Clearing game world
18:54:44.201 [FXGL Background Thread 1 ] DEBUG PhysicsWorld         - Clearing physics world
18:54:44.201 [FXGL Background Thread 1 ] DEBUG GameScene            - Clearing game scene
18:54:44.202 [FXGL Background Thread 1 ] DEBUG InitAppTask          - Initializing Game
18:54:44.236 [FXGL Background Thread 1 ] DEBUG AssetLoader          - Loading from file system: /assets/textures/player1.png
18:54:44.258 [FXGL Background Thread 1 ] DEBUG AssetLoader          - Loading from file system: /assets/textures/arma1.png
18:54:44.267 [FXGL Background Thread 1 ] DEBUG InitAppTask          - Initializing Physics
18:54:44.268 [FXGL Background Thread 1 ] DEBUG InitAppTask          - Initializing UI
18:54:44.269 [FXGL Background Thread 1 ] DEBUG InitAppTask          - Initialization Complete
18:54:44.269 [FXGL Background Thread 1 ] INFO  InitAppTask          - Game initialization took: 0,068 sec
18:54:44.271 [JavaFX Application Thread] DEBUG MainWindow           - Applying CSS: fxgl_dark.css
18:54:44.271 [JavaFX Application Thread] DEBUG AssetLoader          - Loading from file system: /assets/ui/css/fxgl_dark.css
18:54:44.272 [JavaFX Application Thread] DEBUG AssetLoader          - Loading from file system: /assets/ui/cursors/fxgl_default.png
18:54:44.274 [JavaFX Application Thread] DEBUG Input                - Clearing active input actions
18:54:44.286 [JavaFX Application Thread] DEBUG MainWindow           - LoadingScene -> GameScene
18:54:44.286 [JavaFX Application Thread] DEBUG Engine               - Removing overlay from LoadingScene and adding to GameScene
18:54:46.273 [JavaFX Application Thread] DEBUG AssetLoader          - Loading from file system: /assets/textures/enemy1.png
18:54:48.272 [JavaFX Application Thread] DEBUG AssetLoader          - Loading from cache: /assets/textures/enemy1.png
18:54:50.272 [JavaFX Application Thread] DEBUG AssetLoader          - Loading from cache: /assets/textures/enemy1.png
18:54:52.271 [JavaFX Application Thread] DEBUG AssetLoader          - Loading from cache: /assets/textures/enemy1.png
18:54:55.164 [JavaFX Application Thread] DEBUG Engine               - Exiting FXGL
18:54:55.164 [JavaFX Application Thread] DEBUG Engine               - Shutting down background threads
18:54:55.166 [JavaFX Application Thread] DEBUG Engine               - Saving FXGL system data
18:54:55.169 [JavaFX Application Thread] DEBUG FSServiceImpl        - Writing to: C:\Users\daron\Downloads\workspace\Programas java\Avanzado\Game2D\system\fxgl.bundle
18:54:55.173 [JavaFX Application Thread] DEBUG Engine               - Closing logger and exiting JavaFX
