07:08:29.926 [main                     ] DEBUG GameApplication      - Logger initialized
07:08:29.930 [main                     ] DEBUG GameApplication      - Logging settings
Title: Nuke Dungeons
Version: 0.3
Width: 750
Height: 750
Fullscreen: true
Intro: false
Menus: false
Profiling: false
Single step:false
App Mode: DEVELOPER
Menu Key: ESCAPE
Stage Style: DECORATED
Scene Factory: class com.almasb.fxgl.app.SceneFactory
Dialog Factory: class com.almasb.fxgl.ui.FXGLDialogFactory
UI Factory: class com.almasb.fxgl.ui.FXGLUIFactory

07:08:30.617 [JavaFX Application Thread] DEBUG Engine               - Initializing FXGL
07:08:30.617 [JavaFX Application Thread] INFO  Engine               - FXGL-11.4 (06.08.2019 18.29) on WINDOWS (J:18.0.2 FX:12.0.1)
07:08:30.617 [JavaFX Application Thread] INFO  Engine               - Source code and latest versions at: https://github.com/AlmasB/FXGL
07:08:30.617 [JavaFX Application Thread] INFO  Engine               -              Join the FXGL chat at: https://gitter.im/AlmasB/FXGL
07:08:30.621 [JavaFX Application Thread] DEBUG Engine               - Adding new engine service: class com.almasb.fxgl.audio.AudioPlayer
07:08:30.623 [JavaFX Application Thread] DEBUG Engine               - Adding new engine service: class com.almasb.fxgl.notification.impl.NotificationServiceProvider
07:08:30.623 [JavaFX Application Thread] DEBUG Engine               - Adding new engine service: class com.almasb.fxgl.achievement.AchievementManager
07:08:30.633 [JavaFX Application Thread] DEBUG FS                   - Loaded FSServiceImpl
07:08:30.633 [JavaFX Application Thread] DEBUG SaveLoadManager      - Checking profiles dir: profiles/
07:08:30.634 [JavaFX Application Thread] DEBUG Engine               - Loading localizations
07:08:30.651 [JavaFX Application Thread] DEBUG AssetLoader          - Loading from file system: /assets/properties/languages/english.properties
07:08:30.656 [JavaFX Application Thread] DEBUG AssetLoader          - Loading from file system: /assets/properties/languages/french.properties
07:08:30.658 [JavaFX Application Thread] DEBUG AssetLoader          - Loading from file system: /assets/properties/languages/german.properties
07:08:30.659 [JavaFX Application Thread] DEBUG AssetLoader          - Loading from file system: /assets/properties/languages/russian.properties
07:08:30.661 [JavaFX Application Thread] DEBUG AssetLoader          - Loading from file system: /assets/properties/languages/hungarian.properties
07:08:30.664 [JavaFX Application Thread] DEBUG Engine               - Registering font factories
07:08:30.665 [JavaFX Application Thread] DEBUG AssetLoader          - Loading from file system: /assets/ui/fonts/VarelaRound-Regular.ttf
07:08:30.798 [JavaFX Application Thread] DEBUG AssetLoader          - Loading from file system: /assets/ui/fonts/Abel-Regular.ttf
07:08:30.804 [JavaFX Application Thread] DEBUG AssetLoader          - Loading from file system: /assets/ui/fonts/lucida_console.ttf
07:08:30.814 [JavaFX Application Thread] DEBUG AssetLoader          - Loading from file system: /assets/ui/fonts/Courier-Prime.ttf
07:08:30.821 [JavaFX Application Thread] DEBUG Engine               - Setting UI factory
07:08:30.985 [JavaFX Application Thread] DEBUG AssetLoader          - Loading from file system: /assets/textures/fxgl_logo.png
07:08:31.099 [JavaFX Application Thread] DEBUG MainWindow           - Creating a JavaFX scene
07:08:31.172 [JavaFX Application Thread] DEBUG MainWindow           - Target settings size: 750.0 x 750.0
07:08:31.172 [JavaFX Application Thread] DEBUG MainWindow           - Scaled scene size:    750.0 x 750.0
07:08:31.172 [JavaFX Application Thread] DEBUG MainWindow           - Scaled ratio: (1.0, 1.0)
07:08:31.174 [JavaFX Application Thread] DEBUG MainWindow           - Applying CSS: fxgl_dark.css
07:08:31.175 [JavaFX Application Thread] DEBUG AssetLoader          - Loading from file system: /assets/ui/css/fxgl_dark.css
07:08:31.176 [JavaFX Application Thread] DEBUG AssetLoader          - Loading from file system: /assets/ui/cursors/fxgl_default.png
07:08:31.186 [JavaFX Application Thread] DEBUG Input                - Clearing active input actions
07:08:31.186 [JavaFX Application Thread] DEBUG MainWindow           - StartupScene -> StartupScene
07:08:31.192 [JavaFX Application Thread] DEBUG AssetLoader          - Loading from file system: /assets/textures/fxgl_icon.png
07:08:31.222 [JavaFX Application Thread] DEBUG MainWindow           - Opening main window
07:08:31.484 [JavaFX Application Thread] DEBUG MainWindow           - Window border size: (14.79998779296875, 38.0)
07:08:31.484 [JavaFX Application Thread] DEBUG MainWindow           - Scaled size: 750.0 x 750.0
07:08:31.484 [JavaFX Application Thread] DEBUG MainWindow           - Scaled ratio: (1.0, 1.0)
07:08:31.484 [JavaFX Application Thread] DEBUG MainWindow           - Scene size: 750.0 x 750.0
07:08:31.484 [JavaFX Application Thread] DEBUG MainWindow           - Stage size: 764.7999877929688 x 788.0
07:08:31.497 [FXGL Background Thread 1 ] DEBUG FS                   - Loaded FSServiceImpl
07:08:31.497 [FXGL Background Thread 1 ] DEBUG Engine               - Loading FXGL system data
07:08:31.509 [FXGL Background Thread 1 ] DEBUG FSServiceImpl        - Reading from: C:\Users\daron\Downloads\workspace\Programas java\Avanzado\Game2D\system\fxgl.bundle
07:08:31.530 [FXGL Background Thread 1 ] DEBUG Engine               - Bundle FXGL: {}
07:08:31.530 [FXGL Background Thread 1 ] DEBUG Engine               - Initializing application scenes
07:08:31.575 [FXGL Background Thread 1 ] DEBUG GameWorld            - Game world initialized
07:08:31.653 [FXGL Background Thread 1 ] DEBUG PhysicsWorld         - Physics world initialized: appHeight=750, physics.ppm=50,0
07:08:31.657 [FXGL Background Thread 1 ] DEBUG GameScene            - Game scene initialized: 750x750
07:08:31.711 [FXGL Background Thread 1 ] DEBUG Input                - Registered new binding: Resume - Esc
07:08:31.712 [FXGL Background Thread 1 ] DEBUG AssetLoader          - Loading from file system: /assets/textures/pause_menu_bg.png
07:08:31.756 [FXGL Background Thread 1 ] DEBUG Input                - Registered new binding: Pause - Esc
07:08:31.756 [FXGL Background Thread 1 ] DEBUG Engine               - Application scenes initialized
07:08:31.761 [JavaFX Application Thread] DEBUG Engine               - Running preInit()
07:08:31.762 [JavaFX Application Thread] DEBUG Input                - Registered new binding: MoveUp - W
07:08:31.762 [JavaFX Application Thread] DEBUG Input                - Registered new binding: MoveDown - S
07:08:31.764 [JavaFX Application Thread] DEBUG Input                - Registered new binding: MoveRight - D
07:08:31.764 [JavaFX Application Thread] DEBUG Input                - Registered new binding: MoveLeft - A
07:08:31.765 [JavaFX Application Thread] DEBUG Input                - Registered new binding: Shoot - LMB
07:08:31.766 [JavaFX Application Thread] DEBUG Input                - Registered new binding: Screenshot - P
07:08:31.767 [JavaFX Application Thread] DEBUG Input                - Registered new binding: System info dump - CTRL+9
07:08:31.768 [JavaFX Application Thread] DEBUG Input                - Registered new binding: Restart - CTRL+R
07:08:31.768 [JavaFX Application Thread] DEBUG Engine               - generateDefaultProfile()
07:08:31.768 [JavaFX Application Thread] DEBUG Engine               - Creating default profile
07:08:31.769 [JavaFX Application Thread] DEBUG EventBus             - Firing event: SaveEvent
07:08:31.782 [JavaFX Application Thread] DEBUG Engine               - Logging environment variables
07:08:31.782 [JavaFX Application Thread] DEBUG Engine               - achievements: []
07:08:31.782 [JavaFX Application Thread] DEBUG Engine               - language: ObjectProperty [value: ENGLISH]
07:08:31.783 [JavaFX Application Thread] DEBUG Engine               - isCloseConfirmation: false
07:08:31.783 [JavaFX Application Thread] DEBUG Engine               - isProfilingEnabled: false
07:08:31.783 [JavaFX Application Thread] DEBUG Engine               - soundNotification: core/notification.wav
07:08:31.783 [JavaFX Application Thread] DEBUG Engine               - devShowBBoxProperty: BooleanProperty [value: false]
07:08:31.783 [JavaFX Application Thread] DEBUG Engine               - pixelsPerMeter: 50.0
07:08:31.783 [JavaFX Application Thread] DEBUG Engine               - overlayRoot: Group@1572597d
07:08:31.783 [JavaFX Application Thread] DEBUG Engine               - appIcon: fxgl_icon.png
07:08:31.784 [JavaFX Application Thread] DEBUG Engine               - soundMenuBack: menu/back.wav
07:08:31.784 [JavaFX Application Thread] DEBUG Engine               - isFullScreenAllowed: true
07:08:31.784 [JavaFX Application Thread] DEBUG Engine               - isIntroEnabled: false
07:08:31.784 [JavaFX Application Thread] DEBUG Engine               - eventBus: com.almasb.fxgl.event.EventBus@4dc83b9c
07:08:31.784 [JavaFX Application Thread] DEBUG Engine               - fontMono: lucida_console.ttf
07:08:31.784 [JavaFX Application Thread] DEBUG Engine               - soundMenuSelect: menu/select.wav
07:08:31.784 [JavaFX Application Thread] DEBUG Engine               - isWindows: true
07:08:31.784 [JavaFX Application Thread] DEBUG Engine               - isMobile: false
07:08:31.784 [JavaFX Application Thread] DEBUG Engine               - height: 750
07:08:31.784 [JavaFX Application Thread] DEBUG Engine               - isExperimentalNative: false
07:08:31.784 [JavaFX Application Thread] DEBUG Engine               - isSingleStep: false
07:08:31.785 [JavaFX Application Thread] DEBUG Engine               - cSSList: [fxgl_dark.css]
07:08:31.785 [JavaFX Application Thread] DEBUG Engine               - fontGame: Abel-Regular.ttf
07:08:31.785 [JavaFX Application Thread] DEBUG Engine               - menuKey: ESCAPE
07:08:31.785 [JavaFX Application Thread] DEBUG Engine               - devShowPositionProperty: BooleanProperty [value: false]
07:08:31.785 [JavaFX Application Thread] DEBUG Engine               - versionCheckDays: 7
07:08:31.785 [JavaFX Application Thread] DEBUG Engine               - masterTimer: com.almasb.fxgl.time.Timer@212f0da9
07:08:31.786 [JavaFX Application Thread] DEBUG Engine               - configClass: Optional.empty
07:08:31.786 [JavaFX Application Thread] DEBUG Engine               - version: 0.3
07:08:31.786 [JavaFX Application Thread] DEBUG Engine               - fullScreen: BooleanProperty [value: false]
07:08:31.786 [JavaFX Application Thread] DEBUG Engine               - dialogFactory: com.almasb.fxgl.ui.FXGLDialogFactory@7e674b55
07:08:31.786 [JavaFX Application Thread] DEBUG Engine               - applicationMode: DEVELOPER
07:08:31.786 [JavaFX Application Thread] DEBUG Engine               - isMac: false
07:08:31.786 [JavaFX Application Thread] DEBUG Engine               - urlGoogleForms: https://goo.gl/forms/6wrMnOBxTE1fEpOy2
07:08:31.786 [JavaFX Application Thread] DEBUG Engine               - isMenuEnabled: false
07:08:31.787 [JavaFX Application Thread] DEBUG Engine               - urlPOM: https://raw.githubusercontent.com/AlmasB/FXGL/master/pom.xml
07:08:31.787 [JavaFX Application Thread] DEBUG Engine               - profileName: user.profile
07:08:31.787 [JavaFX Application Thread] DEBUG Engine               - notificationViewClass: class com.almasb.fxgl.notification.view.XboxNotificationView
07:08:31.787 [JavaFX Application Thread] DEBUG Engine               - devSensorColorProperty: ObjectProperty [value: 0xffff00ff]
07:08:31.787 [JavaFX Application Thread] DEBUG Engine               - sceneFactory: com.almasb.fxgl.app.SceneFactory@46e708b1
07:08:31.787 [JavaFX Application Thread] DEBUG Engine               - dataFileExt: .dat
07:08:31.788 [JavaFX Application Thread] DEBUG Engine               - stageStyle: DECORATED
07:08:31.788 [JavaFX Application Thread] DEBUG Engine               - isManualResizeEnabled: false
07:08:31.788 [JavaFX Application Thread] DEBUG Engine               - title: Nuke Dungeons
07:08:31.788 [JavaFX Application Thread] DEBUG Engine               - platform: WINDOWS
07:08:31.788 [JavaFX Application Thread] DEBUG Engine               - devBBoxColorProperty: ObjectProperty [value: 0xff0000ff]
07:08:31.788 [JavaFX Application Thread] DEBUG Engine               - isDesktop: true
07:08:31.788 [JavaFX Application Thread] DEBUG Engine               - credits: []
07:08:31.789 [JavaFX Application Thread] DEBUG Engine               - globalMusicVolumeProperty: DoubleProperty [value: 0.5]
07:08:31.789 [JavaFX Application Thread] DEBUG Engine               - uIFactory: com.almasb.fxgl.ui.FXGLUIFactory@4a7fdf2a
07:08:31.789 [JavaFX Application Thread] DEBUG Engine               - isPreserveResizeRatio: false
07:08:31.789 [JavaFX Application Thread] DEBUG Engine               - fontText: Courier-Prime.ttf
07:08:31.789 [JavaFX Application Thread] DEBUG Engine               - isExperimentalTiledLargeMap: false
07:08:31.789 [JavaFX Application Thread] DEBUG Engine               - secondsIn24h: 60
07:08:31.789 [JavaFX Application Thread] DEBUG Engine               - runtimeInfo: RuntimeInfo(platform=WINDOWS, version=11.4, build=06.08.2019 18.29)
07:08:31.789 [JavaFX Application Thread] DEBUG Engine               - soundMenuPress: menu/press.wav
07:08:31.789 [JavaFX Application Thread] DEBUG Engine               - urlGithub: https://github.com/AlmasB/FXGL
07:08:31.790 [JavaFX Application Thread] DEBUG Engine               - isLinux: false
07:08:31.790 [JavaFX Application Thread] DEBUG Engine               - profileDir: profiles/
07:08:31.790 [JavaFX Application Thread] DEBUG Engine               - isDeveloperMenuEnabled: false
07:08:31.790 [JavaFX Application Thread] DEBUG Engine               - globalSoundVolumeProperty: DoubleProperty [value: 0.5]
07:08:31.790 [JavaFX Application Thread] DEBUG Engine               - isBrowser: false
07:08:31.790 [JavaFX Application Thread] DEBUG Engine               - urlLeaderboard: http://fxgl-top.herokuapp.com/
07:08:31.790 [JavaFX Application Thread] DEBUG Engine               - globalSoundVolume: 0.5
07:08:31.791 [JavaFX Application Thread] DEBUG Engine               - saveDir: saves/
07:08:31.791 [JavaFX Application Thread] DEBUG Engine               - engineServices: [class com.almasb.fxgl.audio.AudioPlayer, class com.almasb.fxgl.notification.impl.NotificationServiceProvider, class com.almasb.fxgl.achievement.AchievementManager]
07:08:31.791 [JavaFX Application Thread] DEBUG Engine               - globalMusicVolume: 0.5
07:08:31.791 [JavaFX Application Thread] DEBUG Engine               - width: 750
07:08:31.791 [JavaFX Application Thread] DEBUG Engine               - saveFileExt: .sav
07:08:31.791 [JavaFX Application Thread] DEBUG Engine               - isAndroid: false
07:08:31.791 [JavaFX Application Thread] DEBUG Engine               - fontUI: VarelaRound-Regular.ttf
07:08:31.792 [JavaFX Application Thread] DEBUG Engine               - enabledMenuItems: []
07:08:31.792 [JavaFX Application Thread] DEBUG Engine               - isIOS: false
07:08:31.821 [JavaFX Application Thread] INFO  Engine               - FXGL initialization took: 1,187 sec
07:08:31.821 [JavaFX Application Thread] DEBUG LoopRunner           - Starting loop
07:08:31.834 [JavaFX Application Thread] DEBUG StartupScene         - STARTUP
07:08:31.834 [JavaFX Application Thread] DEBUG Engine               - Starting new game
07:08:31.834 [JavaFX Application Thread] DEBUG MainWindow           - Applying CSS: fxgl_dark.css
07:08:31.834 [JavaFX Application Thread] DEBUG AssetLoader          - Loading from file system: /assets/ui/css/fxgl_dark.css
07:08:31.835 [JavaFX Application Thread] DEBUG AssetLoader          - Loading from file system: /assets/ui/cursors/fxgl_default.png
07:08:31.837 [JavaFX Application Thread] DEBUG Input                - Clearing active input actions
07:08:31.859 [JavaFX Application Thread] DEBUG MainWindow           - StartupScene -> LoadingScene
07:08:31.868 [JavaFX Application Thread] DEBUG Engine               - Removing overlay from StartupScene and adding to LoadingScene
07:08:31.869 [FXGL Background Thread 1 ] DEBUG InitAppTask          - Clearing previous game
07:08:31.869 [FXGL Background Thread 1 ] DEBUG GameWorld            - Clearing game world
07:08:31.869 [FXGL Background Thread 1 ] DEBUG PhysicsWorld         - Clearing physics world
07:08:31.869 [FXGL Background Thread 1 ] DEBUG GameScene            - Clearing game scene
07:08:31.869 [FXGL Background Thread 1 ] DEBUG InitAppTask          - Initializing Game
07:08:31.872 [FXGL Background Thread 1 ] DEBUG AssetLoader          - Loading from file system: /assets/textures/fondoNivel1.jpeg
07:08:31.931 [FXGL Background Thread 1 ] DEBUG AssetLoader          - Loading from file system: /assets/textures/player1.png
07:08:31.951 [FXGL Background Thread 1 ] DEBUG AssetLoader          - Loading from file system: /assets/textures/arma2.png
07:08:31.963 [FXGL Background Thread 1 ] DEBUG InitAppTask          - Initializing Physics
07:08:31.964 [FXGL Background Thread 1 ] DEBUG InitAppTask          - Initializing UI
07:08:31.967 [FXGL Background Thread 1 ] DEBUG InitAppTask          - Initialization Complete
07:08:31.968 [FXGL Background Thread 1 ] INFO  InitAppTask          - Game initialization took: 0,098 sec
07:08:32.064 [JavaFX Application Thread] DEBUG MainWindow           - Applying CSS: fxgl_dark.css
07:08:32.064 [JavaFX Application Thread] DEBUG AssetLoader          - Loading from file system: /assets/ui/css/fxgl_dark.css
07:08:32.066 [JavaFX Application Thread] DEBUG AssetLoader          - Loading from file system: /assets/ui/cursors/fxgl_default.png
07:08:32.067 [JavaFX Application Thread] DEBUG Input                - Clearing active input actions
07:08:32.085 [JavaFX Application Thread] DEBUG MainWindow           - LoadingScene -> GameScene
07:08:32.085 [JavaFX Application Thread] DEBUG Engine               - Removing overlay from LoadingScene and adding to GameScene
07:08:32.954 [JavaFX Application Thread] DEBUG AssetLoader          - Loading from file system: /assets/textures/enemy1.png
07:08:33.706 [JavaFX Application Thread] DEBUG AssetLoader          - Loading from cache: /assets/textures/enemy1.png
07:08:33.995 [JavaFX Application Thread] DEBUG AssetLoader          - Loading from file system: /assets/textures/bullet.png
07:08:34.136 [JavaFX Application Thread] DEBUG AssetLoader          - Loading from cache: /assets/textures/bullet.png
07:08:34.258 [JavaFX Application Thread] DEBUG AssetLoader          - Loading from file system: /assets/textures/explosion.png
07:08:34.463 [JavaFX Application Thread] DEBUG AssetLoader          - Loading from cache: /assets/textures/enemy1.png
07:08:34.894 [JavaFX Application Thread] DEBUG AssetLoader          - Loading from cache: /assets/textures/explosion.png
07:08:34.960 [JavaFX Application Thread] DEBUG AssetLoader          - Loading from cache: /assets/textures/bullet.png
07:08:35.137 [JavaFX Application Thread] DEBUG AssetLoader          - Loading from cache: /assets/textures/bullet.png
07:08:35.195 [JavaFX Application Thread] DEBUG AssetLoader          - Loading from cache: /assets/textures/enemy1.png
07:08:35.319 [JavaFX Application Thread] DEBUG AssetLoader          - Loading from cache: /assets/textures/bullet.png
07:08:35.415 [JavaFX Application Thread] DEBUG AssetLoader          - Loading from cache: /assets/textures/explosion.png
07:08:35.856 [JavaFX Application Thread] DEBUG AssetLoader          - Loading from cache: /assets/textures/bullet.png
07:08:35.920 [JavaFX Application Thread] DEBUG AssetLoader          - Loading from cache: /assets/textures/enemy1.png
07:08:36.008 [JavaFX Application Thread] DEBUG AssetLoader          - Loading from cache: /assets/textures/bullet.png
07:08:36.240 [JavaFX Application Thread] DEBUG AssetLoader          - Loading from cache: /assets/textures/bullet.png
07:08:36.415 [JavaFX Application Thread] DEBUG AssetLoader          - Loading from cache: /assets/textures/bullet.png
07:08:36.525 [JavaFX Application Thread] DEBUG AssetLoader          - Loading from cache: /assets/textures/explosion.png
07:08:36.592 [JavaFX Application Thread] DEBUG AssetLoader          - Loading from cache: /assets/textures/bullet.png
07:08:36.651 [JavaFX Application Thread] DEBUG AssetLoader          - Loading from cache: /assets/textures/enemy1.png
07:08:36.800 [JavaFX Application Thread] DEBUG AssetLoader          - Loading from cache: /assets/textures/bullet.png
07:08:36.959 [JavaFX Application Thread] DEBUG AssetLoader          - Loading from cache: /assets/textures/bullet.png
07:08:36.967 [JavaFX Application Thread] DEBUG AssetLoader          - Loading from cache: /assets/textures/explosion.png
07:08:37.112 [JavaFX Application Thread] DEBUG AssetLoader          - Loading from cache: /assets/textures/bullet.png
07:08:37.185 [JavaFX Application Thread] DEBUG AssetLoader          - Loading from cache: /assets/textures/explosion.png
07:08:37.279 [JavaFX Application Thread] DEBUG AssetLoader          - Loading from cache: /assets/textures/bullet.png
07:08:37.377 [JavaFX Application Thread] DEBUG AssetLoader          - Loading from cache: /assets/textures/enemy1.png
07:08:37.378 [JavaFX Application Thread] DEBUG AssetLoader          - Loading from cache: /assets/textures/explosion.png
07:08:38.107 [JavaFX Application Thread] DEBUG AssetLoader          - Loading from cache: /assets/textures/enemy1.png
07:08:38.840 [JavaFX Application Thread] DEBUG AssetLoader          - Loading from cache: /assets/textures/enemy1.png
07:08:39.255 [JavaFX Application Thread] DEBUG AssetLoader          - Loading from cache: /assets/textures/bullet.png
07:08:39.287 [JavaFX Application Thread] DEBUG AssetLoader          - Loading from cache: /assets/textures/explosion.png
07:08:39.441 [JavaFX Application Thread] DEBUG AssetLoader          - Loading from cache: /assets/textures/bullet.png
07:08:39.569 [JavaFX Application Thread] DEBUG AssetLoader          - Loading from cache: /assets/textures/enemy1.png
07:08:39.639 [JavaFX Application Thread] DEBUG AssetLoader          - Loading from cache: /assets/textures/bullet.png
07:08:39.641 [JavaFX Application Thread] DEBUG AssetLoader          - Loading from cache: /assets/textures/explosion.png
07:08:39.799 [JavaFX Application Thread] DEBUG AssetLoader          - Loading from cache: /assets/textures/bullet.png
07:08:39.887 [JavaFX Application Thread] DEBUG AssetLoader          - Loading from cache: /assets/textures/explosion.png
07:08:39.888 [JavaFX Application Thread] DEBUG AssetLoader          - Loading from file system: /assets/textures/arma1.png
07:08:39.935 [JavaFX Application Thread] DEBUG AssetLoader          - Loading from cache: /assets/textures/bullet.png
07:08:40.071 [JavaFX Application Thread] DEBUG AssetLoader          - Loading from cache: /assets/textures/bullet.png
07:08:40.620 [JavaFX Application Thread] DEBUG AssetLoader          - Loading from file system: /assets/textures/enemy2.png
07:08:40.626 [JavaFX Application Thread] DEBUG AssetLoader          - Loading from cache: /assets/textures/enemy1.png
07:08:40.627 [JavaFX Application Thread] DEBUG AssetLoader          - Loading from cache: /assets/textures/explosion.png
07:08:40.657 [JavaFX Application Thread] DEBUG AssetLoader          - Loading from cache: /assets/textures/explosion.png
07:08:41.353 [JavaFX Application Thread] DEBUG AssetLoader          - Loading from cache: /assets/textures/enemy2.png
07:08:41.355 [JavaFX Application Thread] DEBUG AssetLoader          - Loading from cache: /assets/textures/enemy1.png
07:08:42.087 [JavaFX Application Thread] DEBUG AssetLoader          - Loading from cache: /assets/textures/enemy2.png
07:08:42.088 [JavaFX Application Thread] DEBUG AssetLoader          - Loading from cache: /assets/textures/enemy1.png
07:08:42.103 [JavaFX Application Thread] DEBUG AssetLoader          - Loading from cache: /assets/textures/bullet.png
07:08:42.287 [JavaFX Application Thread] DEBUG AssetLoader          - Loading from cache: /assets/textures/bullet.png
07:08:42.454 [JavaFX Application Thread] DEBUG AssetLoader          - Loading from cache: /assets/textures/bullet.png
07:08:42.735 [JavaFX Application Thread] DEBUG AssetLoader          - Loading from cache: /assets/textures/bullet.png
07:08:42.761 [JavaFX Application Thread] DEBUG AssetLoader          - Loading from cache: /assets/textures/explosion.png
07:08:42.816 [JavaFX Application Thread] DEBUG AssetLoader          - Loading from cache: /assets/textures/enemy2.png
07:08:42.817 [JavaFX Application Thread] DEBUG AssetLoader          - Loading from cache: /assets/textures/enemy1.png
07:08:43.088 [JavaFX Application Thread] DEBUG AssetLoader          - Loading from cache: /assets/textures/explosion.png
07:08:43.207 [JavaFX Application Thread] DEBUG AssetLoader          - Loading from cache: /assets/textures/bullet.png
07:08:43.548 [JavaFX Application Thread] DEBUG AssetLoader          - Loading from cache: /assets/textures/enemy2.png
07:08:43.548 [JavaFX Application Thread] DEBUG AssetLoader          - Loading from cache: /assets/textures/enemy1.png
07:08:43.688 [JavaFX Application Thread] DEBUG AssetLoader          - Loading from cache: /assets/textures/bullet.png
07:08:43.689 [JavaFX Application Thread] DEBUG AssetLoader          - Loading from cache: /assets/textures/explosion.png
07:08:43.855 [JavaFX Application Thread] DEBUG AssetLoader          - Loading from cache: /assets/textures/bullet.png
07:08:43.899 [JavaFX Application Thread] DEBUG AssetLoader          - Loading from cache: /assets/textures/explosion.png
07:08:44.063 [JavaFX Application Thread] DEBUG AssetLoader          - Loading from cache: /assets/textures/bullet.png
07:08:44.128 [JavaFX Application Thread] DEBUG AssetLoader          - Loading from cache: /assets/textures/explosion.png
07:08:44.167 [JavaFX Application Thread] DEBUG AssetLoader          - Loading from cache: /assets/textures/bullet.png
07:08:44.273 [JavaFX Application Thread] DEBUG AssetLoader          - Loading from cache: /assets/textures/enemy2.png
07:08:44.295 [JavaFX Application Thread] DEBUG AssetLoader          - Loading from cache: /assets/textures/bullet.png
07:08:44.369 [JavaFX Application Thread] DEBUG AssetLoader          - Loading from cache: /assets/textures/explosion.png
07:08:44.557 [JavaFX Application Thread] DEBUG AssetLoader          - Loading from cache: /assets/textures/explosion.png
07:08:44.807 [JavaFX Application Thread] DEBUG AssetLoader          - Loading from cache: /assets/textures/bullet.png
07:08:45.016 [JavaFX Application Thread] DEBUG AssetLoader          - Loading from cache: /assets/textures/bullet.png
07:08:45.050 [JavaFX Application Thread] DEBUG AssetLoader          - Loading from cache: /assets/textures/enemy2.png
07:08:45.072 [JavaFX Application Thread] DEBUG AssetLoader          - Loading from cache: /assets/textures/explosion.png
07:08:45.519 [JavaFX Application Thread] DEBUG AssetLoader          - Loading from cache: /assets/textures/bullet.png
07:08:45.691 [JavaFX Application Thread] DEBUG AssetLoader          - Loading from cache: /assets/textures/explosion.png
07:08:45.719 [JavaFX Application Thread] DEBUG AssetLoader          - Loading from cache: /assets/textures/bullet.png
07:08:45.895 [JavaFX Application Thread] DEBUG AssetLoader          - Loading from cache: /assets/textures/enemy2.png
07:08:46.607 [JavaFX Application Thread] DEBUG AssetLoader          - Loading from cache: /assets/textures/bullet.png
07:08:46.759 [JavaFX Application Thread] DEBUG AssetLoader          - Loading from cache: /assets/textures/bullet.png
07:08:46.765 [JavaFX Application Thread] DEBUG AssetLoader          - Loading from cache: /assets/textures/enemy2.png
07:08:46.766 [JavaFX Application Thread] DEBUG AssetLoader          - Loading from cache: /assets/textures/explosion.png
07:08:46.983 [JavaFX Application Thread] DEBUG AssetLoader          - Loading from cache: /assets/textures/bullet.png
07:08:47.119 [JavaFX Application Thread] DEBUG AssetLoader          - Loading from cache: /assets/textures/bullet.png
07:08:47.279 [JavaFX Application Thread] DEBUG AssetLoader          - Loading from cache: /assets/textures/bullet.png
07:08:47.438 [JavaFX Application Thread] DEBUG AssetLoader          - Loading from cache: /assets/textures/bullet.png
07:08:47.696 [JavaFX Application Thread] DEBUG AssetLoader          - Loading from cache: /assets/textures/bullet.png
07:08:47.697 [JavaFX Application Thread] DEBUG AssetLoader          - Loading from cache: /assets/textures/enemy2.png
07:08:48.399 [JavaFX Application Thread] DEBUG AssetLoader          - Loading from cache: /assets/textures/bullet.png
07:08:48.695 [JavaFX Application Thread] DEBUG AssetLoader          - Loading from cache: /assets/textures/bullet.png
07:08:48.847 [JavaFX Application Thread] DEBUG AssetLoader          - Loading from cache: /assets/textures/bullet.png
07:08:48.999 [JavaFX Application Thread] DEBUG AssetLoader          - Loading from cache: /assets/textures/bullet.png
07:08:49.247 [JavaFX Application Thread] DEBUG AssetLoader          - Loading from cache: /assets/textures/bullet.png
07:08:49.375 [JavaFX Application Thread] DEBUG AssetLoader          - Loading from cache: /assets/textures/bullet.png
07:08:49.387 [JavaFX Application Thread] DEBUG AssetLoader          - Loading from cache: /assets/textures/explosion.png
07:08:49.527 [JavaFX Application Thread] DEBUG AssetLoader          - Loading from cache: /assets/textures/bullet.png
07:08:49.919 [JavaFX Application Thread] DEBUG AssetLoader          - Loading from cache: /assets/textures/bullet.png
07:08:50.119 [JavaFX Application Thread] DEBUG AssetLoader          - Loading from cache: /assets/textures/bullet.png
07:08:50.177 [JavaFX Application Thread] DEBUG AssetLoader          - Loading from cache: /assets/textures/explosion.png
07:08:50.236 [JavaFX Application Thread] DEBUG AssetLoader          - Loading from cache: /assets/textures/explosion.png
07:08:50.238 [JavaFX Application Thread] DEBUG AssetLoader          - Loading from file system: /assets/textures/vida.png
07:08:51.200 [JavaFX Application Thread] DEBUG AssetLoader          - Loading from cache: /assets/textures/enemy2.png
07:08:51.201 [JavaFX Application Thread] DEBUG AssetLoader          - Loading from cache: /assets/textures/enemy1.png
07:08:51.975 [JavaFX Application Thread] DEBUG AssetLoader          - Loading from cache: /assets/textures/bullet.png
07:08:52.225 [JavaFX Application Thread] DEBUG AssetLoader          - Loading from cache: /assets/textures/enemy2.png
07:08:52.226 [JavaFX Application Thread] DEBUG AssetLoader          - Loading from cache: /assets/textures/enemy1.png
07:08:52.264 [JavaFX Application Thread] DEBUG AssetLoader          - Loading from cache: /assets/textures/bullet.png
07:08:52.408 [JavaFX Application Thread] DEBUG AssetLoader          - Loading from cache: /assets/textures/bullet.png
07:08:52.417 [JavaFX Application Thread] DEBUG AssetLoader          - Loading from cache: /assets/textures/explosion.png
07:08:52.663 [JavaFX Application Thread] DEBUG AssetLoader          - Loading from cache: /assets/textures/bullet.png
07:08:52.813 [JavaFX Application Thread] DEBUG AssetLoader          - Loading from cache: /assets/textures/explosion.png
07:08:52.863 [JavaFX Application Thread] DEBUG AssetLoader          - Loading from cache: /assets/textures/bullet.png
07:08:53.170 [JavaFX Application Thread] DEBUG AssetLoader          - Loading from cache: /assets/textures/explosion.png
07:08:53.313 [JavaFX Application Thread] DEBUG AssetLoader          - Loading from cache: /assets/textures/enemy2.png
07:08:53.313 [JavaFX Application Thread] DEBUG AssetLoader          - Loading from cache: /assets/textures/enemy1.png
07:08:53.895 [JavaFX Application Thread] DEBUG AssetLoader          - Loading from cache: /assets/textures/bullet.png
07:08:54.095 [JavaFX Application Thread] DEBUG AssetLoader          - Loading from cache: /assets/textures/bullet.png
07:08:54.287 [JavaFX Application Thread] DEBUG AssetLoader          - Loading from cache: /assets/textures/bullet.png
07:08:54.336 [JavaFX Application Thread] DEBUG AssetLoader          - Loading from cache: /assets/textures/explosion.png
07:08:54.397 [JavaFX Application Thread] DEBUG AssetLoader          - Loading from cache: /assets/textures/enemy2.png
07:08:54.398 [JavaFX Application Thread] DEBUG AssetLoader          - Loading from cache: /assets/textures/enemy1.png
07:08:54.399 [JavaFX Application Thread] DEBUG AssetLoader          - Loading from cache: /assets/textures/explosion.png
07:08:54.519 [JavaFX Application Thread] DEBUG AssetLoader          - Loading from cache: /assets/textures/bullet.png
07:08:54.759 [JavaFX Application Thread] DEBUG AssetLoader          - Loading from cache: /assets/textures/bullet.png
07:08:54.762 [JavaFX Application Thread] DEBUG AssetLoader          - Loading from cache: /assets/textures/explosion.png
07:08:54.850 [JavaFX Application Thread] DEBUG AssetLoader          - Loading from cache: /assets/textures/explosion.png
07:08:55.488 [JavaFX Application Thread] DEBUG AssetLoader          - Loading from cache: /assets/textures/enemy2.png
07:08:55.491 [JavaFX Application Thread] DEBUG AssetLoader          - Loading from cache: /assets/textures/enemy1.png
07:08:55.895 [JavaFX Application Thread] DEBUG AssetLoader          - Loading from cache: /assets/textures/bullet.png
07:08:56.111 [JavaFX Application Thread] DEBUG AssetLoader          - Loading from cache: /assets/textures/bullet.png
07:08:56.295 [JavaFX Application Thread] DEBUG AssetLoader          - Loading from cache: /assets/textures/bullet.png
07:08:56.592 [JavaFX Application Thread] DEBUG AssetLoader          - Loading from cache: /assets/textures/enemy2.png
07:08:56.592 [JavaFX Application Thread] DEBUG AssetLoader          - Loading from cache: /assets/textures/enemy1.png
07:08:56.620 [JavaFX Application Thread] DEBUG AssetLoader          - Loading from cache: /assets/textures/explosion.png
07:08:56.655 [JavaFX Application Thread] DEBUG AssetLoader          - Loading from cache: /assets/textures/bullet.png
07:08:56.656 [JavaFX Application Thread] DEBUG AssetLoader          - Loading from cache: /assets/textures/explosion.png
07:08:56.863 [JavaFX Application Thread] DEBUG AssetLoader          - Loading from cache: /assets/textures/bullet.png
07:08:57.063 [JavaFX Application Thread] DEBUG AssetLoader          - Loading from cache: /assets/textures/bullet.png
07:08:57.152 [JavaFX Application Thread] DEBUG AssetLoader          - Loading from cache: /assets/textures/explosion.png
07:08:57.271 [JavaFX Application Thread] DEBUG AssetLoader          - Loading from cache: /assets/textures/bullet.png
07:08:57.487 [JavaFX Application Thread] DEBUG AssetLoader          - Loading from cache: /assets/textures/bullet.png
07:08:57.601 [JavaFX Application Thread] DEBUG AssetLoader          - Loading from cache: /assets/textures/explosion.png
07:08:57.740 [JavaFX Application Thread] DEBUG AssetLoader          - Loading from cache: /assets/textures/enemy2.png
07:08:57.740 [JavaFX Application Thread] DEBUG AssetLoader          - Loading from cache: /assets/textures/enemy1.png
07:08:57.823 [JavaFX Application Thread] DEBUG AssetLoader          - Loading from cache: /assets/textures/bullet.png
07:08:58.079 [JavaFX Application Thread] DEBUG AssetLoader          - Loading from cache: /assets/textures/bullet.png
07:08:58.317 [JavaFX Application Thread] DEBUG AssetLoader          - Loading from cache: /assets/textures/bullet.png
07:08:58.335 [JavaFX Application Thread] DEBUG AssetLoader          - Loading from cache: /assets/textures/explosion.png
07:08:58.880 [JavaFX Application Thread] DEBUG AssetLoader          - Loading from cache: /assets/textures/enemy2.png
07:08:58.881 [JavaFX Application Thread] DEBUG AssetLoader          - Loading from cache: /assets/textures/enemy1.png
07:08:58.984 [JavaFX Application Thread] DEBUG AssetLoader          - Loading from cache: /assets/textures/bullet.png
07:08:59.151 [JavaFX Application Thread] DEBUG AssetLoader          - Loading from cache: /assets/textures/bullet.png
07:08:59.471 [JavaFX Application Thread] DEBUG AssetLoader          - Loading from cache: /assets/textures/bullet.png
07:08:59.531 [JavaFX Application Thread] DEBUG AssetLoader          - Loading from cache: /assets/textures/explosion.png
07:08:59.864 [JavaFX Application Thread] DEBUG AssetLoader          - Loading from cache: /assets/textures/bullet.png
07:09:00.047 [JavaFX Application Thread] DEBUG AssetLoader          - Loading from cache: /assets/textures/bullet.png
07:09:00.059 [JavaFX Application Thread] DEBUG AssetLoader          - Loading from cache: /assets/textures/enemy2.png
07:09:00.060 [JavaFX Application Thread] DEBUG AssetLoader          - Loading from cache: /assets/textures/enemy1.png
07:09:00.128 [JavaFX Application Thread] DEBUG AssetLoader          - Loading from cache: /assets/textures/explosion.png
07:09:00.397 [JavaFX Application Thread] DEBUG AssetLoader          - Loading from cache: /assets/textures/explosion.png
07:09:01.280 [JavaFX Application Thread] DEBUG AssetLoader          - Loading from cache: /assets/textures/enemy2.png
07:09:01.281 [JavaFX Application Thread] DEBUG AssetLoader          - Loading from cache: /assets/textures/enemy1.png
07:09:02.046 [JavaFX Application Thread] DEBUG AssetLoader          - Loading from cache: /assets/textures/bullet.png
07:09:02.191 [JavaFX Application Thread] DEBUG AssetLoader          - Loading from cache: /assets/textures/bullet.png
07:09:02.360 [JavaFX Application Thread] DEBUG AssetLoader          - Loading from cache: /assets/textures/bullet.png
07:09:02.544 [JavaFX Application Thread] DEBUG AssetLoader          - Loading from cache: /assets/textures/explosion.png
07:09:02.551 [JavaFX Application Thread] DEBUG AssetLoader          - Loading from cache: /assets/textures/bullet.png
07:09:02.593 [JavaFX Application Thread] DEBUG AssetLoader          - Loading from cache: /assets/textures/enemy2.png
07:09:02.594 [JavaFX Application Thread] DEBUG AssetLoader          - Loading from cache: /assets/textures/enemy1.png
07:09:02.783 [JavaFX Application Thread] DEBUG AssetLoader          - Loading from cache: /assets/textures/bullet.png
07:09:02.975 [JavaFX Application Thread] DEBUG AssetLoader          - Loading from cache: /assets/textures/bullet.png
07:09:02.992 [JavaFX Application Thread] DEBUG AssetLoader          - Loading from cache: /assets/textures/explosion.png
07:09:03.231 [JavaFX Application Thread] DEBUG AssetLoader          - Loading from cache: /assets/textures/bullet.png
07:09:03.446 [JavaFX Application Thread] DEBUG AssetLoader          - Loading from cache: /assets/textures/bullet.png
07:09:03.537 [JavaFX Application Thread] DEBUG AssetLoader          - Loading from cache: /assets/textures/explosion.png
07:09:03.568 [JavaFX Application Thread] DEBUG AssetLoader          - Loading from cache: /assets/textures/explosion.png
07:09:03.695 [JavaFX Application Thread] DEBUG AssetLoader          - Loading from cache: /assets/textures/bullet.png
07:09:03.921 [JavaFX Application Thread] DEBUG AssetLoader          - Loading from cache: /assets/textures/bullet.png
07:09:04.127 [JavaFX Application Thread] DEBUG AssetLoader          - Loading from cache: /assets/textures/bullet.png
07:09:04.161 [JavaFX Application Thread] DEBUG AssetLoader          - Loading from cache: /assets/textures/enemy2.png
07:09:04.161 [JavaFX Application Thread] DEBUG AssetLoader          - Loading from cache: /assets/textures/enemy1.png
07:09:04.161 [JavaFX Application Thread] DEBUG AssetLoader          - Loading from cache: /assets/textures/explosion.png
07:09:04.320 [JavaFX Application Thread] DEBUG AssetLoader          - Loading from cache: /assets/textures/bullet.png
07:09:04.417 [JavaFX Application Thread] DEBUG AssetLoader          - Loading from cache: /assets/textures/explosion.png
07:09:04.540 [JavaFX Application Thread] DEBUG AssetLoader          - Loading from cache: /assets/textures/bullet.png
07:09:04.727 [JavaFX Application Thread] DEBUG AssetLoader          - Loading from cache: /assets/textures/bullet.png
07:09:04.832 [JavaFX Application Thread] DEBUG AssetLoader          - Loading from cache: /assets/textures/explosion.png
07:09:04.911 [JavaFX Application Thread] DEBUG AssetLoader          - Loading from cache: /assets/textures/bullet.png
07:09:05.095 [JavaFX Application Thread] DEBUG AssetLoader          - Loading from cache: /assets/textures/bullet.png
07:09:05.280 [JavaFX Application Thread] DEBUG AssetLoader          - Loading from cache: /assets/textures/explosion.png
07:09:05.307 [JavaFX Application Thread] DEBUG AssetLoader          - Loading from cache: /assets/textures/bullet.png
07:09:05.697 [JavaFX Application Thread] DEBUG AssetLoader          - Loading from cache: /assets/textures/enemy2.png
07:09:05.697 [JavaFX Application Thread] DEBUG AssetLoader          - Loading from cache: /assets/textures/enemy1.png
07:09:05.698 [JavaFX Application Thread] DEBUG AssetLoader          - Loading from cache: /assets/textures/explosion.png
07:09:05.919 [JavaFX Application Thread] DEBUG AssetLoader          - Loading from cache: /assets/textures/explosion.png
07:09:07.120 [JavaFX Application Thread] DEBUG AssetLoader          - Loading from cache: /assets/textures/bullet.png
07:09:07.248 [JavaFX Application Thread] DEBUG AssetLoader          - Loading from cache: /assets/textures/enemy2.png
07:09:07.248 [JavaFX Application Thread] DEBUG AssetLoader          - Loading from cache: /assets/textures/enemy1.png
07:09:07.249 [JavaFX Application Thread] DEBUG AssetLoader          - Loading from cache: /assets/textures/explosion.png
07:09:07.271 [JavaFX Application Thread] DEBUG AssetLoader          - Loading from cache: /assets/textures/bullet.png
07:09:07.471 [JavaFX Application Thread] DEBUG AssetLoader          - Loading from cache: /assets/textures/bullet.png
07:09:07.745 [JavaFX Application Thread] DEBUG AssetLoader          - Loading from cache: /assets/textures/explosion.png
07:09:08.256 [JavaFX Application Thread] DEBUG AssetLoader          - Loading from cache: /assets/textures/explosion.png
07:09:08.861 [JavaFX Application Thread] DEBUG AssetLoader          - Loading from cache: /assets/textures/enemy2.png
07:09:08.862 [JavaFX Application Thread] DEBUG AssetLoader          - Loading from cache: /assets/textures/enemy1.png
07:09:10.185 [JavaFX Application Thread] DEBUG AssetLoader          - Loading from cache: /assets/textures/bullet.png
07:09:10.396 [JavaFX Application Thread] DEBUG AssetLoader          - Loading from cache: /assets/textures/bullet.png
07:09:10.497 [JavaFX Application Thread] DEBUG AssetLoader          - Loading from cache: /assets/textures/enemy1.png
07:09:10.684 [JavaFX Application Thread] DEBUG AssetLoader          - Loading from cache: /assets/textures/bullet.png
07:09:10.752 [JavaFX Application Thread] DEBUG AssetLoader          - Loading from cache: /assets/textures/explosion.png
07:09:10.897 [JavaFX Application Thread] DEBUG AssetLoader          - Loading from cache: /assets/textures/bullet.png
07:09:11.088 [JavaFX Application Thread] DEBUG AssetLoader          - Loading from cache: /assets/textures/bullet.png
07:09:11.569 [JavaFX Application Thread] DEBUG AssetLoader          - Loading from cache: /assets/textures/explosion.png
07:09:12.112 [JavaFX Application Thread] DEBUG AssetLoader          - Loading from cache: /assets/textures/explosion.png
07:09:12.160 [JavaFX Application Thread] DEBUG AssetLoader          - Loading from cache: /assets/textures/enemy1.png
07:09:12.736 [JavaFX Application Thread] DEBUG AssetLoader          - Loading from cache: /assets/textures/bullet.png
07:09:12.934 [JavaFX Application Thread] DEBUG AssetLoader          - Loading from cache: /assets/textures/bullet.png
07:09:13.246 [JavaFX Application Thread] DEBUG AssetLoader          - Loading from cache: /assets/textures/bullet.png
07:09:13.824 [JavaFX Application Thread] DEBUG AssetLoader          - Loading from cache: /assets/textures/enemy1.png
07:09:14.664 [JavaFX Application Thread] DEBUG AssetLoader          - Loading from cache: /assets/textures/bullet.png
07:09:14.833 [JavaFX Application Thread] DEBUG AssetLoader          - Loading from cache: /assets/textures/bullet.png
07:09:15.487 [JavaFX Application Thread] DEBUG AssetLoader          - Loading from cache: /assets/textures/enemy1.png
07:09:16.079 [JavaFX Application Thread] DEBUG AssetLoader          - Loading from cache: /assets/textures/explosion.png
07:09:16.256 [JavaFX Application Thread] DEBUG AssetLoader          - Loading from cache: /assets/textures/explosion.png
07:09:16.840 [JavaFX Application Thread] DEBUG AssetLoader          - Loading from cache: /assets/textures/bullet.png
07:09:17.184 [JavaFX Application Thread] DEBUG AssetLoader          - Loading from cache: /assets/textures/enemy1.png
07:09:17.215 [JavaFX Application Thread] DEBUG AssetLoader          - Loading from cache: /assets/textures/bullet.png
07:09:17.280 [JavaFX Application Thread] DEBUG AssetLoader          - Loading from cache: /assets/textures/explosion.png
07:09:18.942 [JavaFX Application Thread] DEBUG Engine               - Exiting FXGL
07:09:18.942 [JavaFX Application Thread] DEBUG Engine               - Shutting down background threads
07:09:18.942 [JavaFX Application Thread] DEBUG Engine               - Saving FXGL system data
07:09:18.946 [JavaFX Application Thread] DEBUG FSServiceImpl        - Writing to: C:\Users\daron\Downloads\workspace\Programas java\Avanzado\Game2D\system\fxgl.bundle
07:09:18.949 [JavaFX Application Thread] DEBUG Engine               - Closing logger and exiting JavaFX
