14:00:41.410 [main                     ] DEBUG GameApplication      - Logger initialized
14:00:41.412 [main                     ] DEBUG GameApplication      - Logging settings
Title: Dungeons
Version: 0.1
Width: 750
Height: 750
Fullscreen: false
Intro: false
Menus: false
Profiling: false
Single step:false
App Mode: DEVELOPER
Menu Key: ESCAPE
Stage Style: DECORATED
Scene Factory: class com.almasb.fxgl.app.SceneFactory
Dialog Factory: class com.almasb.fxgl.ui.FXGLDialogFactory
UI Factory: class com.almasb.fxgl.ui.FXGLUIFactory

14:00:41.705 [JavaFX Application Thread] DEBUG Engine               - Initializing FXGL
14:00:41.705 [JavaFX Application Thread] INFO  Engine               - FXGL-11.4 (06.08.2019 18.29) on WINDOWS (J:18.0.2 FX:12.0.1)
14:00:41.706 [JavaFX Application Thread] INFO  Engine               - Source code and latest versions at: https://github.com/AlmasB/FXGL
14:00:41.706 [JavaFX Application Thread] INFO  Engine               -              Join the FXGL chat at: https://gitter.im/AlmasB/FXGL
14:00:41.708 [JavaFX Application Thread] DEBUG Engine               - Adding new engine service: class com.almasb.fxgl.audio.AudioPlayer
14:00:41.709 [JavaFX Application Thread] DEBUG Engine               - Adding new engine service: class com.almasb.fxgl.notification.impl.NotificationServiceProvider
14:00:41.709 [JavaFX Application Thread] DEBUG Engine               - Adding new engine service: class com.almasb.fxgl.achievement.AchievementManager
14:00:41.713 [JavaFX Application Thread] DEBUG FS                   - Loaded FSServiceImpl
14:00:41.713 [JavaFX Application Thread] DEBUG SaveLoadManager      - Checking profiles dir: profiles/
14:00:41.713 [JavaFX Application Thread] DEBUG Engine               - Loading localizations
14:00:41.722 [JavaFX Application Thread] DEBUG AssetLoader          - Loading from file system: /assets/properties/languages/english.properties
14:00:41.723 [JavaFX Application Thread] DEBUG AssetLoader          - Loading from file system: /assets/properties/languages/french.properties
14:00:41.724 [JavaFX Application Thread] DEBUG AssetLoader          - Loading from file system: /assets/properties/languages/german.properties
14:00:41.725 [JavaFX Application Thread] DEBUG AssetLoader          - Loading from file system: /assets/properties/languages/russian.properties
14:00:41.726 [JavaFX Application Thread] DEBUG AssetLoader          - Loading from file system: /assets/properties/languages/hungarian.properties
14:00:41.728 [JavaFX Application Thread] DEBUG Engine               - Registering font factories
14:00:41.728 [JavaFX Application Thread] DEBUG AssetLoader          - Loading from file system: /assets/ui/fonts/VarelaRound-Regular.ttf
14:00:41.783 [JavaFX Application Thread] DEBUG AssetLoader          - Loading from file system: /assets/ui/fonts/Abel-Regular.ttf
14:00:41.786 [JavaFX Application Thread] DEBUG AssetLoader          - Loading from file system: /assets/ui/fonts/lucida_console.ttf
14:00:41.791 [JavaFX Application Thread] DEBUG AssetLoader          - Loading from file system: /assets/ui/fonts/Courier-Prime.ttf
14:00:41.794 [JavaFX Application Thread] DEBUG Engine               - Setting UI factory
14:00:41.866 [JavaFX Application Thread] DEBUG AssetLoader          - Loading from file system: /assets/textures/fxgl_logo.png
14:00:41.914 [JavaFX Application Thread] DEBUG MainWindow           - Creating a JavaFX scene
14:00:41.945 [JavaFX Application Thread] DEBUG MainWindow           - Target settings size: 750.0 x 750.0
14:00:41.945 [JavaFX Application Thread] DEBUG MainWindow           - Scaled scene size:    750.0 x 750.0
14:00:41.945 [JavaFX Application Thread] DEBUG MainWindow           - Scaled ratio: (1.0, 1.0)
14:00:41.946 [JavaFX Application Thread] DEBUG MainWindow           - Applying CSS: fxgl_dark.css
14:00:41.947 [JavaFX Application Thread] DEBUG AssetLoader          - Loading from file system: /assets/ui/css/fxgl_dark.css
14:00:41.947 [JavaFX Application Thread] DEBUG AssetLoader          - Loading from file system: /assets/ui/cursors/fxgl_default.png
14:00:41.952 [JavaFX Application Thread] DEBUG Input                - Clearing active input actions
14:00:41.952 [JavaFX Application Thread] DEBUG MainWindow           - StartupScene -> StartupScene
14:00:41.955 [JavaFX Application Thread] DEBUG AssetLoader          - Loading from file system: /assets/textures/fxgl_icon.png
14:00:41.967 [JavaFX Application Thread] DEBUG MainWindow           - Opening main window
14:00:42.082 [JavaFX Application Thread] DEBUG MainWindow           - Window border size: (14.79998779296875, 38.0)
14:00:42.082 [JavaFX Application Thread] DEBUG MainWindow           - Scaled size: 750.0 x 750.0
14:00:42.082 [JavaFX Application Thread] DEBUG MainWindow           - Scaled ratio: (1.0, 1.0)
14:00:42.082 [JavaFX Application Thread] DEBUG MainWindow           - Scene size: 750.0 x 750.0
14:00:42.083 [JavaFX Application Thread] DEBUG MainWindow           - Stage size: 764.7999877929688 x 788.0
14:00:42.088 [FXGL Background Thread 1 ] DEBUG FS                   - Loaded FSServiceImpl
14:00:42.088 [FXGL Background Thread 1 ] DEBUG Engine               - Loading FXGL system data
14:00:42.094 [FXGL Background Thread 1 ] DEBUG FSServiceImpl        - Reading from: C:\Users\daron\Downloads\workspace\Programas java\Avanzado\Game2D\system\fxgl.bundle
14:00:42.106 [FXGL Background Thread 1 ] DEBUG Engine               - Bundle FXGL: {}
14:00:42.106 [FXGL Background Thread 1 ] DEBUG Engine               - Initializing application scenes
14:00:42.130 [FXGL Background Thread 1 ] DEBUG GameWorld            - Game world initialized
14:00:42.170 [FXGL Background Thread 1 ] DEBUG PhysicsWorld         - Physics world initialized: appHeight=750, physics.ppm=50,0
14:00:42.172 [FXGL Background Thread 1 ] DEBUG GameScene            - Game scene initialized: 750x750
14:00:42.189 [FXGL Background Thread 1 ] DEBUG Input                - Registered new binding: Resume - Esc
14:00:42.189 [FXGL Background Thread 1 ] DEBUG AssetLoader          - Loading from file system: /assets/textures/pause_menu_bg.png
14:00:42.205 [FXGL Background Thread 1 ] DEBUG Input                - Registered new binding: Pause - Esc
14:00:42.205 [FXGL Background Thread 1 ] DEBUG Engine               - Application scenes initialized
14:00:42.208 [JavaFX Application Thread] DEBUG Engine               - Running preInit()
14:00:42.208 [JavaFX Application Thread] DEBUG Input                - Registered new binding: Screenshot - P
14:00:42.209 [JavaFX Application Thread] DEBUG Input                - Registered new binding: System info dump - CTRL+9
14:00:42.209 [JavaFX Application Thread] DEBUG Input                - Registered new binding: Restart - CTRL+R
14:00:42.209 [JavaFX Application Thread] DEBUG Engine               - generateDefaultProfile()
14:00:42.209 [JavaFX Application Thread] DEBUG Engine               - Creating default profile
14:00:42.209 [JavaFX Application Thread] DEBUG EventBus             - Firing event: SaveEvent
14:00:42.215 [JavaFX Application Thread] DEBUG Engine               - Logging environment variables
14:00:42.215 [JavaFX Application Thread] DEBUG Engine               - achievements: []
14:00:42.215 [JavaFX Application Thread] DEBUG Engine               - language: ObjectProperty [value: ENGLISH]
14:00:42.215 [JavaFX Application Thread] DEBUG Engine               - isCloseConfirmation: false
14:00:42.216 [JavaFX Application Thread] DEBUG Engine               - isProfilingEnabled: false
14:00:42.216 [JavaFX Application Thread] DEBUG Engine               - soundNotification: core/notification.wav
14:00:42.216 [JavaFX Application Thread] DEBUG Engine               - devShowBBoxProperty: BooleanProperty [value: false]
14:00:42.216 [JavaFX Application Thread] DEBUG Engine               - pixelsPerMeter: 50.0
14:00:42.216 [JavaFX Application Thread] DEBUG Engine               - overlayRoot: Group@6529c023
14:00:42.216 [JavaFX Application Thread] DEBUG Engine               - soundMenuBack: menu/back.wav
14:00:42.216 [JavaFX Application Thread] DEBUG Engine               - appIcon: fxgl_icon.png
14:00:42.216 [JavaFX Application Thread] DEBUG Engine               - isFullScreenAllowed: false
14:00:42.216 [JavaFX Application Thread] DEBUG Engine               - isIntroEnabled: false
14:00:42.216 [JavaFX Application Thread] DEBUG Engine               - eventBus: com.almasb.fxgl.event.EventBus@32414514
14:00:42.216 [JavaFX Application Thread] DEBUG Engine               - fontMono: lucida_console.ttf
14:00:42.216 [JavaFX Application Thread] DEBUG Engine               - soundMenuSelect: menu/select.wav
14:00:42.216 [JavaFX Application Thread] DEBUG Engine               - isWindows: true
14:00:42.216 [JavaFX Application Thread] DEBUG Engine               - isMobile: false
14:00:42.216 [JavaFX Application Thread] DEBUG Engine               - height: 750
14:00:42.216 [JavaFX Application Thread] DEBUG Engine               - isExperimentalNative: false
14:00:42.216 [JavaFX Application Thread] DEBUG Engine               - isSingleStep: false
14:00:42.216 [JavaFX Application Thread] DEBUG Engine               - cSSList: [fxgl_dark.css]
14:00:42.216 [JavaFX Application Thread] DEBUG Engine               - fontGame: Abel-Regular.ttf
14:00:42.216 [JavaFX Application Thread] DEBUG Engine               - menuKey: ESCAPE
14:00:42.217 [JavaFX Application Thread] DEBUG Engine               - devShowPositionProperty: BooleanProperty [value: false]
14:00:42.217 [JavaFX Application Thread] DEBUG Engine               - versionCheckDays: 7
14:00:42.217 [JavaFX Application Thread] DEBUG Engine               - masterTimer: com.almasb.fxgl.time.Timer@35c5de0a
14:00:42.217 [JavaFX Application Thread] DEBUG Engine               - configClass: Optional.empty
14:00:42.217 [JavaFX Application Thread] DEBUG Engine               - version: 0.1
14:00:42.217 [JavaFX Application Thread] DEBUG Engine               - fullScreen: BooleanProperty [value: false]
14:00:42.217 [JavaFX Application Thread] DEBUG Engine               - dialogFactory: com.almasb.fxgl.ui.FXGLDialogFactory@bab04de
14:00:42.217 [JavaFX Application Thread] DEBUG Engine               - applicationMode: DEVELOPER
14:00:42.217 [JavaFX Application Thread] DEBUG Engine               - isMac: false
14:00:42.217 [JavaFX Application Thread] DEBUG Engine               - urlGoogleForms: https://goo.gl/forms/6wrMnOBxTE1fEpOy2
14:00:42.217 [JavaFX Application Thread] DEBUG Engine               - isMenuEnabled: false
14:00:42.217 [JavaFX Application Thread] DEBUG Engine               - urlPOM: https://raw.githubusercontent.com/AlmasB/FXGL/master/pom.xml
14:00:42.217 [JavaFX Application Thread] DEBUG Engine               - profileName: user.profile
14:00:42.217 [JavaFX Application Thread] DEBUG Engine               - notificationViewClass: class com.almasb.fxgl.notification.view.XboxNotificationView
14:00:42.217 [JavaFX Application Thread] DEBUG Engine               - devSensorColorProperty: ObjectProperty [value: 0xffff00ff]
14:00:42.217 [JavaFX Application Thread] DEBUG Engine               - sceneFactory: com.almasb.fxgl.app.SceneFactory@1c7bc3ab
14:00:42.217 [JavaFX Application Thread] DEBUG Engine               - dataFileExt: .dat
14:00:42.217 [JavaFX Application Thread] DEBUG Engine               - stageStyle: DECORATED
14:00:42.217 [JavaFX Application Thread] DEBUG Engine               - isManualResizeEnabled: false
14:00:42.217 [JavaFX Application Thread] DEBUG Engine               - title: Dungeons
14:00:42.217 [JavaFX Application Thread] DEBUG Engine               - platform: WINDOWS
14:00:42.218 [JavaFX Application Thread] DEBUG Engine               - devBBoxColorProperty: ObjectProperty [value: 0xff0000ff]
14:00:42.218 [JavaFX Application Thread] DEBUG Engine               - isDesktop: true
14:00:42.218 [JavaFX Application Thread] DEBUG Engine               - credits: []
14:00:42.218 [JavaFX Application Thread] DEBUG Engine               - globalMusicVolumeProperty: DoubleProperty [value: 0.5]
14:00:42.218 [JavaFX Application Thread] DEBUG Engine               - uIFactory: com.almasb.fxgl.ui.FXGLUIFactory@24aa4cd5
14:00:42.218 [JavaFX Application Thread] DEBUG Engine               - isPreserveResizeRatio: false
14:00:42.218 [JavaFX Application Thread] DEBUG Engine               - fontText: Courier-Prime.ttf
14:00:42.218 [JavaFX Application Thread] DEBUG Engine               - isExperimentalTiledLargeMap: false
14:00:42.218 [JavaFX Application Thread] DEBUG Engine               - secondsIn24h: 60
14:00:42.218 [JavaFX Application Thread] DEBUG Engine               - runtimeInfo: RuntimeInfo(platform=WINDOWS, version=11.4, build=06.08.2019 18.29)
14:00:42.218 [JavaFX Application Thread] DEBUG Engine               - soundMenuPress: menu/press.wav
14:00:42.218 [JavaFX Application Thread] DEBUG Engine               - urlGithub: https://github.com/AlmasB/FXGL
14:00:42.218 [JavaFX Application Thread] DEBUG Engine               - isLinux: false
14:00:42.218 [JavaFX Application Thread] DEBUG Engine               - profileDir: profiles/
14:00:42.218 [JavaFX Application Thread] DEBUG Engine               - isDeveloperMenuEnabled: false
14:00:42.218 [JavaFX Application Thread] DEBUG Engine               - globalSoundVolumeProperty: DoubleProperty [value: 0.5]
14:00:42.218 [JavaFX Application Thread] DEBUG Engine               - isBrowser: false
14:00:42.218 [JavaFX Application Thread] DEBUG Engine               - urlLeaderboard: http://fxgl-top.herokuapp.com/
14:00:42.218 [JavaFX Application Thread] DEBUG Engine               - globalSoundVolume: 0.5
14:00:42.218 [JavaFX Application Thread] DEBUG Engine               - saveDir: saves/
14:00:42.218 [JavaFX Application Thread] DEBUG Engine               - engineServices: [class com.almasb.fxgl.audio.AudioPlayer, class com.almasb.fxgl.notification.impl.NotificationServiceProvider, class com.almasb.fxgl.achievement.AchievementManager]
14:00:42.219 [JavaFX Application Thread] DEBUG Engine               - globalMusicVolume: 0.5
14:00:42.219 [JavaFX Application Thread] DEBUG Engine               - width: 750
14:00:42.219 [JavaFX Application Thread] DEBUG Engine               - saveFileExt: .sav
14:00:42.219 [JavaFX Application Thread] DEBUG Engine               - isAndroid: false
14:00:42.219 [JavaFX Application Thread] DEBUG Engine               - fontUI: VarelaRound-Regular.ttf
14:00:42.219 [JavaFX Application Thread] DEBUG Engine               - enabledMenuItems: []
14:00:42.219 [JavaFX Application Thread] DEBUG Engine               - isIOS: false
14:00:42.230 [JavaFX Application Thread] INFO  Engine               - FXGL initialization took: 0,516 sec
14:00:42.230 [JavaFX Application Thread] DEBUG LoopRunner           - Starting loop
14:00:42.235 [JavaFX Application Thread] DEBUG StartupScene         - STARTUP
14:00:42.235 [JavaFX Application Thread] DEBUG Engine               - Starting new game
14:00:42.235 [JavaFX Application Thread] DEBUG MainWindow           - Applying CSS: fxgl_dark.css
14:00:42.235 [JavaFX Application Thread] DEBUG AssetLoader          - Loading from file system: /assets/ui/css/fxgl_dark.css
14:00:42.236 [JavaFX Application Thread] DEBUG AssetLoader          - Loading from file system: /assets/ui/cursors/fxgl_default.png
14:00:42.237 [JavaFX Application Thread] DEBUG Input                - Clearing active input actions
14:00:42.244 [JavaFX Application Thread] DEBUG MainWindow           - StartupScene -> LoadingScene
14:00:42.247 [JavaFX Application Thread] DEBUG Engine               - Removing overlay from StartupScene and adding to LoadingScene
14:00:42.247 [FXGL Background Thread 1 ] DEBUG InitAppTask          - Clearing previous game
14:00:42.248 [FXGL Background Thread 1 ] DEBUG GameWorld            - Clearing game world
14:00:42.248 [FXGL Background Thread 1 ] DEBUG PhysicsWorld         - Clearing physics world
14:00:42.248 [FXGL Background Thread 1 ] DEBUG GameScene            - Clearing game scene
14:00:42.248 [FXGL Background Thread 1 ] DEBUG InitAppTask          - Initializing Game
14:00:42.258 [FXGL Background Thread 1 ] DEBUG AssetLoader          - Loading from file system: /assets/textures/player1.png
14:00:42.263 [FXGL Background Thread 1 ] DEBUG AssetLoader          - Loading from file system: /assets/textures/arma1.png
14:00:42.269 [FXGL Background Thread 1 ] DEBUG InitAppTask          - Initializing Physics
14:00:42.269 [FXGL Background Thread 1 ] DEBUG InitAppTask          - Initializing UI
14:00:42.270 [FXGL Background Thread 1 ] DEBUG InitAppTask          - Initialization Complete
14:00:42.270 [FXGL Background Thread 1 ] INFO  InitAppTask          - Game initialization took: 0,022 sec
14:00:42.284 [JavaFX Application Thread] DEBUG MainWindow           - Applying CSS: fxgl_dark.css
14:00:42.284 [JavaFX Application Thread] DEBUG AssetLoader          - Loading from file system: /assets/ui/css/fxgl_dark.css
14:00:42.285 [JavaFX Application Thread] DEBUG AssetLoader          - Loading from file system: /assets/ui/cursors/fxgl_default.png
14:00:42.285 [JavaFX Application Thread] DEBUG Input                - Clearing active input actions
14:00:42.297 [JavaFX Application Thread] DEBUG MainWindow           - LoadingScene -> GameScene
14:00:42.297 [JavaFX Application Thread] DEBUG Engine               - Removing overlay from LoadingScene and adding to GameScene
14:00:44.283 [JavaFX Application Thread] DEBUG AssetLoader          - Loading from file system: /assets/textures/enemy1.png
14:00:46.273 [JavaFX Application Thread] DEBUG AssetLoader          - Loading from cache: /assets/textures/enemy1.png
14:00:48.274 [JavaFX Application Thread] DEBUG AssetLoader          - Loading from cache: /assets/textures/enemy1.png
14:00:50.273 [JavaFX Application Thread] DEBUG AssetLoader          - Loading from cache: /assets/textures/enemy1.png
14:00:53.198 [JavaFX Application Thread] DEBUG Engine               - Exiting FXGL
14:00:53.198 [JavaFX Application Thread] DEBUG Engine               - Shutting down background threads
14:00:53.198 [JavaFX Application Thread] DEBUG Engine               - Saving FXGL system data
14:00:53.200 [JavaFX Application Thread] DEBUG FSServiceImpl        - Writing to: C:\Users\daron\Downloads\workspace\Programas java\Avanzado\Game2D\system\fxgl.bundle
14:00:53.202 [JavaFX Application Thread] DEBUG Engine               - Closing logger and exiting JavaFX
