07:01:09.271 [main                     ] DEBUG GameApplication      - Logger initialized
07:01:09.274 [main                     ] DEBUG GameApplication      - Logging settings
Title: Nuke Dungeons
Version: 0.3
Width: 750
Height: 750
Fullscreen: true
Intro: false
Menus: false
Profiling: false
Single step:false
App Mode: DEVELOPER
Menu Key: ESCAPE
Stage Style: DECORATED
Scene Factory: class com.almasb.fxgl.app.SceneFactory
Dialog Factory: class com.almasb.fxgl.ui.FXGLDialogFactory
UI Factory: class com.almasb.fxgl.ui.FXGLUIFactory

07:01:09.967 [JavaFX Application Thread] DEBUG Engine               - Initializing FXGL
07:01:09.967 [JavaFX Application Thread] INFO  Engine               - FXGL-11.4 (06.08.2019 18.29) on WINDOWS (J:18.0.2 FX:12.0.1)
07:01:09.969 [JavaFX Application Thread] INFO  Engine               - Source code and latest versions at: https://github.com/AlmasB/FXGL
07:01:09.969 [JavaFX Application Thread] INFO  Engine               -              Join the FXGL chat at: https://gitter.im/AlmasB/FXGL
07:01:09.973 [JavaFX Application Thread] DEBUG Engine               - Adding new engine service: class com.almasb.fxgl.audio.AudioPlayer
07:01:09.975 [JavaFX Application Thread] DEBUG Engine               - Adding new engine service: class com.almasb.fxgl.notification.impl.NotificationServiceProvider
07:01:09.975 [JavaFX Application Thread] DEBUG Engine               - Adding new engine service: class com.almasb.fxgl.achievement.AchievementManager
07:01:09.985 [JavaFX Application Thread] DEBUG FS                   - Loaded FSServiceImpl
07:01:09.986 [JavaFX Application Thread] DEBUG SaveLoadManager      - Checking profiles dir: profiles/
07:01:09.986 [JavaFX Application Thread] DEBUG Engine               - Loading localizations
07:01:10.002 [JavaFX Application Thread] DEBUG AssetLoader          - Loading from file system: /assets/properties/languages/english.properties
07:01:10.007 [JavaFX Application Thread] DEBUG AssetLoader          - Loading from file system: /assets/properties/languages/french.properties
07:01:10.009 [JavaFX Application Thread] DEBUG AssetLoader          - Loading from file system: /assets/properties/languages/german.properties
07:01:10.011 [JavaFX Application Thread] DEBUG AssetLoader          - Loading from file system: /assets/properties/languages/russian.properties
07:01:10.012 [JavaFX Application Thread] DEBUG AssetLoader          - Loading from file system: /assets/properties/languages/hungarian.properties
07:01:10.015 [JavaFX Application Thread] DEBUG Engine               - Registering font factories
07:01:10.016 [JavaFX Application Thread] DEBUG AssetLoader          - Loading from file system: /assets/ui/fonts/VarelaRound-Regular.ttf
07:01:10.132 [JavaFX Application Thread] DEBUG AssetLoader          - Loading from file system: /assets/ui/fonts/Abel-Regular.ttf
07:01:10.139 [JavaFX Application Thread] DEBUG AssetLoader          - Loading from file system: /assets/ui/fonts/lucida_console.ttf
07:01:10.148 [JavaFX Application Thread] DEBUG AssetLoader          - Loading from file system: /assets/ui/fonts/Courier-Prime.ttf
07:01:10.155 [JavaFX Application Thread] DEBUG Engine               - Setting UI factory
07:01:10.309 [JavaFX Application Thread] DEBUG AssetLoader          - Loading from file system: /assets/textures/fxgl_logo.png
07:01:10.410 [JavaFX Application Thread] DEBUG MainWindow           - Creating a JavaFX scene
07:01:10.486 [JavaFX Application Thread] DEBUG MainWindow           - Target settings size: 750.0 x 750.0
07:01:10.486 [JavaFX Application Thread] DEBUG MainWindow           - Scaled scene size:    750.0 x 750.0
07:01:10.486 [JavaFX Application Thread] DEBUG MainWindow           - Scaled ratio: (1.0, 1.0)
07:01:10.489 [JavaFX Application Thread] DEBUG MainWindow           - Applying CSS: fxgl_dark.css
07:01:10.490 [JavaFX Application Thread] DEBUG AssetLoader          - Loading from file system: /assets/ui/css/fxgl_dark.css
07:01:10.491 [JavaFX Application Thread] DEBUG AssetLoader          - Loading from file system: /assets/ui/cursors/fxgl_default.png
07:01:10.502 [JavaFX Application Thread] DEBUG Input                - Clearing active input actions
07:01:10.502 [JavaFX Application Thread] DEBUG MainWindow           - StartupScene -> StartupScene
07:01:10.509 [JavaFX Application Thread] DEBUG AssetLoader          - Loading from file system: /assets/textures/fxgl_icon.png
07:01:10.547 [JavaFX Application Thread] DEBUG MainWindow           - Opening main window
07:01:10.780 [JavaFX Application Thread] DEBUG MainWindow           - Window border size: (14.79998779296875, 38.0)
07:01:10.781 [JavaFX Application Thread] DEBUG MainWindow           - Scaled size: 750.0 x 750.0
07:01:10.781 [JavaFX Application Thread] DEBUG MainWindow           - Scaled ratio: (1.0, 1.0)
07:01:10.781 [JavaFX Application Thread] DEBUG MainWindow           - Scene size: 750.0 x 750.0
07:01:10.781 [JavaFX Application Thread] DEBUG MainWindow           - Stage size: 764.7999877929688 x 788.0
07:01:10.793 [FXGL Background Thread 1 ] DEBUG FS                   - Loaded FSServiceImpl
07:01:10.794 [FXGL Background Thread 1 ] DEBUG Engine               - Loading FXGL system data
07:01:10.804 [FXGL Background Thread 1 ] DEBUG FSServiceImpl        - Reading from: C:\Users\daron\Downloads\workspace\Programas java\Avanzado\Game2D\system\fxgl.bundle
07:01:10.827 [FXGL Background Thread 1 ] DEBUG Engine               - Bundle FXGL: {}
07:01:10.827 [FXGL Background Thread 1 ] DEBUG Engine               - Initializing application scenes
07:01:10.870 [FXGL Background Thread 1 ] DEBUG GameWorld            - Game world initialized
07:01:10.948 [FXGL Background Thread 1 ] DEBUG PhysicsWorld         - Physics world initialized: appHeight=750, physics.ppm=50,0
07:01:10.951 [FXGL Background Thread 1 ] DEBUG GameScene            - Game scene initialized: 750x750
07:01:10.994 [FXGL Background Thread 1 ] DEBUG Input                - Registered new binding: Resume - Esc
07:01:10.995 [FXGL Background Thread 1 ] DEBUG AssetLoader          - Loading from file system: /assets/textures/pause_menu_bg.png
07:01:11.034 [FXGL Background Thread 1 ] DEBUG Input                - Registered new binding: Pause - Esc
07:01:11.034 [FXGL Background Thread 1 ] DEBUG Engine               - Application scenes initialized
07:01:11.039 [JavaFX Application Thread] DEBUG Engine               - Running preInit()
07:01:11.040 [JavaFX Application Thread] DEBUG Input                - Registered new binding: MoveUp - W
07:01:11.040 [JavaFX Application Thread] DEBUG Input                - Registered new binding: MoveDown - S
07:01:11.041 [JavaFX Application Thread] DEBUG Input                - Registered new binding: MoveRight - D
07:01:11.041 [JavaFX Application Thread] DEBUG Input                - Registered new binding: MoveLeft - A
07:01:11.043 [JavaFX Application Thread] DEBUG Input                - Registered new binding: Shoot - LMB
07:01:11.044 [JavaFX Application Thread] DEBUG Input                - Registered new binding: Screenshot - P
07:01:11.045 [JavaFX Application Thread] DEBUG Input                - Registered new binding: System info dump - CTRL+9
07:01:11.045 [JavaFX Application Thread] DEBUG Input                - Registered new binding: Restart - CTRL+R
07:01:11.045 [JavaFX Application Thread] DEBUG Engine               - generateDefaultProfile()
07:01:11.045 [JavaFX Application Thread] DEBUG Engine               - Creating default profile
07:01:11.046 [JavaFX Application Thread] DEBUG EventBus             - Firing event: SaveEvent
07:01:11.059 [JavaFX Application Thread] DEBUG Engine               - Logging environment variables
07:01:11.060 [JavaFX Application Thread] DEBUG Engine               - achievements: []
07:01:11.060 [JavaFX Application Thread] DEBUG Engine               - language: ObjectProperty [value: ENGLISH]
07:01:11.060 [JavaFX Application Thread] DEBUG Engine               - isCloseConfirmation: false
07:01:11.060 [JavaFX Application Thread] DEBUG Engine               - isProfilingEnabled: false
07:01:11.060 [JavaFX Application Thread] DEBUG Engine               - soundNotification: core/notification.wav
07:01:11.061 [JavaFX Application Thread] DEBUG Engine               - devShowBBoxProperty: BooleanProperty [value: false]
07:01:11.061 [JavaFX Application Thread] DEBUG Engine               - pixelsPerMeter: 50.0
07:01:11.061 [JavaFX Application Thread] DEBUG Engine               - overlayRoot: Group@1572597d
07:01:11.061 [JavaFX Application Thread] DEBUG Engine               - soundMenuBack: menu/back.wav
07:01:11.061 [JavaFX Application Thread] DEBUG Engine               - appIcon: fxgl_icon.png
07:01:11.061 [JavaFX Application Thread] DEBUG Engine               - isFullScreenAllowed: true
07:01:11.061 [JavaFX Application Thread] DEBUG Engine               - isIntroEnabled: false
07:01:11.062 [JavaFX Application Thread] DEBUG Engine               - eventBus: com.almasb.fxgl.event.EventBus@4dc83b9c
07:01:11.062 [JavaFX Application Thread] DEBUG Engine               - fontMono: lucida_console.ttf
07:01:11.062 [JavaFX Application Thread] DEBUG Engine               - soundMenuSelect: menu/select.wav
07:01:11.062 [JavaFX Application Thread] DEBUG Engine               - isWindows: true
07:01:11.062 [JavaFX Application Thread] DEBUG Engine               - isMobile: false
07:01:11.062 [JavaFX Application Thread] DEBUG Engine               - height: 750
07:01:11.062 [JavaFX Application Thread] DEBUG Engine               - isExperimentalNative: false
07:01:11.063 [JavaFX Application Thread] DEBUG Engine               - isSingleStep: false
07:01:11.063 [JavaFX Application Thread] DEBUG Engine               - cSSList: [fxgl_dark.css]
07:01:11.063 [JavaFX Application Thread] DEBUG Engine               - fontGame: Abel-Regular.ttf
07:01:11.063 [JavaFX Application Thread] DEBUG Engine               - menuKey: ESCAPE
07:01:11.063 [JavaFX Application Thread] DEBUG Engine               - devShowPositionProperty: BooleanProperty [value: false]
07:01:11.063 [JavaFX Application Thread] DEBUG Engine               - versionCheckDays: 7
07:01:11.063 [JavaFX Application Thread] DEBUG Engine               - masterTimer: com.almasb.fxgl.time.Timer@212f0da9
07:01:11.063 [JavaFX Application Thread] DEBUG Engine               - configClass: Optional.empty
07:01:11.063 [JavaFX Application Thread] DEBUG Engine               - version: 0.3
07:01:11.064 [JavaFX Application Thread] DEBUG Engine               - fullScreen: BooleanProperty [value: false]
07:01:11.064 [JavaFX Application Thread] DEBUG Engine               - dialogFactory: com.almasb.fxgl.ui.FXGLDialogFactory@7e674b55
07:01:11.064 [JavaFX Application Thread] DEBUG Engine               - applicationMode: DEVELOPER
07:01:11.064 [JavaFX Application Thread] DEBUG Engine               - isMac: false
07:01:11.064 [JavaFX Application Thread] DEBUG Engine               - urlGoogleForms: https://goo.gl/forms/6wrMnOBxTE1fEpOy2
07:01:11.064 [JavaFX Application Thread] DEBUG Engine               - isMenuEnabled: false
07:01:11.064 [JavaFX Application Thread] DEBUG Engine               - profileName: user.profile
07:01:11.064 [JavaFX Application Thread] DEBUG Engine               - urlPOM: https://raw.githubusercontent.com/AlmasB/FXGL/master/pom.xml
07:01:11.064 [JavaFX Application Thread] DEBUG Engine               - notificationViewClass: class com.almasb.fxgl.notification.view.XboxNotificationView
07:01:11.065 [JavaFX Application Thread] DEBUG Engine               - devSensorColorProperty: ObjectProperty [value: 0xffff00ff]
07:01:11.065 [JavaFX Application Thread] DEBUG Engine               - sceneFactory: com.almasb.fxgl.app.SceneFactory@46e708b1
07:01:11.065 [JavaFX Application Thread] DEBUG Engine               - dataFileExt: .dat
07:01:11.065 [JavaFX Application Thread] DEBUG Engine               - stageStyle: DECORATED
07:01:11.065 [JavaFX Application Thread] DEBUG Engine               - isManualResizeEnabled: false
07:01:11.065 [JavaFX Application Thread] DEBUG Engine               - title: Nuke Dungeons
07:01:11.065 [JavaFX Application Thread] DEBUG Engine               - platform: WINDOWS
07:01:11.065 [JavaFX Application Thread] DEBUG Engine               - devBBoxColorProperty: ObjectProperty [value: 0xff0000ff]
07:01:11.065 [JavaFX Application Thread] DEBUG Engine               - isDesktop: true
07:01:11.066 [JavaFX Application Thread] DEBUG Engine               - credits: []
07:01:11.066 [JavaFX Application Thread] DEBUG Engine               - globalMusicVolumeProperty: DoubleProperty [value: 0.5]
07:01:11.066 [JavaFX Application Thread] DEBUG Engine               - isPreserveResizeRatio: false
07:01:11.066 [JavaFX Application Thread] DEBUG Engine               - uIFactory: com.almasb.fxgl.ui.FXGLUIFactory@4a7fdf2a
07:01:11.066 [JavaFX Application Thread] DEBUG Engine               - fontText: Courier-Prime.ttf
07:01:11.066 [JavaFX Application Thread] DEBUG Engine               - isExperimentalTiledLargeMap: false
07:01:11.066 [JavaFX Application Thread] DEBUG Engine               - secondsIn24h: 60
07:01:11.066 [JavaFX Application Thread] DEBUG Engine               - runtimeInfo: RuntimeInfo(platform=WINDOWS, version=11.4, build=06.08.2019 18.29)
07:01:11.066 [JavaFX Application Thread] DEBUG Engine               - soundMenuPress: menu/press.wav
07:01:11.067 [JavaFX Application Thread] DEBUG Engine               - urlGithub: https://github.com/AlmasB/FXGL
07:01:11.067 [JavaFX Application Thread] DEBUG Engine               - isLinux: false
07:01:11.067 [JavaFX Application Thread] DEBUG Engine               - profileDir: profiles/
07:01:11.067 [JavaFX Application Thread] DEBUG Engine               - isDeveloperMenuEnabled: false
07:01:11.068 [JavaFX Application Thread] DEBUG Engine               - globalSoundVolumeProperty: DoubleProperty [value: 0.5]
07:01:11.068 [JavaFX Application Thread] DEBUG Engine               - isBrowser: false
07:01:11.068 [JavaFX Application Thread] DEBUG Engine               - globalSoundVolume: 0.5
07:01:11.068 [JavaFX Application Thread] DEBUG Engine               - urlLeaderboard: http://fxgl-top.herokuapp.com/
07:01:11.068 [JavaFX Application Thread] DEBUG Engine               - saveDir: saves/
07:01:11.068 [JavaFX Application Thread] DEBUG Engine               - engineServices: [class com.almasb.fxgl.audio.AudioPlayer, class com.almasb.fxgl.notification.impl.NotificationServiceProvider, class com.almasb.fxgl.achievement.AchievementManager]
07:01:11.068 [JavaFX Application Thread] DEBUG Engine               - globalMusicVolume: 0.5
07:01:11.069 [JavaFX Application Thread] DEBUG Engine               - width: 750
07:01:11.069 [JavaFX Application Thread] DEBUG Engine               - saveFileExt: .sav
07:01:11.069 [JavaFX Application Thread] DEBUG Engine               - isAndroid: false
07:01:11.069 [JavaFX Application Thread] DEBUG Engine               - fontUI: VarelaRound-Regular.ttf
07:01:11.069 [JavaFX Application Thread] DEBUG Engine               - enabledMenuItems: []
07:01:11.069 [JavaFX Application Thread] DEBUG Engine               - isIOS: false
07:01:11.094 [JavaFX Application Thread] INFO  Engine               - FXGL initialization took: 1,106 sec
07:01:11.094 [JavaFX Application Thread] DEBUG LoopRunner           - Starting loop
07:01:11.105 [JavaFX Application Thread] DEBUG StartupScene         - STARTUP
07:01:11.105 [JavaFX Application Thread] DEBUG Engine               - Starting new game
07:01:11.105 [JavaFX Application Thread] DEBUG MainWindow           - Applying CSS: fxgl_dark.css
07:01:11.106 [JavaFX Application Thread] DEBUG AssetLoader          - Loading from file system: /assets/ui/css/fxgl_dark.css
07:01:11.106 [JavaFX Application Thread] DEBUG AssetLoader          - Loading from file system: /assets/ui/cursors/fxgl_default.png
07:01:11.108 [JavaFX Application Thread] DEBUG Input                - Clearing active input actions
07:01:11.129 [JavaFX Application Thread] DEBUG MainWindow           - StartupScene -> LoadingScene
07:01:11.138 [JavaFX Application Thread] DEBUG Engine               - Removing overlay from StartupScene and adding to LoadingScene
07:01:11.139 [FXGL Background Thread 1 ] DEBUG InitAppTask          - Clearing previous game
07:01:11.139 [FXGL Background Thread 1 ] DEBUG GameWorld            - Clearing game world
07:01:11.139 [FXGL Background Thread 1 ] DEBUG PhysicsWorld         - Clearing physics world
07:01:11.139 [FXGL Background Thread 1 ] DEBUG GameScene            - Clearing game scene
07:01:11.139 [FXGL Background Thread 1 ] DEBUG InitAppTask          - Initializing Game
07:01:11.141 [FXGL Background Thread 1 ] DEBUG AssetLoader          - Loading from file system: /assets/textures/fondoNivel1.jpeg
07:01:11.186 [FXGL Background Thread 1 ] DEBUG AssetLoader          - Loading from file system: /assets/textures/player1.png
07:01:11.208 [FXGL Background Thread 1 ] DEBUG AssetLoader          - Loading from file system: /assets/textures/arma2.png
07:01:11.226 [FXGL Background Thread 1 ] DEBUG InitAppTask          - Initializing Physics
07:01:11.226 [FXGL Background Thread 1 ] DEBUG InitAppTask          - Initializing UI
07:01:11.229 [FXGL Background Thread 1 ] DEBUG InitAppTask          - Initialization Complete
07:01:11.230 [FXGL Background Thread 1 ] INFO  InitAppTask          - Game initialization took: 0,091 sec
07:01:11.326 [JavaFX Application Thread] DEBUG MainWindow           - Applying CSS: fxgl_dark.css
07:01:11.327 [JavaFX Application Thread] DEBUG AssetLoader          - Loading from file system: /assets/ui/css/fxgl_dark.css
07:01:11.327 [JavaFX Application Thread] DEBUG AssetLoader          - Loading from file system: /assets/ui/cursors/fxgl_default.png
07:01:11.329 [JavaFX Application Thread] DEBUG Input                - Clearing active input actions
07:01:11.353 [JavaFX Application Thread] DEBUG MainWindow           - LoadingScene -> GameScene
07:01:11.353 [JavaFX Application Thread] DEBUG Engine               - Removing overlay from LoadingScene and adding to GameScene
07:01:12.195 [JavaFX Application Thread] DEBUG AssetLoader          - Loading from file system: /assets/textures/enemy1.png
07:01:12.940 [JavaFX Application Thread] DEBUG AssetLoader          - Loading from cache: /assets/textures/enemy1.png
07:01:13.674 [JavaFX Application Thread] DEBUG AssetLoader          - Loading from cache: /assets/textures/enemy1.png
07:01:14.408 [JavaFX Application Thread] DEBUG AssetLoader          - Loading from cache: /assets/textures/enemy1.png
07:01:14.892 [JavaFX Application Thread] DEBUG AssetLoader          - Loading from file system: /assets/textures/bullet.png
07:01:15.079 [JavaFX Application Thread] DEBUG AssetLoader          - Loading from cache: /assets/textures/bullet.png
07:01:15.141 [JavaFX Application Thread] DEBUG AssetLoader          - Loading from cache: /assets/textures/enemy1.png
07:01:15.231 [JavaFX Application Thread] DEBUG AssetLoader          - Loading from file system: /assets/textures/explosion.png
07:01:15.729 [JavaFX Application Thread] DEBUG AssetLoader          - Loading from cache: /assets/textures/bullet.png
07:01:15.886 [JavaFX Application Thread] DEBUG AssetLoader          - Loading from cache: /assets/textures/enemy1.png
07:01:15.913 [JavaFX Application Thread] DEBUG AssetLoader          - Loading from cache: /assets/textures/bullet.png
07:01:16.200 [JavaFX Application Thread] DEBUG AssetLoader          - Loading from cache: /assets/textures/bullet.png
07:01:16.371 [JavaFX Application Thread] DEBUG AssetLoader          - Loading from cache: /assets/textures/bullet.png
07:01:16.494 [JavaFX Application Thread] DEBUG AssetLoader          - Loading from cache: /assets/textures/explosion.png
07:01:16.504 [JavaFX Application Thread] DEBUG AssetLoader          - Loading from cache: /assets/textures/bullet.png
07:01:16.631 [JavaFX Application Thread] DEBUG AssetLoader          - Loading from cache: /assets/textures/enemy1.png
07:01:16.699 [JavaFX Application Thread] DEBUG AssetLoader          - Loading from cache: /assets/textures/explosion.png
07:01:16.958 [JavaFX Application Thread] DEBUG AssetLoader          - Loading from cache: /assets/textures/explosion.png
07:01:16.996 [JavaFX Application Thread] DEBUG AssetLoader          - Loading from cache: /assets/textures/bullet.png
07:01:17.051 [JavaFX Application Thread] DEBUG AssetLoader          - Loading from cache: /assets/textures/explosion.png
07:01:17.153 [JavaFX Application Thread] DEBUG AssetLoader          - Loading from cache: /assets/textures/bullet.png
07:01:17.358 [JavaFX Application Thread] DEBUG AssetLoader          - Loading from cache: /assets/textures/enemy1.png
07:01:17.463 [JavaFX Application Thread] DEBUG AssetLoader          - Loading from cache: /assets/textures/bullet.png
07:01:17.518 [JavaFX Application Thread] DEBUG AssetLoader          - Loading from cache: /assets/textures/explosion.png
07:01:17.650 [JavaFX Application Thread] DEBUG AssetLoader          - Loading from cache: /assets/textures/bullet.png
07:01:17.847 [JavaFX Application Thread] DEBUG AssetLoader          - Loading from cache: /assets/textures/bullet.png
07:01:17.869 [JavaFX Application Thread] DEBUG AssetLoader          - Loading from cache: /assets/textures/explosion.png
07:01:18.092 [JavaFX Application Thread] DEBUG AssetLoader          - Loading from cache: /assets/textures/enemy1.png
07:01:18.825 [JavaFX Application Thread] DEBUG AssetLoader          - Loading from cache: /assets/textures/enemy1.png
07:01:18.904 [JavaFX Application Thread] DEBUG AssetLoader          - Loading from cache: /assets/textures/bullet.png
07:01:19.057 [JavaFX Application Thread] DEBUG AssetLoader          - Loading from cache: /assets/textures/bullet.png
07:01:19.305 [JavaFX Application Thread] DEBUG AssetLoader          - Loading from cache: /assets/textures/explosion.png
07:01:19.752 [JavaFX Application Thread] DEBUG AssetLoader          - Loading from cache: /assets/textures/bullet.png
07:01:19.880 [JavaFX Application Thread] DEBUG AssetLoader          - Loading from cache: /assets/textures/bullet.png
07:01:20.023 [JavaFX Application Thread] DEBUG AssetLoader          - Loading from cache: /assets/textures/bullet.png
07:01:20.030 [JavaFX Application Thread] DEBUG AssetLoader          - Loading from cache: /assets/textures/explosion.png
07:01:20.318 [JavaFX Application Thread] DEBUG AssetLoader          - Loading from cache: /assets/textures/explosion.png
07:01:20.319 [JavaFX Application Thread] DEBUG AssetLoader          - Loading from file system: /assets/textures/arma1.png
07:01:21.055 [JavaFX Application Thread] DEBUG AssetLoader          - Loading from file system: /assets/textures/enemy2.png
07:01:21.060 [JavaFX Application Thread] DEBUG AssetLoader          - Loading from cache: /assets/textures/enemy1.png
07:01:21.788 [JavaFX Application Thread] DEBUG AssetLoader          - Loading from cache: /assets/textures/enemy2.png
07:01:21.789 [JavaFX Application Thread] DEBUG AssetLoader          - Loading from cache: /assets/textures/enemy1.png
07:01:22.522 [JavaFX Application Thread] DEBUG AssetLoader          - Loading from cache: /assets/textures/enemy2.png
07:01:22.523 [JavaFX Application Thread] DEBUG AssetLoader          - Loading from cache: /assets/textures/enemy1.png
07:01:23.136 [JavaFX Application Thread] DEBUG AssetLoader          - Loading from cache: /assets/textures/bullet.png
07:01:23.256 [JavaFX Application Thread] DEBUG AssetLoader          - Loading from cache: /assets/textures/bullet.png
07:01:23.256 [JavaFX Application Thread] DEBUG AssetLoader          - Loading from cache: /assets/textures/enemy2.png
07:01:23.257 [JavaFX Application Thread] DEBUG AssetLoader          - Loading from cache: /assets/textures/enemy1.png
07:01:23.399 [JavaFX Application Thread] DEBUG AssetLoader          - Loading from cache: /assets/textures/bullet.png
07:01:23.584 [JavaFX Application Thread] DEBUG AssetLoader          - Loading from cache: /assets/textures/bullet.png
07:01:23.801 [JavaFX Application Thread] DEBUG AssetLoader          - Loading from cache: /assets/textures/explosion.png
07:01:23.824 [JavaFX Application Thread] DEBUG AssetLoader          - Loading from cache: /assets/textures/bullet.png
07:01:23.870 [JavaFX Application Thread] DEBUG AssetLoader          - Loading from cache: /assets/textures/explosion.png
07:01:23.928 [JavaFX Application Thread] DEBUG AssetLoader          - Loading from cache: /assets/textures/explosion.png
07:01:23.951 [JavaFX Application Thread] DEBUG AssetLoader          - Loading from cache: /assets/textures/bullet.png
07:01:23.966 [JavaFX Application Thread] DEBUG AssetLoader          - Loading from cache: /assets/textures/explosion.png
07:01:24.027 [JavaFX Application Thread] DEBUG AssetLoader          - Loading from cache: /assets/textures/enemy2.png
07:01:24.028 [JavaFX Application Thread] DEBUG AssetLoader          - Loading from cache: /assets/textures/enemy1.png
07:01:24.039 [JavaFX Application Thread] DEBUG AssetLoader          - Loading from cache: /assets/textures/bullet.png
07:01:24.167 [JavaFX Application Thread] DEBUG AssetLoader          - Loading from cache: /assets/textures/bullet.png
07:01:24.890 [JavaFX Application Thread] DEBUG AssetLoader          - Loading from cache: /assets/textures/enemy2.png
07:01:24.891 [JavaFX Application Thread] DEBUG AssetLoader          - Loading from cache: /assets/textures/explosion.png
07:01:25.043 [JavaFX Application Thread] DEBUG AssetLoader          - Loading from cache: /assets/textures/bullet.png
07:01:25.285 [JavaFX Application Thread] DEBUG AssetLoader          - Loading from cache: /assets/textures/bullet.png
07:01:25.512 [JavaFX Application Thread] DEBUG AssetLoader          - Loading from cache: /assets/textures/bullet.png
07:01:25.671 [JavaFX Application Thread] DEBUG AssetLoader          - Loading from cache: /assets/textures/bullet.png
07:01:25.741 [JavaFX Application Thread] DEBUG AssetLoader          - Loading from cache: /assets/textures/enemy2.png
07:01:25.741 [JavaFX Application Thread] DEBUG AssetLoader          - Loading from cache: /assets/textures/explosion.png
07:01:25.814 [JavaFX Application Thread] DEBUG AssetLoader          - Loading from cache: /assets/textures/bullet.png
07:01:25.944 [JavaFX Application Thread] DEBUG AssetLoader          - Loading from cache: /assets/textures/bullet.png
07:01:26.259 [JavaFX Application Thread] DEBUG AssetLoader          - Loading from cache: /assets/textures/bullet.png
07:01:26.488 [JavaFX Application Thread] DEBUG AssetLoader          - Loading from cache: /assets/textures/explosion.png
07:01:26.536 [JavaFX Application Thread] DEBUG AssetLoader          - Loading from cache: /assets/textures/bullet.png
07:01:26.645 [JavaFX Application Thread] DEBUG AssetLoader          - Loading from cache: /assets/textures/enemy2.png
07:01:26.865 [JavaFX Application Thread] DEBUG AssetLoader          - Loading from cache: /assets/textures/bullet.png
07:01:26.904 [JavaFX Application Thread] DEBUG AssetLoader          - Loading from cache: /assets/textures/explosion.png
07:01:27.047 [JavaFX Application Thread] DEBUG AssetLoader          - Loading from cache: /assets/textures/bullet.png
07:01:27.255 [JavaFX Application Thread] DEBUG AssetLoader          - Loading from cache: /assets/textures/bullet.png
07:01:27.431 [JavaFX Application Thread] DEBUG AssetLoader          - Loading from cache: /assets/textures/bullet.png
07:01:27.560 [JavaFX Application Thread] DEBUG AssetLoader          - Loading from cache: /assets/textures/bullet.png
07:01:27.581 [JavaFX Application Thread] DEBUG AssetLoader          - Loading from cache: /assets/textures/enemy2.png
07:01:27.807 [JavaFX Application Thread] DEBUG AssetLoader          - Loading from cache: /assets/textures/explosion.png
07:01:27.943 [JavaFX Application Thread] DEBUG AssetLoader          - Loading from cache: /assets/textures/bullet.png
07:01:28.055 [JavaFX Application Thread] DEBUG AssetLoader          - Loading from cache: /assets/textures/bullet.png
07:01:28.077 [JavaFX Application Thread] DEBUG AssetLoader          - Loading from cache: /assets/textures/explosion.png
07:01:28.519 [JavaFX Application Thread] DEBUG AssetLoader          - Loading from cache: /assets/textures/bullet.png
07:01:28.542 [JavaFX Application Thread] DEBUG AssetLoader          - Loading from cache: /assets/textures/enemy2.png
07:01:28.663 [JavaFX Application Thread] DEBUG AssetLoader          - Loading from cache: /assets/textures/bullet.png
07:01:28.789 [JavaFX Application Thread] DEBUG AssetLoader          - Loading from cache: /assets/textures/explosion.png
07:01:28.857 [JavaFX Application Thread] DEBUG AssetLoader          - Loading from cache: /assets/textures/bullet.png
07:01:29.072 [JavaFX Application Thread] DEBUG AssetLoader          - Loading from cache: /assets/textures/bullet.png
07:01:29.265 [JavaFX Application Thread] DEBUG AssetLoader          - Loading from cache: /assets/textures/bullet.png
07:01:29.415 [JavaFX Application Thread] DEBUG AssetLoader          - Loading from cache: /assets/textures/bullet.png
07:01:29.542 [JavaFX Application Thread] DEBUG AssetLoader          - Loading from cache: /assets/textures/explosion.png
07:01:29.561 [JavaFX Application Thread] DEBUG AssetLoader          - Loading from cache: /assets/textures/bullet.png
07:01:30.013 [JavaFX Application Thread] DEBUG AssetLoader          - Loading from cache: /assets/textures/explosion.png
07:01:30.438 [JavaFX Application Thread] DEBUG AssetLoader          - Loading from cache: /assets/textures/explosion.png
07:01:31.039 [JavaFX Application Thread] DEBUG AssetLoader          - Loading from cache: /assets/textures/bullet.png
07:01:31.367 [JavaFX Application Thread] DEBUG AssetLoader          - Loading from cache: /assets/textures/bullet.png
07:01:31.512 [JavaFX Application Thread] DEBUG AssetLoader          - Loading from cache: /assets/textures/bullet.png
07:01:31.549 [JavaFX Application Thread] DEBUG AssetLoader          - Loading from cache: /assets/textures/explosion.png
07:01:37.343 [JavaFX Application Thread] DEBUG Engine               - Exiting FXGL
07:01:37.343 [JavaFX Application Thread] DEBUG Engine               - Shutting down background threads
07:01:37.343 [JavaFX Application Thread] DEBUG Engine               - Saving FXGL system data
07:01:37.347 [JavaFX Application Thread] DEBUG FSServiceImpl        - Writing to: C:\Users\daron\Downloads\workspace\Programas java\Avanzado\Game2D\system\fxgl.bundle
07:01:37.349 [JavaFX Application Thread] DEBUG Engine               - Closing logger and exiting JavaFX
