07:10:06.971 [main                     ] DEBUG GameApplication      - Logger initialized
07:10:06.975 [main                     ] DEBUG GameApplication      - Logging settings
Title: Nuke Dungeons
Version: 0.3
Width: 750
Height: 750
Fullscreen: true
Intro: false
Menus: false
Profiling: false
Single step:false
App Mode: DEVELOPER
Menu Key: ESCAPE
Stage Style: DECORATED
Scene Factory: class com.almasb.fxgl.app.SceneFactory
Dialog Factory: class com.almasb.fxgl.ui.FXGLDialogFactory
UI Factory: class com.almasb.fxgl.ui.FXGLUIFactory

07:10:07.624 [JavaFX Application Thread] DEBUG Engine               - Initializing FXGL
07:10:07.625 [JavaFX Application Thread] INFO  Engine               - FXGL-11.4 (06.08.2019 18.29) on WINDOWS (J:18.0.2 FX:12.0.1)
07:10:07.625 [JavaFX Application Thread] INFO  Engine               - Source code and latest versions at: https://github.com/AlmasB/FXGL
07:10:07.625 [JavaFX Application Thread] INFO  Engine               -              Join the FXGL chat at: https://gitter.im/AlmasB/FXGL
07:10:07.631 [JavaFX Application Thread] DEBUG Engine               - Adding new engine service: class com.almasb.fxgl.audio.AudioPlayer
07:10:07.633 [JavaFX Application Thread] DEBUG Engine               - Adding new engine service: class com.almasb.fxgl.notification.impl.NotificationServiceProvider
07:10:07.633 [JavaFX Application Thread] DEBUG Engine               - Adding new engine service: class com.almasb.fxgl.achievement.AchievementManager
07:10:07.641 [JavaFX Application Thread] DEBUG FS                   - Loaded FSServiceImpl
07:10:07.642 [JavaFX Application Thread] DEBUG SaveLoadManager      - Checking profiles dir: profiles/
07:10:07.642 [JavaFX Application Thread] DEBUG Engine               - Loading localizations
07:10:07.660 [JavaFX Application Thread] DEBUG AssetLoader          - Loading from file system: /assets/properties/languages/english.properties
07:10:07.665 [JavaFX Application Thread] DEBUG AssetLoader          - Loading from file system: /assets/properties/languages/french.properties
07:10:07.668 [JavaFX Application Thread] DEBUG AssetLoader          - Loading from file system: /assets/properties/languages/german.properties
07:10:07.671 [JavaFX Application Thread] DEBUG AssetLoader          - Loading from file system: /assets/properties/languages/russian.properties
07:10:07.673 [JavaFX Application Thread] DEBUG AssetLoader          - Loading from file system: /assets/properties/languages/hungarian.properties
07:10:07.676 [JavaFX Application Thread] DEBUG Engine               - Registering font factories
07:10:07.676 [JavaFX Application Thread] DEBUG AssetLoader          - Loading from file system: /assets/ui/fonts/VarelaRound-Regular.ttf
07:10:07.803 [JavaFX Application Thread] DEBUG AssetLoader          - Loading from file system: /assets/ui/fonts/Abel-Regular.ttf
07:10:07.810 [JavaFX Application Thread] DEBUG AssetLoader          - Loading from file system: /assets/ui/fonts/lucida_console.ttf
07:10:07.821 [JavaFX Application Thread] DEBUG AssetLoader          - Loading from file system: /assets/ui/fonts/Courier-Prime.ttf
07:10:07.830 [JavaFX Application Thread] DEBUG Engine               - Setting UI factory
07:10:07.979 [JavaFX Application Thread] DEBUG AssetLoader          - Loading from file system: /assets/textures/fxgl_logo.png
07:10:08.083 [JavaFX Application Thread] DEBUG MainWindow           - Creating a JavaFX scene
07:10:08.152 [JavaFX Application Thread] DEBUG MainWindow           - Target settings size: 750.0 x 750.0
07:10:08.153 [JavaFX Application Thread] DEBUG MainWindow           - Scaled scene size:    750.0 x 750.0
07:10:08.153 [JavaFX Application Thread] DEBUG MainWindow           - Scaled ratio: (1.0, 1.0)
07:10:08.155 [JavaFX Application Thread] DEBUG MainWindow           - Applying CSS: fxgl_dark.css
07:10:08.156 [JavaFX Application Thread] DEBUG AssetLoader          - Loading from file system: /assets/ui/css/fxgl_dark.css
07:10:08.156 [JavaFX Application Thread] DEBUG AssetLoader          - Loading from file system: /assets/ui/cursors/fxgl_default.png
07:10:08.169 [JavaFX Application Thread] DEBUG Input                - Clearing active input actions
07:10:08.170 [JavaFX Application Thread] DEBUG MainWindow           - StartupScene -> StartupScene
07:10:08.176 [JavaFX Application Thread] DEBUG AssetLoader          - Loading from file system: /assets/textures/fxgl_icon.png
07:10:08.209 [JavaFX Application Thread] DEBUG MainWindow           - Opening main window
07:10:08.442 [JavaFX Application Thread] DEBUG MainWindow           - Window border size: (14.79998779296875, 38.0)
07:10:08.442 [JavaFX Application Thread] DEBUG MainWindow           - Scaled size: 750.0 x 750.0
07:10:08.442 [JavaFX Application Thread] DEBUG MainWindow           - Scaled ratio: (1.0, 1.0)
07:10:08.442 [JavaFX Application Thread] DEBUG MainWindow           - Scene size: 750.0 x 750.0
07:10:08.443 [JavaFX Application Thread] DEBUG MainWindow           - Stage size: 764.7999877929688 x 788.0
07:10:08.454 [FXGL Background Thread 1 ] DEBUG FS                   - Loaded FSServiceImpl
07:10:08.455 [FXGL Background Thread 1 ] DEBUG Engine               - Loading FXGL system data
07:10:08.465 [FXGL Background Thread 1 ] DEBUG FSServiceImpl        - Reading from: C:\Users\daron\Downloads\workspace\Programas java\Avanzado\Game2D\system\fxgl.bundle
07:10:08.487 [FXGL Background Thread 1 ] DEBUG Engine               - Bundle FXGL: {}
07:10:08.487 [FXGL Background Thread 1 ] DEBUG Engine               - Initializing application scenes
07:10:08.530 [FXGL Background Thread 1 ] DEBUG GameWorld            - Game world initialized
07:10:08.609 [FXGL Background Thread 1 ] DEBUG PhysicsWorld         - Physics world initialized: appHeight=750, physics.ppm=50,0
07:10:08.612 [FXGL Background Thread 1 ] DEBUG GameScene            - Game scene initialized: 750x750
07:10:08.658 [FXGL Background Thread 1 ] DEBUG Input                - Registered new binding: Resume - Esc
07:10:08.658 [FXGL Background Thread 1 ] DEBUG AssetLoader          - Loading from file system: /assets/textures/pause_menu_bg.png
07:10:08.701 [FXGL Background Thread 1 ] DEBUG Input                - Registered new binding: Pause - Esc
07:10:08.702 [FXGL Background Thread 1 ] DEBUG Engine               - Application scenes initialized
07:10:08.706 [JavaFX Application Thread] DEBUG Engine               - Running preInit()
07:10:08.706 [JavaFX Application Thread] DEBUG Input                - Registered new binding: MoveUp - W
07:10:08.707 [JavaFX Application Thread] DEBUG Input                - Registered new binding: MoveDown - S
07:10:08.707 [JavaFX Application Thread] DEBUG Input                - Registered new binding: MoveRight - D
07:10:08.707 [JavaFX Application Thread] DEBUG Input                - Registered new binding: MoveLeft - A
07:10:08.709 [JavaFX Application Thread] DEBUG Input                - Registered new binding: Shoot - LMB
07:10:08.710 [JavaFX Application Thread] DEBUG Input                - Registered new binding: Screenshot - P
07:10:08.711 [JavaFX Application Thread] DEBUG Input                - Registered new binding: System info dump - CTRL+9
07:10:08.712 [JavaFX Application Thread] DEBUG Input                - Registered new binding: Restart - CTRL+R
07:10:08.712 [JavaFX Application Thread] DEBUG Engine               - generateDefaultProfile()
07:10:08.712 [JavaFX Application Thread] DEBUG Engine               - Creating default profile
07:10:08.713 [JavaFX Application Thread] DEBUG EventBus             - Firing event: SaveEvent
07:10:08.728 [JavaFX Application Thread] DEBUG Engine               - Logging environment variables
07:10:08.729 [JavaFX Application Thread] DEBUG Engine               - achievements: []
07:10:08.729 [JavaFX Application Thread] DEBUG Engine               - language: ObjectProperty [value: ENGLISH]
07:10:08.729 [JavaFX Application Thread] DEBUG Engine               - isCloseConfirmation: false
07:10:08.729 [JavaFX Application Thread] DEBUG Engine               - isProfilingEnabled: false
07:10:08.729 [JavaFX Application Thread] DEBUG Engine               - soundNotification: core/notification.wav
07:10:08.729 [JavaFX Application Thread] DEBUG Engine               - devShowBBoxProperty: BooleanProperty [value: false]
07:10:08.729 [JavaFX Application Thread] DEBUG Engine               - pixelsPerMeter: 50.0
07:10:08.730 [JavaFX Application Thread] DEBUG Engine               - overlayRoot: Group@7e55890b
07:10:08.730 [JavaFX Application Thread] DEBUG Engine               - appIcon: fxgl_icon.png
07:10:08.730 [JavaFX Application Thread] DEBUG Engine               - soundMenuBack: menu/back.wav
07:10:08.730 [JavaFX Application Thread] DEBUG Engine               - isFullScreenAllowed: true
07:10:08.730 [JavaFX Application Thread] DEBUG Engine               - isIntroEnabled: false
07:10:08.730 [JavaFX Application Thread] DEBUG Engine               - eventBus: com.almasb.fxgl.event.EventBus@286fe1dd
07:10:08.730 [JavaFX Application Thread] DEBUG Engine               - fontMono: lucida_console.ttf
07:10:08.730 [JavaFX Application Thread] DEBUG Engine               - soundMenuSelect: menu/select.wav
07:10:08.730 [JavaFX Application Thread] DEBUG Engine               - isWindows: true
07:10:08.731 [JavaFX Application Thread] DEBUG Engine               - isMobile: false
07:10:08.731 [JavaFX Application Thread] DEBUG Engine               - height: 750
07:10:08.731 [JavaFX Application Thread] DEBUG Engine               - isExperimentalNative: false
07:10:08.731 [JavaFX Application Thread] DEBUG Engine               - isSingleStep: false
07:10:08.731 [JavaFX Application Thread] DEBUG Engine               - cSSList: [fxgl_dark.css]
07:10:08.731 [JavaFX Application Thread] DEBUG Engine               - fontGame: Abel-Regular.ttf
07:10:08.731 [JavaFX Application Thread] DEBUG Engine               - menuKey: ESCAPE
07:10:08.731 [JavaFX Application Thread] DEBUG Engine               - devShowPositionProperty: BooleanProperty [value: false]
07:10:08.731 [JavaFX Application Thread] DEBUG Engine               - versionCheckDays: 7
07:10:08.731 [JavaFX Application Thread] DEBUG Engine               - masterTimer: com.almasb.fxgl.time.Timer@4813c340
07:10:08.731 [JavaFX Application Thread] DEBUG Engine               - configClass: Optional.empty
07:10:08.731 [JavaFX Application Thread] DEBUG Engine               - version: 0.3
07:10:08.731 [JavaFX Application Thread] DEBUG Engine               - fullScreen: BooleanProperty [value: false]
07:10:08.732 [JavaFX Application Thread] DEBUG Engine               - dialogFactory: com.almasb.fxgl.ui.FXGLDialogFactory@44bb3962
07:10:08.732 [JavaFX Application Thread] DEBUG Engine               - applicationMode: DEVELOPER
07:10:08.732 [JavaFX Application Thread] DEBUG Engine               - isMac: false
07:10:08.732 [JavaFX Application Thread] DEBUG Engine               - urlGoogleForms: https://goo.gl/forms/6wrMnOBxTE1fEpOy2
07:10:08.732 [JavaFX Application Thread] DEBUG Engine               - isMenuEnabled: false
07:10:08.732 [JavaFX Application Thread] DEBUG Engine               - urlPOM: https://raw.githubusercontent.com/AlmasB/FXGL/master/pom.xml
07:10:08.732 [JavaFX Application Thread] DEBUG Engine               - profileName: user.profile
07:10:08.732 [JavaFX Application Thread] DEBUG Engine               - notificationViewClass: class com.almasb.fxgl.notification.view.XboxNotificationView
07:10:08.733 [JavaFX Application Thread] DEBUG Engine               - devSensorColorProperty: ObjectProperty [value: 0xffff00ff]
07:10:08.733 [JavaFX Application Thread] DEBUG Engine               - sceneFactory: com.almasb.fxgl.app.SceneFactory@5f8f6168
07:10:08.733 [JavaFX Application Thread] DEBUG Engine               - dataFileExt: .dat
07:10:08.733 [JavaFX Application Thread] DEBUG Engine               - stageStyle: DECORATED
07:10:08.733 [JavaFX Application Thread] DEBUG Engine               - isManualResizeEnabled: false
07:10:08.733 [JavaFX Application Thread] DEBUG Engine               - title: Nuke Dungeons
07:10:08.733 [JavaFX Application Thread] DEBUG Engine               - platform: WINDOWS
07:10:08.734 [JavaFX Application Thread] DEBUG Engine               - devBBoxColorProperty: ObjectProperty [value: 0xff0000ff]
07:10:08.734 [JavaFX Application Thread] DEBUG Engine               - isDesktop: true
07:10:08.734 [JavaFX Application Thread] DEBUG Engine               - globalMusicVolumeProperty: DoubleProperty [value: 0.5]
07:10:08.734 [JavaFX Application Thread] DEBUG Engine               - credits: []
07:10:08.734 [JavaFX Application Thread] DEBUG Engine               - isPreserveResizeRatio: false
07:10:08.734 [JavaFX Application Thread] DEBUG Engine               - uIFactory: com.almasb.fxgl.ui.FXGLUIFactory@839024d
07:10:08.734 [JavaFX Application Thread] DEBUG Engine               - fontText: Courier-Prime.ttf
07:10:08.734 [JavaFX Application Thread] DEBUG Engine               - isExperimentalTiledLargeMap: false
07:10:08.734 [JavaFX Application Thread] DEBUG Engine               - secondsIn24h: 60
07:10:08.736 [JavaFX Application Thread] DEBUG Engine               - runtimeInfo: RuntimeInfo(platform=WINDOWS, version=11.4, build=06.08.2019 18.29)
07:10:08.736 [JavaFX Application Thread] DEBUG Engine               - soundMenuPress: menu/press.wav
07:10:08.736 [JavaFX Application Thread] DEBUG Engine               - urlGithub: https://github.com/AlmasB/FXGL
07:10:08.736 [JavaFX Application Thread] DEBUG Engine               - isLinux: false
07:10:08.736 [JavaFX Application Thread] DEBUG Engine               - profileDir: profiles/
07:10:08.736 [JavaFX Application Thread] DEBUG Engine               - isDeveloperMenuEnabled: false
07:10:08.736 [JavaFX Application Thread] DEBUG Engine               - globalSoundVolumeProperty: DoubleProperty [value: 0.5]
07:10:08.736 [JavaFX Application Thread] DEBUG Engine               - isBrowser: false
07:10:08.736 [JavaFX Application Thread] DEBUG Engine               - urlLeaderboard: http://fxgl-top.herokuapp.com/
07:10:08.736 [JavaFX Application Thread] DEBUG Engine               - globalSoundVolume: 0.5
07:10:08.736 [JavaFX Application Thread] DEBUG Engine               - saveDir: saves/
07:10:08.736 [JavaFX Application Thread] DEBUG Engine               - engineServices: [class com.almasb.fxgl.audio.AudioPlayer, class com.almasb.fxgl.notification.impl.NotificationServiceProvider, class com.almasb.fxgl.achievement.AchievementManager]
07:10:08.737 [JavaFX Application Thread] DEBUG Engine               - globalMusicVolume: 0.5
07:10:08.737 [JavaFX Application Thread] DEBUG Engine               - width: 750
07:10:08.737 [JavaFX Application Thread] DEBUG Engine               - saveFileExt: .sav
07:10:08.737 [JavaFX Application Thread] DEBUG Engine               - isAndroid: false
07:10:08.737 [JavaFX Application Thread] DEBUG Engine               - fontUI: VarelaRound-Regular.ttf
07:10:08.737 [JavaFX Application Thread] DEBUG Engine               - enabledMenuItems: []
07:10:08.737 [JavaFX Application Thread] DEBUG Engine               - isIOS: false
07:10:08.758 [JavaFX Application Thread] INFO  Engine               - FXGL initialization took: 1,116 sec
07:10:08.759 [JavaFX Application Thread] DEBUG LoopRunner           - Starting loop
07:10:08.770 [JavaFX Application Thread] DEBUG StartupScene         - STARTUP
07:10:08.770 [JavaFX Application Thread] DEBUG Engine               - Starting new game
07:10:08.770 [JavaFX Application Thread] DEBUG MainWindow           - Applying CSS: fxgl_dark.css
07:10:08.770 [JavaFX Application Thread] DEBUG AssetLoader          - Loading from file system: /assets/ui/css/fxgl_dark.css
07:10:08.771 [JavaFX Application Thread] DEBUG AssetLoader          - Loading from file system: /assets/ui/cursors/fxgl_default.png
07:10:08.772 [JavaFX Application Thread] DEBUG Input                - Clearing active input actions
07:10:08.789 [JavaFX Application Thread] DEBUG MainWindow           - StartupScene -> LoadingScene
07:10:08.797 [JavaFX Application Thread] DEBUG Engine               - Removing overlay from StartupScene and adding to LoadingScene
07:10:08.798 [FXGL Background Thread 1 ] DEBUG InitAppTask          - Clearing previous game
07:10:08.798 [FXGL Background Thread 1 ] DEBUG GameWorld            - Clearing game world
07:10:08.798 [FXGL Background Thread 1 ] DEBUG PhysicsWorld         - Clearing physics world
07:10:08.798 [FXGL Background Thread 1 ] DEBUG GameScene            - Clearing game scene
07:10:08.798 [FXGL Background Thread 1 ] DEBUG InitAppTask          - Initializing Game
07:10:08.800 [FXGL Background Thread 1 ] DEBUG AssetLoader          - Loading from file system: /assets/textures/fondoNivel1.jpeg
07:10:08.844 [FXGL Background Thread 1 ] DEBUG AssetLoader          - Loading from file system: /assets/textures/player1.png
07:10:08.865 [FXGL Background Thread 1 ] DEBUG AssetLoader          - Loading from file system: /assets/textures/arma2.png
07:10:08.883 [FXGL Background Thread 1 ] DEBUG InitAppTask          - Initializing Physics
07:10:08.885 [FXGL Background Thread 1 ] DEBUG InitAppTask          - Initializing UI
07:10:08.888 [FXGL Background Thread 1 ] DEBUG InitAppTask          - Initialization Complete
07:10:08.889 [FXGL Background Thread 1 ] INFO  InitAppTask          - Game initialization took: 0,090 sec
07:10:08.986 [JavaFX Application Thread] DEBUG MainWindow           - Applying CSS: fxgl_dark.css
07:10:08.986 [JavaFX Application Thread] DEBUG AssetLoader          - Loading from file system: /assets/ui/css/fxgl_dark.css
07:10:08.987 [JavaFX Application Thread] DEBUG AssetLoader          - Loading from file system: /assets/ui/cursors/fxgl_default.png
07:10:08.989 [JavaFX Application Thread] DEBUG Input                - Clearing active input actions
07:10:09.010 [JavaFX Application Thread] DEBUG MainWindow           - LoadingScene -> GameScene
07:10:09.010 [JavaFX Application Thread] DEBUG Engine               - Removing overlay from LoadingScene and adding to GameScene
07:10:09.892 [JavaFX Application Thread] DEBUG AssetLoader          - Loading from file system: /assets/textures/enemy1.png
07:10:10.490 [JavaFX Application Thread] DEBUG AssetLoader          - Loading from file system: /assets/textures/bullet.png
07:10:10.632 [JavaFX Application Thread] DEBUG AssetLoader          - Loading from cache: /assets/textures/bullet.png
07:10:10.650 [JavaFX Application Thread] DEBUG AssetLoader          - Loading from cache: /assets/textures/enemy1.png
07:10:10.810 [JavaFX Application Thread] DEBUG AssetLoader          - Loading from file system: /assets/textures/explosion.png
07:10:11.048 [JavaFX Application Thread] DEBUG AssetLoader          - Loading from cache: /assets/textures/bullet.png
07:10:11.209 [JavaFX Application Thread] DEBUG AssetLoader          - Loading from cache: /assets/textures/bullet.png
07:10:11.394 [JavaFX Application Thread] DEBUG AssetLoader          - Loading from cache: /assets/textures/enemy1.png
07:10:11.401 [JavaFX Application Thread] DEBUG AssetLoader          - Loading from cache: /assets/textures/explosion.png
07:10:11.472 [JavaFX Application Thread] DEBUG AssetLoader          - Loading from cache: /assets/textures/bullet.png
07:10:11.775 [JavaFX Application Thread] DEBUG AssetLoader          - Loading from cache: /assets/textures/bullet.png
07:10:11.944 [JavaFX Application Thread] DEBUG AssetLoader          - Loading from cache: /assets/textures/bullet.png
07:10:12.144 [JavaFX Application Thread] DEBUG AssetLoader          - Loading from cache: /assets/textures/bullet.png
07:10:12.155 [JavaFX Application Thread] DEBUG AssetLoader          - Loading from cache: /assets/textures/enemy1.png
07:10:12.340 [JavaFX Application Thread] DEBUG AssetLoader          - Loading from cache: /assets/textures/explosion.png
07:10:12.344 [JavaFX Application Thread] DEBUG AssetLoader          - Loading from cache: /assets/textures/bullet.png
07:10:12.567 [JavaFX Application Thread] DEBUG AssetLoader          - Loading from cache: /assets/textures/bullet.png
07:10:12.743 [JavaFX Application Thread] DEBUG AssetLoader          - Loading from cache: /assets/textures/bullet.png
07:10:12.886 [JavaFX Application Thread] DEBUG AssetLoader          - Loading from cache: /assets/textures/enemy1.png
07:10:12.919 [JavaFX Application Thread] DEBUG AssetLoader          - Loading from cache: /assets/textures/bullet.png
07:10:13.079 [JavaFX Application Thread] DEBUG AssetLoader          - Loading from cache: /assets/textures/bullet.png
07:10:13.152 [JavaFX Application Thread] DEBUG AssetLoader          - Loading from cache: /assets/textures/explosion.png
07:10:13.432 [JavaFX Application Thread] DEBUG AssetLoader          - Loading from cache: /assets/textures/bullet.png
07:10:13.479 [JavaFX Application Thread] DEBUG AssetLoader          - Loading from cache: /assets/textures/explosion.png
07:10:13.610 [JavaFX Application Thread] DEBUG AssetLoader          - Loading from cache: /assets/textures/enemy1.png
07:10:14.339 [JavaFX Application Thread] DEBUG AssetLoader          - Loading from cache: /assets/textures/enemy1.png
07:10:14.567 [JavaFX Application Thread] DEBUG AssetLoader          - Loading from cache: /assets/textures/bullet.png
07:10:14.727 [JavaFX Application Thread] DEBUG AssetLoader          - Loading from cache: /assets/textures/bullet.png
07:10:14.879 [JavaFX Application Thread] DEBUG AssetLoader          - Loading from cache: /assets/textures/bullet.png
07:10:15.039 [JavaFX Application Thread] DEBUG AssetLoader          - Loading from cache: /assets/textures/bullet.png
07:10:15.067 [JavaFX Application Thread] DEBUG AssetLoader          - Loading from cache: /assets/textures/enemy1.png
07:10:15.068 [JavaFX Application Thread] DEBUG AssetLoader          - Loading from cache: /assets/textures/explosion.png
07:10:15.153 [JavaFX Application Thread] DEBUG AssetLoader          - Loading from cache: /assets/textures/explosion.png
07:10:15.176 [JavaFX Application Thread] DEBUG AssetLoader          - Loading from cache: /assets/textures/explosion.png
07:10:15.223 [JavaFX Application Thread] DEBUG AssetLoader          - Loading from cache: /assets/textures/bullet.png
07:10:15.801 [JavaFX Application Thread] DEBUG AssetLoader          - Loading from cache: /assets/textures/enemy1.png
07:10:16.343 [JavaFX Application Thread] DEBUG AssetLoader          - Loading from cache: /assets/textures/bullet.png
07:10:16.519 [JavaFX Application Thread] DEBUG AssetLoader          - Loading from cache: /assets/textures/bullet.png
07:10:16.533 [JavaFX Application Thread] DEBUG AssetLoader          - Loading from cache: /assets/textures/enemy1.png
07:10:16.582 [JavaFX Application Thread] DEBUG AssetLoader          - Loading from cache: /assets/textures/explosion.png
07:10:16.809 [JavaFX Application Thread] DEBUG AssetLoader          - Loading from cache: /assets/textures/explosion.png
07:10:16.811 [JavaFX Application Thread] DEBUG AssetLoader          - Loading from file system: /assets/textures/arma1.png
07:10:17.546 [JavaFX Application Thread] DEBUG AssetLoader          - Loading from file system: /assets/textures/enemy2.png
07:10:17.551 [JavaFX Application Thread] DEBUG AssetLoader          - Loading from cache: /assets/textures/enemy1.png
07:10:18.278 [JavaFX Application Thread] DEBUG AssetLoader          - Loading from cache: /assets/textures/enemy2.png
07:10:18.280 [JavaFX Application Thread] DEBUG AssetLoader          - Loading from cache: /assets/textures/enemy1.png
07:10:19.012 [JavaFX Application Thread] DEBUG AssetLoader          - Loading from cache: /assets/textures/enemy2.png
07:10:19.013 [JavaFX Application Thread] DEBUG AssetLoader          - Loading from cache: /assets/textures/enemy1.png
07:10:19.022 [JavaFX Application Thread] DEBUG AssetLoader          - Loading from cache: /assets/textures/bullet.png
07:10:19.208 [JavaFX Application Thread] DEBUG AssetLoader          - Loading from cache: /assets/textures/bullet.png
07:10:19.375 [JavaFX Application Thread] DEBUG AssetLoader          - Loading from cache: /assets/textures/bullet.png
07:10:19.561 [JavaFX Application Thread] DEBUG AssetLoader          - Loading from cache: /assets/textures/bullet.png
07:10:19.728 [JavaFX Application Thread] DEBUG AssetLoader          - Loading from cache: /assets/textures/bullet.png
07:10:19.746 [JavaFX Application Thread] DEBUG AssetLoader          - Loading from cache: /assets/textures/enemy2.png
07:10:19.747 [JavaFX Application Thread] DEBUG AssetLoader          - Loading from cache: /assets/textures/enemy1.png
07:10:19.844 [JavaFX Application Thread] DEBUG AssetLoader          - Loading from cache: /assets/textures/explosion.png
07:10:19.958 [JavaFX Application Thread] DEBUG AssetLoader          - Loading from cache: /assets/textures/explosion.png
07:10:20.473 [JavaFX Application Thread] DEBUG AssetLoader          - Loading from cache: /assets/textures/enemy2.png
07:10:20.474 [JavaFX Application Thread] DEBUG AssetLoader          - Loading from cache: /assets/textures/enemy1.png
07:10:20.494 [JavaFX Application Thread] DEBUG AssetLoader          - Loading from cache: /assets/textures/bullet.png
07:10:20.639 [JavaFX Application Thread] DEBUG AssetLoader          - Loading from cache: /assets/textures/bullet.png
07:10:20.752 [JavaFX Application Thread] DEBUG AssetLoader          - Loading from cache: /assets/textures/explosion.png
07:10:20.815 [JavaFX Application Thread] DEBUG AssetLoader          - Loading from cache: /assets/textures/bullet.png
07:10:21.145 [JavaFX Application Thread] DEBUG AssetLoader          - Loading from cache: /assets/textures/explosion.png
07:10:21.200 [JavaFX Application Thread] DEBUG AssetLoader          - Loading from cache: /assets/textures/enemy2.png
07:10:21.443 [JavaFX Application Thread] DEBUG AssetLoader          - Loading from cache: /assets/textures/explosion.png
07:10:21.470 [JavaFX Application Thread] DEBUG AssetLoader          - Loading from cache: /assets/textures/bullet.png
07:10:21.610 [JavaFX Application Thread] DEBUG AssetLoader          - Loading from cache: /assets/textures/explosion.png
07:10:21.624 [JavaFX Application Thread] DEBUG AssetLoader          - Loading from cache: /assets/textures/bullet.png
07:10:21.799 [JavaFX Application Thread] DEBUG AssetLoader          - Loading from cache: /assets/textures/bullet.png
07:10:21.912 [JavaFX Application Thread] DEBUG AssetLoader          - Loading from cache: /assets/textures/explosion.png
07:10:21.993 [JavaFX Application Thread] DEBUG AssetLoader          - Loading from cache: /assets/textures/enemy2.png
07:10:22.032 [JavaFX Application Thread] DEBUG AssetLoader          - Loading from cache: /assets/textures/bullet.png
07:10:22.449 [JavaFX Application Thread] DEBUG AssetLoader          - Loading from cache: /assets/textures/explosion.png
07:10:22.519 [JavaFX Application Thread] DEBUG AssetLoader          - Loading from cache: /assets/textures/bullet.png
07:10:22.837 [JavaFX Application Thread] DEBUG AssetLoader          - Loading from cache: /assets/textures/explosion.png
07:10:22.841 [JavaFX Application Thread] DEBUG AssetLoader          - Loading from cache: /assets/textures/enemy2.png
07:10:23.713 [JavaFX Application Thread] DEBUG AssetLoader          - Loading from cache: /assets/textures/enemy2.png
07:10:24.635 [JavaFX Application Thread] DEBUG AssetLoader          - Loading from cache: /assets/textures/enemy2.png
07:10:25.768 [JavaFX Application Thread] DEBUG AssetLoader          - Loading from cache: /assets/textures/bullet.png
07:10:25.919 [JavaFX Application Thread] DEBUG AssetLoader          - Loading from cache: /assets/textures/bullet.png
07:10:26.080 [JavaFX Application Thread] DEBUG AssetLoader          - Loading from cache: /assets/textures/bullet.png
07:10:26.242 [JavaFX Application Thread] DEBUG AssetLoader          - Loading from cache: /assets/textures/explosion.png
07:10:26.246 [JavaFX Application Thread] DEBUG AssetLoader          - Loading from cache: /assets/textures/bullet.png
07:10:26.403 [JavaFX Application Thread] DEBUG AssetLoader          - Loading from cache: /assets/textures/explosion.png
07:10:26.439 [JavaFX Application Thread] DEBUG AssetLoader          - Loading from cache: /assets/textures/bullet.png
07:10:26.561 [JavaFX Application Thread] DEBUG AssetLoader          - Loading from cache: /assets/textures/explosion.png
07:10:26.647 [JavaFX Application Thread] DEBUG AssetLoader          - Loading from cache: /assets/textures/bullet.png
07:10:26.778 [JavaFX Application Thread] DEBUG AssetLoader          - Loading from cache: /assets/textures/explosion.png
07:10:26.897 [JavaFX Application Thread] DEBUG AssetLoader          - Loading from cache: /assets/textures/explosion.png
07:10:27.351 [JavaFX Application Thread] DEBUG AssetLoader          - Loading from cache: /assets/textures/bullet.png
07:10:27.960 [JavaFX Application Thread] DEBUG AssetLoader          - Loading from cache: /assets/textures/explosion.png
07:10:27.961 [JavaFX Application Thread] DEBUG AssetLoader          - Loading from file system: /assets/textures/vida.png
07:10:28.981 [JavaFX Application Thread] DEBUG AssetLoader          - Loading from cache: /assets/textures/enemy2.png
07:10:28.982 [JavaFX Application Thread] DEBUG AssetLoader          - Loading from cache: /assets/textures/enemy1.png
07:10:29.495 [JavaFX Application Thread] DEBUG AssetLoader          - Loading from cache: /assets/textures/bullet.png
07:10:29.562 [JavaFX Application Thread] DEBUG AssetLoader          - Loading from cache: /assets/textures/explosion.png
07:10:29.654 [JavaFX Application Thread] DEBUG AssetLoader          - Loading from cache: /assets/textures/bullet.png
07:10:30.019 [JavaFX Application Thread] DEBUG AssetLoader          - Loading from cache: /assets/textures/enemy2.png
07:10:30.020 [JavaFX Application Thread] DEBUG AssetLoader          - Loading from cache: /assets/textures/enemy1.png
07:10:30.387 [JavaFX Application Thread] DEBUG AssetLoader          - Loading from cache: /assets/textures/explosion.png
07:10:31.082 [JavaFX Application Thread] DEBUG AssetLoader          - Loading from cache: /assets/textures/enemy2.png
07:10:31.083 [JavaFX Application Thread] DEBUG AssetLoader          - Loading from cache: /assets/textures/enemy1.png
07:10:31.122 [JavaFX Application Thread] DEBUG AssetLoader          - Loading from cache: /assets/textures/bullet.png
07:10:31.220 [JavaFX Application Thread] DEBUG AssetLoader          - Loading from cache: /assets/textures/explosion.png
07:10:31.583 [JavaFX Application Thread] DEBUG AssetLoader          - Loading from cache: /assets/textures/bullet.png
07:10:31.621 [JavaFX Application Thread] DEBUG AssetLoader          - Loading from cache: /assets/textures/explosion.png
07:10:32.185 [JavaFX Application Thread] DEBUG AssetLoader          - Loading from cache: /assets/textures/enemy2.png
07:10:32.186 [JavaFX Application Thread] DEBUG AssetLoader          - Loading from cache: /assets/textures/enemy1.png
07:10:32.392 [JavaFX Application Thread] DEBUG AssetLoader          - Loading from cache: /assets/textures/bullet.png
07:10:33.057 [JavaFX Application Thread] DEBUG AssetLoader          - Loading from cache: /assets/textures/bullet.png
07:10:33.175 [JavaFX Application Thread] DEBUG AssetLoader          - Loading from cache: /assets/textures/explosion.png
07:10:33.305 [JavaFX Application Thread] DEBUG AssetLoader          - Loading from cache: /assets/textures/enemy2.png
07:10:33.306 [JavaFX Application Thread] DEBUG AssetLoader          - Loading from cache: /assets/textures/enemy1.png
07:10:33.528 [JavaFX Application Thread] DEBUG AssetLoader          - Loading from cache: /assets/textures/bullet.png
07:10:34.450 [JavaFX Application Thread] DEBUG AssetLoader          - Loading from cache: /assets/textures/enemy2.png
07:10:34.451 [JavaFX Application Thread] DEBUG AssetLoader          - Loading from cache: /assets/textures/enemy1.png
07:10:34.471 [JavaFX Application Thread] DEBUG AssetLoader          - Loading from cache: /assets/textures/bullet.png
07:10:34.661 [JavaFX Application Thread] DEBUG AssetLoader          - Loading from cache: /assets/textures/bullet.png
07:10:35.062 [JavaFX Application Thread] DEBUG AssetLoader          - Loading from cache: /assets/textures/bullet.png
07:10:35.546 [JavaFX Application Thread] DEBUG AssetLoader          - Loading from cache: /assets/textures/explosion.png
07:10:35.637 [JavaFX Application Thread] DEBUG AssetLoader          - Loading from cache: /assets/textures/enemy2.png
07:10:35.638 [JavaFX Application Thread] DEBUG AssetLoader          - Loading from cache: /assets/textures/enemy1.png
07:10:35.765 [JavaFX Application Thread] DEBUG AssetLoader          - Loading from cache: /assets/textures/explosion.png
07:10:36.374 [JavaFX Application Thread] DEBUG AssetLoader          - Loading from cache: /assets/textures/bullet.png
07:10:36.551 [JavaFX Application Thread] DEBUG AssetLoader          - Loading from cache: /assets/textures/bullet.png
07:10:36.688 [JavaFX Application Thread] DEBUG AssetLoader          - Loading from cache: /assets/textures/bullet.png
07:10:36.841 [JavaFX Application Thread] DEBUG AssetLoader          - Loading from cache: /assets/textures/enemy2.png
07:10:36.842 [JavaFX Application Thread] DEBUG AssetLoader          - Loading from cache: /assets/textures/enemy1.png
07:10:37.031 [JavaFX Application Thread] DEBUG AssetLoader          - Loading from cache: /assets/textures/bullet.png
07:10:37.207 [JavaFX Application Thread] DEBUG AssetLoader          - Loading from cache: /assets/textures/bullet.png
07:10:37.291 [JavaFX Application Thread] DEBUG AssetLoader          - Loading from cache: /assets/textures/explosion.png
07:10:37.303 [JavaFX Application Thread] DEBUG AssetLoader          - Loading from cache: /assets/textures/explosion.png
07:10:37.375 [JavaFX Application Thread] DEBUG AssetLoader          - Loading from cache: /assets/textures/bullet.png
07:10:37.384 [JavaFX Application Thread] DEBUG AssetLoader          - Loading from cache: /assets/textures/explosion.png
07:10:37.401 [JavaFX Application Thread] DEBUG AssetLoader          - Loading from cache: /assets/textures/explosion.png
07:10:37.527 [JavaFX Application Thread] DEBUG AssetLoader          - Loading from cache: /assets/textures/bullet.png
07:10:37.642 [JavaFX Application Thread] DEBUG AssetLoader          - Loading from cache: /assets/textures/explosion.png
07:10:37.751 [JavaFX Application Thread] DEBUG AssetLoader          - Loading from cache: /assets/textures/bullet.png
07:10:37.975 [JavaFX Application Thread] DEBUG AssetLoader          - Loading from cache: /assets/textures/bullet.png
07:10:38.055 [JavaFX Application Thread] DEBUG AssetLoader          - Loading from cache: /assets/textures/enemy2.png
07:10:38.055 [JavaFX Application Thread] DEBUG AssetLoader          - Loading from cache: /assets/textures/enemy1.png
07:10:38.154 [JavaFX Application Thread] DEBUG AssetLoader          - Loading from cache: /assets/textures/explosion.png
07:10:38.191 [JavaFX Application Thread] DEBUG AssetLoader          - Loading from cache: /assets/textures/bullet.png
07:10:38.474 [JavaFX Application Thread] DEBUG AssetLoader          - Loading from cache: /assets/textures/explosion.png
07:10:39.178 [JavaFX Application Thread] DEBUG AssetLoader          - Loading from cache: /assets/textures/explosion.png
07:10:39.354 [JavaFX Application Thread] DEBUG AssetLoader          - Loading from cache: /assets/textures/enemy2.png
07:10:39.355 [JavaFX Application Thread] DEBUG AssetLoader          - Loading from cache: /assets/textures/enemy1.png
07:10:39.698 [JavaFX Application Thread] DEBUG AssetLoader          - Loading from cache: /assets/textures/bullet.png
07:10:39.864 [JavaFX Application Thread] DEBUG AssetLoader          - Loading from cache: /assets/textures/bullet.png
07:10:40.039 [JavaFX Application Thread] DEBUG AssetLoader          - Loading from cache: /assets/textures/bullet.png
07:10:40.183 [JavaFX Application Thread] DEBUG AssetLoader          - Loading from cache: /assets/textures/bullet.png
07:10:40.329 [JavaFX Application Thread] DEBUG AssetLoader          - Loading from cache: /assets/textures/explosion.png
07:10:40.423 [JavaFX Application Thread] DEBUG AssetLoader          - Loading from cache: /assets/textures/bullet.png
07:10:40.657 [JavaFX Application Thread] DEBUG AssetLoader          - Loading from cache: /assets/textures/bullet.png
07:10:40.791 [JavaFX Application Thread] DEBUG AssetLoader          - Loading from cache: /assets/textures/bullet.png
07:10:40.889 [JavaFX Application Thread] DEBUG AssetLoader          - Loading from cache: /assets/textures/enemy2.png
07:10:41.071 [JavaFX Application Thread] DEBUG AssetLoader          - Loading from cache: /assets/textures/bullet.png
07:10:41.241 [JavaFX Application Thread] DEBUG AssetLoader          - Loading from cache: /assets/textures/explosion.png
07:10:41.247 [JavaFX Application Thread] DEBUG AssetLoader          - Loading from cache: /assets/textures/bullet.png
07:10:41.399 [JavaFX Application Thread] DEBUG AssetLoader          - Loading from cache: /assets/textures/bullet.png
07:10:42.469 [JavaFX Application Thread] DEBUG AssetLoader          - Loading from cache: /assets/textures/enemy2.png
07:10:42.911 [JavaFX Application Thread] DEBUG AssetLoader          - Loading from cache: /assets/textures/bullet.png
07:10:43.103 [JavaFX Application Thread] DEBUG AssetLoader          - Loading from cache: /assets/textures/bullet.png
07:10:43.284 [JavaFX Application Thread] DEBUG AssetLoader          - Loading from cache: /assets/textures/bullet.png
07:10:43.505 [JavaFX Application Thread] DEBUG AssetLoader          - Loading from cache: /assets/textures/bullet.png
07:10:43.530 [JavaFX Application Thread] DEBUG AssetLoader          - Loading from cache: /assets/textures/explosion.png
07:10:43.593 [JavaFX Application Thread] DEBUG AssetLoader          - Loading from cache: /assets/textures/explosion.png
07:10:43.728 [JavaFX Application Thread] DEBUG AssetLoader          - Loading from cache: /assets/textures/bullet.png
07:10:43.905 [JavaFX Application Thread] DEBUG AssetLoader          - Loading from cache: /assets/textures/bullet.png
07:10:44.026 [JavaFX Application Thread] DEBUG AssetLoader          - Loading from cache: /assets/textures/enemy2.png
07:10:44.095 [JavaFX Application Thread] DEBUG AssetLoader          - Loading from cache: /assets/textures/bullet.png
07:10:44.271 [JavaFX Application Thread] DEBUG AssetLoader          - Loading from cache: /assets/textures/bullet.png
07:10:44.467 [JavaFX Application Thread] DEBUG AssetLoader          - Loading from cache: /assets/textures/bullet.png
07:10:44.680 [JavaFX Application Thread] DEBUG AssetLoader          - Loading from cache: /assets/textures/bullet.png
07:10:44.874 [JavaFX Application Thread] DEBUG AssetLoader          - Loading from cache: /assets/textures/explosion.png
07:10:45.641 [JavaFX Application Thread] DEBUG AssetLoader          - Loading from cache: /assets/textures/enemy2.png
07:10:46.242 [JavaFX Application Thread] DEBUG AssetLoader          - Loading from cache: /assets/textures/bullet.png
07:10:46.407 [JavaFX Application Thread] DEBUG AssetLoader          - Loading from cache: /assets/textures/bullet.png
07:10:46.580 [JavaFX Application Thread] DEBUG AssetLoader          - Loading from cache: /assets/textures/bullet.png
07:10:46.783 [JavaFX Application Thread] DEBUG AssetLoader          - Loading from cache: /assets/textures/bullet.png
07:10:46.874 [JavaFX Application Thread] DEBUG AssetLoader          - Loading from cache: /assets/textures/explosion.png
07:10:46.999 [JavaFX Application Thread] DEBUG AssetLoader          - Loading from cache: /assets/textures/bullet.png
07:10:47.198 [JavaFX Application Thread] DEBUG AssetLoader          - Loading from cache: /assets/textures/bullet.png
07:10:47.258 [JavaFX Application Thread] DEBUG AssetLoader          - Loading from cache: /assets/textures/enemy2.png
07:10:47.864 [JavaFX Application Thread] DEBUG AssetLoader          - Loading from cache: /assets/textures/bullet.png
07:10:47.929 [JavaFX Application Thread] DEBUG AssetLoader          - Loading from cache: /assets/textures/explosion.png
07:10:48.056 [JavaFX Application Thread] DEBUG AssetLoader          - Loading from cache: /assets/textures/bullet.png
07:10:48.279 [JavaFX Application Thread] DEBUG AssetLoader          - Loading from cache: /assets/textures/bullet.png
07:10:48.791 [JavaFX Application Thread] DEBUG AssetLoader          - Loading from cache: /assets/textures/bullet.png
07:10:49.114 [JavaFX Application Thread] DEBUG AssetLoader          - Loading from cache: /assets/textures/explosion.png
07:10:49.290 [JavaFX Application Thread] DEBUG AssetLoader          - Loading from cache: /assets/textures/explosion.png
07:10:50.343 [JavaFX Application Thread] DEBUG AssetLoader          - Loading from cache: /assets/textures/bullet.png
07:10:50.550 [JavaFX Application Thread] DEBUG AssetLoader          - Loading from cache: /assets/textures/bullet.png
07:10:51.946 [JavaFX Application Thread] DEBUG AssetLoader          - Loading from cache: /assets/textures/explosion.png
07:10:56.582 [JavaFX Application Thread] DEBUG Engine               - Exiting FXGL
07:10:56.582 [JavaFX Application Thread] DEBUG Engine               - Shutting down background threads
07:10:56.582 [JavaFX Application Thread] DEBUG Engine               - Saving FXGL system data
07:10:56.586 [JavaFX Application Thread] DEBUG FSServiceImpl        - Writing to: C:\Users\daron\Downloads\workspace\Programas java\Avanzado\Game2D\system\fxgl.bundle
07:10:56.589 [JavaFX Application Thread] DEBUG Engine               - Closing logger and exiting JavaFX
