18:56:27.229 [main                     ] DEBUG GameApplication      - Logger initialized
18:56:27.233 [main                     ] DEBUG GameApplication      - Logging settings
Title: Dungeons
Version: 0.2
Width: 750
Height: 750
Fullscreen: true
Intro: true
Menus: false
Profiling: false
Single step:false
App Mode: DEVELOPER
Menu Key: ESCAPE
Stage Style: DECORATED
Scene Factory: class com.almasb.fxgl.app.SceneFactory
Dialog Factory: class com.almasb.fxgl.ui.FXGLDialogFactory
UI Factory: class com.almasb.fxgl.ui.FXGLUIFactory

18:56:27.881 [JavaFX Application Thread] DEBUG Engine               - Initializing FXGL
18:56:27.881 [JavaFX Application Thread] INFO  Engine               - FXGL-11.4 (06.08.2019 18.29) on WINDOWS (J:18.0.2 FX:12.0.1)
18:56:27.882 [JavaFX Application Thread] INFO  Engine               - Source code and latest versions at: https://github.com/AlmasB/FXGL
18:56:27.882 [JavaFX Application Thread] INFO  Engine               -              Join the FXGL chat at: https://gitter.im/AlmasB/FXGL
18:56:27.886 [JavaFX Application Thread] DEBUG Engine               - Adding new engine service: class com.almasb.fxgl.audio.AudioPlayer
18:56:27.888 [JavaFX Application Thread] DEBUG Engine               - Adding new engine service: class com.almasb.fxgl.notification.impl.NotificationServiceProvider
18:56:27.888 [JavaFX Application Thread] DEBUG Engine               - Adding new engine service: class com.almasb.fxgl.achievement.AchievementManager
18:56:27.895 [JavaFX Application Thread] DEBUG FS                   - Loaded FSServiceImpl
18:56:27.896 [JavaFX Application Thread] DEBUG SaveLoadManager      - Checking profiles dir: profiles/
18:56:27.896 [JavaFX Application Thread] DEBUG Engine               - Loading localizations
18:56:27.917 [JavaFX Application Thread] DEBUG AssetLoader          - Loading from file system: /assets/properties/languages/english.properties
18:56:27.923 [JavaFX Application Thread] DEBUG AssetLoader          - Loading from file system: /assets/properties/languages/french.properties
18:56:27.925 [JavaFX Application Thread] DEBUG AssetLoader          - Loading from file system: /assets/properties/languages/german.properties
18:56:27.927 [JavaFX Application Thread] DEBUG AssetLoader          - Loading from file system: /assets/properties/languages/russian.properties
18:56:27.930 [JavaFX Application Thread] DEBUG AssetLoader          - Loading from file system: /assets/properties/languages/hungarian.properties
18:56:27.932 [JavaFX Application Thread] DEBUG Engine               - Registering font factories
18:56:27.933 [JavaFX Application Thread] DEBUG AssetLoader          - Loading from file system: /assets/ui/fonts/VarelaRound-Regular.ttf
18:56:28.054 [JavaFX Application Thread] DEBUG AssetLoader          - Loading from file system: /assets/ui/fonts/Abel-Regular.ttf
18:56:28.061 [JavaFX Application Thread] DEBUG AssetLoader          - Loading from file system: /assets/ui/fonts/lucida_console.ttf
18:56:28.069 [JavaFX Application Thread] DEBUG AssetLoader          - Loading from file system: /assets/ui/fonts/Courier-Prime.ttf
18:56:28.077 [JavaFX Application Thread] DEBUG Engine               - Setting UI factory
18:56:28.227 [JavaFX Application Thread] DEBUG AssetLoader          - Loading from file system: /assets/textures/fxgl_logo.png
18:56:28.336 [JavaFX Application Thread] DEBUG MainWindow           - Creating a JavaFX scene
18:56:28.404 [JavaFX Application Thread] DEBUG MainWindow           - Target settings size: 750.0 x 750.0
18:56:28.404 [JavaFX Application Thread] DEBUG MainWindow           - Scaled scene size:    750.0 x 750.0
18:56:28.405 [JavaFX Application Thread] DEBUG MainWindow           - Scaled ratio: (1.0, 1.0)
18:56:28.407 [JavaFX Application Thread] DEBUG MainWindow           - Applying CSS: fxgl_dark.css
18:56:28.408 [JavaFX Application Thread] DEBUG AssetLoader          - Loading from file system: /assets/ui/css/fxgl_dark.css
18:56:28.409 [JavaFX Application Thread] DEBUG AssetLoader          - Loading from file system: /assets/ui/cursors/fxgl_default.png
18:56:28.419 [JavaFX Application Thread] DEBUG Input                - Clearing active input actions
18:56:28.419 [JavaFX Application Thread] DEBUG MainWindow           - StartupScene -> StartupScene
18:56:28.425 [JavaFX Application Thread] DEBUG AssetLoader          - Loading from file system: /assets/textures/fxgl_icon.png
18:56:28.456 [JavaFX Application Thread] DEBUG MainWindow           - Opening main window
18:56:28.672 [JavaFX Application Thread] DEBUG MainWindow           - Window border size: (14.79998779296875, 38.0)
18:56:28.673 [JavaFX Application Thread] DEBUG MainWindow           - Scaled size: 750.0 x 750.0
18:56:28.673 [JavaFX Application Thread] DEBUG MainWindow           - Scaled ratio: (1.0, 1.0)
18:56:28.673 [JavaFX Application Thread] DEBUG MainWindow           - Scene size: 750.0 x 750.0
18:56:28.673 [JavaFX Application Thread] DEBUG MainWindow           - Stage size: 764.7999877929688 x 788.0
18:56:28.684 [FXGL Background Thread 1 ] DEBUG FS                   - Loaded FSServiceImpl
18:56:28.686 [FXGL Background Thread 1 ] DEBUG Engine               - Loading FXGL system data
18:56:28.697 [FXGL Background Thread 1 ] DEBUG FSServiceImpl        - Reading from: C:\Users\daron\Downloads\workspace\Programas java\Avanzado\Game2D\system\fxgl.bundle
18:56:28.719 [FXGL Background Thread 1 ] DEBUG Engine               - Bundle FXGL: {}
18:56:28.719 [FXGL Background Thread 1 ] DEBUG Engine               - Initializing application scenes
18:56:28.762 [FXGL Background Thread 1 ] DEBUG GameWorld            - Game world initialized
18:56:28.840 [FXGL Background Thread 1 ] DEBUG PhysicsWorld         - Physics world initialized: appHeight=750, physics.ppm=50,0
18:56:28.843 [FXGL Background Thread 1 ] DEBUG GameScene            - Game scene initialized: 750x750
18:56:28.883 [FXGL Background Thread 1 ] DEBUG AssetLoader          - Loading from file system: /assets/textures/particles/explosion.png
18:56:29.023 [FXGL Background Thread 1 ] DEBUG Input                - Registered new binding: Resume - Esc
18:56:29.023 [FXGL Background Thread 1 ] DEBUG AssetLoader          - Loading from file system: /assets/textures/pause_menu_bg.png
18:56:29.049 [FXGL Background Thread 1 ] DEBUG Input                - Registered new binding: Pause - Esc
18:56:29.050 [FXGL Background Thread 1 ] DEBUG Engine               - Application scenes initialized
18:56:29.054 [JavaFX Application Thread] DEBUG Engine               - Running preInit()
18:56:29.055 [JavaFX Application Thread] DEBUG Input                - Registered new binding: MoveUp - W
18:56:29.055 [JavaFX Application Thread] DEBUG Input                - Registered new binding: MoveDown - S
18:56:29.055 [JavaFX Application Thread] DEBUG Input                - Registered new binding: MoveRight - D
18:56:29.056 [JavaFX Application Thread] DEBUG Input                - Registered new binding: MoveLeft - A
18:56:29.057 [JavaFX Application Thread] DEBUG Input                - Registered new binding: Screenshot - P
18:56:29.058 [JavaFX Application Thread] DEBUG Input                - Registered new binding: System info dump - CTRL+9
18:56:29.058 [JavaFX Application Thread] DEBUG Input                - Registered new binding: Restart - CTRL+R
18:56:29.058 [JavaFX Application Thread] DEBUG Engine               - generateDefaultProfile()
18:56:29.058 [JavaFX Application Thread] DEBUG Engine               - Creating default profile
18:56:29.059 [JavaFX Application Thread] DEBUG EventBus             - Firing event: SaveEvent
18:56:29.070 [JavaFX Application Thread] DEBUG Engine               - Logging environment variables
18:56:29.070 [JavaFX Application Thread] DEBUG Engine               - achievements: []
18:56:29.070 [JavaFX Application Thread] DEBUG Engine               - language: ObjectProperty [value: ENGLISH]
18:56:29.070 [JavaFX Application Thread] DEBUG Engine               - isCloseConfirmation: false
18:56:29.071 [JavaFX Application Thread] DEBUG Engine               - isProfilingEnabled: false
18:56:29.071 [JavaFX Application Thread] DEBUG Engine               - soundNotification: core/notification.wav
18:56:29.071 [JavaFX Application Thread] DEBUG Engine               - devShowBBoxProperty: BooleanProperty [value: false]
18:56:29.071 [JavaFX Application Thread] DEBUG Engine               - pixelsPerMeter: 50.0
18:56:29.071 [JavaFX Application Thread] DEBUG Engine               - overlayRoot: Group@60718353
18:56:29.071 [JavaFX Application Thread] DEBUG Engine               - appIcon: fxgl_icon.png
18:56:29.071 [JavaFX Application Thread] DEBUG Engine               - soundMenuBack: menu/back.wav
18:56:29.071 [JavaFX Application Thread] DEBUG Engine               - isFullScreenAllowed: true
18:56:29.072 [JavaFX Application Thread] DEBUG Engine               - isIntroEnabled: true
18:56:29.072 [JavaFX Application Thread] DEBUG Engine               - eventBus: com.almasb.fxgl.event.EventBus@70913245
18:56:29.072 [JavaFX Application Thread] DEBUG Engine               - fontMono: lucida_console.ttf
18:56:29.072 [JavaFX Application Thread] DEBUG Engine               - soundMenuSelect: menu/select.wav
18:56:29.072 [JavaFX Application Thread] DEBUG Engine               - isWindows: true
18:56:29.072 [JavaFX Application Thread] DEBUG Engine               - isMobile: false
18:56:29.072 [JavaFX Application Thread] DEBUG Engine               - height: 750
18:56:29.072 [JavaFX Application Thread] DEBUG Engine               - isExperimentalNative: false
18:56:29.072 [JavaFX Application Thread] DEBUG Engine               - isSingleStep: false
18:56:29.072 [JavaFX Application Thread] DEBUG Engine               - cSSList: [fxgl_dark.css]
18:56:29.073 [JavaFX Application Thread] DEBUG Engine               - fontGame: Abel-Regular.ttf
18:56:29.073 [JavaFX Application Thread] DEBUG Engine               - menuKey: ESCAPE
18:56:29.073 [JavaFX Application Thread] DEBUG Engine               - devShowPositionProperty: BooleanProperty [value: false]
18:56:29.073 [JavaFX Application Thread] DEBUG Engine               - versionCheckDays: 7
18:56:29.073 [JavaFX Application Thread] DEBUG Engine               - masterTimer: com.almasb.fxgl.time.Timer@55ba89ad
18:56:29.073 [JavaFX Application Thread] DEBUG Engine               - configClass: Optional.empty
18:56:29.073 [JavaFX Application Thread] DEBUG Engine               - version: 0.2
18:56:29.073 [JavaFX Application Thread] DEBUG Engine               - fullScreen: BooleanProperty [value: false]
18:56:29.073 [JavaFX Application Thread] DEBUG Engine               - dialogFactory: com.almasb.fxgl.ui.FXGLDialogFactory@ab57b8c
18:56:29.073 [JavaFX Application Thread] DEBUG Engine               - applicationMode: DEVELOPER
18:56:29.073 [JavaFX Application Thread] DEBUG Engine               - isMac: false
18:56:29.074 [JavaFX Application Thread] DEBUG Engine               - urlGoogleForms: https://goo.gl/forms/6wrMnOBxTE1fEpOy2
18:56:29.074 [JavaFX Application Thread] DEBUG Engine               - isMenuEnabled: false
18:56:29.074 [JavaFX Application Thread] DEBUG Engine               - profileName: user.profile
18:56:29.074 [JavaFX Application Thread] DEBUG Engine               - urlPOM: https://raw.githubusercontent.com/AlmasB/FXGL/master/pom.xml
18:56:29.074 [JavaFX Application Thread] DEBUG Engine               - notificationViewClass: class com.almasb.fxgl.notification.view.XboxNotificationView
18:56:29.074 [JavaFX Application Thread] DEBUG Engine               - devSensorColorProperty: ObjectProperty [value: 0xffff00ff]
18:56:29.074 [JavaFX Application Thread] DEBUG Engine               - sceneFactory: com.almasb.fxgl.app.SceneFactory@374ffc0a
18:56:29.074 [JavaFX Application Thread] DEBUG Engine               - dataFileExt: .dat
18:56:29.074 [JavaFX Application Thread] DEBUG Engine               - stageStyle: DECORATED
18:56:29.074 [JavaFX Application Thread] DEBUG Engine               - isManualResizeEnabled: false
18:56:29.074 [JavaFX Application Thread] DEBUG Engine               - title: Dungeons
18:56:29.075 [JavaFX Application Thread] DEBUG Engine               - platform: WINDOWS
18:56:29.075 [JavaFX Application Thread] DEBUG Engine               - devBBoxColorProperty: ObjectProperty [value: 0xff0000ff]
18:56:29.075 [JavaFX Application Thread] DEBUG Engine               - isDesktop: true
18:56:29.075 [JavaFX Application Thread] DEBUG Engine               - globalMusicVolumeProperty: DoubleProperty [value: 0.5]
18:56:29.075 [JavaFX Application Thread] DEBUG Engine               - credits: []
18:56:29.075 [JavaFX Application Thread] DEBUG Engine               - isPreserveResizeRatio: false
18:56:29.075 [JavaFX Application Thread] DEBUG Engine               - uIFactory: com.almasb.fxgl.ui.FXGLUIFactory@4eb5f3bc
18:56:29.075 [JavaFX Application Thread] DEBUG Engine               - fontText: Courier-Prime.ttf
18:56:29.075 [JavaFX Application Thread] DEBUG Engine               - isExperimentalTiledLargeMap: false
18:56:29.076 [JavaFX Application Thread] DEBUG Engine               - secondsIn24h: 60
18:56:29.076 [JavaFX Application Thread] DEBUG Engine               - runtimeInfo: RuntimeInfo(platform=WINDOWS, version=11.4, build=06.08.2019 18.29)
18:56:29.076 [JavaFX Application Thread] DEBUG Engine               - soundMenuPress: menu/press.wav
18:56:29.076 [JavaFX Application Thread] DEBUG Engine               - isLinux: false
18:56:29.076 [JavaFX Application Thread] DEBUG Engine               - urlGithub: https://github.com/AlmasB/FXGL
18:56:29.076 [JavaFX Application Thread] DEBUG Engine               - profileDir: profiles/
18:56:29.076 [JavaFX Application Thread] DEBUG Engine               - isDeveloperMenuEnabled: false
18:56:29.076 [JavaFX Application Thread] DEBUG Engine               - globalSoundVolumeProperty: DoubleProperty [value: 0.5]
18:56:29.076 [JavaFX Application Thread] DEBUG Engine               - isBrowser: false
18:56:29.076 [JavaFX Application Thread] DEBUG Engine               - globalSoundVolume: 0.5
18:56:29.076 [JavaFX Application Thread] DEBUG Engine               - urlLeaderboard: http://fxgl-top.herokuapp.com/
18:56:29.077 [JavaFX Application Thread] DEBUG Engine               - saveDir: saves/
18:56:29.077 [JavaFX Application Thread] DEBUG Engine               - engineServices: [class com.almasb.fxgl.audio.AudioPlayer, class com.almasb.fxgl.notification.impl.NotificationServiceProvider, class com.almasb.fxgl.achievement.AchievementManager]
18:56:29.077 [JavaFX Application Thread] DEBUG Engine               - globalMusicVolume: 0.5
18:56:29.077 [JavaFX Application Thread] DEBUG Engine               - width: 750
18:56:29.077 [JavaFX Application Thread] DEBUG Engine               - saveFileExt: .sav
18:56:29.077 [JavaFX Application Thread] DEBUG Engine               - isAndroid: false
18:56:29.077 [JavaFX Application Thread] DEBUG Engine               - fontUI: VarelaRound-Regular.ttf
18:56:29.077 [JavaFX Application Thread] DEBUG Engine               - enabledMenuItems: []
18:56:29.077 [JavaFX Application Thread] DEBUG Engine               - isIOS: false
18:56:29.099 [JavaFX Application Thread] INFO  Engine               - FXGL initialization took: 1,202 sec
18:56:29.099 [JavaFX Application Thread] DEBUG LoopRunner           - Starting loop
18:56:29.111 [JavaFX Application Thread] DEBUG StartupScene         - STARTUP
18:56:29.111 [JavaFX Application Thread] DEBUG MainWindow           - Applying CSS: fxgl_dark.css
18:56:29.111 [JavaFX Application Thread] DEBUG AssetLoader          - Loading from file system: /assets/ui/css/fxgl_dark.css
18:56:29.112 [JavaFX Application Thread] DEBUG AssetLoader          - Loading from file system: /assets/ui/cursors/fxgl_default.png
18:56:29.113 [JavaFX Application Thread] DEBUG Input                - Clearing active input actions
18:56:29.130 [JavaFX Application Thread] DEBUG MainWindow           - StartupScene -> FXGLIntroScene
18:56:29.137 [JavaFX Application Thread] DEBUG Engine               - Removing overlay from StartupScene and adding to FXGLIntroScene
18:56:34.800 [JavaFX Application Thread] DEBUG Engine               - Starting new game
18:56:34.800 [JavaFX Application Thread] DEBUG MainWindow           - Applying CSS: fxgl_dark.css
18:56:34.800 [JavaFX Application Thread] DEBUG AssetLoader          - Loading from file system: /assets/ui/css/fxgl_dark.css
18:56:34.801 [JavaFX Application Thread] DEBUG AssetLoader          - Loading from file system: /assets/ui/cursors/fxgl_default.png
18:56:34.802 [JavaFX Application Thread] DEBUG Input                - Clearing active input actions
18:56:34.829 [JavaFX Application Thread] DEBUG MainWindow           - FXGLIntroScene -> LoadingScene
18:56:34.843 [JavaFX Application Thread] DEBUG Engine               - Removing overlay from FXGLIntroScene and adding to LoadingScene
18:56:34.844 [FXGL Background Thread 1 ] DEBUG InitAppTask          - Clearing previous game
18:56:34.844 [FXGL Background Thread 1 ] DEBUG GameWorld            - Clearing game world
18:56:34.844 [FXGL Background Thread 1 ] DEBUG PhysicsWorld         - Clearing physics world
18:56:34.844 [FXGL Background Thread 1 ] DEBUG GameScene            - Clearing game scene
18:56:34.844 [FXGL Background Thread 1 ] DEBUG InitAppTask          - Initializing Game
18:56:34.866 [FXGL Background Thread 1 ] DEBUG AssetLoader          - Loading from file system: /assets/textures/player1.png
18:56:34.887 [FXGL Background Thread 1 ] DEBUG AssetLoader          - Loading from file system: /assets/textures/arma1.png
18:56:34.900 [FXGL Background Thread 1 ] DEBUG InitAppTask          - Initializing Physics
18:56:34.901 [FXGL Background Thread 1 ] DEBUG InitAppTask          - Initializing UI
18:56:34.901 [FXGL Background Thread 1 ] DEBUG InitAppTask          - Initialization Complete
18:56:34.902 [FXGL Background Thread 1 ] INFO  InitAppTask          - Game initialization took: 0,057 sec
18:56:34.928 [JavaFX Application Thread] DEBUG MainWindow           - Applying CSS: fxgl_dark.css
18:56:34.928 [JavaFX Application Thread] DEBUG AssetLoader          - Loading from file system: /assets/ui/css/fxgl_dark.css
18:56:34.929 [JavaFX Application Thread] DEBUG AssetLoader          - Loading from file system: /assets/ui/cursors/fxgl_default.png
18:56:34.930 [JavaFX Application Thread] DEBUG Input                - Clearing active input actions
18:56:34.942 [JavaFX Application Thread] DEBUG MainWindow           - LoadingScene -> GameScene
18:56:34.942 [JavaFX Application Thread] DEBUG Engine               - Removing overlay from LoadingScene and adding to GameScene
18:56:36.907 [JavaFX Application Thread] DEBUG AssetLoader          - Loading from file system: /assets/textures/enemy1.png
18:56:38.907 [JavaFX Application Thread] DEBUG AssetLoader          - Loading from cache: /assets/textures/enemy1.png
18:56:40.907 [JavaFX Application Thread] DEBUG AssetLoader          - Loading from cache: /assets/textures/enemy1.png
18:56:42.907 [JavaFX Application Thread] DEBUG AssetLoader          - Loading from cache: /assets/textures/enemy1.png
18:59:21.092 [JavaFX Application Thread] DEBUG Engine               - Exiting FXGL
18:59:21.092 [JavaFX Application Thread] DEBUG Engine               - Shutting down background threads
18:59:21.093 [JavaFX Application Thread] DEBUG Engine               - Saving FXGL system data
18:59:21.096 [JavaFX Application Thread] DEBUG FSServiceImpl        - Writing to: C:\Users\daron\Downloads\workspace\Programas java\Avanzado\Game2D\system\fxgl.bundle
18:59:21.100 [JavaFX Application Thread] DEBUG Engine               - Closing logger and exiting JavaFX
