06:49:29.023 [main                     ] DEBUG GameApplication      - Logger initialized
06:49:29.026 [main                     ] DEBUG GameApplication      - Logging settings
Title: Nuke Dungeons
Version: 0.3
Width: 750
Height: 750
Fullscreen: true
Intro: false
Menus: false
Profiling: false
Single step:false
App Mode: DEVELOPER
Menu Key: ESCAPE
Stage Style: DECORATED
Scene Factory: class com.almasb.fxgl.app.SceneFactory
Dialog Factory: class com.almasb.fxgl.ui.FXGLDialogFactory
UI Factory: class com.almasb.fxgl.ui.FXGLUIFactory

06:49:29.692 [JavaFX Application Thread] DEBUG Engine               - Initializing FXGL
06:49:29.693 [JavaFX Application Thread] INFO  Engine               - FXGL-11.4 (06.08.2019 18.29) on WINDOWS (J:18.0.2 FX:12.0.1)
06:49:29.693 [JavaFX Application Thread] INFO  Engine               - Source code and latest versions at: https://github.com/AlmasB/FXGL
06:49:29.693 [JavaFX Application Thread] INFO  Engine               -              Join the FXGL chat at: https://gitter.im/AlmasB/FXGL
06:49:29.698 [JavaFX Application Thread] DEBUG Engine               - Adding new engine service: class com.almasb.fxgl.audio.AudioPlayer
06:49:29.699 [JavaFX Application Thread] DEBUG Engine               - Adding new engine service: class com.almasb.fxgl.notification.impl.NotificationServiceProvider
06:49:29.699 [JavaFX Application Thread] DEBUG Engine               - Adding new engine service: class com.almasb.fxgl.achievement.AchievementManager
06:49:29.707 [JavaFX Application Thread] DEBUG FS                   - Loaded FSServiceImpl
06:49:29.708 [JavaFX Application Thread] DEBUG SaveLoadManager      - Checking profiles dir: profiles/
06:49:29.708 [JavaFX Application Thread] DEBUG Engine               - Loading localizations
06:49:29.726 [JavaFX Application Thread] DEBUG AssetLoader          - Loading from file system: /assets/properties/languages/english.properties
06:49:29.730 [JavaFX Application Thread] DEBUG AssetLoader          - Loading from file system: /assets/properties/languages/french.properties
06:49:29.732 [JavaFX Application Thread] DEBUG AssetLoader          - Loading from file system: /assets/properties/languages/german.properties
06:49:29.735 [JavaFX Application Thread] DEBUG AssetLoader          - Loading from file system: /assets/properties/languages/russian.properties
06:49:29.736 [JavaFX Application Thread] DEBUG AssetLoader          - Loading from file system: /assets/properties/languages/hungarian.properties
06:49:29.739 [JavaFX Application Thread] DEBUG Engine               - Registering font factories
06:49:29.739 [JavaFX Application Thread] DEBUG AssetLoader          - Loading from file system: /assets/ui/fonts/VarelaRound-Regular.ttf
06:49:29.863 [JavaFX Application Thread] DEBUG AssetLoader          - Loading from file system: /assets/ui/fonts/Abel-Regular.ttf
06:49:29.869 [JavaFX Application Thread] DEBUG AssetLoader          - Loading from file system: /assets/ui/fonts/lucida_console.ttf
06:49:29.878 [JavaFX Application Thread] DEBUG AssetLoader          - Loading from file system: /assets/ui/fonts/Courier-Prime.ttf
06:49:29.885 [JavaFX Application Thread] DEBUG Engine               - Setting UI factory
06:49:30.036 [JavaFX Application Thread] DEBUG AssetLoader          - Loading from file system: /assets/textures/fxgl_logo.png
06:49:30.128 [JavaFX Application Thread] DEBUG MainWindow           - Creating a JavaFX scene
06:49:30.196 [JavaFX Application Thread] DEBUG MainWindow           - Target settings size: 750.0 x 750.0
06:49:30.196 [JavaFX Application Thread] DEBUG MainWindow           - Scaled scene size:    750.0 x 750.0
06:49:30.196 [JavaFX Application Thread] DEBUG MainWindow           - Scaled ratio: (1.0, 1.0)
06:49:30.198 [JavaFX Application Thread] DEBUG MainWindow           - Applying CSS: fxgl_dark.css
06:49:30.199 [JavaFX Application Thread] DEBUG AssetLoader          - Loading from file system: /assets/ui/css/fxgl_dark.css
06:49:30.200 [JavaFX Application Thread] DEBUG AssetLoader          - Loading from file system: /assets/ui/cursors/fxgl_default.png
06:49:30.208 [JavaFX Application Thread] DEBUG Input                - Clearing active input actions
06:49:30.209 [JavaFX Application Thread] DEBUG MainWindow           - StartupScene -> StartupScene
06:49:30.214 [JavaFX Application Thread] DEBUG AssetLoader          - Loading from file system: /assets/textures/fxgl_icon.png
06:49:30.243 [JavaFX Application Thread] DEBUG MainWindow           - Opening main window
06:49:30.479 [JavaFX Application Thread] DEBUG MainWindow           - Window border size: (14.79998779296875, 38.0)
06:49:30.479 [JavaFX Application Thread] DEBUG MainWindow           - Scaled size: 750.0 x 750.0
06:49:30.480 [JavaFX Application Thread] DEBUG MainWindow           - Scaled ratio: (1.0, 1.0)
06:49:30.480 [JavaFX Application Thread] DEBUG MainWindow           - Scene size: 750.0 x 750.0
06:49:30.480 [JavaFX Application Thread] DEBUG MainWindow           - Stage size: 764.7999877929688 x 788.0
06:49:30.496 [FXGL Background Thread 1 ] DEBUG FS                   - Loaded FSServiceImpl
06:49:30.498 [FXGL Background Thread 1 ] DEBUG Engine               - Loading FXGL system data
06:49:30.509 [FXGL Background Thread 1 ] DEBUG FSServiceImpl        - Reading from: C:\Users\daron\Downloads\workspace\Programas java\Avanzado\Game2D\system\fxgl.bundle
06:49:30.535 [FXGL Background Thread 1 ] DEBUG Engine               - Bundle FXGL: {}
06:49:30.535 [FXGL Background Thread 1 ] DEBUG Engine               - Initializing application scenes
06:49:30.586 [FXGL Background Thread 1 ] DEBUG GameWorld            - Game world initialized
06:49:30.670 [FXGL Background Thread 1 ] DEBUG PhysicsWorld         - Physics world initialized: appHeight=750, physics.ppm=50,0
06:49:30.673 [FXGL Background Thread 1 ] DEBUG GameScene            - Game scene initialized: 750x750
06:49:30.717 [FXGL Background Thread 1 ] DEBUG Input                - Registered new binding: Resume - Esc
06:49:30.717 [FXGL Background Thread 1 ] DEBUG AssetLoader          - Loading from file system: /assets/textures/pause_menu_bg.png
06:49:30.751 [FXGL Background Thread 1 ] DEBUG Input                - Registered new binding: Pause - Esc
06:49:30.751 [FXGL Background Thread 1 ] DEBUG Engine               - Application scenes initialized
06:49:30.755 [JavaFX Application Thread] DEBUG Engine               - Running preInit()
06:49:30.756 [JavaFX Application Thread] DEBUG Input                - Registered new binding: MoveUp - W
06:49:30.756 [JavaFX Application Thread] DEBUG Input                - Registered new binding: MoveDown - S
06:49:30.756 [JavaFX Application Thread] DEBUG Input                - Registered new binding: MoveRight - D
06:49:30.756 [JavaFX Application Thread] DEBUG Input                - Registered new binding: MoveLeft - A
06:49:30.758 [JavaFX Application Thread] DEBUG Input                - Registered new binding: Shoot - LMB
06:49:30.759 [JavaFX Application Thread] DEBUG Input                - Registered new binding: Screenshot - P
06:49:30.759 [JavaFX Application Thread] DEBUG Input                - Registered new binding: System info dump - CTRL+9
06:49:30.760 [JavaFX Application Thread] DEBUG Input                - Registered new binding: Restart - CTRL+R
06:49:30.760 [JavaFX Application Thread] DEBUG Engine               - generateDefaultProfile()
06:49:30.760 [JavaFX Application Thread] DEBUG Engine               - Creating default profile
06:49:30.761 [JavaFX Application Thread] DEBUG EventBus             - Firing event: SaveEvent
06:49:30.772 [JavaFX Application Thread] DEBUG Engine               - Logging environment variables
06:49:30.772 [JavaFX Application Thread] DEBUG Engine               - achievements: []
06:49:30.772 [JavaFX Application Thread] DEBUG Engine               - language: ObjectProperty [value: ENGLISH]
06:49:30.772 [JavaFX Application Thread] DEBUG Engine               - isCloseConfirmation: false
06:49:30.772 [JavaFX Application Thread] DEBUG Engine               - isProfilingEnabled: false
06:49:30.773 [JavaFX Application Thread] DEBUG Engine               - soundNotification: core/notification.wav
06:49:30.773 [JavaFX Application Thread] DEBUG Engine               - devShowBBoxProperty: BooleanProperty [value: false]
06:49:30.773 [JavaFX Application Thread] DEBUG Engine               - pixelsPerMeter: 50.0
06:49:30.773 [JavaFX Application Thread] DEBUG Engine               - overlayRoot: Group@284bd11f
06:49:30.773 [JavaFX Application Thread] DEBUG Engine               - appIcon: fxgl_icon.png
06:49:30.773 [JavaFX Application Thread] DEBUG Engine               - soundMenuBack: menu/back.wav
06:49:30.773 [JavaFX Application Thread] DEBUG Engine               - isFullScreenAllowed: true
06:49:30.773 [JavaFX Application Thread] DEBUG Engine               - isIntroEnabled: false
06:49:30.773 [JavaFX Application Thread] DEBUG Engine               - eventBus: com.almasb.fxgl.event.EventBus@48157540
06:49:30.773 [JavaFX Application Thread] DEBUG Engine               - fontMono: lucida_console.ttf
06:49:30.774 [JavaFX Application Thread] DEBUG Engine               - soundMenuSelect: menu/select.wav
06:49:30.774 [JavaFX Application Thread] DEBUG Engine               - isWindows: true
06:49:30.774 [JavaFX Application Thread] DEBUG Engine               - isMobile: false
06:49:30.774 [JavaFX Application Thread] DEBUG Engine               - height: 750
06:49:30.774 [JavaFX Application Thread] DEBUG Engine               - isExperimentalNative: false
06:49:30.774 [JavaFX Application Thread] DEBUG Engine               - isSingleStep: false
06:49:30.774 [JavaFX Application Thread] DEBUG Engine               - cSSList: [fxgl_dark.css]
06:49:30.774 [JavaFX Application Thread] DEBUG Engine               - fontGame: Abel-Regular.ttf
06:49:30.774 [JavaFX Application Thread] DEBUG Engine               - menuKey: ESCAPE
06:49:30.774 [JavaFX Application Thread] DEBUG Engine               - devShowPositionProperty: BooleanProperty [value: false]
06:49:30.775 [JavaFX Application Thread] DEBUG Engine               - versionCheckDays: 7
06:49:30.775 [JavaFX Application Thread] DEBUG Engine               - masterTimer: com.almasb.fxgl.time.Timer@73ea7c74
06:49:30.775 [JavaFX Application Thread] DEBUG Engine               - configClass: Optional.empty
06:49:30.775 [JavaFX Application Thread] DEBUG Engine               - version: 0.3
06:49:30.775 [JavaFX Application Thread] DEBUG Engine               - fullScreen: BooleanProperty [value: false]
06:49:30.775 [JavaFX Application Thread] DEBUG Engine               - dialogFactory: com.almasb.fxgl.ui.FXGLDialogFactory@372b3541
06:49:30.775 [JavaFX Application Thread] DEBUG Engine               - applicationMode: DEVELOPER
06:49:30.775 [JavaFX Application Thread] DEBUG Engine               - isMac: false
06:49:30.775 [JavaFX Application Thread] DEBUG Engine               - urlGoogleForms: https://goo.gl/forms/6wrMnOBxTE1fEpOy2
06:49:30.775 [JavaFX Application Thread] DEBUG Engine               - isMenuEnabled: false
06:49:30.775 [JavaFX Application Thread] DEBUG Engine               - urlPOM: https://raw.githubusercontent.com/AlmasB/FXGL/master/pom.xml
06:49:30.776 [JavaFX Application Thread] DEBUG Engine               - profileName: user.profile
06:49:30.776 [JavaFX Application Thread] DEBUG Engine               - notificationViewClass: class com.almasb.fxgl.notification.view.XboxNotificationView
06:49:30.776 [JavaFX Application Thread] DEBUG Engine               - devSensorColorProperty: ObjectProperty [value: 0xffff00ff]
06:49:30.776 [JavaFX Application Thread] DEBUG Engine               - sceneFactory: com.almasb.fxgl.app.SceneFactory@5c8d4b52
06:49:30.776 [JavaFX Application Thread] DEBUG Engine               - dataFileExt: .dat
06:49:30.776 [JavaFX Application Thread] DEBUG Engine               - stageStyle: DECORATED
06:49:30.776 [JavaFX Application Thread] DEBUG Engine               - isManualResizeEnabled: false
06:49:30.776 [JavaFX Application Thread] DEBUG Engine               - title: Nuke Dungeons
06:49:30.776 [JavaFX Application Thread] DEBUG Engine               - platform: WINDOWS
06:49:30.777 [JavaFX Application Thread] DEBUG Engine               - devBBoxColorProperty: ObjectProperty [value: 0xff0000ff]
06:49:30.777 [JavaFX Application Thread] DEBUG Engine               - isDesktop: true
06:49:30.777 [JavaFX Application Thread] DEBUG Engine               - credits: []
06:49:30.777 [JavaFX Application Thread] DEBUG Engine               - globalMusicVolumeProperty: DoubleProperty [value: 0.5]
06:49:30.777 [JavaFX Application Thread] DEBUG Engine               - isPreserveResizeRatio: false
06:49:30.777 [JavaFX Application Thread] DEBUG Engine               - uIFactory: com.almasb.fxgl.ui.FXGLUIFactory@3f519af6
06:49:30.777 [JavaFX Application Thread] DEBUG Engine               - fontText: Courier-Prime.ttf
06:49:30.777 [JavaFX Application Thread] DEBUG Engine               - isExperimentalTiledLargeMap: false
06:49:30.777 [JavaFX Application Thread] DEBUG Engine               - secondsIn24h: 60
06:49:30.777 [JavaFX Application Thread] DEBUG Engine               - runtimeInfo: RuntimeInfo(platform=WINDOWS, version=11.4, build=06.08.2019 18.29)
06:49:30.778 [JavaFX Application Thread] DEBUG Engine               - soundMenuPress: menu/press.wav
06:49:30.778 [JavaFX Application Thread] DEBUG Engine               - urlGithub: https://github.com/AlmasB/FXGL
06:49:30.778 [JavaFX Application Thread] DEBUG Engine               - isLinux: false
06:49:30.778 [JavaFX Application Thread] DEBUG Engine               - profileDir: profiles/
06:49:30.778 [JavaFX Application Thread] DEBUG Engine               - isDeveloperMenuEnabled: false
06:49:30.778 [JavaFX Application Thread] DEBUG Engine               - globalSoundVolumeProperty: DoubleProperty [value: 0.5]
06:49:30.778 [JavaFX Application Thread] DEBUG Engine               - isBrowser: false
06:49:30.778 [JavaFX Application Thread] DEBUG Engine               - globalSoundVolume: 0.5
06:49:30.778 [JavaFX Application Thread] DEBUG Engine               - urlLeaderboard: http://fxgl-top.herokuapp.com/
06:49:30.778 [JavaFX Application Thread] DEBUG Engine               - saveDir: saves/
06:49:30.779 [JavaFX Application Thread] DEBUG Engine               - engineServices: [class com.almasb.fxgl.audio.AudioPlayer, class com.almasb.fxgl.notification.impl.NotificationServiceProvider, class com.almasb.fxgl.achievement.AchievementManager]
06:49:30.779 [JavaFX Application Thread] DEBUG Engine               - globalMusicVolume: 0.5
06:49:30.779 [JavaFX Application Thread] DEBUG Engine               - width: 750
06:49:30.779 [JavaFX Application Thread] DEBUG Engine               - saveFileExt: .sav
06:49:30.779 [JavaFX Application Thread] DEBUG Engine               - isAndroid: false
06:49:30.779 [JavaFX Application Thread] DEBUG Engine               - fontUI: VarelaRound-Regular.ttf
06:49:30.779 [JavaFX Application Thread] DEBUG Engine               - enabledMenuItems: []
06:49:30.779 [JavaFX Application Thread] DEBUG Engine               - isIOS: false
06:49:30.801 [JavaFX Application Thread] INFO  Engine               - FXGL initialization took: 1,092 sec
06:49:30.801 [JavaFX Application Thread] DEBUG LoopRunner           - Starting loop
06:49:30.811 [JavaFX Application Thread] DEBUG StartupScene         - STARTUP
06:49:30.811 [JavaFX Application Thread] DEBUG Engine               - Starting new game
06:49:30.811 [JavaFX Application Thread] DEBUG MainWindow           - Applying CSS: fxgl_dark.css
06:49:30.811 [JavaFX Application Thread] DEBUG AssetLoader          - Loading from file system: /assets/ui/css/fxgl_dark.css
06:49:30.812 [JavaFX Application Thread] DEBUG AssetLoader          - Loading from file system: /assets/ui/cursors/fxgl_default.png
06:49:30.813 [JavaFX Application Thread] DEBUG Input                - Clearing active input actions
06:49:30.830 [JavaFX Application Thread] DEBUG MainWindow           - StartupScene -> LoadingScene
06:49:30.839 [JavaFX Application Thread] DEBUG Engine               - Removing overlay from StartupScene and adding to LoadingScene
06:49:30.839 [FXGL Background Thread 1 ] DEBUG InitAppTask          - Clearing previous game
06:49:30.839 [FXGL Background Thread 1 ] DEBUG GameWorld            - Clearing game world
06:49:30.839 [FXGL Background Thread 1 ] DEBUG PhysicsWorld         - Clearing physics world
06:49:30.840 [FXGL Background Thread 1 ] DEBUG GameScene            - Clearing game scene
06:49:30.840 [FXGL Background Thread 1 ] DEBUG InitAppTask          - Initializing Game
06:49:30.841 [FXGL Background Thread 1 ] DEBUG AssetLoader          - Loading from file system: /assets/textures/fondoNivel1.jpeg
06:49:30.955 [FXGL Background Thread 1 ] DEBUG AssetLoader          - Loading from file system: /assets/textures/player1.png
06:49:30.977 [FXGL Background Thread 1 ] DEBUG AssetLoader          - Loading from file system: /assets/textures/arma2.png
06:49:30.988 [FXGL Background Thread 1 ] DEBUG InitAppTask          - Initializing Physics
06:49:30.988 [FXGL Background Thread 1 ] DEBUG InitAppTask          - Initializing UI
06:49:30.992 [FXGL Background Thread 1 ] DEBUG InitAppTask          - Initialization Complete
06:49:30.993 [FXGL Background Thread 1 ] INFO  InitAppTask          - Game initialization took: 0,153 sec
06:49:31.017 [JavaFX Application Thread] DEBUG MainWindow           - Applying CSS: fxgl_dark.css
06:49:31.017 [JavaFX Application Thread] DEBUG AssetLoader          - Loading from file system: /assets/ui/css/fxgl_dark.css
06:49:31.018 [JavaFX Application Thread] DEBUG AssetLoader          - Loading from file system: /assets/ui/cursors/fxgl_default.png
06:49:31.020 [JavaFX Application Thread] DEBUG Input                - Clearing active input actions
06:49:31.039 [JavaFX Application Thread] DEBUG MainWindow           - LoadingScene -> GameScene
06:49:31.039 [JavaFX Application Thread] DEBUG Engine               - Removing overlay from LoadingScene and adding to GameScene
06:49:32.035 [JavaFX Application Thread] DEBUG AssetLoader          - Loading from file system: /assets/textures/enemy1.png
06:49:32.777 [JavaFX Application Thread] DEBUG AssetLoader          - Loading from cache: /assets/textures/enemy1.png
06:49:33.036 [JavaFX Application Thread] DEBUG AssetLoader          - Loading from file system: /assets/textures/bullet.png
06:49:33.520 [JavaFX Application Thread] DEBUG AssetLoader          - Loading from cache: /assets/textures/bullet.png
06:49:33.526 [JavaFX Application Thread] DEBUG AssetLoader          - Loading from cache: /assets/textures/enemy1.png
06:49:33.722 [JavaFX Application Thread] DEBUG AssetLoader          - Loading from file system: /assets/textures/explosion.png
06:49:33.930 [JavaFX Application Thread] DEBUG AssetLoader          - Loading from cache: /assets/textures/explosion.png
06:49:34.267 [JavaFX Application Thread] DEBUG AssetLoader          - Loading from cache: /assets/textures/enemy1.png
06:49:34.626 [JavaFX Application Thread] DEBUG AssetLoader          - Loading from cache: /assets/textures/bullet.png
06:49:34.993 [JavaFX Application Thread] DEBUG AssetLoader          - Loading from cache: /assets/textures/enemy1.png
06:49:35.105 [JavaFX Application Thread] DEBUG AssetLoader          - Loading from cache: /assets/textures/bullet.png
06:49:35.393 [JavaFX Application Thread] DEBUG AssetLoader          - Loading from cache: /assets/textures/explosion.png
06:49:35.720 [JavaFX Application Thread] DEBUG AssetLoader          - Loading from cache: /assets/textures/enemy1.png
06:49:36.442 [JavaFX Application Thread] DEBUG AssetLoader          - Loading from cache: /assets/textures/enemy1.png
06:49:36.760 [JavaFX Application Thread] DEBUG AssetLoader          - Loading from cache: /assets/textures/bullet.png
06:49:37.176 [JavaFX Application Thread] DEBUG AssetLoader          - Loading from cache: /assets/textures/enemy1.png
06:49:37.178 [JavaFX Application Thread] DEBUG AssetLoader          - Loading from cache: /assets/textures/explosion.png
06:49:37.314 [JavaFX Application Thread] DEBUG AssetLoader          - Loading from cache: /assets/textures/bullet.png
06:49:37.592 [JavaFX Application Thread] DEBUG AssetLoader          - Loading from cache: /assets/textures/bullet.png
06:49:37.781 [JavaFX Application Thread] DEBUG AssetLoader          - Loading from cache: /assets/textures/explosion.png
06:49:37.909 [JavaFX Application Thread] DEBUG AssetLoader          - Loading from cache: /assets/textures/enemy1.png
06:49:38.074 [JavaFX Application Thread] DEBUG AssetLoader          - Loading from cache: /assets/textures/explosion.png
06:49:38.088 [JavaFX Application Thread] DEBUG AssetLoader          - Loading from cache: /assets/textures/bullet.png
06:49:38.401 [JavaFX Application Thread] DEBUG AssetLoader          - Loading from cache: /assets/textures/bullet.png
06:49:38.642 [JavaFX Application Thread] DEBUG AssetLoader          - Loading from cache: /assets/textures/enemy1.png
06:49:38.962 [JavaFX Application Thread] DEBUG AssetLoader          - Loading from cache: /assets/textures/explosion.png
06:49:39.034 [JavaFX Application Thread] DEBUG AssetLoader          - Loading from cache: /assets/textures/bullet.png
06:49:39.418 [JavaFX Application Thread] DEBUG AssetLoader          - Loading from cache: /assets/textures/bullet.png
06:49:39.429 [JavaFX Application Thread] DEBUG AssetLoader          - Loading from cache: /assets/textures/explosion.png
06:49:39.482 [JavaFX Application Thread] DEBUG AssetLoader          - Loading from cache: /assets/textures/explosion.png
06:49:40.122 [JavaFX Application Thread] DEBUG AssetLoader          - Loading from cache: /assets/textures/bullet.png
06:49:40.480 [JavaFX Application Thread] DEBUG AssetLoader          - Loading from cache: /assets/textures/bullet.png
06:49:41.145 [JavaFX Application Thread] DEBUG AssetLoader          - Loading from cache: /assets/textures/bullet.png
06:49:42.377 [JavaFX Application Thread] DEBUG AssetLoader          - Loading from cache: /assets/textures/bullet.png
06:49:42.810 [JavaFX Application Thread] DEBUG AssetLoader          - Loading from cache: /assets/textures/bullet.png
06:49:42.984 [JavaFX Application Thread] DEBUG AssetLoader          - Loading from cache: /assets/textures/bullet.png
06:49:43.077 [JavaFX Application Thread] DEBUG AssetLoader          - Loading from cache: /assets/textures/explosion.png
06:49:43.079 [JavaFX Application Thread] DEBUG AssetLoader          - Loading from file system: /assets/textures/arma1.png
06:49:43.812 [JavaFX Application Thread] DEBUG AssetLoader          - Loading from file system: /assets/textures/enemy2.png
06:49:43.818 [JavaFX Application Thread] DEBUG AssetLoader          - Loading from cache: /assets/textures/enemy1.png
06:49:44.545 [JavaFX Application Thread] DEBUG AssetLoader          - Loading from cache: /assets/textures/enemy2.png
06:49:44.546 [JavaFX Application Thread] DEBUG AssetLoader          - Loading from cache: /assets/textures/enemy1.png
06:49:45.275 [JavaFX Application Thread] DEBUG AssetLoader          - Loading from cache: /assets/textures/enemy2.png
06:49:45.276 [JavaFX Application Thread] DEBUG AssetLoader          - Loading from cache: /assets/textures/enemy1.png
06:49:46.009 [JavaFX Application Thread] DEBUG AssetLoader          - Loading from cache: /assets/textures/enemy2.png
06:49:46.011 [JavaFX Application Thread] DEBUG AssetLoader          - Loading from cache: /assets/textures/enemy1.png
06:49:46.738 [JavaFX Application Thread] DEBUG AssetLoader          - Loading from cache: /assets/textures/enemy2.png
06:49:46.739 [JavaFX Application Thread] DEBUG AssetLoader          - Loading from cache: /assets/textures/enemy1.png
06:49:47.466 [JavaFX Application Thread] DEBUG AssetLoader          - Loading from cache: /assets/textures/enemy2.png
06:49:48.193 [JavaFX Application Thread] DEBUG AssetLoader          - Loading from cache: /assets/textures/enemy2.png
06:49:48.921 [JavaFX Application Thread] DEBUG AssetLoader          - Loading from cache: /assets/textures/enemy2.png
06:49:49.384 [JavaFX Application Thread] DEBUG AssetLoader          - Loading from cache: /assets/textures/bullet.png
06:49:49.575 [JavaFX Application Thread] DEBUG AssetLoader          - Loading from cache: /assets/textures/explosion.png
06:49:49.653 [JavaFX Application Thread] DEBUG AssetLoader          - Loading from cache: /assets/textures/enemy2.png
06:49:50.041 [JavaFX Application Thread] DEBUG AssetLoader          - Loading from cache: /assets/textures/bullet.png
06:49:50.256 [JavaFX Application Thread] DEBUG AssetLoader          - Loading from cache: /assets/textures/bullet.png
06:49:50.388 [JavaFX Application Thread] DEBUG AssetLoader          - Loading from cache: /assets/textures/enemy2.png
06:49:50.454 [JavaFX Application Thread] DEBUG AssetLoader          - Loading from cache: /assets/textures/explosion.png
06:49:50.656 [JavaFX Application Thread] DEBUG AssetLoader          - Loading from cache: /assets/textures/bullet.png
06:49:50.699 [JavaFX Application Thread] DEBUG AssetLoader          - Loading from cache: /assets/textures/explosion.png
06:49:50.864 [JavaFX Application Thread] DEBUG AssetLoader          - Loading from cache: /assets/textures/bullet.png
06:49:51.393 [JavaFX Application Thread] DEBUG AssetLoader          - Loading from cache: /assets/textures/bullet.png
06:49:51.601 [JavaFX Application Thread] DEBUG AssetLoader          - Loading from cache: /assets/textures/bullet.png
06:49:51.684 [JavaFX Application Thread] DEBUG AssetLoader          - Loading from cache: /assets/textures/explosion.png
06:49:51.794 [JavaFX Application Thread] DEBUG AssetLoader          - Loading from cache: /assets/textures/bullet.png
06:49:51.989 [JavaFX Application Thread] DEBUG AssetLoader          - Loading from cache: /assets/textures/explosion.png
06:49:52.243 [JavaFX Application Thread] DEBUG AssetLoader          - Loading from cache: /assets/textures/explosion.png
06:49:52.321 [JavaFX Application Thread] DEBUG AssetLoader          - Loading from cache: /assets/textures/bullet.png
06:49:52.512 [JavaFX Application Thread] DEBUG AssetLoader          - Loading from cache: /assets/textures/bullet.png
06:49:52.753 [JavaFX Application Thread] DEBUG AssetLoader          - Loading from cache: /assets/textures/bullet.png
06:49:52.953 [JavaFX Application Thread] DEBUG AssetLoader          - Loading from cache: /assets/textures/explosion.png
06:49:53.025 [JavaFX Application Thread] DEBUG AssetLoader          - Loading from cache: /assets/textures/bullet.png
06:49:53.393 [JavaFX Application Thread] DEBUG AssetLoader          - Loading from cache: /assets/textures/bullet.png
06:49:53.785 [JavaFX Application Thread] DEBUG AssetLoader          - Loading from cache: /assets/textures/bullet.png
06:49:54.217 [JavaFX Application Thread] DEBUG AssetLoader          - Loading from cache: /assets/textures/bullet.png
06:49:54.697 [JavaFX Application Thread] DEBUG AssetLoader          - Loading from cache: /assets/textures/bullet.png
06:49:55.105 [JavaFX Application Thread] DEBUG AssetLoader          - Loading from cache: /assets/textures/bullet.png
06:49:55.488 [JavaFX Application Thread] DEBUG AssetLoader          - Loading from cache: /assets/textures/bullet.png
06:49:55.865 [JavaFX Application Thread] DEBUG AssetLoader          - Loading from cache: /assets/textures/bullet.png
06:49:56.464 [JavaFX Application Thread] DEBUG AssetLoader          - Loading from cache: /assets/textures/bullet.png
06:49:56.840 [JavaFX Application Thread] DEBUG AssetLoader          - Loading from cache: /assets/textures/bullet.png
06:49:57.216 [JavaFX Application Thread] DEBUG AssetLoader          - Loading from cache: /assets/textures/bullet.png
06:49:57.536 [JavaFX Application Thread] DEBUG AssetLoader          - Loading from cache: /assets/textures/bullet.png
06:49:57.832 [JavaFX Application Thread] DEBUG AssetLoader          - Loading from cache: /assets/textures/bullet.png
06:49:58.097 [JavaFX Application Thread] DEBUG AssetLoader          - Loading from cache: /assets/textures/bullet.png
06:49:58.312 [JavaFX Application Thread] DEBUG AssetLoader          - Loading from cache: /assets/textures/bullet.png
06:49:58.479 [JavaFX Application Thread] DEBUG AssetLoader          - Loading from cache: /assets/textures/bullet.png
06:49:58.649 [JavaFX Application Thread] DEBUG AssetLoader          - Loading from cache: /assets/textures/bullet.png
06:49:58.800 [JavaFX Application Thread] DEBUG AssetLoader          - Loading from cache: /assets/textures/bullet.png
06:49:59.160 [JavaFX Application Thread] DEBUG AssetLoader          - Loading from cache: /assets/textures/bullet.png
06:50:01.576 [JavaFX Application Thread] DEBUG AssetLoader          - Loading from cache: /assets/textures/bullet.png
06:50:01.888 [JavaFX Application Thread] DEBUG AssetLoader          - Loading from cache: /assets/textures/bullet.png
06:50:02.208 [JavaFX Application Thread] DEBUG AssetLoader          - Loading from cache: /assets/textures/bullet.png
06:50:02.497 [JavaFX Application Thread] DEBUG AssetLoader          - Loading from cache: /assets/textures/bullet.png
06:50:02.832 [JavaFX Application Thread] DEBUG AssetLoader          - Loading from cache: /assets/textures/bullet.png
06:50:03.176 [JavaFX Application Thread] DEBUG AssetLoader          - Loading from cache: /assets/textures/bullet.png
06:50:03.480 [JavaFX Application Thread] DEBUG AssetLoader          - Loading from cache: /assets/textures/bullet.png
06:50:03.800 [JavaFX Application Thread] DEBUG AssetLoader          - Loading from cache: /assets/textures/bullet.png
06:50:04.121 [JavaFX Application Thread] DEBUG AssetLoader          - Loading from cache: /assets/textures/bullet.png
06:50:04.449 [JavaFX Application Thread] DEBUG AssetLoader          - Loading from cache: /assets/textures/bullet.png
06:50:07.489 [JavaFX Application Thread] DEBUG AssetLoader          - Loading from cache: /assets/textures/bullet.png
06:50:07.864 [JavaFX Application Thread] DEBUG AssetLoader          - Loading from cache: /assets/textures/bullet.png
06:50:07.916 [JavaFX Application Thread] DEBUG AssetLoader          - Loading from cache: /assets/textures/explosion.png
06:50:08.176 [JavaFX Application Thread] DEBUG AssetLoader          - Loading from cache: /assets/textures/bullet.png
06:50:08.498 [JavaFX Application Thread] DEBUG AssetLoader          - Loading from cache: /assets/textures/explosion.png
06:50:08.504 [JavaFX Application Thread] DEBUG AssetLoader          - Loading from cache: /assets/textures/bullet.png
06:50:08.831 [JavaFX Application Thread] DEBUG AssetLoader          - Loading from cache: /assets/textures/bullet.png
06:50:09.193 [JavaFX Application Thread] DEBUG AssetLoader          - Loading from cache: /assets/textures/bullet.png
06:50:09.527 [JavaFX Application Thread] DEBUG AssetLoader          - Loading from cache: /assets/textures/bullet.png
06:50:09.897 [JavaFX Application Thread] DEBUG AssetLoader          - Loading from cache: /assets/textures/bullet.png
06:50:10.133 [JavaFX Application Thread] DEBUG AssetLoader          - Loading from cache: /assets/textures/explosion.png
06:50:10.281 [JavaFX Application Thread] DEBUG AssetLoader          - Loading from cache: /assets/textures/bullet.png
06:50:10.624 [JavaFX Application Thread] DEBUG AssetLoader          - Loading from cache: /assets/textures/bullet.png
06:50:10.976 [JavaFX Application Thread] DEBUG AssetLoader          - Loading from cache: /assets/textures/bullet.png
06:50:11.369 [JavaFX Application Thread] DEBUG AssetLoader          - Loading from cache: /assets/textures/bullet.png
06:50:11.745 [JavaFX Application Thread] DEBUG AssetLoader          - Loading from cache: /assets/textures/bullet.png
06:50:12.151 [JavaFX Application Thread] DEBUG AssetLoader          - Loading from cache: /assets/textures/bullet.png
06:50:12.497 [JavaFX Application Thread] DEBUG AssetLoader          - Loading from cache: /assets/textures/bullet.png
06:50:12.736 [JavaFX Application Thread] DEBUG AssetLoader          - Loading from cache: /assets/textures/bullet.png
06:50:12.929 [JavaFX Application Thread] DEBUG AssetLoader          - Loading from cache: /assets/textures/bullet.png
06:50:13.089 [JavaFX Application Thread] DEBUG AssetLoader          - Loading from cache: /assets/textures/explosion.png
06:50:13.177 [JavaFX Application Thread] DEBUG AssetLoader          - Loading from cache: /assets/textures/bullet.png
06:50:13.394 [JavaFX Application Thread] DEBUG AssetLoader          - Loading from cache: /assets/textures/bullet.png
06:50:13.607 [JavaFX Application Thread] DEBUG AssetLoader          - Loading from cache: /assets/textures/bullet.png
06:50:13.824 [JavaFX Application Thread] DEBUG AssetLoader          - Loading from cache: /assets/textures/bullet.png
06:50:13.899 [JavaFX Application Thread] DEBUG AssetLoader          - Loading from cache: /assets/textures/explosion.png
06:50:14.049 [JavaFX Application Thread] DEBUG AssetLoader          - Loading from cache: /assets/textures/bullet.png
06:50:14.264 [JavaFX Application Thread] DEBUG AssetLoader          - Loading from cache: /assets/textures/bullet.png
06:50:14.497 [JavaFX Application Thread] DEBUG AssetLoader          - Loading from cache: /assets/textures/bullet.png
06:50:14.712 [JavaFX Application Thread] DEBUG AssetLoader          - Loading from cache: /assets/textures/bullet.png
06:50:14.936 [JavaFX Application Thread] DEBUG AssetLoader          - Loading from cache: /assets/textures/bullet.png
06:50:15.151 [JavaFX Application Thread] DEBUG AssetLoader          - Loading from cache: /assets/textures/bullet.png
06:50:15.352 [JavaFX Application Thread] DEBUG AssetLoader          - Loading from cache: /assets/textures/bullet.png
06:50:15.554 [JavaFX Application Thread] DEBUG AssetLoader          - Loading from cache: /assets/textures/bullet.png
06:50:15.735 [JavaFX Application Thread] DEBUG AssetLoader          - Loading from cache: /assets/textures/bullet.png
06:50:16.728 [JavaFX Application Thread] DEBUG AssetLoader          - Loading from cache: /assets/textures/bullet.png
06:50:16.934 [JavaFX Application Thread] DEBUG AssetLoader          - Loading from cache: /assets/textures/explosion.png
06:50:18.328 [JavaFX Application Thread] DEBUG AssetLoader          - Loading from cache: /assets/textures/bullet.png
06:50:18.577 [JavaFX Application Thread] DEBUG AssetLoader          - Loading from cache: /assets/textures/bullet.png
06:50:18.737 [JavaFX Application Thread] DEBUG AssetLoader          - Loading from cache: /assets/textures/bullet.png
06:50:18.840 [JavaFX Application Thread] DEBUG AssetLoader          - Loading from cache: /assets/textures/bullet.png
06:50:18.938 [JavaFX Application Thread] DEBUG AssetLoader          - Loading from cache: /assets/textures/explosion.png
06:50:18.944 [JavaFX Application Thread] DEBUG AssetLoader          - Loading from cache: /assets/textures/bullet.png
06:50:19.222 [JavaFX Application Thread] DEBUG AssetLoader          - Loading from cache: /assets/textures/explosion.png
06:50:21.087 [JavaFX Application Thread] DEBUG Engine               - Exiting FXGL
06:50:21.087 [JavaFX Application Thread] DEBUG Engine               - Shutting down background threads
06:50:21.087 [JavaFX Application Thread] DEBUG Engine               - Saving FXGL system data
06:50:21.092 [JavaFX Application Thread] DEBUG FSServiceImpl        - Writing to: C:\Users\daron\Downloads\workspace\Programas java\Avanzado\Game2D\system\fxgl.bundle
06:50:21.095 [JavaFX Application Thread] DEBUG Engine               - Closing logger and exiting JavaFX
