18:27:55.905 [main                     ] DEBUG GameApplication      - Logger initialized
18:27:55.908 [main                     ] DEBUG GameApplication      - Logging settings
Title: Dungeons
Version: 0.2
Width: 750
Height: 750
Fullscreen: true
Intro: true
Menus: false
Profiling: false
Single step:false
App Mode: DEVELOPER
Menu Key: ESCAPE
Stage Style: DECORATED
Scene Factory: class com.almasb.fxgl.app.SceneFactory
Dialog Factory: class com.almasb.fxgl.ui.FXGLDialogFactory
UI Factory: class com.almasb.fxgl.ui.FXGLUIFactory

18:27:56.551 [JavaFX Application Thread] DEBUG Engine               - Initializing FXGL
18:27:56.551 [JavaFX Application Thread] INFO  Engine               - FXGL-11.4 (06.08.2019 18.29) on WINDOWS (J:18.0.2 FX:12.0.1)
18:27:56.551 [JavaFX Application Thread] INFO  Engine               - Source code and latest versions at: https://github.com/AlmasB/FXGL
18:27:56.552 [JavaFX Application Thread] INFO  Engine               -              Join the FXGL chat at: https://gitter.im/AlmasB/FXGL
18:27:56.555 [JavaFX Application Thread] DEBUG Engine               - Adding new engine service: class com.almasb.fxgl.audio.AudioPlayer
18:27:56.557 [JavaFX Application Thread] DEBUG Engine               - Adding new engine service: class com.almasb.fxgl.notification.impl.NotificationServiceProvider
18:27:56.557 [JavaFX Application Thread] DEBUG Engine               - Adding new engine service: class com.almasb.fxgl.achievement.AchievementManager
18:27:56.565 [JavaFX Application Thread] DEBUG FS                   - Loaded FSServiceImpl
18:27:56.565 [JavaFX Application Thread] DEBUG SaveLoadManager      - Checking profiles dir: profiles/
18:27:56.566 [JavaFX Application Thread] DEBUG Engine               - Loading localizations
18:27:56.583 [JavaFX Application Thread] DEBUG AssetLoader          - Loading from file system: /assets/properties/languages/english.properties
18:27:56.587 [JavaFX Application Thread] DEBUG AssetLoader          - Loading from file system: /assets/properties/languages/french.properties
18:27:56.589 [JavaFX Application Thread] DEBUG AssetLoader          - Loading from file system: /assets/properties/languages/german.properties
18:27:56.591 [JavaFX Application Thread] DEBUG AssetLoader          - Loading from file system: /assets/properties/languages/russian.properties
18:27:56.592 [JavaFX Application Thread] DEBUG AssetLoader          - Loading from file system: /assets/properties/languages/hungarian.properties
18:27:56.595 [JavaFX Application Thread] DEBUG Engine               - Registering font factories
18:27:56.595 [JavaFX Application Thread] DEBUG AssetLoader          - Loading from file system: /assets/ui/fonts/VarelaRound-Regular.ttf
18:27:56.721 [JavaFX Application Thread] DEBUG AssetLoader          - Loading from file system: /assets/ui/fonts/Abel-Regular.ttf
18:27:56.727 [JavaFX Application Thread] DEBUG AssetLoader          - Loading from file system: /assets/ui/fonts/lucida_console.ttf
18:27:56.737 [JavaFX Application Thread] DEBUG AssetLoader          - Loading from file system: /assets/ui/fonts/Courier-Prime.ttf
18:27:56.745 [JavaFX Application Thread] DEBUG Engine               - Setting UI factory
18:27:56.903 [JavaFX Application Thread] DEBUG AssetLoader          - Loading from file system: /assets/textures/fxgl_logo.png
18:27:57.001 [JavaFX Application Thread] DEBUG MainWindow           - Creating a JavaFX scene
18:27:57.068 [JavaFX Application Thread] DEBUG MainWindow           - Target settings size: 750.0 x 750.0
18:27:57.068 [JavaFX Application Thread] DEBUG MainWindow           - Scaled scene size:    750.0 x 750.0
18:27:57.069 [JavaFX Application Thread] DEBUG MainWindow           - Scaled ratio: (1.0, 1.0)
18:27:57.070 [JavaFX Application Thread] DEBUG MainWindow           - Applying CSS: fxgl_dark.css
18:27:57.071 [JavaFX Application Thread] DEBUG AssetLoader          - Loading from file system: /assets/ui/css/fxgl_dark.css
18:27:57.072 [JavaFX Application Thread] DEBUG AssetLoader          - Loading from file system: /assets/ui/cursors/fxgl_default.png
18:27:57.082 [JavaFX Application Thread] DEBUG Input                - Clearing active input actions
18:27:57.082 [JavaFX Application Thread] DEBUG MainWindow           - StartupScene -> StartupScene
18:27:57.089 [JavaFX Application Thread] DEBUG AssetLoader          - Loading from file system: /assets/textures/fxgl_icon.png
18:27:57.121 [JavaFX Application Thread] DEBUG MainWindow           - Opening main window
18:27:57.360 [JavaFX Application Thread] DEBUG MainWindow           - Window border size: (14.79998779296875, 38.0)
18:27:57.360 [JavaFX Application Thread] DEBUG MainWindow           - Scaled size: 750.0 x 750.0
18:27:57.360 [JavaFX Application Thread] DEBUG MainWindow           - Scaled ratio: (1.0, 1.0)
18:27:57.360 [JavaFX Application Thread] DEBUG MainWindow           - Scene size: 750.0 x 750.0
18:27:57.360 [JavaFX Application Thread] DEBUG MainWindow           - Stage size: 764.7999877929688 x 788.0
18:27:57.372 [FXGL Background Thread 1 ] DEBUG FS                   - Loaded FSServiceImpl
18:27:57.372 [FXGL Background Thread 1 ] DEBUG Engine               - Loading FXGL system data
18:27:57.383 [FXGL Background Thread 1 ] DEBUG FSServiceImpl        - Reading from: C:\Users\daron\Downloads\workspace\Programas java\Avanzado\Game2D\system\fxgl.bundle
18:27:57.403 [FXGL Background Thread 1 ] DEBUG Engine               - Bundle FXGL: {}
18:27:57.403 [FXGL Background Thread 1 ] DEBUG Engine               - Initializing application scenes
18:27:57.445 [FXGL Background Thread 1 ] DEBUG GameWorld            - Game world initialized
18:27:57.524 [FXGL Background Thread 1 ] DEBUG PhysicsWorld         - Physics world initialized: appHeight=750, physics.ppm=50,0
18:27:57.527 [FXGL Background Thread 1 ] DEBUG GameScene            - Game scene initialized: 750x750
18:27:57.572 [FXGL Background Thread 1 ] DEBUG AssetLoader          - Loading from file system: /assets/textures/particles/explosion.png
18:27:57.691 [FXGL Background Thread 1 ] DEBUG Input                - Registered new binding: Resume - Esc
18:27:57.691 [FXGL Background Thread 1 ] DEBUG AssetLoader          - Loading from file system: /assets/textures/pause_menu_bg.png
18:27:57.717 [FXGL Background Thread 1 ] DEBUG Input                - Registered new binding: Pause - Esc
18:27:57.718 [FXGL Background Thread 1 ] DEBUG Engine               - Application scenes initialized
18:27:57.722 [JavaFX Application Thread] DEBUG Engine               - Running preInit()
18:27:57.722 [JavaFX Application Thread] DEBUG Input                - Registered new binding: MoveUp - W
18:27:57.722 [JavaFX Application Thread] DEBUG Input                - Registered new binding: MoveDown - S
18:27:57.723 [JavaFX Application Thread] DEBUG Input                - Registered new binding: MoveRight - D
18:27:57.723 [JavaFX Application Thread] DEBUG Input                - Registered new binding: MoveLeft - A
18:27:57.723 [JavaFX Application Thread] DEBUG Input                - Registered new binding: Screenshot - P
18:27:57.724 [JavaFX Application Thread] DEBUG Input                - Registered new binding: System info dump - CTRL+9
18:27:57.724 [JavaFX Application Thread] DEBUG Input                - Registered new binding: Restart - CTRL+R
18:27:57.724 [JavaFX Application Thread] DEBUG Engine               - generateDefaultProfile()
18:27:57.725 [JavaFX Application Thread] DEBUG Engine               - Creating default profile
18:27:57.725 [JavaFX Application Thread] DEBUG EventBus             - Firing event: SaveEvent
18:27:57.735 [JavaFX Application Thread] DEBUG Engine               - Logging environment variables
18:27:57.736 [JavaFX Application Thread] DEBUG Engine               - achievements: []
18:27:57.736 [JavaFX Application Thread] DEBUG Engine               - language: ObjectProperty [value: ENGLISH]
18:27:57.736 [JavaFX Application Thread] DEBUG Engine               - isCloseConfirmation: false
18:27:57.736 [JavaFX Application Thread] DEBUG Engine               - isProfilingEnabled: false
18:27:57.736 [JavaFX Application Thread] DEBUG Engine               - soundNotification: core/notification.wav
18:27:57.736 [JavaFX Application Thread] DEBUG Engine               - devShowBBoxProperty: BooleanProperty [value: false]
18:27:57.736 [JavaFX Application Thread] DEBUG Engine               - pixelsPerMeter: 50.0
18:27:57.736 [JavaFX Application Thread] DEBUG Engine               - overlayRoot: Group@6be8d471
18:27:57.737 [JavaFX Application Thread] DEBUG Engine               - appIcon: fxgl_icon.png
18:27:57.737 [JavaFX Application Thread] DEBUG Engine               - soundMenuBack: menu/back.wav
18:27:57.737 [JavaFX Application Thread] DEBUG Engine               - isFullScreenAllowed: true
18:27:57.737 [JavaFX Application Thread] DEBUG Engine               - isIntroEnabled: true
18:27:57.737 [JavaFX Application Thread] DEBUG Engine               - eventBus: com.almasb.fxgl.event.EventBus@ab57b8c
18:27:57.737 [JavaFX Application Thread] DEBUG Engine               - fontMono: lucida_console.ttf
18:27:57.737 [JavaFX Application Thread] DEBUG Engine               - soundMenuSelect: menu/select.wav
18:27:57.737 [JavaFX Application Thread] DEBUG Engine               - isWindows: true
18:27:57.737 [JavaFX Application Thread] DEBUG Engine               - isMobile: false
18:27:57.737 [JavaFX Application Thread] DEBUG Engine               - height: 750
18:27:57.738 [JavaFX Application Thread] DEBUG Engine               - isExperimentalNative: false
18:27:57.738 [JavaFX Application Thread] DEBUG Engine               - isSingleStep: false
18:27:57.738 [JavaFX Application Thread] DEBUG Engine               - cSSList: [fxgl_dark.css]
18:27:57.738 [JavaFX Application Thread] DEBUG Engine               - fontGame: Abel-Regular.ttf
18:27:57.738 [JavaFX Application Thread] DEBUG Engine               - menuKey: ESCAPE
18:27:57.738 [JavaFX Application Thread] DEBUG Engine               - devShowPositionProperty: BooleanProperty [value: false]
18:27:57.738 [JavaFX Application Thread] DEBUG Engine               - versionCheckDays: 7
18:27:57.738 [JavaFX Application Thread] DEBUG Engine               - masterTimer: com.almasb.fxgl.time.Timer@374ffc0a
18:27:57.738 [JavaFX Application Thread] DEBUG Engine               - configClass: Optional.empty
18:27:57.738 [JavaFX Application Thread] DEBUG Engine               - version: 0.2
18:27:57.739 [JavaFX Application Thread] DEBUG Engine               - fullScreen: BooleanProperty [value: false]
18:27:57.739 [JavaFX Application Thread] DEBUG Engine               - dialogFactory: com.almasb.fxgl.ui.FXGLDialogFactory@4eb5f3bc
18:27:57.739 [JavaFX Application Thread] DEBUG Engine               - applicationMode: DEVELOPER
18:27:57.739 [JavaFX Application Thread] DEBUG Engine               - isMac: false
18:27:57.739 [JavaFX Application Thread] DEBUG Engine               - urlGoogleForms: https://goo.gl/forms/6wrMnOBxTE1fEpOy2
18:27:57.739 [JavaFX Application Thread] DEBUG Engine               - isMenuEnabled: false
18:27:57.739 [JavaFX Application Thread] DEBUG Engine               - urlPOM: https://raw.githubusercontent.com/AlmasB/FXGL/master/pom.xml
18:27:57.739 [JavaFX Application Thread] DEBUG Engine               - profileName: user.profile
18:27:57.739 [JavaFX Application Thread] DEBUG Engine               - notificationViewClass: class com.almasb.fxgl.notification.view.XboxNotificationView
18:27:57.739 [JavaFX Application Thread] DEBUG Engine               - devSensorColorProperty: ObjectProperty [value: 0xffff00ff]
18:27:57.740 [JavaFX Application Thread] DEBUG Engine               - sceneFactory: com.almasb.fxgl.app.SceneFactory@4f43ec26
18:27:57.740 [JavaFX Application Thread] DEBUG Engine               - dataFileExt: .dat
18:27:57.740 [JavaFX Application Thread] DEBUG Engine               - stageStyle: DECORATED
18:27:57.740 [JavaFX Application Thread] DEBUG Engine               - isManualResizeEnabled: false
18:27:57.740 [JavaFX Application Thread] DEBUG Engine               - title: Dungeons
18:27:57.740 [JavaFX Application Thread] DEBUG Engine               - platform: WINDOWS
18:27:57.740 [JavaFX Application Thread] DEBUG Engine               - devBBoxColorProperty: ObjectProperty [value: 0xff0000ff]
18:27:57.740 [JavaFX Application Thread] DEBUG Engine               - isDesktop: true
18:27:57.740 [JavaFX Application Thread] DEBUG Engine               - globalMusicVolumeProperty: DoubleProperty [value: 0.5]
18:27:57.741 [JavaFX Application Thread] DEBUG Engine               - credits: []
18:27:57.741 [JavaFX Application Thread] DEBUG Engine               - isPreserveResizeRatio: false
18:27:57.741 [JavaFX Application Thread] DEBUG Engine               - uIFactory: com.almasb.fxgl.ui.FXGLUIFactory@6e8b9759
18:27:57.741 [JavaFX Application Thread] DEBUG Engine               - fontText: Courier-Prime.ttf
18:27:57.741 [JavaFX Application Thread] DEBUG Engine               - isExperimentalTiledLargeMap: false
18:27:57.741 [JavaFX Application Thread] DEBUG Engine               - secondsIn24h: 60
18:27:57.741 [JavaFX Application Thread] DEBUG Engine               - runtimeInfo: RuntimeInfo(platform=WINDOWS, version=11.4, build=06.08.2019 18.29)
18:27:57.741 [JavaFX Application Thread] DEBUG Engine               - soundMenuPress: menu/press.wav
18:27:57.741 [JavaFX Application Thread] DEBUG Engine               - urlGithub: https://github.com/AlmasB/FXGL
18:27:57.741 [JavaFX Application Thread] DEBUG Engine               - isLinux: false
18:27:57.741 [JavaFX Application Thread] DEBUG Engine               - profileDir: profiles/
18:27:57.742 [JavaFX Application Thread] DEBUG Engine               - isDeveloperMenuEnabled: false
18:27:57.742 [JavaFX Application Thread] DEBUG Engine               - globalSoundVolumeProperty: DoubleProperty [value: 0.5]
18:27:57.742 [JavaFX Application Thread] DEBUG Engine               - isBrowser: false
18:27:57.742 [JavaFX Application Thread] DEBUG Engine               - urlLeaderboard: http://fxgl-top.herokuapp.com/
18:27:57.742 [JavaFX Application Thread] DEBUG Engine               - globalSoundVolume: 0.5
18:27:57.742 [JavaFX Application Thread] DEBUG Engine               - saveDir: saves/
18:27:57.742 [JavaFX Application Thread] DEBUG Engine               - engineServices: [class com.almasb.fxgl.audio.AudioPlayer, class com.almasb.fxgl.notification.impl.NotificationServiceProvider, class com.almasb.fxgl.achievement.AchievementManager]
18:27:57.742 [JavaFX Application Thread] DEBUG Engine               - globalMusicVolume: 0.5
18:27:57.742 [JavaFX Application Thread] DEBUG Engine               - width: 750
18:27:57.742 [JavaFX Application Thread] DEBUG Engine               - saveFileExt: .sav
18:27:57.743 [JavaFX Application Thread] DEBUG Engine               - isAndroid: false
18:27:57.743 [JavaFX Application Thread] DEBUG Engine               - fontUI: VarelaRound-Regular.ttf
18:27:57.743 [JavaFX Application Thread] DEBUG Engine               - enabledMenuItems: []
18:27:57.743 [JavaFX Application Thread] DEBUG Engine               - isIOS: false
18:27:57.766 [JavaFX Application Thread] INFO  Engine               - FXGL initialization took: 1,199 sec
18:27:57.766 [JavaFX Application Thread] DEBUG LoopRunner           - Starting loop
18:27:57.776 [JavaFX Application Thread] DEBUG StartupScene         - STARTUP
18:27:57.777 [JavaFX Application Thread] DEBUG MainWindow           - Applying CSS: fxgl_dark.css
18:27:57.777 [JavaFX Application Thread] DEBUG AssetLoader          - Loading from file system: /assets/ui/css/fxgl_dark.css
18:27:57.777 [JavaFX Application Thread] DEBUG AssetLoader          - Loading from file system: /assets/ui/cursors/fxgl_default.png
18:27:57.779 [JavaFX Application Thread] DEBUG Input                - Clearing active input actions
18:27:57.796 [JavaFX Application Thread] DEBUG MainWindow           - StartupScene -> FXGLIntroScene
18:27:57.803 [JavaFX Application Thread] DEBUG Engine               - Removing overlay from StartupScene and adding to FXGLIntroScene
18:28:03.471 [JavaFX Application Thread] DEBUG Engine               - Starting new game
18:28:03.472 [JavaFX Application Thread] DEBUG MainWindow           - Applying CSS: fxgl_dark.css
18:28:03.472 [JavaFX Application Thread] DEBUG AssetLoader          - Loading from file system: /assets/ui/css/fxgl_dark.css
18:28:03.473 [JavaFX Application Thread] DEBUG AssetLoader          - Loading from file system: /assets/ui/cursors/fxgl_default.png
18:28:03.475 [JavaFX Application Thread] DEBUG Input                - Clearing active input actions
18:28:03.495 [JavaFX Application Thread] DEBUG MainWindow           - FXGLIntroScene -> LoadingScene
18:28:03.508 [JavaFX Application Thread] DEBUG Engine               - Removing overlay from FXGLIntroScene and adding to LoadingScene
18:28:03.508 [FXGL Background Thread 1 ] DEBUG InitAppTask          - Clearing previous game
18:28:03.509 [FXGL Background Thread 1 ] DEBUG GameWorld            - Clearing game world
18:28:03.509 [FXGL Background Thread 1 ] DEBUG PhysicsWorld         - Clearing physics world
18:28:03.509 [FXGL Background Thread 1 ] DEBUG GameScene            - Clearing game scene
18:28:03.509 [FXGL Background Thread 1 ] DEBUG InitAppTask          - Initializing Game
18:28:03.533 [FXGL Background Thread 1 ] DEBUG AssetLoader          - Loading from file system: /assets/textures/player1.png
18:28:03.553 [FXGL Background Thread 1 ] DEBUG AssetLoader          - Loading from file system: /assets/textures/arma1.png
18:28:03.565 [FXGL Background Thread 1 ] DEBUG InitAppTask          - Initializing Physics
18:28:03.565 [FXGL Background Thread 1 ] DEBUG InitAppTask          - Initializing UI
18:28:03.565 [FXGL Background Thread 1 ] DEBUG InitAppTask          - Initialization Complete
18:28:03.566 [FXGL Background Thread 1 ] INFO  InitAppTask          - Game initialization took: 0,057 sec
18:28:03.572 [JavaFX Application Thread] DEBUG MainWindow           - Applying CSS: fxgl_dark.css
18:28:03.572 [JavaFX Application Thread] DEBUG AssetLoader          - Loading from file system: /assets/ui/css/fxgl_dark.css
18:28:03.573 [JavaFX Application Thread] DEBUG AssetLoader          - Loading from file system: /assets/ui/cursors/fxgl_default.png
18:28:03.574 [JavaFX Application Thread] DEBUG Input                - Clearing active input actions
18:28:03.585 [JavaFX Application Thread] DEBUG MainWindow           - LoadingScene -> GameScene
18:28:03.586 [JavaFX Application Thread] DEBUG Engine               - Removing overlay from LoadingScene and adding to GameScene
18:28:05.573 [JavaFX Application Thread] DEBUG AssetLoader          - Loading from file system: /assets/textures/enemy1.png
18:28:07.573 [JavaFX Application Thread] DEBUG AssetLoader          - Loading from cache: /assets/textures/enemy1.png
18:28:09.365 [JavaFX Application Thread] DEBUG Engine               - Exiting FXGL
18:28:09.365 [JavaFX Application Thread] DEBUG Engine               - Shutting down background threads
18:28:09.366 [JavaFX Application Thread] DEBUG Engine               - Saving FXGL system data
18:28:09.370 [JavaFX Application Thread] DEBUG FSServiceImpl        - Writing to: C:\Users\daron\Downloads\workspace\Programas java\Avanzado\Game2D\system\fxgl.bundle
18:28:09.374 [JavaFX Application Thread] DEBUG Engine               - Closing logger and exiting JavaFX
