13:33:23.750 [main                     ] DEBUG GameApplication      - Logger initialized
13:33:23.752 [main                     ] DEBUG GameApplication      - Logging settings
Title: Dungeons
Version: 0.1
Width: 750
Height: 750
Fullscreen: false
Intro: false
Menus: false
Profiling: false
Single step:false
App Mode: DEVELOPER
Menu Key: ESCAPE
Stage Style: DECORATED
Scene Factory: class com.almasb.fxgl.app.SceneFactory
Dialog Factory: class com.almasb.fxgl.ui.FXGLDialogFactory
UI Factory: class com.almasb.fxgl.ui.FXGLUIFactory

13:33:24.065 [JavaFX Application Thread] DEBUG Engine               - Initializing FXGL
13:33:24.065 [JavaFX Application Thread] INFO  Engine               - FXGL-11.4 (06.08.2019 18.29) on WINDOWS (J:18.0.2 FX:12.0.1)
13:33:24.065 [JavaFX Application Thread] INFO  Engine               - Source code and latest versions at: https://github.com/AlmasB/FXGL
13:33:24.065 [JavaFX Application Thread] INFO  Engine               -              Join the FXGL chat at: https://gitter.im/AlmasB/FXGL
13:33:24.067 [JavaFX Application Thread] DEBUG Engine               - Adding new engine service: class com.almasb.fxgl.audio.AudioPlayer
13:33:24.068 [JavaFX Application Thread] DEBUG Engine               - Adding new engine service: class com.almasb.fxgl.notification.impl.NotificationServiceProvider
13:33:24.068 [JavaFX Application Thread] DEBUG Engine               - Adding new engine service: class com.almasb.fxgl.achievement.AchievementManager
13:33:24.072 [JavaFX Application Thread] DEBUG FS                   - Loaded FSServiceImpl
13:33:24.072 [JavaFX Application Thread] DEBUG SaveLoadManager      - Checking profiles dir: profiles/
13:33:24.072 [JavaFX Application Thread] DEBUG Engine               - Loading localizations
13:33:24.080 [JavaFX Application Thread] DEBUG AssetLoader          - Loading from file system: /assets/properties/languages/english.properties
13:33:24.082 [JavaFX Application Thread] DEBUG AssetLoader          - Loading from file system: /assets/properties/languages/french.properties
13:33:24.084 [JavaFX Application Thread] DEBUG AssetLoader          - Loading from file system: /assets/properties/languages/german.properties
13:33:24.084 [JavaFX Application Thread] DEBUG AssetLoader          - Loading from file system: /assets/properties/languages/russian.properties
13:33:24.085 [JavaFX Application Thread] DEBUG AssetLoader          - Loading from file system: /assets/properties/languages/hungarian.properties
13:33:24.086 [JavaFX Application Thread] DEBUG Engine               - Registering font factories
13:33:24.087 [JavaFX Application Thread] DEBUG AssetLoader          - Loading from file system: /assets/ui/fonts/VarelaRound-Regular.ttf
13:33:24.140 [JavaFX Application Thread] DEBUG AssetLoader          - Loading from file system: /assets/ui/fonts/Abel-Regular.ttf
13:33:24.147 [JavaFX Application Thread] DEBUG AssetLoader          - Loading from file system: /assets/ui/fonts/lucida_console.ttf
13:33:24.151 [JavaFX Application Thread] DEBUG AssetLoader          - Loading from file system: /assets/ui/fonts/Courier-Prime.ttf
13:33:24.154 [JavaFX Application Thread] DEBUG Engine               - Setting UI factory
13:33:24.221 [JavaFX Application Thread] DEBUG AssetLoader          - Loading from file system: /assets/textures/fxgl_logo.png
13:33:24.263 [JavaFX Application Thread] DEBUG MainWindow           - Creating a JavaFX scene
13:33:24.294 [JavaFX Application Thread] DEBUG MainWindow           - Target settings size: 750.0 x 750.0
13:33:24.294 [JavaFX Application Thread] DEBUG MainWindow           - Scaled scene size:    750.0 x 750.0
13:33:24.294 [JavaFX Application Thread] DEBUG MainWindow           - Scaled ratio: (1.0, 1.0)
13:33:24.295 [JavaFX Application Thread] DEBUG MainWindow           - Applying CSS: fxgl_dark.css
13:33:24.295 [JavaFX Application Thread] DEBUG AssetLoader          - Loading from file system: /assets/ui/css/fxgl_dark.css
13:33:24.296 [JavaFX Application Thread] DEBUG AssetLoader          - Loading from file system: /assets/ui/cursors/fxgl_default.png
13:33:24.300 [JavaFX Application Thread] DEBUG Input                - Clearing active input actions
13:33:24.301 [JavaFX Application Thread] DEBUG MainWindow           - StartupScene -> StartupScene
13:33:24.303 [JavaFX Application Thread] DEBUG AssetLoader          - Loading from file system: /assets/textures/fxgl_icon.png
13:33:24.318 [JavaFX Application Thread] DEBUG MainWindow           - Opening main window
13:33:24.423 [JavaFX Application Thread] DEBUG MainWindow           - Window border size: (14.79998779296875, 38.0)
13:33:24.423 [JavaFX Application Thread] DEBUG MainWindow           - Scaled size: 750.0 x 750.0
13:33:24.423 [JavaFX Application Thread] DEBUG MainWindow           - Scaled ratio: (1.0, 1.0)
13:33:24.423 [JavaFX Application Thread] DEBUG MainWindow           - Scene size: 750.0 x 750.0
13:33:24.423 [JavaFX Application Thread] DEBUG MainWindow           - Stage size: 764.7999877929688 x 788.0
13:33:24.429 [FXGL Background Thread 1 ] DEBUG FS                   - Loaded FSServiceImpl
13:33:24.429 [FXGL Background Thread 1 ] DEBUG Engine               - Loading FXGL system data
13:33:24.435 [FXGL Background Thread 1 ] DEBUG FSServiceImpl        - Reading from: C:\Users\daron\Downloads\workspace\Programas java\Avanzado\Game2D\system\fxgl.bundle
13:33:24.448 [FXGL Background Thread 1 ] DEBUG Engine               - Bundle FXGL: {}
13:33:24.448 [FXGL Background Thread 1 ] DEBUG Engine               - Initializing application scenes
13:33:24.469 [FXGL Background Thread 1 ] DEBUG GameWorld            - Game world initialized
13:33:24.509 [FXGL Background Thread 1 ] DEBUG PhysicsWorld         - Physics world initialized: appHeight=750, physics.ppm=50,0
13:33:24.511 [FXGL Background Thread 1 ] DEBUG GameScene            - Game scene initialized: 750x750
13:33:24.528 [FXGL Background Thread 1 ] DEBUG Input                - Registered new binding: Resume - Esc
13:33:24.529 [FXGL Background Thread 1 ] DEBUG AssetLoader          - Loading from file system: /assets/textures/pause_menu_bg.png
13:33:24.545 [FXGL Background Thread 1 ] DEBUG Input                - Registered new binding: Pause - Esc
13:33:24.545 [FXGL Background Thread 1 ] DEBUG Engine               - Application scenes initialized
13:33:24.547 [JavaFX Application Thread] DEBUG Engine               - Running preInit()
13:33:24.548 [JavaFX Application Thread] DEBUG Input                - Registered new binding: Screenshot - P
13:33:24.548 [JavaFX Application Thread] DEBUG Input                - Registered new binding: System info dump - CTRL+9
13:33:24.548 [JavaFX Application Thread] DEBUG Input                - Registered new binding: Restart - CTRL+R
13:33:24.548 [JavaFX Application Thread] DEBUG Engine               - generateDefaultProfile()
13:33:24.548 [JavaFX Application Thread] DEBUG Engine               - Creating default profile
13:33:24.549 [JavaFX Application Thread] DEBUG EventBus             - Firing event: SaveEvent
13:33:24.555 [JavaFX Application Thread] DEBUG Engine               - Logging environment variables
13:33:24.555 [JavaFX Application Thread] DEBUG Engine               - achievements: []
13:33:24.555 [JavaFX Application Thread] DEBUG Engine               - language: ObjectProperty [value: ENGLISH]
13:33:24.555 [JavaFX Application Thread] DEBUG Engine               - isCloseConfirmation: false
13:33:24.555 [JavaFX Application Thread] DEBUG Engine               - isProfilingEnabled: false
13:33:24.555 [JavaFX Application Thread] DEBUG Engine               - soundNotification: core/notification.wav
13:33:24.555 [JavaFX Application Thread] DEBUG Engine               - devShowBBoxProperty: BooleanProperty [value: false]
13:33:24.555 [JavaFX Application Thread] DEBUG Engine               - pixelsPerMeter: 50.0
13:33:24.555 [JavaFX Application Thread] DEBUG Engine               - overlayRoot: Group@46e90099
13:33:24.555 [JavaFX Application Thread] DEBUG Engine               - soundMenuBack: menu/back.wav
13:33:24.555 [JavaFX Application Thread] DEBUG Engine               - appIcon: fxgl_icon.png
13:33:24.555 [JavaFX Application Thread] DEBUG Engine               - isFullScreenAllowed: false
13:33:24.555 [JavaFX Application Thread] DEBUG Engine               - isIntroEnabled: false
13:33:24.556 [JavaFX Application Thread] DEBUG Engine               - eventBus: com.almasb.fxgl.event.EventBus@688084ff
13:33:24.556 [JavaFX Application Thread] DEBUG Engine               - fontMono: lucida_console.ttf
13:33:24.556 [JavaFX Application Thread] DEBUG Engine               - soundMenuSelect: menu/select.wav
13:33:24.556 [JavaFX Application Thread] DEBUG Engine               - isWindows: true
13:33:24.556 [JavaFX Application Thread] DEBUG Engine               - isMobile: false
13:33:24.556 [JavaFX Application Thread] DEBUG Engine               - height: 750
13:33:24.556 [JavaFX Application Thread] DEBUG Engine               - isExperimentalNative: false
13:33:24.556 [JavaFX Application Thread] DEBUG Engine               - isSingleStep: false
13:33:24.556 [JavaFX Application Thread] DEBUG Engine               - cSSList: [fxgl_dark.css]
13:33:24.556 [JavaFX Application Thread] DEBUG Engine               - fontGame: Abel-Regular.ttf
13:33:24.556 [JavaFX Application Thread] DEBUG Engine               - menuKey: ESCAPE
13:33:24.556 [JavaFX Application Thread] DEBUG Engine               - devShowPositionProperty: BooleanProperty [value: false]
13:33:24.556 [JavaFX Application Thread] DEBUG Engine               - versionCheckDays: 7
13:33:24.556 [JavaFX Application Thread] DEBUG Engine               - masterTimer: com.almasb.fxgl.time.Timer@16e4b2a4
13:33:24.556 [JavaFX Application Thread] DEBUG Engine               - configClass: Optional.empty
13:33:24.556 [JavaFX Application Thread] DEBUG Engine               - version: 0.1
13:33:24.556 [JavaFX Application Thread] DEBUG Engine               - fullScreen: BooleanProperty [value: false]
13:33:24.556 [JavaFX Application Thread] DEBUG Engine               - dialogFactory: com.almasb.fxgl.ui.FXGLDialogFactory@2ceb1725
13:33:24.556 [JavaFX Application Thread] DEBUG Engine               - applicationMode: DEVELOPER
13:33:24.556 [JavaFX Application Thread] DEBUG Engine               - isMac: false
13:33:24.556 [JavaFX Application Thread] DEBUG Engine               - urlGoogleForms: https://goo.gl/forms/6wrMnOBxTE1fEpOy2
13:33:24.556 [JavaFX Application Thread] DEBUG Engine               - isMenuEnabled: false
13:33:24.556 [JavaFX Application Thread] DEBUG Engine               - urlPOM: https://raw.githubusercontent.com/AlmasB/FXGL/master/pom.xml
13:33:24.557 [JavaFX Application Thread] DEBUG Engine               - profileName: user.profile
13:33:24.557 [JavaFX Application Thread] DEBUG Engine               - notificationViewClass: class com.almasb.fxgl.notification.view.XboxNotificationView
13:33:24.557 [JavaFX Application Thread] DEBUG Engine               - devSensorColorProperty: ObjectProperty [value: 0xffff00ff]
13:33:24.557 [JavaFX Application Thread] DEBUG Engine               - sceneFactory: com.almasb.fxgl.app.SceneFactory@63d2e249
13:33:24.557 [JavaFX Application Thread] DEBUG Engine               - dataFileExt: .dat
13:33:24.557 [JavaFX Application Thread] DEBUG Engine               - stageStyle: DECORATED
13:33:24.557 [JavaFX Application Thread] DEBUG Engine               - isManualResizeEnabled: false
13:33:24.557 [JavaFX Application Thread] DEBUG Engine               - title: Dungeons
13:33:24.557 [JavaFX Application Thread] DEBUG Engine               - platform: WINDOWS
13:33:24.557 [JavaFX Application Thread] DEBUG Engine               - devBBoxColorProperty: ObjectProperty [value: 0xff0000ff]
13:33:24.557 [JavaFX Application Thread] DEBUG Engine               - isDesktop: true
13:33:24.557 [JavaFX Application Thread] DEBUG Engine               - credits: []
13:33:24.557 [JavaFX Application Thread] DEBUG Engine               - globalMusicVolumeProperty: DoubleProperty [value: 0.5]
13:33:24.557 [JavaFX Application Thread] DEBUG Engine               - isPreserveResizeRatio: false
13:33:24.557 [JavaFX Application Thread] DEBUG Engine               - uIFactory: com.almasb.fxgl.ui.FXGLUIFactory@f1935b0
13:33:24.557 [JavaFX Application Thread] DEBUG Engine               - fontText: Courier-Prime.ttf
13:33:24.557 [JavaFX Application Thread] DEBUG Engine               - isExperimentalTiledLargeMap: false
13:33:24.557 [JavaFX Application Thread] DEBUG Engine               - secondsIn24h: 60
13:33:24.557 [JavaFX Application Thread] DEBUG Engine               - runtimeInfo: RuntimeInfo(platform=WINDOWS, version=11.4, build=06.08.2019 18.29)
13:33:24.557 [JavaFX Application Thread] DEBUG Engine               - soundMenuPress: menu/press.wav
13:33:24.557 [JavaFX Application Thread] DEBUG Engine               - urlGithub: https://github.com/AlmasB/FXGL
13:33:24.558 [JavaFX Application Thread] DEBUG Engine               - isLinux: false
13:33:24.558 [JavaFX Application Thread] DEBUG Engine               - profileDir: profiles/
13:33:24.558 [JavaFX Application Thread] DEBUG Engine               - isDeveloperMenuEnabled: false
13:33:24.558 [JavaFX Application Thread] DEBUG Engine               - globalSoundVolumeProperty: DoubleProperty [value: 0.5]
13:33:24.558 [JavaFX Application Thread] DEBUG Engine               - isBrowser: false
13:33:24.558 [JavaFX Application Thread] DEBUG Engine               - globalSoundVolume: 0.5
13:33:24.558 [JavaFX Application Thread] DEBUG Engine               - urlLeaderboard: http://fxgl-top.herokuapp.com/
13:33:24.558 [JavaFX Application Thread] DEBUG Engine               - saveDir: saves/
13:33:24.558 [JavaFX Application Thread] DEBUG Engine               - engineServices: [class com.almasb.fxgl.audio.AudioPlayer, class com.almasb.fxgl.notification.impl.NotificationServiceProvider, class com.almasb.fxgl.achievement.AchievementManager]
13:33:24.558 [JavaFX Application Thread] DEBUG Engine               - globalMusicVolume: 0.5
13:33:24.558 [JavaFX Application Thread] DEBUG Engine               - width: 750
13:33:24.558 [JavaFX Application Thread] DEBUG Engine               - saveFileExt: .sav
13:33:24.558 [JavaFX Application Thread] DEBUG Engine               - isAndroid: false
13:33:24.558 [JavaFX Application Thread] DEBUG Engine               - fontUI: VarelaRound-Regular.ttf
13:33:24.558 [JavaFX Application Thread] DEBUG Engine               - enabledMenuItems: []
13:33:24.558 [JavaFX Application Thread] DEBUG Engine               - isIOS: false
13:33:24.569 [JavaFX Application Thread] INFO  Engine               - FXGL initialization took: 0,496 sec
13:33:24.569 [JavaFX Application Thread] DEBUG LoopRunner           - Starting loop
13:33:24.573 [JavaFX Application Thread] DEBUG StartupScene         - STARTUP
13:33:24.574 [JavaFX Application Thread] DEBUG Engine               - Starting new game
13:33:24.574 [JavaFX Application Thread] DEBUG MainWindow           - Applying CSS: fxgl_dark.css
13:33:24.574 [JavaFX Application Thread] DEBUG AssetLoader          - Loading from file system: /assets/ui/css/fxgl_dark.css
13:33:24.574 [JavaFX Application Thread] DEBUG AssetLoader          - Loading from file system: /assets/ui/cursors/fxgl_default.png
13:33:24.575 [JavaFX Application Thread] DEBUG Input                - Clearing active input actions
13:33:24.583 [JavaFX Application Thread] DEBUG MainWindow           - StartupScene -> LoadingScene
13:33:24.586 [JavaFX Application Thread] DEBUG Engine               - Removing overlay from StartupScene and adding to LoadingScene
13:33:24.586 [FXGL Background Thread 1 ] DEBUG InitAppTask          - Clearing previous game
13:33:24.587 [FXGL Background Thread 1 ] DEBUG GameWorld            - Clearing game world
13:33:24.587 [FXGL Background Thread 1 ] DEBUG PhysicsWorld         - Clearing physics world
13:33:24.587 [FXGL Background Thread 1 ] DEBUG GameScene            - Clearing game scene
13:33:24.587 [FXGL Background Thread 1 ] DEBUG InitAppTask          - Initializing Game
13:33:24.596 [FXGL Background Thread 1 ] DEBUG AssetLoader          - Loading from file system: /assets/textures/player1.png
13:33:24.602 [FXGL Background Thread 1 ] DEBUG AssetLoader          - Loading from file system: /assets/textures/arma1.png
13:33:24.606 [FXGL Background Thread 1 ] DEBUG AssetLoader          - Loading from file system: /assets/textures/enemy1.png
13:33:24.612 [FXGL Background Thread 1 ] DEBUG InitAppTask          - Initializing Physics
13:33:24.612 [FXGL Background Thread 1 ] DEBUG InitAppTask          - Initializing UI
13:33:24.612 [FXGL Background Thread 1 ] DEBUG InitAppTask          - Initialization Complete
13:33:24.613 [FXGL Background Thread 1 ] INFO  InitAppTask          - Game initialization took: 0,026 sec
13:33:24.626 [JavaFX Application Thread] DEBUG MainWindow           - Applying CSS: fxgl_dark.css
13:33:24.626 [JavaFX Application Thread] DEBUG AssetLoader          - Loading from file system: /assets/ui/css/fxgl_dark.css
13:33:24.626 [JavaFX Application Thread] DEBUG AssetLoader          - Loading from file system: /assets/ui/cursors/fxgl_default.png
13:33:24.628 [JavaFX Application Thread] DEBUG Input                - Clearing active input actions
13:33:24.635 [JavaFX Application Thread] DEBUG MainWindow           - LoadingScene -> GameScene
13:33:24.635 [JavaFX Application Thread] DEBUG Engine               - Removing overlay from LoadingScene and adding to GameScene
13:33:30.911 [JavaFX Application Thread] DEBUG Engine               - Exiting FXGL
13:33:30.911 [JavaFX Application Thread] DEBUG Engine               - Shutting down background threads
13:33:30.911 [JavaFX Application Thread] DEBUG Engine               - Saving FXGL system data
13:33:30.913 [JavaFX Application Thread] DEBUG FSServiceImpl        - Writing to: C:\Users\daron\Downloads\workspace\Programas java\Avanzado\Game2D\system\fxgl.bundle
13:33:30.915 [JavaFX Application Thread] DEBUG Engine               - Closing logger and exiting JavaFX
