07:48:58.603 [main                     ] DEBUG GameApplication      - Logger initialized
07:48:58.606 [main                     ] DEBUG GameApplication      - Logging settings
Title: Nuke Dungeons
Version: 0.3
Width: 750
Height: 750
Fullscreen: true
Intro: false
Menus: false
Profiling: false
Single step:false
App Mode: DEVELOPER
Menu Key: ESCAPE
Stage Style: DECORATED
Scene Factory: class com.almasb.fxgl.app.SceneFactory
Dialog Factory: class com.almasb.fxgl.ui.FXGLDialogFactory
UI Factory: class com.almasb.fxgl.ui.FXGLUIFactory

07:48:59.276 [JavaFX Application Thread] DEBUG Engine               - Initializing FXGL
07:48:59.276 [JavaFX Application Thread] INFO  Engine               - FXGL-11.4 (06.08.2019 18.29) on WINDOWS (J:18.0.2 FX:12.0.1)
07:48:59.276 [JavaFX Application Thread] INFO  Engine               - Source code and latest versions at: https://github.com/AlmasB/FXGL
07:48:59.276 [JavaFX Application Thread] INFO  Engine               -              Join the FXGL chat at: https://gitter.im/AlmasB/FXGL
07:48:59.280 [JavaFX Application Thread] DEBUG Engine               - Adding new engine service: class com.almasb.fxgl.audio.AudioPlayer
07:48:59.282 [JavaFX Application Thread] DEBUG Engine               - Adding new engine service: class com.almasb.fxgl.notification.impl.NotificationServiceProvider
07:48:59.282 [JavaFX Application Thread] DEBUG Engine               - Adding new engine service: class com.almasb.fxgl.achievement.AchievementManager
07:48:59.290 [JavaFX Application Thread] DEBUG FS                   - Loaded FSServiceImpl
07:48:59.291 [JavaFX Application Thread] DEBUG SaveLoadManager      - Checking profiles dir: profiles/
07:48:59.291 [JavaFX Application Thread] DEBUG Engine               - Loading localizations
07:48:59.308 [JavaFX Application Thread] DEBUG AssetLoader          - Loading from file system: /assets/properties/languages/english.properties
07:48:59.313 [JavaFX Application Thread] DEBUG AssetLoader          - Loading from file system: /assets/properties/languages/french.properties
07:48:59.315 [JavaFX Application Thread] DEBUG AssetLoader          - Loading from file system: /assets/properties/languages/german.properties
07:48:59.316 [JavaFX Application Thread] DEBUG AssetLoader          - Loading from file system: /assets/properties/languages/russian.properties
07:48:59.318 [JavaFX Application Thread] DEBUG AssetLoader          - Loading from file system: /assets/properties/languages/hungarian.properties
07:48:59.321 [JavaFX Application Thread] DEBUG Engine               - Registering font factories
07:48:59.321 [JavaFX Application Thread] DEBUG AssetLoader          - Loading from file system: /assets/ui/fonts/VarelaRound-Regular.ttf
07:48:59.442 [JavaFX Application Thread] DEBUG AssetLoader          - Loading from file system: /assets/ui/fonts/Abel-Regular.ttf
07:48:59.449 [JavaFX Application Thread] DEBUG AssetLoader          - Loading from file system: /assets/ui/fonts/lucida_console.ttf
07:48:59.458 [JavaFX Application Thread] DEBUG AssetLoader          - Loading from file system: /assets/ui/fonts/Courier-Prime.ttf
07:48:59.466 [JavaFX Application Thread] DEBUG Engine               - Setting UI factory
07:48:59.615 [JavaFX Application Thread] DEBUG AssetLoader          - Loading from file system: /assets/textures/fxgl_logo.png
07:48:59.711 [JavaFX Application Thread] DEBUG MainWindow           - Creating a JavaFX scene
07:48:59.780 [JavaFX Application Thread] DEBUG MainWindow           - Target settings size: 750.0 x 750.0
07:48:59.780 [JavaFX Application Thread] DEBUG MainWindow           - Scaled scene size:    750.0 x 750.0
07:48:59.780 [JavaFX Application Thread] DEBUG MainWindow           - Scaled ratio: (1.0, 1.0)
07:48:59.782 [JavaFX Application Thread] DEBUG MainWindow           - Applying CSS: fxgl_dark.css
07:48:59.783 [JavaFX Application Thread] DEBUG AssetLoader          - Loading from file system: /assets/ui/css/fxgl_dark.css
07:48:59.784 [JavaFX Application Thread] DEBUG AssetLoader          - Loading from file system: /assets/ui/cursors/fxgl_default.png
07:48:59.794 [JavaFX Application Thread] DEBUG Input                - Clearing active input actions
07:48:59.794 [JavaFX Application Thread] DEBUG MainWindow           - StartupScene -> StartupScene
07:48:59.799 [JavaFX Application Thread] DEBUG AssetLoader          - Loading from file system: /assets/textures/fxgl_icon.png
07:48:59.831 [JavaFX Application Thread] DEBUG MainWindow           - Opening main window
07:49:00.058 [JavaFX Application Thread] DEBUG MainWindow           - Window border size: (14.79998779296875, 38.0)
07:49:00.058 [JavaFX Application Thread] DEBUG MainWindow           - Scaled size: 750.0 x 750.0
07:49:00.058 [JavaFX Application Thread] DEBUG MainWindow           - Scaled ratio: (1.0, 1.0)
07:49:00.059 [JavaFX Application Thread] DEBUG MainWindow           - Scene size: 750.0 x 750.0
07:49:00.059 [JavaFX Application Thread] DEBUG MainWindow           - Stage size: 764.7999877929688 x 788.0
07:49:00.072 [FXGL Background Thread 1 ] DEBUG FS                   - Loaded FSServiceImpl
07:49:00.072 [FXGL Background Thread 1 ] DEBUG Engine               - Loading FXGL system data
07:49:00.082 [FXGL Background Thread 1 ] DEBUG FSServiceImpl        - Reading from: C:\Users\daron\Downloads\workspace\Programas java\Avanzado\Game2D\system\fxgl.bundle
07:49:00.107 [FXGL Background Thread 1 ] DEBUG Engine               - Bundle FXGL: {}
07:49:00.107 [FXGL Background Thread 1 ] DEBUG Engine               - Initializing application scenes
07:49:00.148 [FXGL Background Thread 1 ] DEBUG GameWorld            - Game world initialized
07:49:00.222 [FXGL Background Thread 1 ] DEBUG PhysicsWorld         - Physics world initialized: appHeight=750, physics.ppm=50,0
07:49:00.224 [FXGL Background Thread 1 ] DEBUG GameScene            - Game scene initialized: 750x750
07:49:00.266 [FXGL Background Thread 1 ] DEBUG Input                - Registered new binding: Resume - Esc
07:49:00.267 [FXGL Background Thread 1 ] DEBUG AssetLoader          - Loading from file system: /assets/textures/pause_menu_bg.png
07:49:00.303 [FXGL Background Thread 1 ] DEBUG Input                - Registered new binding: Pause - Esc
07:49:00.303 [FXGL Background Thread 1 ] DEBUG Engine               - Application scenes initialized
07:49:00.307 [JavaFX Application Thread] DEBUG Engine               - Running preInit()
07:49:00.308 [JavaFX Application Thread] DEBUG Input                - Registered new binding: MoveUp - W
07:49:00.308 [JavaFX Application Thread] DEBUG Input                - Registered new binding: MoveDown - S
07:49:00.308 [JavaFX Application Thread] DEBUG Input                - Registered new binding: MoveRight - D
07:49:00.308 [JavaFX Application Thread] DEBUG Input                - Registered new binding: MoveLeft - A
07:49:00.310 [JavaFX Application Thread] DEBUG Input                - Registered new binding: Shoot - LMB
07:49:00.311 [JavaFX Application Thread] DEBUG Input                - Registered new binding: Screenshot - P
07:49:00.312 [JavaFX Application Thread] DEBUG Input                - Registered new binding: System info dump - CTRL+9
07:49:00.313 [JavaFX Application Thread] DEBUG Input                - Registered new binding: Restart - CTRL+R
07:49:00.313 [JavaFX Application Thread] DEBUG Engine               - generateDefaultProfile()
07:49:00.313 [JavaFX Application Thread] DEBUG Engine               - Creating default profile
07:49:00.314 [JavaFX Application Thread] DEBUG EventBus             - Firing event: SaveEvent
07:49:00.326 [JavaFX Application Thread] DEBUG Engine               - Logging environment variables
07:49:00.326 [JavaFX Application Thread] DEBUG Engine               - achievements: []
07:49:00.326 [JavaFX Application Thread] DEBUG Engine               - language: ObjectProperty [value: ENGLISH]
07:49:00.326 [JavaFX Application Thread] DEBUG Engine               - isCloseConfirmation: false
07:49:00.326 [JavaFX Application Thread] DEBUG Engine               - isProfilingEnabled: false
07:49:00.327 [JavaFX Application Thread] DEBUG Engine               - soundNotification: core/notification.wav
07:49:00.327 [JavaFX Application Thread] DEBUG Engine               - devShowBBoxProperty: BooleanProperty [value: false]
07:49:00.327 [JavaFX Application Thread] DEBUG Engine               - pixelsPerMeter: 50.0
07:49:00.327 [JavaFX Application Thread] DEBUG Engine               - overlayRoot: Group@48e532cd
07:49:00.327 [JavaFX Application Thread] DEBUG Engine               - appIcon: fxgl_icon.png
07:49:00.327 [JavaFX Application Thread] DEBUG Engine               - soundMenuBack: menu/back.wav
07:49:00.327 [JavaFX Application Thread] DEBUG Engine               - isFullScreenAllowed: true
07:49:00.327 [JavaFX Application Thread] DEBUG Engine               - isIntroEnabled: false
07:49:00.328 [JavaFX Application Thread] DEBUG Engine               - eventBus: com.almasb.fxgl.event.EventBus@1db4b612
07:49:00.328 [JavaFX Application Thread] DEBUG Engine               - fontMono: lucida_console.ttf
07:49:00.328 [JavaFX Application Thread] DEBUG Engine               - soundMenuSelect: menu/select.wav
07:49:00.328 [JavaFX Application Thread] DEBUG Engine               - isWindows: true
07:49:00.328 [JavaFX Application Thread] DEBUG Engine               - isMobile: false
07:49:00.328 [JavaFX Application Thread] DEBUG Engine               - height: 750
07:49:00.328 [JavaFX Application Thread] DEBUG Engine               - isExperimentalNative: false
07:49:00.328 [JavaFX Application Thread] DEBUG Engine               - cSSList: [fxgl_dark.css]
07:49:00.328 [JavaFX Application Thread] DEBUG Engine               - isSingleStep: false
07:49:00.328 [JavaFX Application Thread] DEBUG Engine               - fontGame: Abel-Regular.ttf
07:49:00.329 [JavaFX Application Thread] DEBUG Engine               - menuKey: ESCAPE
07:49:00.329 [JavaFX Application Thread] DEBUG Engine               - devShowPositionProperty: BooleanProperty [value: false]
07:49:00.329 [JavaFX Application Thread] DEBUG Engine               - versionCheckDays: 7
07:49:00.329 [JavaFX Application Thread] DEBUG Engine               - masterTimer: com.almasb.fxgl.time.Timer@63deaad4
07:49:00.329 [JavaFX Application Thread] DEBUG Engine               - configClass: Optional.empty
07:49:00.329 [JavaFX Application Thread] DEBUG Engine               - version: 0.3
07:49:00.329 [JavaFX Application Thread] DEBUG Engine               - fullScreen: BooleanProperty [value: false]
07:49:00.329 [JavaFX Application Thread] DEBUG Engine               - dialogFactory: com.almasb.fxgl.ui.FXGLDialogFactory@26983e2d
07:49:00.329 [JavaFX Application Thread] DEBUG Engine               - applicationMode: DEVELOPER
07:49:00.329 [JavaFX Application Thread] DEBUG Engine               - isMac: false
07:49:00.329 [JavaFX Application Thread] DEBUG Engine               - urlGoogleForms: https://goo.gl/forms/6wrMnOBxTE1fEpOy2
07:49:00.330 [JavaFX Application Thread] DEBUG Engine               - isMenuEnabled: false
07:49:00.330 [JavaFX Application Thread] DEBUG Engine               - urlPOM: https://raw.githubusercontent.com/AlmasB/FXGL/master/pom.xml
07:49:00.330 [JavaFX Application Thread] DEBUG Engine               - profileName: user.profile
07:49:00.330 [JavaFX Application Thread] DEBUG Engine               - notificationViewClass: class com.almasb.fxgl.notification.view.XboxNotificationView
07:49:00.330 [JavaFX Application Thread] DEBUG Engine               - devSensorColorProperty: ObjectProperty [value: 0xffff00ff]
07:49:00.330 [JavaFX Application Thread] DEBUG Engine               - sceneFactory: com.almasb.fxgl.app.SceneFactory@68aac1bc
07:49:00.330 [JavaFX Application Thread] DEBUG Engine               - dataFileExt: .dat
07:49:00.330 [JavaFX Application Thread] DEBUG Engine               - stageStyle: DECORATED
07:49:00.330 [JavaFX Application Thread] DEBUG Engine               - isManualResizeEnabled: false
07:49:00.330 [JavaFX Application Thread] DEBUG Engine               - title: Nuke Dungeons
07:49:00.331 [JavaFX Application Thread] DEBUG Engine               - platform: WINDOWS
07:49:00.331 [JavaFX Application Thread] DEBUG Engine               - devBBoxColorProperty: ObjectProperty [value: 0xff0000ff]
07:49:00.331 [JavaFX Application Thread] DEBUG Engine               - isDesktop: true
07:49:00.331 [JavaFX Application Thread] DEBUG Engine               - credits: []
07:49:00.331 [JavaFX Application Thread] DEBUG Engine               - globalMusicVolumeProperty: DoubleProperty [value: 0.5]
07:49:00.331 [JavaFX Application Thread] DEBUG Engine               - isPreserveResizeRatio: false
07:49:00.331 [JavaFX Application Thread] DEBUG Engine               - uIFactory: com.almasb.fxgl.ui.FXGLUIFactory@5096fe9d
07:49:00.331 [JavaFX Application Thread] DEBUG Engine               - fontText: Courier-Prime.ttf
07:49:00.332 [JavaFX Application Thread] DEBUG Engine               - isExperimentalTiledLargeMap: false
07:49:00.332 [JavaFX Application Thread] DEBUG Engine               - secondsIn24h: 60
07:49:00.332 [JavaFX Application Thread] DEBUG Engine               - runtimeInfo: RuntimeInfo(platform=WINDOWS, version=11.4, build=06.08.2019 18.29)
07:49:00.332 [JavaFX Application Thread] DEBUG Engine               - soundMenuPress: menu/press.wav
07:49:00.332 [JavaFX Application Thread] DEBUG Engine               - urlGithub: https://github.com/AlmasB/FXGL
07:49:00.332 [JavaFX Application Thread] DEBUG Engine               - isLinux: false
07:49:00.332 [JavaFX Application Thread] DEBUG Engine               - profileDir: profiles/
07:49:00.332 [JavaFX Application Thread] DEBUG Engine               - isDeveloperMenuEnabled: false
07:49:00.332 [JavaFX Application Thread] DEBUG Engine               - globalSoundVolumeProperty: DoubleProperty [value: 0.5]
07:49:00.333 [JavaFX Application Thread] DEBUG Engine               - isBrowser: false
07:49:00.333 [JavaFX Application Thread] DEBUG Engine               - globalSoundVolume: 0.5
07:49:00.333 [JavaFX Application Thread] DEBUG Engine               - urlLeaderboard: http://fxgl-top.herokuapp.com/
07:49:00.333 [JavaFX Application Thread] DEBUG Engine               - saveDir: saves/
07:49:00.333 [JavaFX Application Thread] DEBUG Engine               - engineServices: [class com.almasb.fxgl.audio.AudioPlayer, class com.almasb.fxgl.notification.impl.NotificationServiceProvider, class com.almasb.fxgl.achievement.AchievementManager]
07:49:00.333 [JavaFX Application Thread] DEBUG Engine               - globalMusicVolume: 0.5
07:49:00.333 [JavaFX Application Thread] DEBUG Engine               - width: 750
07:49:00.333 [JavaFX Application Thread] DEBUG Engine               - saveFileExt: .sav
07:49:00.333 [JavaFX Application Thread] DEBUG Engine               - isAndroid: false
07:49:00.333 [JavaFX Application Thread] DEBUG Engine               - fontUI: VarelaRound-Regular.ttf
07:49:00.334 [JavaFX Application Thread] DEBUG Engine               - enabledMenuItems: []
07:49:00.334 [JavaFX Application Thread] DEBUG Engine               - isIOS: false
07:49:00.358 [JavaFX Application Thread] INFO  Engine               - FXGL initialization took: 1,066 sec
07:49:00.359 [JavaFX Application Thread] DEBUG LoopRunner           - Starting loop
07:49:00.368 [JavaFX Application Thread] DEBUG StartupScene         - STARTUP
07:49:00.369 [JavaFX Application Thread] DEBUG Engine               - Starting new game
07:49:00.369 [JavaFX Application Thread] DEBUG MainWindow           - Applying CSS: fxgl_dark.css
07:49:00.369 [JavaFX Application Thread] DEBUG AssetLoader          - Loading from file system: /assets/ui/css/fxgl_dark.css
07:49:00.369 [JavaFX Application Thread] DEBUG AssetLoader          - Loading from file system: /assets/ui/cursors/fxgl_default.png
07:49:00.371 [JavaFX Application Thread] DEBUG Input                - Clearing active input actions
07:49:00.389 [JavaFX Application Thread] DEBUG MainWindow           - StartupScene -> LoadingScene
07:49:00.397 [JavaFX Application Thread] DEBUG Engine               - Removing overlay from StartupScene and adding to LoadingScene
07:49:00.398 [FXGL Background Thread 1 ] DEBUG InitAppTask          - Clearing previous game
07:49:00.398 [FXGL Background Thread 1 ] DEBUG GameWorld            - Clearing game world
07:49:00.398 [FXGL Background Thread 1 ] DEBUG PhysicsWorld         - Clearing physics world
07:49:00.399 [FXGL Background Thread 1 ] DEBUG GameScene            - Clearing game scene
07:49:00.399 [FXGL Background Thread 1 ] DEBUG InitAppTask          - Initializing Game
07:49:00.400 [FXGL Background Thread 1 ] DEBUG AssetLoader          - Loading from file system: /assets/textures/fondoNivel1.jpeg
07:49:00.443 [FXGL Background Thread 1 ] DEBUG AssetLoader          - Loading from file system: /assets/textures/player1.png
07:49:00.465 [FXGL Background Thread 1 ] DEBUG AssetLoader          - Loading from file system: /assets/textures/arma2.png
07:49:00.486 [FXGL Background Thread 1 ] DEBUG InitAppTask          - Initializing Physics
07:49:00.487 [FXGL Background Thread 1 ] DEBUG InitAppTask          - Initializing UI
07:49:00.490 [FXGL Background Thread 1 ] DEBUG InitAppTask          - Initialization Complete
07:49:00.491 [FXGL Background Thread 1 ] INFO  InitAppTask          - Game initialization took: 0,093 sec
07:49:00.614 [JavaFX Application Thread] DEBUG MainWindow           - Applying CSS: fxgl_dark.css
07:49:00.614 [JavaFX Application Thread] DEBUG AssetLoader          - Loading from file system: /assets/ui/css/fxgl_dark.css
07:49:00.615 [JavaFX Application Thread] DEBUG AssetLoader          - Loading from file system: /assets/ui/cursors/fxgl_default.png
07:49:00.616 [JavaFX Application Thread] DEBUG Input                - Clearing active input actions
07:49:00.642 [JavaFX Application Thread] DEBUG MainWindow           - LoadingScene -> GameScene
07:49:00.643 [JavaFX Application Thread] DEBUG Engine               - Removing overlay from LoadingScene and adding to GameScene
07:49:00.725 [JavaFX Application Thread] DEBUG AssetLoader          - Loading from file system: /assets/textures/vida.png
07:49:00.743 [JavaFX Application Thread] DEBUG AssetLoader          - Loading from cache: /assets/textures/vida.png
07:49:00.759 [JavaFX Application Thread] DEBUG AssetLoader          - Loading from cache: /assets/textures/vida.png
07:49:00.766 [JavaFX Application Thread] DEBUG AssetLoader          - Loading from cache: /assets/textures/vida.png
07:49:00.772 [JavaFX Application Thread] DEBUG AssetLoader          - Loading from cache: /assets/textures/vida.png
07:49:00.775 [JavaFX Application Thread] DEBUG AssetLoader          - Loading from cache: /assets/textures/vida.png
07:49:00.784 [JavaFX Application Thread] DEBUG AssetLoader          - Loading from cache: /assets/textures/vida.png
07:49:00.790 [JavaFX Application Thread] DEBUG AssetLoader          - Loading from cache: /assets/textures/vida.png
07:49:00.796 [JavaFX Application Thread] DEBUG AssetLoader          - Loading from cache: /assets/textures/vida.png
07:49:00.802 [JavaFX Application Thread] DEBUG AssetLoader          - Loading from cache: /assets/textures/vida.png
07:49:00.807 [JavaFX Application Thread] DEBUG AssetLoader          - Loading from cache: /assets/textures/vida.png
07:49:00.815 [JavaFX Application Thread] DEBUG AssetLoader          - Loading from cache: /assets/textures/vida.png
07:49:00.820 [JavaFX Application Thread] DEBUG AssetLoader          - Loading from cache: /assets/textures/vida.png
07:49:00.827 [JavaFX Application Thread] DEBUG AssetLoader          - Loading from cache: /assets/textures/vida.png
07:49:00.833 [JavaFX Application Thread] DEBUG AssetLoader          - Loading from cache: /assets/textures/vida.png
07:49:00.838 [JavaFX Application Thread] DEBUG AssetLoader          - Loading from cache: /assets/textures/vida.png
07:49:00.844 [JavaFX Application Thread] DEBUG AssetLoader          - Loading from cache: /assets/textures/vida.png
07:49:00.850 [JavaFX Application Thread] DEBUG AssetLoader          - Loading from cache: /assets/textures/vida.png
07:49:00.856 [JavaFX Application Thread] DEBUG AssetLoader          - Loading from cache: /assets/textures/vida.png
07:49:00.863 [JavaFX Application Thread] DEBUG AssetLoader          - Loading from cache: /assets/textures/vida.png
07:49:00.869 [JavaFX Application Thread] DEBUG AssetLoader          - Loading from cache: /assets/textures/vida.png
07:49:00.874 [JavaFX Application Thread] DEBUG AssetLoader          - Loading from cache: /assets/textures/vida.png
07:49:00.880 [JavaFX Application Thread] DEBUG AssetLoader          - Loading from cache: /assets/textures/vida.png
07:49:00.887 [JavaFX Application Thread] DEBUG AssetLoader          - Loading from cache: /assets/textures/vida.png
07:49:00.893 [JavaFX Application Thread] DEBUG AssetLoader          - Loading from cache: /assets/textures/vida.png
07:49:00.899 [JavaFX Application Thread] DEBUG AssetLoader          - Loading from cache: /assets/textures/vida.png
07:49:00.903 [JavaFX Application Thread] DEBUG AssetLoader          - Loading from cache: /assets/textures/vida.png
07:49:00.911 [JavaFX Application Thread] DEBUG AssetLoader          - Loading from cache: /assets/textures/vida.png
07:49:00.915 [JavaFX Application Thread] DEBUG AssetLoader          - Loading from cache: /assets/textures/vida.png
07:49:00.919 [JavaFX Application Thread] DEBUG AssetLoader          - Loading from cache: /assets/textures/vida.png
07:49:00.928 [JavaFX Application Thread] DEBUG AssetLoader          - Loading from cache: /assets/textures/vida.png
07:49:00.934 [JavaFX Application Thread] DEBUG AssetLoader          - Loading from cache: /assets/textures/vida.png
07:49:00.940 [JavaFX Application Thread] DEBUG AssetLoader          - Loading from cache: /assets/textures/vida.png
07:49:00.946 [JavaFX Application Thread] DEBUG AssetLoader          - Loading from cache: /assets/textures/vida.png
07:49:00.952 [JavaFX Application Thread] DEBUG AssetLoader          - Loading from cache: /assets/textures/vida.png
07:49:00.958 [JavaFX Application Thread] DEBUG AssetLoader          - Loading from cache: /assets/textures/vida.png
07:49:00.964 [JavaFX Application Thread] DEBUG AssetLoader          - Loading from cache: /assets/textures/vida.png
07:49:00.966 [JavaFX Application Thread] DEBUG AssetLoader          - Loading from cache: /assets/textures/vida.png
07:49:00.976 [JavaFX Application Thread] DEBUG AssetLoader          - Loading from cache: /assets/textures/vida.png
07:49:00.982 [JavaFX Application Thread] DEBUG AssetLoader          - Loading from cache: /assets/textures/vida.png
07:49:00.988 [JavaFX Application Thread] DEBUG AssetLoader          - Loading from cache: /assets/textures/vida.png
07:49:00.994 [JavaFX Application Thread] DEBUG AssetLoader          - Loading from cache: /assets/textures/vida.png
07:49:00.998 [JavaFX Application Thread] DEBUG AssetLoader          - Loading from cache: /assets/textures/vida.png
07:49:01.006 [JavaFX Application Thread] DEBUG AssetLoader          - Loading from cache: /assets/textures/vida.png
07:49:01.012 [JavaFX Application Thread] DEBUG AssetLoader          - Loading from cache: /assets/textures/vida.png
07:49:01.014 [JavaFX Application Thread] DEBUG AssetLoader          - Loading from cache: /assets/textures/vida.png
07:49:01.024 [JavaFX Application Thread] DEBUG AssetLoader          - Loading from cache: /assets/textures/vida.png
07:49:01.030 [JavaFX Application Thread] DEBUG AssetLoader          - Loading from cache: /assets/textures/vida.png
07:49:01.037 [JavaFX Application Thread] DEBUG AssetLoader          - Loading from cache: /assets/textures/vida.png
07:49:01.042 [JavaFX Application Thread] DEBUG AssetLoader          - Loading from cache: /assets/textures/vida.png
07:49:01.046 [JavaFX Application Thread] DEBUG AssetLoader          - Loading from cache: /assets/textures/vida.png
07:49:01.056 [JavaFX Application Thread] DEBUG AssetLoader          - Loading from cache: /assets/textures/vida.png
07:49:01.061 [JavaFX Application Thread] DEBUG AssetLoader          - Loading from cache: /assets/textures/vida.png
07:49:01.067 [JavaFX Application Thread] DEBUG AssetLoader          - Loading from cache: /assets/textures/vida.png
07:49:01.073 [JavaFX Application Thread] DEBUG AssetLoader          - Loading from cache: /assets/textures/vida.png
07:49:01.079 [JavaFX Application Thread] DEBUG AssetLoader          - Loading from cache: /assets/textures/vida.png
07:49:01.085 [JavaFX Application Thread] DEBUG AssetLoader          - Loading from cache: /assets/textures/vida.png
07:49:01.091 [JavaFX Application Thread] DEBUG AssetLoader          - Loading from cache: /assets/textures/vida.png
07:49:01.094 [JavaFX Application Thread] DEBUG AssetLoader          - Loading from cache: /assets/textures/vida.png
07:49:01.104 [JavaFX Application Thread] DEBUG AssetLoader          - Loading from cache: /assets/textures/vida.png
07:49:01.110 [JavaFX Application Thread] DEBUG AssetLoader          - Loading from cache: /assets/textures/vida.png
07:49:01.116 [JavaFX Application Thread] DEBUG AssetLoader          - Loading from cache: /assets/textures/vida.png
07:49:01.122 [JavaFX Application Thread] DEBUG AssetLoader          - Loading from cache: /assets/textures/vida.png
07:49:01.127 [JavaFX Application Thread] DEBUG AssetLoader          - Loading from cache: /assets/textures/vida.png
07:49:01.134 [JavaFX Application Thread] DEBUG AssetLoader          - Loading from cache: /assets/textures/vida.png
07:49:01.140 [JavaFX Application Thread] DEBUG AssetLoader          - Loading from cache: /assets/textures/vida.png
07:49:01.142 [JavaFX Application Thread] DEBUG AssetLoader          - Loading from cache: /assets/textures/vida.png
07:49:01.152 [JavaFX Application Thread] DEBUG AssetLoader          - Loading from cache: /assets/textures/vida.png
07:49:01.157 [JavaFX Application Thread] DEBUG AssetLoader          - Loading from cache: /assets/textures/vida.png
07:49:01.163 [JavaFX Application Thread] DEBUG AssetLoader          - Loading from cache: /assets/textures/vida.png
07:49:01.169 [JavaFX Application Thread] DEBUG AssetLoader          - Loading from cache: /assets/textures/vida.png
07:49:01.175 [JavaFX Application Thread] DEBUG AssetLoader          - Loading from cache: /assets/textures/vida.png
07:49:01.182 [JavaFX Application Thread] DEBUG AssetLoader          - Loading from cache: /assets/textures/vida.png
07:49:01.188 [JavaFX Application Thread] DEBUG AssetLoader          - Loading from cache: /assets/textures/vida.png
07:49:01.191 [JavaFX Application Thread] DEBUG AssetLoader          - Loading from cache: /assets/textures/vida.png
07:49:01.201 [JavaFX Application Thread] DEBUG AssetLoader          - Loading from cache: /assets/textures/vida.png
07:49:01.206 [JavaFX Application Thread] DEBUG AssetLoader          - Loading from cache: /assets/textures/vida.png
07:49:01.213 [JavaFX Application Thread] DEBUG AssetLoader          - Loading from cache: /assets/textures/vida.png
07:49:01.218 [JavaFX Application Thread] DEBUG AssetLoader          - Loading from cache: /assets/textures/vida.png
07:49:01.222 [JavaFX Application Thread] DEBUG AssetLoader          - Loading from cache: /assets/textures/vida.png
07:49:01.231 [JavaFX Application Thread] DEBUG AssetLoader          - Loading from cache: /assets/textures/vida.png
07:49:01.236 [JavaFX Application Thread] DEBUG AssetLoader          - Loading from cache: /assets/textures/vida.png
07:49:01.238 [JavaFX Application Thread] DEBUG AssetLoader          - Loading from cache: /assets/textures/vida.png
07:49:01.251 [JavaFX Application Thread] DEBUG AssetLoader          - Loading from cache: /assets/textures/vida.png
07:49:01.254 [JavaFX Application Thread] DEBUG AssetLoader          - Loading from cache: /assets/textures/vida.png
07:49:01.261 [JavaFX Application Thread] DEBUG AssetLoader          - Loading from cache: /assets/textures/vida.png
07:49:01.268 [JavaFX Application Thread] DEBUG AssetLoader          - Loading from cache: /assets/textures/vida.png
07:49:01.270 [JavaFX Application Thread] DEBUG AssetLoader          - Loading from cache: /assets/textures/vida.png
07:49:01.278 [JavaFX Application Thread] DEBUG AssetLoader          - Loading from cache: /assets/textures/vida.png
07:49:01.286 [JavaFX Application Thread] DEBUG AssetLoader          - Loading from cache: /assets/textures/vida.png
07:49:01.291 [JavaFX Application Thread] DEBUG AssetLoader          - Loading from cache: /assets/textures/vida.png
07:49:01.296 [JavaFX Application Thread] DEBUG AssetLoader          - Loading from cache: /assets/textures/vida.png
07:49:01.303 [JavaFX Application Thread] DEBUG AssetLoader          - Loading from cache: /assets/textures/vida.png
07:49:01.309 [JavaFX Application Thread] DEBUG AssetLoader          - Loading from cache: /assets/textures/vida.png
07:49:01.316 [JavaFX Application Thread] DEBUG AssetLoader          - Loading from cache: /assets/textures/vida.png
07:49:01.318 [JavaFX Application Thread] DEBUG AssetLoader          - Loading from cache: /assets/textures/vida.png
07:49:01.328 [JavaFX Application Thread] DEBUG AssetLoader          - Loading from cache: /assets/textures/vida.png
07:49:01.333 [JavaFX Application Thread] DEBUG AssetLoader          - Loading from cache: /assets/textures/vida.png
07:49:01.341 [JavaFX Application Thread] DEBUG AssetLoader          - Loading from cache: /assets/textures/vida.png
07:49:01.345 [JavaFX Application Thread] DEBUG AssetLoader          - Loading from cache: /assets/textures/vida.png
07:49:01.351 [JavaFX Application Thread] DEBUG AssetLoader          - Loading from cache: /assets/textures/vida.png
07:49:01.358 [JavaFX Application Thread] DEBUG AssetLoader          - Loading from cache: /assets/textures/vida.png
07:49:01.364 [JavaFX Application Thread] DEBUG AssetLoader          - Loading from cache: /assets/textures/vida.png
07:49:01.366 [JavaFX Application Thread] DEBUG AssetLoader          - Loading from cache: /assets/textures/vida.png
07:49:01.376 [JavaFX Application Thread] DEBUG AssetLoader          - Loading from cache: /assets/textures/vida.png
07:49:01.383 [JavaFX Application Thread] DEBUG AssetLoader          - Loading from cache: /assets/textures/vida.png
07:49:01.388 [JavaFX Application Thread] DEBUG AssetLoader          - Loading from cache: /assets/textures/vida.png
07:49:01.394 [JavaFX Application Thread] DEBUG AssetLoader          - Loading from cache: /assets/textures/vida.png
07:49:01.398 [JavaFX Application Thread] DEBUG AssetLoader          - Loading from cache: /assets/textures/vida.png
07:49:01.407 [JavaFX Application Thread] DEBUG AssetLoader          - Loading from cache: /assets/textures/vida.png
07:49:01.412 [JavaFX Application Thread] DEBUG AssetLoader          - Loading from cache: /assets/textures/vida.png
07:49:01.414 [JavaFX Application Thread] DEBUG AssetLoader          - Loading from cache: /assets/textures/vida.png
07:49:01.425 [JavaFX Application Thread] DEBUG AssetLoader          - Loading from cache: /assets/textures/vida.png
07:49:01.430 [JavaFX Application Thread] DEBUG AssetLoader          - Loading from cache: /assets/textures/vida.png
07:49:01.437 [JavaFX Application Thread] DEBUG AssetLoader          - Loading from cache: /assets/textures/vida.png
07:49:01.443 [JavaFX Application Thread] DEBUG AssetLoader          - Loading from cache: /assets/textures/vida.png
07:49:01.446 [JavaFX Application Thread] DEBUG AssetLoader          - Loading from cache: /assets/textures/vida.png
07:49:01.455 [JavaFX Application Thread] DEBUG AssetLoader          - Loading from cache: /assets/textures/vida.png
07:49:01.461 [JavaFX Application Thread] DEBUG AssetLoader          - Loading from cache: /assets/textures/vida.png
07:49:01.467 [JavaFX Application Thread] DEBUG AssetLoader          - Loading from cache: /assets/textures/vida.png
07:49:01.473 [JavaFX Application Thread] DEBUG AssetLoader          - Loading from file system: /assets/textures/enemy1.png
07:49:01.490 [JavaFX Application Thread] DEBUG AssetLoader          - Loading from cache: /assets/textures/vida.png
07:49:01.495 [JavaFX Application Thread] DEBUG AssetLoader          - Loading from cache: /assets/textures/vida.png
07:49:01.499 [JavaFX Application Thread] DEBUG AssetLoader          - Loading from cache: /assets/textures/vida.png
07:49:01.504 [JavaFX Application Thread] DEBUG AssetLoader          - Loading from cache: /assets/textures/vida.png
07:49:01.509 [JavaFX Application Thread] DEBUG AssetLoader          - Loading from cache: /assets/textures/vida.png
07:49:01.511 [JavaFX Application Thread] DEBUG AssetLoader          - Loading from cache: /assets/textures/vida.png
07:49:01.524 [JavaFX Application Thread] DEBUG AssetLoader          - Loading from cache: /assets/textures/vida.png
07:49:01.526 [JavaFX Application Thread] DEBUG AssetLoader          - Loading from cache: /assets/textures/vida.png
07:49:01.533 [JavaFX Application Thread] DEBUG AssetLoader          - Loading from cache: /assets/textures/vida.png
07:49:01.540 [JavaFX Application Thread] DEBUG AssetLoader          - Loading from cache: /assets/textures/vida.png
07:49:01.542 [JavaFX Application Thread] DEBUG AssetLoader          - Loading from cache: /assets/textures/vida.png
07:49:01.552 [JavaFX Application Thread] DEBUG AssetLoader          - Loading from cache: /assets/textures/vida.png
07:49:01.557 [JavaFX Application Thread] DEBUG AssetLoader          - Loading from cache: /assets/textures/vida.png
07:49:01.564 [JavaFX Application Thread] DEBUG AssetLoader          - Loading from cache: /assets/textures/vida.png
07:49:01.570 [JavaFX Application Thread] DEBUG AssetLoader          - Loading from cache: /assets/textures/vida.png
07:49:01.574 [JavaFX Application Thread] DEBUG AssetLoader          - Loading from cache: /assets/textures/vida.png
07:49:01.582 [JavaFX Application Thread] DEBUG AssetLoader          - Loading from cache: /assets/textures/vida.png
07:49:01.588 [JavaFX Application Thread] DEBUG AssetLoader          - Loading from cache: /assets/textures/vida.png
07:49:01.591 [JavaFX Application Thread] DEBUG AssetLoader          - Loading from cache: /assets/textures/vida.png
07:49:01.601 [JavaFX Application Thread] DEBUG AssetLoader          - Loading from cache: /assets/textures/vida.png
07:49:01.607 [JavaFX Application Thread] DEBUG AssetLoader          - Loading from cache: /assets/textures/vida.png
07:49:01.612 [JavaFX Application Thread] DEBUG AssetLoader          - Loading from cache: /assets/textures/vida.png
07:49:01.619 [JavaFX Application Thread] DEBUG AssetLoader          - Loading from cache: /assets/textures/vida.png
07:49:01.622 [JavaFX Application Thread] DEBUG AssetLoader          - Loading from cache: /assets/textures/vida.png
07:49:01.631 [JavaFX Application Thread] DEBUG AssetLoader          - Loading from cache: /assets/textures/vida.png
07:49:01.636 [JavaFX Application Thread] DEBUG AssetLoader          - Loading from cache: /assets/textures/vida.png
07:49:01.639 [JavaFX Application Thread] DEBUG AssetLoader          - Loading from cache: /assets/textures/vida.png
07:49:01.649 [JavaFX Application Thread] DEBUG AssetLoader          - Loading from cache: /assets/textures/vida.png
07:49:01.655 [JavaFX Application Thread] DEBUG AssetLoader          - Loading from cache: /assets/textures/vida.png
07:49:01.661 [JavaFX Application Thread] DEBUG AssetLoader          - Loading from cache: /assets/textures/vida.png
07:49:01.667 [JavaFX Application Thread] DEBUG AssetLoader          - Loading from cache: /assets/textures/vida.png
07:49:01.670 [JavaFX Application Thread] DEBUG AssetLoader          - Loading from cache: /assets/textures/vida.png
07:49:01.680 [JavaFX Application Thread] DEBUG AssetLoader          - Loading from cache: /assets/textures/vida.png
07:49:01.686 [JavaFX Application Thread] DEBUG AssetLoader          - Loading from cache: /assets/textures/vida.png
07:49:01.687 [JavaFX Application Thread] DEBUG AssetLoader          - Loading from cache: /assets/textures/vida.png
07:49:01.698 [JavaFX Application Thread] DEBUG AssetLoader          - Loading from cache: /assets/textures/vida.png
07:49:01.702 [JavaFX Application Thread] DEBUG AssetLoader          - Loading from cache: /assets/textures/vida.png
07:49:01.709 [JavaFX Application Thread] DEBUG AssetLoader          - Loading from cache: /assets/textures/vida.png
07:49:01.716 [JavaFX Application Thread] DEBUG AssetLoader          - Loading from cache: /assets/textures/vida.png
07:49:01.718 [JavaFX Application Thread] DEBUG AssetLoader          - Loading from cache: /assets/textures/vida.png
07:49:01.727 [JavaFX Application Thread] DEBUG AssetLoader          - Loading from cache: /assets/textures/vida.png
07:49:01.733 [JavaFX Application Thread] DEBUG AssetLoader          - Loading from cache: /assets/textures/vida.png
07:49:01.735 [JavaFX Application Thread] DEBUG AssetLoader          - Loading from cache: /assets/textures/vida.png
07:49:01.746 [JavaFX Application Thread] DEBUG AssetLoader          - Loading from cache: /assets/textures/vida.png
07:49:01.752 [JavaFX Application Thread] DEBUG AssetLoader          - Loading from cache: /assets/textures/vida.png
07:49:01.758 [JavaFX Application Thread] DEBUG AssetLoader          - Loading from cache: /assets/textures/vida.png
07:49:01.763 [JavaFX Application Thread] DEBUG AssetLoader          - Loading from cache: /assets/textures/vida.png
07:49:01.766 [JavaFX Application Thread] DEBUG AssetLoader          - Loading from cache: /assets/textures/vida.png
07:49:01.776 [JavaFX Application Thread] DEBUG AssetLoader          - Loading from cache: /assets/textures/vida.png
07:49:01.782 [JavaFX Application Thread] DEBUG AssetLoader          - Loading from cache: /assets/textures/vida.png
07:49:01.788 [JavaFX Application Thread] DEBUG AssetLoader          - Loading from cache: /assets/textures/vida.png
07:49:01.794 [JavaFX Application Thread] DEBUG AssetLoader          - Loading from cache: /assets/textures/vida.png
07:49:01.798 [JavaFX Application Thread] DEBUG AssetLoader          - Loading from cache: /assets/textures/vida.png
07:49:01.806 [JavaFX Application Thread] DEBUG AssetLoader          - Loading from cache: /assets/textures/vida.png
07:49:01.812 [JavaFX Application Thread] DEBUG AssetLoader          - Loading from cache: /assets/textures/vida.png
07:49:01.815 [JavaFX Application Thread] DEBUG AssetLoader          - Loading from cache: /assets/textures/vida.png
07:49:01.824 [JavaFX Application Thread] DEBUG AssetLoader          - Loading from cache: /assets/textures/vida.png
07:49:01.831 [JavaFX Application Thread] DEBUG AssetLoader          - Loading from cache: /assets/textures/vida.png
07:49:01.838 [JavaFX Application Thread] DEBUG AssetLoader          - Loading from cache: /assets/textures/vida.png
07:49:01.842 [JavaFX Application Thread] DEBUG AssetLoader          - Loading from cache: /assets/textures/vida.png
07:49:01.846 [JavaFX Application Thread] DEBUG AssetLoader          - Loading from cache: /assets/textures/vida.png
07:49:01.854 [JavaFX Application Thread] DEBUG AssetLoader          - Loading from cache: /assets/textures/vida.png
07:49:01.861 [JavaFX Application Thread] DEBUG AssetLoader          - Loading from cache: /assets/textures/vida.png
07:49:01.862 [JavaFX Application Thread] DEBUG AssetLoader          - Loading from cache: /assets/textures/vida.png
07:49:01.873 [JavaFX Application Thread] DEBUG AssetLoader          - Loading from cache: /assets/textures/vida.png
07:49:01.878 [JavaFX Application Thread] DEBUG AssetLoader          - Loading from cache: /assets/textures/vida.png
07:49:01.884 [JavaFX Application Thread] DEBUG AssetLoader          - Loading from cache: /assets/textures/vida.png
07:49:01.891 [JavaFX Application Thread] DEBUG AssetLoader          - Loading from cache: /assets/textures/vida.png
07:49:01.894 [JavaFX Application Thread] DEBUG AssetLoader          - Loading from cache: /assets/textures/vida.png
07:49:01.903 [JavaFX Application Thread] DEBUG AssetLoader          - Loading from cache: /assets/textures/vida.png
07:49:01.910 [JavaFX Application Thread] DEBUG AssetLoader          - Loading from cache: /assets/textures/vida.png
07:49:01.915 [JavaFX Application Thread] DEBUG AssetLoader          - Loading from cache: /assets/textures/vida.png
07:49:01.921 [JavaFX Application Thread] DEBUG AssetLoader          - Loading from cache: /assets/textures/vida.png
07:49:01.927 [JavaFX Application Thread] DEBUG AssetLoader          - Loading from cache: /assets/textures/vida.png
07:49:01.934 [JavaFX Application Thread] DEBUG AssetLoader          - Loading from cache: /assets/textures/vida.png
07:49:01.939 [JavaFX Application Thread] DEBUG AssetLoader          - Loading from cache: /assets/textures/vida.png
07:49:01.944 [JavaFX Application Thread] DEBUG AssetLoader          - Loading from cache: /assets/textures/vida.png
07:49:01.952 [JavaFX Application Thread] DEBUG AssetLoader          - Loading from cache: /assets/textures/vida.png
07:49:01.958 [JavaFX Application Thread] DEBUG AssetLoader          - Loading from cache: /assets/textures/vida.png
07:49:01.964 [JavaFX Application Thread] DEBUG AssetLoader          - Loading from cache: /assets/textures/vida.png
07:49:01.971 [JavaFX Application Thread] DEBUG AssetLoader          - Loading from cache: /assets/textures/vida.png
07:49:01.975 [JavaFX Application Thread] DEBUG AssetLoader          - Loading from cache: /assets/textures/vida.png
07:49:01.982 [JavaFX Application Thread] DEBUG AssetLoader          - Loading from cache: /assets/textures/vida.png
07:49:01.988 [JavaFX Application Thread] DEBUG AssetLoader          - Loading from cache: /assets/textures/vida.png
07:49:01.990 [JavaFX Application Thread] DEBUG AssetLoader          - Loading from cache: /assets/textures/vida.png
07:49:02.000 [JavaFX Application Thread] DEBUG AssetLoader          - Loading from cache: /assets/textures/vida.png
07:49:02.006 [JavaFX Application Thread] DEBUG AssetLoader          - Loading from cache: /assets/textures/vida.png
07:49:02.012 [JavaFX Application Thread] DEBUG AssetLoader          - Loading from cache: /assets/textures/vida.png
07:49:02.018 [JavaFX Application Thread] DEBUG AssetLoader          - Loading from cache: /assets/textures/vida.png
07:49:02.022 [JavaFX Application Thread] DEBUG AssetLoader          - Loading from cache: /assets/textures/vida.png
07:49:02.030 [JavaFX Application Thread] DEBUG AssetLoader          - Loading from cache: /assets/textures/vida.png
07:49:02.036 [JavaFX Application Thread] DEBUG AssetLoader          - Loading from cache: /assets/textures/vida.png
07:49:02.038 [JavaFX Application Thread] DEBUG AssetLoader          - Loading from cache: /assets/textures/vida.png
07:49:02.050 [JavaFX Application Thread] DEBUG AssetLoader          - Loading from cache: /assets/textures/vida.png
07:49:02.055 [JavaFX Application Thread] DEBUG AssetLoader          - Loading from cache: /assets/textures/vida.png
07:49:02.061 [JavaFX Application Thread] DEBUG AssetLoader          - Loading from cache: /assets/textures/vida.png
07:49:02.067 [JavaFX Application Thread] DEBUG AssetLoader          - Loading from cache: /assets/textures/vida.png
07:49:02.070 [JavaFX Application Thread] DEBUG AssetLoader          - Loading from cache: /assets/textures/vida.png
07:49:02.079 [JavaFX Application Thread] DEBUG AssetLoader          - Loading from cache: /assets/textures/vida.png
07:49:02.086 [JavaFX Application Thread] DEBUG AssetLoader          - Loading from cache: /assets/textures/vida.png
07:49:02.091 [JavaFX Application Thread] DEBUG AssetLoader          - Loading from cache: /assets/textures/vida.png
07:49:02.097 [JavaFX Application Thread] DEBUG AssetLoader          - Loading from cache: /assets/textures/vida.png
07:49:02.102 [JavaFX Application Thread] DEBUG AssetLoader          - Loading from cache: /assets/textures/vida.png
07:49:02.111 [JavaFX Application Thread] DEBUG AssetLoader          - Loading from cache: /assets/textures/vida.png
07:49:02.114 [JavaFX Application Thread] DEBUG AssetLoader          - Loading from cache: /assets/textures/vida.png
07:49:02.119 [JavaFX Application Thread] DEBUG AssetLoader          - Loading from cache: /assets/textures/vida.png
07:49:02.128 [JavaFX Application Thread] DEBUG AssetLoader          - Loading from cache: /assets/textures/vida.png
07:49:02.132 [JavaFX Application Thread] DEBUG AssetLoader          - Loading from cache: /assets/textures/vida.png
07:49:02.134 [JavaFX Application Thread] DEBUG AssetLoader          - Loading from cache: /assets/textures/vida.png
07:49:02.145 [JavaFX Application Thread] DEBUG AssetLoader          - Loading from cache: /assets/textures/vida.png
07:49:02.150 [JavaFX Application Thread] DEBUG AssetLoader          - Loading from cache: /assets/textures/vida.png
07:49:02.158 [JavaFX Application Thread] DEBUG AssetLoader          - Loading from cache: /assets/textures/vida.png
07:49:02.163 [JavaFX Application Thread] DEBUG AssetLoader          - Loading from cache: /assets/textures/vida.png
07:49:02.166 [JavaFX Application Thread] DEBUG AssetLoader          - Loading from cache: /assets/textures/vida.png
07:49:02.175 [JavaFX Application Thread] DEBUG AssetLoader          - Loading from cache: /assets/textures/vida.png
07:49:02.182 [JavaFX Application Thread] DEBUG AssetLoader          - Loading from cache: /assets/textures/vida.png
07:49:02.189 [JavaFX Application Thread] DEBUG AssetLoader          - Loading from cache: /assets/textures/vida.png
07:49:02.194 [JavaFX Application Thread] DEBUG AssetLoader          - Loading from cache: /assets/textures/vida.png
07:49:02.198 [JavaFX Application Thread] DEBUG AssetLoader          - Loading from cache: /assets/textures/vida.png
07:49:02.206 [JavaFX Application Thread] DEBUG AssetLoader          - Loading from cache: /assets/textures/vida.png
07:49:02.212 [JavaFX Application Thread] DEBUG AssetLoader          - Loading from cache: /assets/textures/vida.png
07:49:02.214 [JavaFX Application Thread] DEBUG AssetLoader          - Loading from cache: /assets/textures/enemy1.png
07:49:02.215 [JavaFX Application Thread] DEBUG AssetLoader          - Loading from cache: /assets/textures/vida.png
07:49:02.224 [JavaFX Application Thread] DEBUG AssetLoader          - Loading from cache: /assets/textures/vida.png
07:49:02.230 [JavaFX Application Thread] DEBUG AssetLoader          - Loading from cache: /assets/textures/vida.png
07:49:02.237 [JavaFX Application Thread] DEBUG AssetLoader          - Loading from cache: /assets/textures/vida.png
07:49:02.243 [JavaFX Application Thread] DEBUG AssetLoader          - Loading from cache: /assets/textures/vida.png
07:49:02.246 [JavaFX Application Thread] DEBUG AssetLoader          - Loading from cache: /assets/textures/vida.png
07:49:02.257 [JavaFX Application Thread] DEBUG AssetLoader          - Loading from cache: /assets/textures/vida.png
07:49:02.262 [JavaFX Application Thread] DEBUG AssetLoader          - Loading from cache: /assets/textures/vida.png
07:49:02.264 [JavaFX Application Thread] DEBUG AssetLoader          - Loading from cache: /assets/textures/vida.png
07:49:02.275 [JavaFX Application Thread] DEBUG AssetLoader          - Loading from cache: /assets/textures/vida.png
07:49:02.279 [JavaFX Application Thread] DEBUG AssetLoader          - Loading from cache: /assets/textures/vida.png
07:49:02.286 [JavaFX Application Thread] DEBUG AssetLoader          - Loading from cache: /assets/textures/vida.png
07:49:02.293 [JavaFX Application Thread] DEBUG AssetLoader          - Loading from cache: /assets/textures/vida.png
07:49:02.295 [JavaFX Application Thread] DEBUG AssetLoader          - Loading from cache: /assets/textures/vida.png
07:49:02.305 [JavaFX Application Thread] DEBUG AssetLoader          - Loading from cache: /assets/textures/vida.png
07:49:02.310 [JavaFX Application Thread] DEBUG AssetLoader          - Loading from cache: /assets/textures/vida.png
07:49:02.315 [JavaFX Application Thread] DEBUG AssetLoader          - Loading from cache: /assets/textures/vida.png
07:49:02.321 [JavaFX Application Thread] DEBUG AssetLoader          - Loading from cache: /assets/textures/vida.png
07:49:02.326 [JavaFX Application Thread] DEBUG AssetLoader          - Loading from cache: /assets/textures/vida.png
07:49:02.334 [JavaFX Application Thread] DEBUG AssetLoader          - Loading from cache: /assets/textures/vida.png
07:49:02.340 [JavaFX Application Thread] DEBUG AssetLoader          - Loading from cache: /assets/textures/vida.png
07:49:02.342 [JavaFX Application Thread] DEBUG AssetLoader          - Loading from cache: /assets/textures/vida.png
07:49:02.352 [JavaFX Application Thread] DEBUG AssetLoader          - Loading from cache: /assets/textures/vida.png
07:49:02.357 [JavaFX Application Thread] DEBUG AssetLoader          - Loading from cache: /assets/textures/vida.png
07:49:02.363 [JavaFX Application Thread] DEBUG AssetLoader          - Loading from cache: /assets/textures/vida.png
07:49:02.370 [JavaFX Application Thread] DEBUG AssetLoader          - Loading from cache: /assets/textures/vida.png
07:49:02.374 [JavaFX Application Thread] DEBUG AssetLoader          - Loading from cache: /assets/textures/vida.png
07:49:02.382 [JavaFX Application Thread] DEBUG AssetLoader          - Loading from cache: /assets/textures/vida.png
07:49:02.389 [JavaFX Application Thread] DEBUG AssetLoader          - Loading from cache: /assets/textures/vida.png
07:49:02.394 [JavaFX Application Thread] DEBUG AssetLoader          - Loading from cache: /assets/textures/vida.png
07:49:02.400 [JavaFX Application Thread] DEBUG AssetLoader          - Loading from cache: /assets/textures/vida.png
07:49:02.405 [JavaFX Application Thread] DEBUG AssetLoader          - Loading from cache: /assets/textures/vida.png
07:49:02.412 [JavaFX Application Thread] DEBUG AssetLoader          - Loading from cache: /assets/textures/vida.png
07:49:02.418 [JavaFX Application Thread] DEBUG AssetLoader          - Loading from cache: /assets/textures/vida.png
07:49:02.422 [JavaFX Application Thread] DEBUG AssetLoader          - Loading from cache: /assets/textures/vida.png
07:49:02.431 [JavaFX Application Thread] DEBUG AssetLoader          - Loading from cache: /assets/textures/vida.png
07:49:02.436 [JavaFX Application Thread] DEBUG AssetLoader          - Loading from cache: /assets/textures/vida.png
07:49:02.439 [JavaFX Application Thread] DEBUG AssetLoader          - Loading from cache: /assets/textures/vida.png
07:49:02.448 [JavaFX Application Thread] DEBUG AssetLoader          - Loading from cache: /assets/textures/vida.png
07:49:02.454 [JavaFX Application Thread] DEBUG AssetLoader          - Loading from cache: /assets/textures/vida.png
07:49:02.462 [JavaFX Application Thread] DEBUG AssetLoader          - Loading from cache: /assets/textures/vida.png
07:49:02.468 [JavaFX Application Thread] DEBUG AssetLoader          - Loading from cache: /assets/textures/vida.png
07:49:02.470 [JavaFX Application Thread] DEBUG AssetLoader          - Loading from cache: /assets/textures/vida.png
07:49:02.480 [JavaFX Application Thread] DEBUG AssetLoader          - Loading from cache: /assets/textures/vida.png
07:49:02.485 [JavaFX Application Thread] DEBUG AssetLoader          - Loading from cache: /assets/textures/vida.png
07:49:02.487 [JavaFX Application Thread] DEBUG AssetLoader          - Loading from cache: /assets/textures/vida.png
07:49:02.497 [JavaFX Application Thread] DEBUG AssetLoader          - Loading from cache: /assets/textures/vida.png
07:49:02.502 [JavaFX Application Thread] DEBUG AssetLoader          - Loading from cache: /assets/textures/vida.png
07:49:02.509 [JavaFX Application Thread] DEBUG AssetLoader          - Loading from cache: /assets/textures/vida.png
07:49:02.515 [JavaFX Application Thread] DEBUG AssetLoader          - Loading from cache: /assets/textures/vida.png
07:49:02.518 [JavaFX Application Thread] DEBUG AssetLoader          - Loading from cache: /assets/textures/vida.png
07:49:02.529 [JavaFX Application Thread] DEBUG AssetLoader          - Loading from cache: /assets/textures/vida.png
07:49:02.535 [JavaFX Application Thread] DEBUG AssetLoader          - Loading from cache: /assets/textures/vida.png
07:49:02.539 [JavaFX Application Thread] DEBUG AssetLoader          - Loading from cache: /assets/textures/vida.png
07:49:02.545 [JavaFX Application Thread] DEBUG AssetLoader          - Loading from cache: /assets/textures/vida.png
07:49:02.550 [JavaFX Application Thread] DEBUG AssetLoader          - Loading from cache: /assets/textures/vida.png
07:49:02.557 [JavaFX Application Thread] DEBUG AssetLoader          - Loading from cache: /assets/textures/vida.png
07:49:02.564 [JavaFX Application Thread] DEBUG AssetLoader          - Loading from cache: /assets/textures/vida.png
07:49:02.567 [JavaFX Application Thread] DEBUG AssetLoader          - Loading from cache: /assets/textures/vida.png
07:49:02.577 [JavaFX Application Thread] DEBUG AssetLoader          - Loading from cache: /assets/textures/vida.png
07:49:02.581 [JavaFX Application Thread] DEBUG AssetLoader          - Loading from cache: /assets/textures/vida.png
07:49:02.588 [JavaFX Application Thread] DEBUG AssetLoader          - Loading from cache: /assets/textures/vida.png
07:49:02.595 [JavaFX Application Thread] DEBUG AssetLoader          - Loading from cache: /assets/textures/vida.png
07:49:02.598 [JavaFX Application Thread] DEBUG AssetLoader          - Loading from cache: /assets/textures/vida.png
07:49:02.606 [JavaFX Application Thread] DEBUG AssetLoader          - Loading from cache: /assets/textures/vida.png
07:49:02.613 [JavaFX Application Thread] DEBUG AssetLoader          - Loading from file system: /assets/textures/lifeSecuence.png
07:49:02.624 [JavaFX Application Thread] DEBUG AssetLoader          - Loading from cache: /assets/textures/vida.png
07:49:02.628 [JavaFX Application Thread] DEBUG AssetLoader          - Loading from cache: /assets/textures/vida.png
07:49:02.630 [JavaFX Application Thread] DEBUG AssetLoader          - Loading from cache: /assets/textures/vida.png
07:49:02.636 [JavaFX Application Thread] DEBUG AssetLoader          - Loading from cache: /assets/textures/vida.png
07:49:02.642 [JavaFX Application Thread] DEBUG AssetLoader          - Loading from cache: /assets/textures/vida.png
07:49:02.647 [JavaFX Application Thread] DEBUG AssetLoader          - Loading from cache: /assets/textures/vida.png
07:49:02.655 [JavaFX Application Thread] DEBUG AssetLoader          - Loading from cache: /assets/textures/vida.png
07:49:02.661 [JavaFX Application Thread] DEBUG AssetLoader          - Loading from cache: /assets/textures/vida.png
07:49:02.667 [JavaFX Application Thread] DEBUG AssetLoader          - Loading from cache: /assets/textures/vida.png
07:49:02.673 [JavaFX Application Thread] DEBUG AssetLoader          - Loading from cache: /assets/textures/vida.png
07:49:02.679 [JavaFX Application Thread] DEBUG AssetLoader          - Loading from cache: /assets/textures/vida.png
07:49:02.685 [JavaFX Application Thread] DEBUG AssetLoader          - Loading from cache: /assets/textures/vida.png
07:49:02.691 [JavaFX Application Thread] DEBUG AssetLoader          - Loading from cache: /assets/textures/vida.png
07:49:02.694 [JavaFX Application Thread] DEBUG AssetLoader          - Loading from cache: /assets/textures/vida.png
07:49:02.703 [JavaFX Application Thread] DEBUG AssetLoader          - Loading from cache: /assets/textures/vida.png
07:49:02.709 [JavaFX Application Thread] DEBUG AssetLoader          - Loading from cache: /assets/textures/vida.png
07:49:02.710 [JavaFX Application Thread] DEBUG AssetLoader          - Loading from cache: /assets/textures/vida.png
07:49:02.721 [JavaFX Application Thread] DEBUG AssetLoader          - Loading from cache: /assets/textures/vida.png
07:49:02.727 [JavaFX Application Thread] DEBUG AssetLoader          - Loading from cache: /assets/textures/vida.png
07:49:02.733 [JavaFX Application Thread] DEBUG AssetLoader          - Loading from cache: /assets/textures/vida.png
07:49:02.739 [JavaFX Application Thread] DEBUG AssetLoader          - Loading from cache: /assets/textures/vida.png
07:49:02.742 [JavaFX Application Thread] DEBUG AssetLoader          - Loading from cache: /assets/textures/vida.png
07:49:02.751 [JavaFX Application Thread] DEBUG AssetLoader          - Loading from cache: /assets/textures/vida.png
07:49:02.758 [JavaFX Application Thread] DEBUG AssetLoader          - Loading from cache: /assets/textures/vida.png
07:49:02.764 [JavaFX Application Thread] DEBUG AssetLoader          - Loading from cache: /assets/textures/vida.png
07:49:02.770 [JavaFX Application Thread] DEBUG AssetLoader          - Loading from cache: /assets/textures/vida.png
07:49:02.774 [JavaFX Application Thread] DEBUG AssetLoader          - Loading from cache: /assets/textures/vida.png
07:49:02.782 [JavaFX Application Thread] DEBUG AssetLoader          - Loading from cache: /assets/textures/vida.png
07:49:02.788 [JavaFX Application Thread] DEBUG AssetLoader          - Loading from cache: /assets/textures/vida.png
07:49:02.790 [JavaFX Application Thread] DEBUG AssetLoader          - Loading from cache: /assets/textures/vida.png
07:49:02.800 [JavaFX Application Thread] DEBUG AssetLoader          - Loading from cache: /assets/textures/vida.png
07:49:02.807 [JavaFX Application Thread] DEBUG AssetLoader          - Loading from cache: /assets/textures/vida.png
07:49:02.812 [JavaFX Application Thread] DEBUG AssetLoader          - Loading from cache: /assets/textures/vida.png
07:49:02.818 [JavaFX Application Thread] DEBUG AssetLoader          - Loading from cache: /assets/textures/vida.png
07:49:02.822 [JavaFX Application Thread] DEBUG AssetLoader          - Loading from cache: /assets/textures/vida.png
07:49:02.831 [JavaFX Application Thread] DEBUG AssetLoader          - Loading from cache: /assets/textures/vida.png
07:49:02.836 [JavaFX Application Thread] DEBUG AssetLoader          - Loading from cache: /assets/textures/vida.png
07:49:02.838 [JavaFX Application Thread] DEBUG AssetLoader          - Loading from cache: /assets/textures/vida.png
07:49:02.848 [JavaFX Application Thread] DEBUG AssetLoader          - Loading from cache: /assets/textures/vida.png
07:49:02.854 [JavaFX Application Thread] DEBUG AssetLoader          - Loading from cache: /assets/textures/vida.png
07:49:02.860 [JavaFX Application Thread] DEBUG AssetLoader          - Loading from cache: /assets/textures/vida.png
07:49:02.867 [JavaFX Application Thread] DEBUG AssetLoader          - Loading from cache: /assets/textures/vida.png
07:49:02.870 [JavaFX Application Thread] DEBUG AssetLoader          - Loading from cache: /assets/textures/vida.png
07:49:02.879 [JavaFX Application Thread] DEBUG AssetLoader          - Loading from cache: /assets/textures/vida.png
07:49:02.885 [JavaFX Application Thread] DEBUG AssetLoader          - Loading from cache: /assets/textures/vida.png
07:49:02.886 [JavaFX Application Thread] DEBUG AssetLoader          - Loading from cache: /assets/textures/vida.png
07:49:02.898 [JavaFX Application Thread] DEBUG AssetLoader          - Loading from cache: /assets/textures/vida.png
07:49:02.902 [JavaFX Application Thread] DEBUG AssetLoader          - Loading from cache: /assets/textures/vida.png
07:49:02.910 [JavaFX Application Thread] DEBUG AssetLoader          - Loading from cache: /assets/textures/vida.png
07:49:02.915 [JavaFX Application Thread] DEBUG AssetLoader          - Loading from cache: /assets/textures/vida.png
07:49:02.918 [JavaFX Application Thread] DEBUG AssetLoader          - Loading from cache: /assets/textures/vida.png
07:49:02.928 [JavaFX Application Thread] DEBUG AssetLoader          - Loading from cache: /assets/textures/vida.png
07:49:02.933 [JavaFX Application Thread] DEBUG AssetLoader          - Loading from cache: /assets/textures/vida.png
07:49:02.940 [JavaFX Application Thread] DEBUG AssetLoader          - Loading from cache: /assets/textures/vida.png
07:49:02.947 [JavaFX Application Thread] DEBUG AssetLoader          - Loading from cache: /assets/textures/vida.png
07:49:02.950 [JavaFX Application Thread] DEBUG AssetLoader          - Loading from cache: /assets/textures/vida.png
07:49:02.958 [JavaFX Application Thread] DEBUG AssetLoader          - Loading from cache: /assets/textures/enemy1.png
07:49:02.960 [JavaFX Application Thread] DEBUG AssetLoader          - Loading from cache: /assets/textures/vida.png
07:49:02.964 [JavaFX Application Thread] DEBUG AssetLoader          - Loading from cache: /assets/textures/vida.png
07:49:02.966 [JavaFX Application Thread] DEBUG AssetLoader          - Loading from cache: /assets/textures/vida.png
07:49:02.977 [JavaFX Application Thread] DEBUG AssetLoader          - Loading from cache: /assets/textures/vida.png
07:49:02.982 [JavaFX Application Thread] DEBUG AssetLoader          - Loading from cache: /assets/textures/vida.png
07:49:02.989 [JavaFX Application Thread] DEBUG AssetLoader          - Loading from cache: /assets/textures/vida.png
07:49:02.993 [JavaFX Application Thread] DEBUG AssetLoader          - Loading from cache: /assets/textures/vida.png
07:49:02.998 [JavaFX Application Thread] DEBUG AssetLoader          - Loading from cache: /assets/textures/vida.png
07:49:03.007 [JavaFX Application Thread] DEBUG AssetLoader          - Loading from cache: /assets/textures/vida.png
07:49:03.012 [JavaFX Application Thread] DEBUG AssetLoader          - Loading from cache: /assets/textures/vida.png
07:49:03.015 [JavaFX Application Thread] DEBUG AssetLoader          - Loading from cache: /assets/textures/vida.png
07:49:03.024 [JavaFX Application Thread] DEBUG AssetLoader          - Loading from cache: /assets/textures/vida.png
07:49:03.030 [JavaFX Application Thread] DEBUG AssetLoader          - Loading from cache: /assets/textures/vida.png
07:49:03.037 [JavaFX Application Thread] DEBUG AssetLoader          - Loading from cache: /assets/textures/vida.png
07:49:03.042 [JavaFX Application Thread] DEBUG AssetLoader          - Loading from cache: /assets/textures/vida.png
07:49:03.046 [JavaFX Application Thread] DEBUG AssetLoader          - Loading from cache: /assets/textures/vida.png
07:49:03.055 [JavaFX Application Thread] DEBUG AssetLoader          - Loading from cache: /assets/textures/vida.png
07:49:03.060 [JavaFX Application Thread] DEBUG AssetLoader          - Loading from cache: /assets/textures/vida.png
07:49:03.062 [JavaFX Application Thread] DEBUG AssetLoader          - Loading from cache: /assets/textures/vida.png
07:49:03.072 [JavaFX Application Thread] DEBUG AssetLoader          - Loading from cache: /assets/textures/vida.png
07:49:03.078 [JavaFX Application Thread] DEBUG AssetLoader          - Loading from cache: /assets/textures/vida.png
07:49:03.084 [JavaFX Application Thread] DEBUG AssetLoader          - Loading from cache: /assets/textures/vida.png
07:49:03.090 [JavaFX Application Thread] DEBUG AssetLoader          - Loading from cache: /assets/textures/vida.png
07:49:03.094 [JavaFX Application Thread] DEBUG AssetLoader          - Loading from cache: /assets/textures/vida.png
07:49:03.103 [JavaFX Application Thread] DEBUG AssetLoader          - Loading from cache: /assets/textures/vida.png
07:49:03.108 [JavaFX Application Thread] DEBUG AssetLoader          - Loading from cache: /assets/textures/vida.png
07:49:03.115 [JavaFX Application Thread] DEBUG AssetLoader          - Loading from cache: /assets/textures/vida.png
07:49:03.120 [JavaFX Application Thread] DEBUG AssetLoader          - Loading from cache: /assets/textures/vida.png
07:49:03.127 [JavaFX Application Thread] DEBUG AssetLoader          - Loading from cache: /assets/textures/vida.png
07:49:03.134 [JavaFX Application Thread] DEBUG AssetLoader          - Loading from cache: /assets/textures/vida.png
07:49:03.140 [JavaFX Application Thread] DEBUG AssetLoader          - Loading from cache: /assets/textures/vida.png
07:49:03.142 [JavaFX Application Thread] DEBUG AssetLoader          - Loading from cache: /assets/textures/vida.png
07:49:03.151 [JavaFX Application Thread] DEBUG AssetLoader          - Loading from cache: /assets/textures/vida.png
07:49:03.158 [JavaFX Application Thread] DEBUG AssetLoader          - Loading from cache: /assets/textures/vida.png
07:49:03.164 [JavaFX Application Thread] DEBUG AssetLoader          - Loading from cache: /assets/textures/vida.png
07:49:03.169 [JavaFX Application Thread] DEBUG AssetLoader          - Loading from cache: /assets/textures/vida.png
07:49:03.174 [JavaFX Application Thread] DEBUG AssetLoader          - Loading from cache: /assets/textures/vida.png
07:49:03.181 [JavaFX Application Thread] DEBUG AssetLoader          - Loading from cache: /assets/textures/vida.png
07:49:03.187 [JavaFX Application Thread] DEBUG AssetLoader          - Loading from cache: /assets/textures/vida.png
07:49:03.191 [JavaFX Application Thread] DEBUG AssetLoader          - Loading from cache: /assets/textures/vida.png
07:49:03.201 [JavaFX Application Thread] DEBUG AssetLoader          - Loading from cache: /assets/textures/vida.png
07:49:03.207 [JavaFX Application Thread] DEBUG AssetLoader          - Loading from cache: /assets/textures/vida.png
07:49:03.211 [JavaFX Application Thread] DEBUG AssetLoader          - Loading from cache: /assets/textures/vida.png
07:49:03.218 [JavaFX Application Thread] DEBUG AssetLoader          - Loading from cache: /assets/textures/vida.png
07:49:03.222 [JavaFX Application Thread] DEBUG AssetLoader          - Loading from cache: /assets/textures/vida.png
07:49:03.230 [JavaFX Application Thread] DEBUG AssetLoader          - Loading from cache: /assets/textures/vida.png
07:49:03.236 [JavaFX Application Thread] DEBUG AssetLoader          - Loading from cache: /assets/textures/vida.png
07:49:03.238 [JavaFX Application Thread] DEBUG AssetLoader          - Loading from cache: /assets/textures/vida.png
07:49:03.249 [JavaFX Application Thread] DEBUG AssetLoader          - Loading from cache: /assets/textures/vida.png
07:49:03.253 [JavaFX Application Thread] DEBUG AssetLoader          - Loading from cache: /assets/textures/vida.png
07:49:03.260 [JavaFX Application Thread] DEBUG AssetLoader          - Loading from cache: /assets/textures/vida.png
07:49:03.266 [JavaFX Application Thread] DEBUG AssetLoader          - Loading from cache: /assets/textures/vida.png
07:49:03.271 [JavaFX Application Thread] DEBUG AssetLoader          - Loading from cache: /assets/textures/vida.png
07:49:03.278 [JavaFX Application Thread] DEBUG AssetLoader          - Loading from cache: /assets/textures/vida.png
07:49:03.285 [JavaFX Application Thread] DEBUG AssetLoader          - Loading from cache: /assets/textures/vida.png
07:49:03.286 [JavaFX Application Thread] DEBUG AssetLoader          - Loading from cache: /assets/textures/vida.png
07:49:03.297 [JavaFX Application Thread] DEBUG AssetLoader          - Loading from cache: /assets/textures/vida.png
07:49:03.302 [JavaFX Application Thread] DEBUG AssetLoader          - Loading from cache: /assets/textures/vida.png
07:49:03.309 [JavaFX Application Thread] DEBUG AssetLoader          - Loading from cache: /assets/textures/vida.png
07:49:03.315 [JavaFX Application Thread] DEBUG AssetLoader          - Loading from cache: /assets/textures/vida.png
07:49:03.318 [JavaFX Application Thread] DEBUG AssetLoader          - Loading from cache: /assets/textures/vida.png
07:49:03.327 [JavaFX Application Thread] DEBUG AssetLoader          - Loading from cache: /assets/textures/vida.png
07:49:03.333 [JavaFX Application Thread] DEBUG AssetLoader          - Loading from cache: /assets/textures/vida.png
07:49:03.339 [JavaFX Application Thread] DEBUG AssetLoader          - Loading from cache: /assets/textures/vida.png
07:49:03.346 [JavaFX Application Thread] DEBUG AssetLoader          - Loading from cache: /assets/textures/vida.png
07:49:03.351 [JavaFX Application Thread] DEBUG AssetLoader          - Loading from cache: /assets/textures/vida.png
07:49:03.357 [JavaFX Application Thread] DEBUG AssetLoader          - Loading from cache: /assets/textures/vida.png
07:49:03.363 [JavaFX Application Thread] DEBUG AssetLoader          - Loading from cache: /assets/textures/vida.png
07:49:03.366 [JavaFX Application Thread] DEBUG AssetLoader          - Loading from cache: /assets/textures/vida.png
07:49:03.376 [JavaFX Application Thread] DEBUG AssetLoader          - Loading from cache: /assets/textures/vida.png
07:49:03.382 [JavaFX Application Thread] DEBUG AssetLoader          - Loading from cache: /assets/textures/vida.png
07:49:03.387 [JavaFX Application Thread] DEBUG AssetLoader          - Loading from cache: /assets/textures/vida.png
07:49:03.393 [JavaFX Application Thread] DEBUG AssetLoader          - Loading from cache: /assets/textures/vida.png
07:49:03.398 [JavaFX Application Thread] DEBUG AssetLoader          - Loading from cache: /assets/textures/vida.png
07:49:03.405 [JavaFX Application Thread] DEBUG AssetLoader          - Loading from cache: /assets/textures/vida.png
07:49:03.413 [JavaFX Application Thread] DEBUG AssetLoader          - Loading from cache: /assets/textures/lifeSecuence.png
07:49:03.414 [JavaFX Application Thread] DEBUG AssetLoader          - Loading from cache: /assets/textures/vida.png
07:49:03.418 [JavaFX Application Thread] DEBUG AssetLoader          - Loading from cache: /assets/textures/vida.png
07:49:03.424 [JavaFX Application Thread] DEBUG AssetLoader          - Loading from cache: /assets/textures/vida.png
07:49:03.430 [JavaFX Application Thread] DEBUG AssetLoader          - Loading from cache: /assets/textures/vida.png
07:49:03.437 [JavaFX Application Thread] DEBUG AssetLoader          - Loading from cache: /assets/textures/vida.png
07:49:03.443 [JavaFX Application Thread] DEBUG AssetLoader          - Loading from cache: /assets/textures/vida.png
07:49:03.448 [JavaFX Application Thread] DEBUG AssetLoader          - Loading from cache: /assets/textures/vida.png
07:49:03.454 [JavaFX Application Thread] DEBUG AssetLoader          - Loading from cache: /assets/textures/vida.png
07:49:03.460 [JavaFX Application Thread] DEBUG AssetLoader          - Loading from cache: /assets/textures/vida.png
07:49:03.462 [JavaFX Application Thread] DEBUG AssetLoader          - Loading from cache: /assets/textures/vida.png
07:49:03.473 [JavaFX Application Thread] DEBUG AssetLoader          - Loading from cache: /assets/textures/vida.png
07:49:03.479 [JavaFX Application Thread] DEBUG AssetLoader          - Loading from cache: /assets/textures/vida.png
07:49:03.485 [JavaFX Application Thread] DEBUG AssetLoader          - Loading from cache: /assets/textures/vida.png
07:49:03.491 [JavaFX Application Thread] DEBUG AssetLoader          - Loading from cache: /assets/textures/vida.png
07:49:03.494 [JavaFX Application Thread] DEBUG AssetLoader          - Loading from cache: /assets/textures/vida.png
07:49:03.503 [JavaFX Application Thread] DEBUG AssetLoader          - Loading from cache: /assets/textures/vida.png
07:49:03.509 [JavaFX Application Thread] DEBUG AssetLoader          - Loading from cache: /assets/textures/vida.png
07:49:03.510 [JavaFX Application Thread] DEBUG AssetLoader          - Loading from cache: /assets/textures/vida.png
07:49:03.521 [JavaFX Application Thread] DEBUG AssetLoader          - Loading from cache: /assets/textures/vida.png
07:49:03.526 [JavaFX Application Thread] DEBUG AssetLoader          - Loading from cache: /assets/textures/vida.png
07:49:03.533 [JavaFX Application Thread] DEBUG AssetLoader          - Loading from cache: /assets/textures/vida.png
07:49:03.539 [JavaFX Application Thread] DEBUG AssetLoader          - Loading from cache: /assets/textures/vida.png
07:49:03.542 [JavaFX Application Thread] DEBUG AssetLoader          - Loading from cache: /assets/textures/vida.png
07:49:03.551 [JavaFX Application Thread] DEBUG AssetLoader          - Loading from cache: /assets/textures/vida.png
07:49:03.557 [JavaFX Application Thread] DEBUG AssetLoader          - Loading from cache: /assets/textures/vida.png
07:49:03.563 [JavaFX Application Thread] DEBUG AssetLoader          - Loading from cache: /assets/textures/vida.png
07:49:03.569 [JavaFX Application Thread] DEBUG AssetLoader          - Loading from cache: /assets/textures/vida.png
07:49:03.574 [JavaFX Application Thread] DEBUG AssetLoader          - Loading from cache: /assets/textures/vida.png
07:49:03.582 [JavaFX Application Thread] DEBUG AssetLoader          - Loading from cache: /assets/textures/lifeSecuence.png
07:49:03.582 [JavaFX Application Thread] DEBUG AssetLoader          - Loading from cache: /assets/textures/vida.png
07:49:03.587 [JavaFX Application Thread] DEBUG AssetLoader          - Loading from cache: /assets/textures/vida.png
07:49:03.590 [JavaFX Application Thread] DEBUG AssetLoader          - Loading from cache: /assets/textures/vida.png
07:49:03.600 [JavaFX Application Thread] DEBUG AssetLoader          - Loading from cache: /assets/textures/vida.png
07:49:03.606 [JavaFX Application Thread] DEBUG AssetLoader          - Loading from cache: /assets/textures/vida.png
07:49:03.612 [JavaFX Application Thread] DEBUG AssetLoader          - Loading from cache: /assets/textures/vida.png
07:49:03.618 [JavaFX Application Thread] DEBUG AssetLoader          - Loading from cache: /assets/textures/vida.png
07:49:03.622 [JavaFX Application Thread] DEBUG AssetLoader          - Loading from cache: /assets/textures/vida.png
07:49:03.630 [JavaFX Application Thread] DEBUG AssetLoader          - Loading from cache: /assets/textures/vida.png
07:49:03.637 [JavaFX Application Thread] DEBUG AssetLoader          - Loading from cache: /assets/textures/vida.png
07:49:03.642 [JavaFX Application Thread] DEBUG AssetLoader          - Loading from cache: /assets/textures/vida.png
07:49:03.648 [JavaFX Application Thread] DEBUG AssetLoader          - Loading from cache: /assets/textures/vida.png
07:49:03.654 [JavaFX Application Thread] DEBUG AssetLoader          - Loading from cache: /assets/textures/vida.png
07:49:03.661 [JavaFX Application Thread] DEBUG AssetLoader          - Loading from cache: /assets/textures/vida.png
07:49:03.667 [JavaFX Application Thread] DEBUG AssetLoader          - Loading from cache: /assets/textures/vida.png
07:49:03.671 [JavaFX Application Thread] DEBUG AssetLoader          - Loading from cache: /assets/textures/vida.png
07:49:03.679 [JavaFX Application Thread] DEBUG AssetLoader          - Loading from cache: /assets/textures/vida.png
07:49:03.686 [JavaFX Application Thread] DEBUG AssetLoader          - Loading from cache: /assets/textures/vida.png
07:49:03.691 [JavaFX Application Thread] DEBUG AssetLoader          - Loading from cache: /assets/textures/enemy1.png
07:49:03.692 [JavaFX Application Thread] DEBUG AssetLoader          - Loading from cache: /assets/textures/vida.png
07:49:03.697 [JavaFX Application Thread] DEBUG AssetLoader          - Loading from cache: /assets/textures/vida.png
07:49:03.702 [JavaFX Application Thread] DEBUG AssetLoader          - Loading from cache: /assets/textures/vida.png
07:49:03.709 [JavaFX Application Thread] DEBUG AssetLoader          - Loading from cache: /assets/textures/vida.png
07:49:03.716 [JavaFX Application Thread] DEBUG AssetLoader          - Loading from cache: /assets/textures/vida.png
07:49:03.718 [JavaFX Application Thread] DEBUG AssetLoader          - Loading from cache: /assets/textures/vida.png
07:49:03.727 [JavaFX Application Thread] DEBUG AssetLoader          - Loading from cache: /assets/textures/vida.png
07:49:03.734 [JavaFX Application Thread] DEBUG AssetLoader          - Loading from cache: /assets/textures/vida.png
07:49:03.735 [JavaFX Application Thread] DEBUG AssetLoader          - Loading from cache: /assets/textures/vida.png
07:49:03.746 [JavaFX Application Thread] DEBUG AssetLoader          - Loading from cache: /assets/textures/vida.png
07:49:03.751 [JavaFX Application Thread] DEBUG AssetLoader          - Loading from cache: /assets/textures/vida.png
07:49:03.757 [JavaFX Application Thread] DEBUG AssetLoader          - Loading from cache: /assets/textures/vida.png
07:49:03.764 [JavaFX Application Thread] DEBUG AssetLoader          - Loading from cache: /assets/textures/vida.png
07:49:03.766 [JavaFX Application Thread] DEBUG AssetLoader          - Loading from cache: /assets/textures/vida.png
07:49:03.775 [JavaFX Application Thread] DEBUG AssetLoader          - Loading from cache: /assets/textures/vida.png
07:49:03.782 [JavaFX Application Thread] DEBUG AssetLoader          - Loading from cache: /assets/textures/vida.png
07:49:03.789 [JavaFX Application Thread] DEBUG AssetLoader          - Loading from cache: /assets/textures/vida.png
07:49:03.795 [JavaFX Application Thread] DEBUG AssetLoader          - Loading from cache: /assets/textures/vida.png
07:49:03.798 [JavaFX Application Thread] DEBUG AssetLoader          - Loading from cache: /assets/textures/vida.png
07:49:03.806 [JavaFX Application Thread] DEBUG AssetLoader          - Loading from cache: /assets/textures/vida.png
07:49:03.811 [JavaFX Application Thread] DEBUG AssetLoader          - Loading from cache: /assets/textures/vida.png
07:49:03.814 [JavaFX Application Thread] DEBUG AssetLoader          - Loading from cache: /assets/textures/vida.png
07:49:03.824 [JavaFX Application Thread] DEBUG AssetLoader          - Loading from cache: /assets/textures/vida.png
07:49:03.830 [JavaFX Application Thread] DEBUG AssetLoader          - Loading from cache: /assets/textures/vida.png
07:49:03.836 [JavaFX Application Thread] DEBUG AssetLoader          - Loading from cache: /assets/textures/vida.png
07:49:03.842 [JavaFX Application Thread] DEBUG AssetLoader          - Loading from cache: /assets/textures/vida.png
07:49:03.847 [JavaFX Application Thread] DEBUG AssetLoader          - Loading from cache: /assets/textures/vida.png
07:49:03.856 [JavaFX Application Thread] DEBUG AssetLoader          - Loading from cache: /assets/textures/vida.png
07:49:03.860 [JavaFX Application Thread] DEBUG AssetLoader          - Loading from cache: /assets/textures/vida.png
07:49:03.863 [JavaFX Application Thread] DEBUG AssetLoader          - Loading from cache: /assets/textures/vida.png
07:49:03.872 [JavaFX Application Thread] DEBUG AssetLoader          - Loading from cache: /assets/textures/vida.png
07:49:03.878 [JavaFX Application Thread] DEBUG AssetLoader          - Loading from cache: /assets/textures/vida.png
07:49:03.885 [JavaFX Application Thread] DEBUG AssetLoader          - Loading from cache: /assets/textures/vida.png
07:49:03.890 [JavaFX Application Thread] DEBUG AssetLoader          - Loading from cache: /assets/textures/vida.png
07:49:03.894 [JavaFX Application Thread] DEBUG AssetLoader          - Loading from cache: /assets/textures/vida.png
07:49:03.903 [JavaFX Application Thread] DEBUG AssetLoader          - Loading from cache: /assets/textures/vida.png
07:49:03.909 [JavaFX Application Thread] DEBUG AssetLoader          - Loading from cache: /assets/textures/vida.png
07:49:03.910 [JavaFX Application Thread] DEBUG AssetLoader          - Loading from cache: /assets/textures/vida.png
07:49:03.921 [JavaFX Application Thread] DEBUG AssetLoader          - Loading from cache: /assets/textures/vida.png
07:49:03.926 [JavaFX Application Thread] DEBUG AssetLoader          - Loading from cache: /assets/textures/vida.png
07:49:03.935 [JavaFX Application Thread] DEBUG AssetLoader          - Loading from cache: /assets/textures/vida.png
07:49:03.939 [JavaFX Application Thread] DEBUG AssetLoader          - Loading from cache: /assets/textures/vida.png
07:49:03.942 [JavaFX Application Thread] DEBUG AssetLoader          - Loading from cache: /assets/textures/vida.png
07:49:03.952 [JavaFX Application Thread] DEBUG AssetLoader          - Loading from cache: /assets/textures/vida.png
07:49:03.956 [JavaFX Application Thread] DEBUG AssetLoader          - Loading from cache: /assets/textures/vida.png
07:49:03.963 [JavaFX Application Thread] DEBUG AssetLoader          - Loading from cache: /assets/textures/vida.png
07:49:03.969 [JavaFX Application Thread] DEBUG AssetLoader          - Loading from cache: /assets/textures/vida.png
07:49:03.974 [JavaFX Application Thread] DEBUG AssetLoader          - Loading from cache: /assets/textures/vida.png
07:49:03.982 [JavaFX Application Thread] DEBUG AssetLoader          - Loading from cache: /assets/textures/vida.png
07:49:03.988 [JavaFX Application Thread] DEBUG AssetLoader          - Loading from cache: /assets/textures/vida.png
07:49:03.990 [JavaFX Application Thread] DEBUG AssetLoader          - Loading from cache: /assets/textures/vida.png
07:49:03.999 [JavaFX Application Thread] DEBUG AssetLoader          - Loading from cache: /assets/textures/vida.png
07:49:04.005 [JavaFX Application Thread] DEBUG AssetLoader          - Loading from cache: /assets/textures/vida.png
07:49:04.011 [JavaFX Application Thread] DEBUG AssetLoader          - Loading from cache: /assets/textures/vida.png
07:49:04.017 [JavaFX Application Thread] DEBUG AssetLoader          - Loading from cache: /assets/textures/vida.png
07:49:04.022 [JavaFX Application Thread] DEBUG AssetLoader          - Loading from cache: /assets/textures/vida.png
07:49:04.029 [JavaFX Application Thread] DEBUG AssetLoader          - Loading from cache: /assets/textures/vida.png
07:49:04.036 [JavaFX Application Thread] DEBUG AssetLoader          - Loading from cache: /assets/textures/vida.png
07:49:04.038 [JavaFX Application Thread] DEBUG AssetLoader          - Loading from cache: /assets/textures/vida.png
07:49:04.048 [JavaFX Application Thread] DEBUG AssetLoader          - Loading from cache: /assets/textures/vida.png
07:49:04.054 [JavaFX Application Thread] DEBUG AssetLoader          - Loading from cache: /assets/textures/vida.png
07:49:04.060 [JavaFX Application Thread] DEBUG AssetLoader          - Loading from cache: /assets/textures/vida.png
07:49:04.066 [JavaFX Application Thread] DEBUG AssetLoader          - Loading from cache: /assets/textures/vida.png
07:49:04.070 [JavaFX Application Thread] DEBUG AssetLoader          - Loading from cache: /assets/textures/vida.png
07:49:04.079 [JavaFX Application Thread] DEBUG AssetLoader          - Loading from cache: /assets/textures/vida.png
07:49:04.085 [JavaFX Application Thread] DEBUG AssetLoader          - Loading from cache: /assets/textures/vida.png
07:49:04.087 [JavaFX Application Thread] DEBUG AssetLoader          - Loading from cache: /assets/textures/vida.png
07:49:04.096 [JavaFX Application Thread] DEBUG AssetLoader          - Loading from cache: /assets/textures/vida.png
07:49:04.102 [JavaFX Application Thread] DEBUG AssetLoader          - Loading from cache: /assets/textures/vida.png
07:49:04.109 [JavaFX Application Thread] DEBUG AssetLoader          - Loading from cache: /assets/textures/vida.png
07:49:04.115 [JavaFX Application Thread] DEBUG AssetLoader          - Loading from cache: /assets/textures/vida.png
07:49:04.118 [JavaFX Application Thread] DEBUG AssetLoader          - Loading from cache: /assets/textures/vida.png
07:49:04.126 [JavaFX Application Thread] DEBUG AssetLoader          - Loading from cache: /assets/textures/vida.png
07:49:04.135 [JavaFX Application Thread] DEBUG AssetLoader          - Loading from cache: /assets/textures/vida.png
07:49:04.140 [JavaFX Application Thread] DEBUG AssetLoader          - Loading from cache: /assets/textures/vida.png
07:49:04.147 [JavaFX Application Thread] DEBUG AssetLoader          - Loading from cache: /assets/textures/vida.png
07:49:04.150 [JavaFX Application Thread] DEBUG AssetLoader          - Loading from cache: /assets/textures/vida.png
07:49:04.159 [JavaFX Application Thread] DEBUG AssetLoader          - Loading from cache: /assets/textures/vida.png
07:49:04.163 [JavaFX Application Thread] DEBUG AssetLoader          - Loading from cache: /assets/textures/vida.png
07:49:04.166 [JavaFX Application Thread] DEBUG AssetLoader          - Loading from cache: /assets/textures/vida.png
07:49:04.176 [JavaFX Application Thread] DEBUG AssetLoader          - Loading from cache: /assets/textures/vida.png
07:49:04.182 [JavaFX Application Thread] DEBUG AssetLoader          - Loading from cache: /assets/textures/vida.png
07:49:04.189 [JavaFX Application Thread] DEBUG AssetLoader          - Loading from cache: /assets/textures/vida.png
07:49:04.194 [JavaFX Application Thread] DEBUG AssetLoader          - Loading from cache: /assets/textures/vida.png
07:49:04.198 [JavaFX Application Thread] DEBUG AssetLoader          - Loading from cache: /assets/textures/vida.png
07:49:04.205 [JavaFX Application Thread] DEBUG AssetLoader          - Loading from cache: /assets/textures/vida.png
07:49:04.213 [JavaFX Application Thread] DEBUG AssetLoader          - Loading from cache: /assets/textures/vida.png
07:49:04.214 [JavaFX Application Thread] DEBUG AssetLoader          - Loading from cache: /assets/textures/vida.png
07:49:04.224 [JavaFX Application Thread] DEBUG AssetLoader          - Loading from cache: /assets/textures/vida.png
07:49:04.230 [JavaFX Application Thread] DEBUG AssetLoader          - Loading from cache: /assets/textures/vida.png
07:49:04.237 [JavaFX Application Thread] DEBUG AssetLoader          - Loading from cache: /assets/textures/vida.png
07:49:04.243 [JavaFX Application Thread] DEBUG AssetLoader          - Loading from cache: /assets/textures/vida.png
07:49:04.246 [JavaFX Application Thread] DEBUG AssetLoader          - Loading from cache: /assets/textures/vida.png
07:49:04.255 [JavaFX Application Thread] DEBUG AssetLoader          - Loading from cache: /assets/textures/vida.png
07:49:04.260 [JavaFX Application Thread] DEBUG AssetLoader          - Loading from cache: /assets/textures/vida.png
07:49:04.262 [JavaFX Application Thread] DEBUG AssetLoader          - Loading from cache: /assets/textures/vida.png
07:49:04.273 [JavaFX Application Thread] DEBUG AssetLoader          - Loading from cache: /assets/textures/vida.png
07:49:04.278 [JavaFX Application Thread] DEBUG AssetLoader          - Loading from cache: /assets/textures/vida.png
07:49:04.284 [JavaFX Application Thread] DEBUG AssetLoader          - Loading from cache: /assets/textures/vida.png
07:49:04.291 [JavaFX Application Thread] DEBUG AssetLoader          - Loading from cache: /assets/textures/vida.png
07:49:04.294 [JavaFX Application Thread] DEBUG AssetLoader          - Loading from cache: /assets/textures/vida.png
07:49:04.303 [JavaFX Application Thread] DEBUG AssetLoader          - Loading from cache: /assets/textures/vida.png
07:49:04.310 [JavaFX Application Thread] DEBUG AssetLoader          - Loading from cache: /assets/textures/vida.png
07:49:04.315 [JavaFX Application Thread] DEBUG AssetLoader          - Loading from cache: /assets/textures/vida.png
07:49:04.322 [JavaFX Application Thread] DEBUG AssetLoader          - Loading from cache: /assets/textures/vida.png
07:49:04.326 [JavaFX Application Thread] DEBUG AssetLoader          - Loading from cache: /assets/textures/vida.png
07:49:04.336 [JavaFX Application Thread] DEBUG AssetLoader          - Loading from cache: /assets/textures/vida.png
07:49:04.340 [JavaFX Application Thread] DEBUG AssetLoader          - Loading from cache: /assets/textures/vida.png
07:49:04.342 [JavaFX Application Thread] DEBUG AssetLoader          - Loading from cache: /assets/textures/vida.png
07:49:04.351 [JavaFX Application Thread] DEBUG AssetLoader          - Loading from cache: /assets/textures/vida.png
07:49:04.358 [JavaFX Application Thread] DEBUG AssetLoader          - Loading from cache: /assets/textures/vida.png
07:49:04.362 [JavaFX Application Thread] DEBUG AssetLoader          - Loading from cache: /assets/textures/vida.png
07:49:04.370 [JavaFX Application Thread] DEBUG AssetLoader          - Loading from cache: /assets/textures/vida.png
07:49:04.374 [JavaFX Application Thread] DEBUG AssetLoader          - Loading from cache: /assets/textures/vida.png
07:49:04.382 [JavaFX Application Thread] DEBUG AssetLoader          - Loading from cache: /assets/textures/vida.png
07:49:04.388 [JavaFX Application Thread] DEBUG AssetLoader          - Loading from cache: /assets/textures/vida.png
07:49:04.390 [JavaFX Application Thread] DEBUG AssetLoader          - Loading from cache: /assets/textures/vida.png
07:49:04.399 [JavaFX Application Thread] DEBUG AssetLoader          - Loading from cache: /assets/textures/vida.png
07:49:04.406 [JavaFX Application Thread] DEBUG AssetLoader          - Loading from cache: /assets/textures/vida.png
07:49:04.412 [JavaFX Application Thread] DEBUG AssetLoader          - Loading from cache: /assets/textures/vida.png
07:49:04.418 [JavaFX Application Thread] DEBUG AssetLoader          - Loading from cache: /assets/textures/enemy1.png
07:49:04.420 [JavaFX Application Thread] DEBUG AssetLoader          - Loading from cache: /assets/textures/vida.png
07:49:04.422 [JavaFX Application Thread] DEBUG AssetLoader          - Loading from cache: /assets/textures/vida.png
07:49:04.431 [JavaFX Application Thread] DEBUG AssetLoader          - Loading from cache: /assets/textures/vida.png
07:49:04.437 [JavaFX Application Thread] DEBUG AssetLoader          - Loading from cache: /assets/textures/vida.png
07:49:04.438 [JavaFX Application Thread] DEBUG AssetLoader          - Loading from cache: /assets/textures/vida.png
07:49:04.448 [JavaFX Application Thread] DEBUG AssetLoader          - Loading from cache: /assets/textures/vida.png
07:49:04.454 [JavaFX Application Thread] DEBUG AssetLoader          - Loading from cache: /assets/textures/vida.png
07:49:04.460 [JavaFX Application Thread] DEBUG AssetLoader          - Loading from cache: /assets/textures/vida.png
07:49:04.466 [JavaFX Application Thread] DEBUG AssetLoader          - Loading from cache: /assets/textures/vida.png
07:49:04.470 [JavaFX Application Thread] DEBUG AssetLoader          - Loading from cache: /assets/textures/vida.png
07:49:04.479 [JavaFX Application Thread] DEBUG AssetLoader          - Loading from cache: /assets/textures/vida.png
07:49:04.485 [JavaFX Application Thread] DEBUG AssetLoader          - Loading from cache: /assets/textures/vida.png
07:49:04.487 [JavaFX Application Thread] DEBUG AssetLoader          - Loading from cache: /assets/textures/vida.png
07:49:04.497 [JavaFX Application Thread] DEBUG AssetLoader          - Loading from cache: /assets/textures/vida.png
07:49:04.503 [JavaFX Application Thread] DEBUG AssetLoader          - Loading from cache: /assets/textures/vida.png
07:49:04.509 [JavaFX Application Thread] DEBUG AssetLoader          - Loading from cache: /assets/textures/vida.png
07:49:04.515 [JavaFX Application Thread] DEBUG AssetLoader          - Loading from cache: /assets/textures/vida.png
07:49:04.518 [JavaFX Application Thread] DEBUG AssetLoader          - Loading from cache: /assets/textures/vida.png
07:49:04.527 [JavaFX Application Thread] DEBUG AssetLoader          - Loading from cache: /assets/textures/vida.png
07:49:04.534 [JavaFX Application Thread] DEBUG AssetLoader          - Loading from cache: /assets/textures/vida.png
07:49:04.539 [JavaFX Application Thread] DEBUG AssetLoader          - Loading from cache: /assets/textures/vida.png
07:49:04.545 [JavaFX Application Thread] DEBUG AssetLoader          - Loading from cache: /assets/textures/vida.png
07:49:04.550 [JavaFX Application Thread] DEBUG AssetLoader          - Loading from cache: /assets/textures/vida.png
07:49:04.558 [JavaFX Application Thread] DEBUG AssetLoader          - Loading from cache: /assets/textures/vida.png
07:49:04.564 [JavaFX Application Thread] DEBUG AssetLoader          - Loading from cache: /assets/textures/vida.png
07:49:04.566 [JavaFX Application Thread] DEBUG AssetLoader          - Loading from cache: /assets/textures/vida.png
07:49:04.575 [JavaFX Application Thread] DEBUG AssetLoader          - Loading from cache: /assets/textures/vida.png
07:49:04.582 [JavaFX Application Thread] DEBUG AssetLoader          - Loading from cache: /assets/textures/vida.png
07:49:04.587 [JavaFX Application Thread] DEBUG AssetLoader          - Loading from cache: /assets/textures/vida.png
07:49:04.593 [JavaFX Application Thread] DEBUG AssetLoader          - Loading from cache: /assets/textures/vida.png
07:49:04.598 [JavaFX Application Thread] DEBUG AssetLoader          - Loading from cache: /assets/textures/vida.png
07:49:04.605 [JavaFX Application Thread] DEBUG AssetLoader          - Loading from cache: /assets/textures/vida.png
07:49:04.612 [JavaFX Application Thread] DEBUG AssetLoader          - Loading from cache: /assets/textures/vida.png
07:49:04.614 [JavaFX Application Thread] DEBUG AssetLoader          - Loading from cache: /assets/textures/vida.png
07:49:04.624 [JavaFX Application Thread] DEBUG AssetLoader          - Loading from cache: /assets/textures/vida.png
07:49:04.630 [JavaFX Application Thread] DEBUG AssetLoader          - Loading from cache: /assets/textures/vida.png
07:49:04.636 [JavaFX Application Thread] DEBUG AssetLoader          - Loading from cache: /assets/textures/vida.png
07:49:04.642 [JavaFX Application Thread] DEBUG AssetLoader          - Loading from cache: /assets/textures/vida.png
07:49:04.647 [JavaFX Application Thread] DEBUG AssetLoader          - Loading from cache: /assets/textures/vida.png
07:49:04.654 [JavaFX Application Thread] DEBUG AssetLoader          - Loading from cache: /assets/textures/vida.png
07:49:04.660 [JavaFX Application Thread] DEBUG AssetLoader          - Loading from cache: /assets/textures/vida.png
07:49:04.662 [JavaFX Application Thread] DEBUG AssetLoader          - Loading from cache: /assets/textures/vida.png
07:49:04.673 [JavaFX Application Thread] DEBUG AssetLoader          - Loading from cache: /assets/textures/vida.png
07:49:04.679 [JavaFX Application Thread] DEBUG AssetLoader          - Loading from cache: /assets/textures/vida.png
07:49:04.685 [JavaFX Application Thread] DEBUG AssetLoader          - Loading from cache: /assets/textures/vida.png
07:49:04.691 [JavaFX Application Thread] DEBUG AssetLoader          - Loading from cache: /assets/textures/vida.png
07:49:04.694 [JavaFX Application Thread] DEBUG AssetLoader          - Loading from cache: /assets/textures/vida.png
07:49:04.702 [JavaFX Application Thread] DEBUG AssetLoader          - Loading from cache: /assets/textures/vida.png
07:49:04.709 [JavaFX Application Thread] DEBUG AssetLoader          - Loading from cache: /assets/textures/vida.png
07:49:04.710 [JavaFX Application Thread] DEBUG AssetLoader          - Loading from cache: /assets/textures/vida.png
07:49:04.721 [JavaFX Application Thread] DEBUG AssetLoader          - Loading from cache: /assets/textures/vida.png
07:49:04.726 [JavaFX Application Thread] DEBUG AssetLoader          - Loading from cache: /assets/textures/vida.png
07:49:04.733 [JavaFX Application Thread] DEBUG AssetLoader          - Loading from cache: /assets/textures/vida.png
07:49:04.739 [JavaFX Application Thread] DEBUG AssetLoader          - Loading from cache: /assets/textures/vida.png
07:49:04.742 [JavaFX Application Thread] DEBUG AssetLoader          - Loading from cache: /assets/textures/vida.png
07:49:04.751 [JavaFX Application Thread] DEBUG AssetLoader          - Loading from cache: /assets/textures/vida.png
07:49:04.758 [JavaFX Application Thread] DEBUG AssetLoader          - Loading from cache: /assets/textures/vida.png
07:49:04.764 [JavaFX Application Thread] DEBUG AssetLoader          - Loading from cache: /assets/textures/vida.png
07:49:04.769 [JavaFX Application Thread] DEBUG AssetLoader          - Loading from cache: /assets/textures/vida.png
07:49:04.774 [JavaFX Application Thread] DEBUG AssetLoader          - Loading from cache: /assets/textures/vida.png
07:49:04.782 [JavaFX Application Thread] DEBUG AssetLoader          - Loading from cache: /assets/textures/vida.png
07:49:04.789 [JavaFX Application Thread] DEBUG AssetLoader          - Loading from cache: /assets/textures/vida.png
07:49:04.791 [JavaFX Application Thread] DEBUG AssetLoader          - Loading from cache: /assets/textures/vida.png
07:49:04.801 [JavaFX Application Thread] DEBUG AssetLoader          - Loading from cache: /assets/textures/vida.png
07:49:04.807 [JavaFX Application Thread] DEBUG AssetLoader          - Loading from cache: /assets/textures/vida.png
07:49:04.812 [JavaFX Application Thread] DEBUG AssetLoader          - Loading from cache: /assets/textures/vida.png
07:49:04.818 [JavaFX Application Thread] DEBUG AssetLoader          - Loading from cache: /assets/textures/vida.png
07:49:04.822 [JavaFX Application Thread] DEBUG AssetLoader          - Loading from cache: /assets/textures/vida.png
07:49:04.831 [JavaFX Application Thread] DEBUG AssetLoader          - Loading from cache: /assets/textures/vida.png
07:49:04.838 [JavaFX Application Thread] DEBUG AssetLoader          - Loading from cache: /assets/textures/vida.png
07:49:04.843 [JavaFX Application Thread] DEBUG AssetLoader          - Loading from cache: /assets/textures/vida.png
07:49:04.848 [JavaFX Application Thread] DEBUG AssetLoader          - Loading from cache: /assets/textures/vida.png
07:49:04.855 [JavaFX Application Thread] DEBUG AssetLoader          - Loading from cache: /assets/textures/vida.png
07:49:04.861 [JavaFX Application Thread] DEBUG AssetLoader          - Loading from cache: /assets/textures/vida.png
07:49:04.867 [JavaFX Application Thread] DEBUG AssetLoader          - Loading from cache: /assets/textures/vida.png
07:49:04.870 [JavaFX Application Thread] DEBUG AssetLoader          - Loading from cache: /assets/textures/vida.png
07:49:04.881 [JavaFX Application Thread] DEBUG AssetLoader          - Loading from cache: /assets/textures/vida.png
07:49:04.886 [JavaFX Application Thread] DEBUG AssetLoader          - Loading from cache: /assets/textures/vida.png
07:49:04.893 [JavaFX Application Thread] DEBUG AssetLoader          - Loading from cache: /assets/textures/vida.png
07:49:04.897 [JavaFX Application Thread] DEBUG AssetLoader          - Loading from cache: /assets/textures/vida.png
07:49:04.902 [JavaFX Application Thread] DEBUG AssetLoader          - Loading from cache: /assets/textures/vida.png
07:49:04.974 [JavaFX Application Thread] DEBUG Engine               - Exiting FXGL
07:49:04.974 [JavaFX Application Thread] DEBUG Engine               - Shutting down background threads
07:49:04.974 [JavaFX Application Thread] DEBUG Engine               - Saving FXGL system data
07:49:04.977 [JavaFX Application Thread] DEBUG FSServiceImpl        - Writing to: C:\Users\daron\Downloads\workspace\Programas java\Avanzado\Game2D\system\fxgl.bundle
07:49:04.981 [JavaFX Application Thread] DEBUG Engine               - Closing logger and exiting JavaFX
