09:15:56.272 [main                     ] DEBUG GameApplication      - Logger initialized
09:15:56.277 [main                     ] DEBUG GameApplication      - Logging settings
Title: Nuke Dungeons
Version: 0.4
Width: 750
Height: 750
Fullscreen: true
Intro: false
Menus: false
Profiling: false
Single step:false
App Mode: DEVELOPER
Menu Key: ESCAPE
Stage Style: DECORATED
Scene Factory: class com.almasb.fxgl.app.SceneFactory
Dialog Factory: class com.almasb.fxgl.ui.FXGLDialogFactory
UI Factory: class com.almasb.fxgl.ui.FXGLUIFactory

09:15:57.034 [JavaFX Application Thread] DEBUG Engine               - Initializing FXGL
09:15:57.034 [JavaFX Application Thread] INFO  Engine               - FXGL-11.4 (06.08.2019 18.29) on WINDOWS (J:18.0.2 FX:12.0.1)
09:15:57.035 [JavaFX Application Thread] INFO  Engine               - Source code and latest versions at: https://github.com/AlmasB/FXGL
09:15:57.035 [JavaFX Application Thread] INFO  Engine               -              Join the FXGL chat at: https://gitter.im/AlmasB/FXGL
09:15:57.038 [JavaFX Application Thread] DEBUG Engine               - Adding new engine service: class com.almasb.fxgl.audio.AudioPlayer
09:15:57.041 [JavaFX Application Thread] DEBUG Engine               - Adding new engine service: class com.almasb.fxgl.notification.impl.NotificationServiceProvider
09:15:57.042 [JavaFX Application Thread] DEBUG Engine               - Adding new engine service: class com.almasb.fxgl.achievement.AchievementManager
09:15:57.049 [JavaFX Application Thread] DEBUG FS                   - Loaded FSServiceImpl
09:15:57.051 [JavaFX Application Thread] DEBUG SaveLoadManager      - Checking profiles dir: profiles/
09:15:57.051 [JavaFX Application Thread] DEBUG Engine               - Loading localizations
09:15:57.069 [JavaFX Application Thread] DEBUG AssetLoader          - Loading from file system: /assets/properties/languages/english.properties
09:15:57.074 [JavaFX Application Thread] DEBUG AssetLoader          - Loading from file system: /assets/properties/languages/french.properties
09:15:57.076 [JavaFX Application Thread] DEBUG AssetLoader          - Loading from file system: /assets/properties/languages/german.properties
09:15:57.079 [JavaFX Application Thread] DEBUG AssetLoader          - Loading from file system: /assets/properties/languages/russian.properties
09:15:57.081 [JavaFX Application Thread] DEBUG AssetLoader          - Loading from file system: /assets/properties/languages/hungarian.properties
09:15:57.084 [JavaFX Application Thread] DEBUG Engine               - Registering font factories
09:15:57.085 [JavaFX Application Thread] DEBUG AssetLoader          - Loading from file system: /assets/ui/fonts/VarelaRound-Regular.ttf
09:15:57.216 [JavaFX Application Thread] DEBUG AssetLoader          - Loading from file system: /assets/ui/fonts/Abel-Regular.ttf
09:15:57.223 [JavaFX Application Thread] DEBUG AssetLoader          - Loading from file system: /assets/ui/fonts/lucida_console.ttf
09:15:57.234 [JavaFX Application Thread] DEBUG AssetLoader          - Loading from file system: /assets/ui/fonts/Courier-Prime.ttf
09:15:57.244 [JavaFX Application Thread] DEBUG Engine               - Setting UI factory
09:15:57.417 [JavaFX Application Thread] DEBUG AssetLoader          - Loading from file system: /assets/textures/fxgl_logo.png
09:15:57.521 [JavaFX Application Thread] DEBUG MainWindow           - Creating a JavaFX scene
09:15:57.597 [JavaFX Application Thread] DEBUG MainWindow           - Target settings size: 750.0 x 750.0
09:15:57.597 [JavaFX Application Thread] DEBUG MainWindow           - Scaled scene size:    750.0 x 750.0
09:15:57.597 [JavaFX Application Thread] DEBUG MainWindow           - Scaled ratio: (1.0, 1.0)
09:15:57.600 [JavaFX Application Thread] DEBUG MainWindow           - Applying CSS: fxgl_dark.css
09:15:57.601 [JavaFX Application Thread] DEBUG AssetLoader          - Loading from file system: /assets/ui/css/fxgl_dark.css
09:15:57.602 [JavaFX Application Thread] DEBUG AssetLoader          - Loading from file system: /assets/ui/cursors/fxgl_default.png
09:15:57.612 [JavaFX Application Thread] DEBUG Input                - Clearing active input actions
09:15:57.613 [JavaFX Application Thread] DEBUG MainWindow           - StartupScene -> StartupScene
09:15:57.621 [JavaFX Application Thread] DEBUG AssetLoader          - Loading from file system: /assets/textures/fxgl_icon.png
09:15:57.654 [JavaFX Application Thread] DEBUG MainWindow           - Opening main window
09:15:57.919 [JavaFX Application Thread] DEBUG MainWindow           - Window border size: (14.79998779296875, 38.0)
09:15:57.919 [JavaFX Application Thread] DEBUG MainWindow           - Scaled size: 750.0 x 750.0
09:15:57.920 [JavaFX Application Thread] DEBUG MainWindow           - Scaled ratio: (1.0, 1.0)
09:15:57.920 [JavaFX Application Thread] DEBUG MainWindow           - Scene size: 750.0 x 750.0
09:15:57.920 [JavaFX Application Thread] DEBUG MainWindow           - Stage size: 764.7999877929688 x 788.0
09:15:57.934 [FXGL Background Thread 1 ] DEBUG FS                   - Loaded FSServiceImpl
09:15:57.934 [FXGL Background Thread 1 ] DEBUG Engine               - Loading FXGL system data
09:15:57.947 [FXGL Background Thread 1 ] DEBUG FSServiceImpl        - Reading from: C:\Users\daron\Downloads\workspace\Programas java\Avanzado\Game2D\system\fxgl.bundle
09:15:57.979 [FXGL Background Thread 1 ] DEBUG Engine               - Bundle FXGL: {}
09:15:57.979 [FXGL Background Thread 1 ] DEBUG Engine               - Initializing application scenes
09:15:58.030 [FXGL Background Thread 1 ] DEBUG GameWorld            - Game world initialized
09:15:58.123 [FXGL Background Thread 1 ] DEBUG PhysicsWorld         - Physics world initialized: appHeight=750, physics.ppm=50,0
09:15:58.128 [FXGL Background Thread 1 ] DEBUG GameScene            - Game scene initialized: 750x750
09:15:58.175 [FXGL Background Thread 1 ] DEBUG Input                - Registered new binding: Resume - Esc
09:15:58.175 [FXGL Background Thread 1 ] DEBUG AssetLoader          - Loading from file system: /assets/textures/pause_menu_bg.png
09:15:58.216 [FXGL Background Thread 1 ] DEBUG Input                - Registered new binding: Pause - Esc
09:15:58.217 [FXGL Background Thread 1 ] DEBUG Engine               - Application scenes initialized
09:15:58.222 [JavaFX Application Thread] DEBUG Engine               - Running preInit()
09:15:58.224 [JavaFX Application Thread] DEBUG Input                - Registered new binding: MoveUp - W
09:15:58.224 [JavaFX Application Thread] DEBUG Input                - Registered new binding: MoveDown - S
09:15:58.225 [JavaFX Application Thread] DEBUG Input                - Registered new binding: MoveRight - D
09:15:58.225 [JavaFX Application Thread] DEBUG Input                - Registered new binding: MoveLeft - A
09:15:58.226 [JavaFX Application Thread] DEBUG Input                - Registered new binding: Shoot - LMB
09:15:58.227 [JavaFX Application Thread] DEBUG Input                - Registered new binding: Screenshot - P
09:15:58.227 [JavaFX Application Thread] DEBUG Input                - Registered new binding: System info dump - CTRL+9
09:15:58.228 [JavaFX Application Thread] DEBUG Input                - Registered new binding: Restart - CTRL+R
09:15:58.228 [JavaFX Application Thread] DEBUG Engine               - generateDefaultProfile()
09:15:58.228 [JavaFX Application Thread] DEBUG Engine               - Creating default profile
09:15:58.229 [JavaFX Application Thread] DEBUG EventBus             - Firing event: SaveEvent
09:15:58.245 [JavaFX Application Thread] DEBUG Engine               - Logging environment variables
09:15:58.245 [JavaFX Application Thread] DEBUG Engine               - achievements: []
09:15:58.245 [JavaFX Application Thread] DEBUG Engine               - language: ObjectProperty [value: ENGLISH]
09:15:58.246 [JavaFX Application Thread] DEBUG Engine               - isCloseConfirmation: false
09:15:58.246 [JavaFX Application Thread] DEBUG Engine               - isProfilingEnabled: false
09:15:58.246 [JavaFX Application Thread] DEBUG Engine               - soundNotification: core/notification.wav
09:15:58.246 [JavaFX Application Thread] DEBUG Engine               - devShowBBoxProperty: BooleanProperty [value: false]
09:15:58.246 [JavaFX Application Thread] DEBUG Engine               - pixelsPerMeter: 50.0
09:15:58.247 [JavaFX Application Thread] DEBUG Engine               - overlayRoot: Group@1887ecb6
09:15:58.247 [JavaFX Application Thread] DEBUG Engine               - appIcon: fxgl_icon.png
09:15:58.247 [JavaFX Application Thread] DEBUG Engine               - soundMenuBack: menu/back.wav
09:15:58.247 [JavaFX Application Thread] DEBUG Engine               - isFullScreenAllowed: true
09:15:58.247 [JavaFX Application Thread] DEBUG Engine               - isIntroEnabled: false
09:15:58.247 [JavaFX Application Thread] DEBUG Engine               - eventBus: com.almasb.fxgl.event.EventBus@6d2fb48f
09:15:58.247 [JavaFX Application Thread] DEBUG Engine               - fontMono: lucida_console.ttf
09:15:58.248 [JavaFX Application Thread] DEBUG Engine               - soundMenuSelect: menu/select.wav
09:15:58.248 [JavaFX Application Thread] DEBUG Engine               - isWindows: true
09:15:58.248 [JavaFX Application Thread] DEBUG Engine               - isMobile: false
09:15:58.248 [JavaFX Application Thread] DEBUG Engine               - height: 750
09:15:58.248 [JavaFX Application Thread] DEBUG Engine               - isExperimentalNative: false
09:15:58.248 [JavaFX Application Thread] DEBUG Engine               - isSingleStep: false
09:15:58.248 [JavaFX Application Thread] DEBUG Engine               - cSSList: [fxgl_dark.css]
09:15:58.248 [JavaFX Application Thread] DEBUG Engine               - fontGame: Abel-Regular.ttf
09:15:58.249 [JavaFX Application Thread] DEBUG Engine               - menuKey: ESCAPE
09:15:58.249 [JavaFX Application Thread] DEBUG Engine               - devShowPositionProperty: BooleanProperty [value: false]
09:15:58.249 [JavaFX Application Thread] DEBUG Engine               - versionCheckDays: 7
09:15:58.249 [JavaFX Application Thread] DEBUG Engine               - masterTimer: com.almasb.fxgl.time.Timer@14861bc2
09:15:58.249 [JavaFX Application Thread] DEBUG Engine               - configClass: Optional.empty
09:15:58.249 [JavaFX Application Thread] DEBUG Engine               - version: 0.4
09:15:58.249 [JavaFX Application Thread] DEBUG Engine               - fullScreen: BooleanProperty [value: false]
09:15:58.249 [JavaFX Application Thread] DEBUG Engine               - dialogFactory: com.almasb.fxgl.ui.FXGLDialogFactory@57ff0e7e
09:15:58.250 [JavaFX Application Thread] DEBUG Engine               - applicationMode: DEVELOPER
09:15:58.250 [JavaFX Application Thread] DEBUG Engine               - isMac: false
09:15:58.250 [JavaFX Application Thread] DEBUG Engine               - urlGoogleForms: https://goo.gl/forms/6wrMnOBxTE1fEpOy2
09:15:58.250 [JavaFX Application Thread] DEBUG Engine               - isMenuEnabled: false
09:15:58.250 [JavaFX Application Thread] DEBUG Engine               - urlPOM: https://raw.githubusercontent.com/AlmasB/FXGL/master/pom.xml
09:15:58.250 [JavaFX Application Thread] DEBUG Engine               - profileName: user.profile
09:15:58.250 [JavaFX Application Thread] DEBUG Engine               - notificationViewClass: class com.almasb.fxgl.notification.view.XboxNotificationView
09:15:58.251 [JavaFX Application Thread] DEBUG Engine               - devSensorColorProperty: ObjectProperty [value: 0xffff00ff]
09:15:58.251 [JavaFX Application Thread] DEBUG Engine               - sceneFactory: com.almasb.fxgl.app.SceneFactory@9cda729
09:15:58.251 [JavaFX Application Thread] DEBUG Engine               - dataFileExt: .dat
09:15:58.251 [JavaFX Application Thread] DEBUG Engine               - stageStyle: DECORATED
09:15:58.251 [JavaFX Application Thread] DEBUG Engine               - isManualResizeEnabled: false
09:15:58.251 [JavaFX Application Thread] DEBUG Engine               - title: Nuke Dungeons
09:15:58.251 [JavaFX Application Thread] DEBUG Engine               - platform: WINDOWS
09:15:58.252 [JavaFX Application Thread] DEBUG Engine               - devBBoxColorProperty: ObjectProperty [value: 0xff0000ff]
09:15:58.252 [JavaFX Application Thread] DEBUG Engine               - isDesktop: true
09:15:58.252 [JavaFX Application Thread] DEBUG Engine               - globalMusicVolumeProperty: DoubleProperty [value: 0.5]
09:15:58.252 [JavaFX Application Thread] DEBUG Engine               - credits: []
09:15:58.252 [JavaFX Application Thread] DEBUG Engine               - isPreserveResizeRatio: false
09:15:58.252 [JavaFX Application Thread] DEBUG Engine               - uIFactory: com.almasb.fxgl.ui.FXGLUIFactory@19d6e153
09:15:58.252 [JavaFX Application Thread] DEBUG Engine               - fontText: Courier-Prime.ttf
09:15:58.252 [JavaFX Application Thread] DEBUG Engine               - isExperimentalTiledLargeMap: false
09:15:58.253 [JavaFX Application Thread] DEBUG Engine               - secondsIn24h: 60
09:15:58.253 [JavaFX Application Thread] DEBUG Engine               - runtimeInfo: RuntimeInfo(platform=WINDOWS, version=11.4, build=06.08.2019 18.29)
09:15:58.253 [JavaFX Application Thread] DEBUG Engine               - soundMenuPress: menu/press.wav
09:15:58.253 [JavaFX Application Thread] DEBUG Engine               - urlGithub: https://github.com/AlmasB/FXGL
09:15:58.253 [JavaFX Application Thread] DEBUG Engine               - isLinux: false
09:15:58.253 [JavaFX Application Thread] DEBUG Engine               - profileDir: profiles/
09:15:58.253 [JavaFX Application Thread] DEBUG Engine               - isDeveloperMenuEnabled: false
09:15:58.253 [JavaFX Application Thread] DEBUG Engine               - globalSoundVolumeProperty: DoubleProperty [value: 0.5]
09:15:58.254 [JavaFX Application Thread] DEBUG Engine               - isBrowser: false
09:15:58.254 [JavaFX Application Thread] DEBUG Engine               - urlLeaderboard: http://fxgl-top.herokuapp.com/
09:15:58.254 [JavaFX Application Thread] DEBUG Engine               - globalSoundVolume: 0.5
09:15:58.254 [JavaFX Application Thread] DEBUG Engine               - saveDir: saves/
09:15:58.254 [JavaFX Application Thread] DEBUG Engine               - engineServices: [class com.almasb.fxgl.audio.AudioPlayer, class com.almasb.fxgl.notification.impl.NotificationServiceProvider, class com.almasb.fxgl.achievement.AchievementManager]
09:15:58.254 [JavaFX Application Thread] DEBUG Engine               - globalMusicVolume: 0.5
09:15:58.254 [JavaFX Application Thread] DEBUG Engine               - width: 750
09:15:58.254 [JavaFX Application Thread] DEBUG Engine               - saveFileExt: .sav
09:15:58.254 [JavaFX Application Thread] DEBUG Engine               - isAndroid: false
09:15:58.254 [JavaFX Application Thread] DEBUG Engine               - fontUI: VarelaRound-Regular.ttf
09:15:58.256 [JavaFX Application Thread] DEBUG Engine               - enabledMenuItems: []
09:15:58.256 [JavaFX Application Thread] DEBUG Engine               - isIOS: false
09:15:58.281 [JavaFX Application Thread] INFO  Engine               - FXGL initialization took: 1,231 sec
09:15:58.282 [JavaFX Application Thread] DEBUG LoopRunner           - Starting loop
09:15:58.292 [JavaFX Application Thread] DEBUG StartupScene         - STARTUP
09:15:58.293 [JavaFX Application Thread] DEBUG Engine               - Starting new game
09:15:58.293 [JavaFX Application Thread] DEBUG MainWindow           - Applying CSS: fxgl_dark.css
09:15:58.293 [JavaFX Application Thread] DEBUG AssetLoader          - Loading from file system: /assets/ui/css/fxgl_dark.css
09:15:58.294 [JavaFX Application Thread] DEBUG AssetLoader          - Loading from file system: /assets/ui/cursors/fxgl_default.png
09:15:58.295 [JavaFX Application Thread] DEBUG Input                - Clearing active input actions
09:15:58.317 [JavaFX Application Thread] DEBUG MainWindow           - StartupScene -> LoadingScene
09:15:58.325 [JavaFX Application Thread] DEBUG Engine               - Removing overlay from StartupScene and adding to LoadingScene
09:15:58.326 [FXGL Background Thread 1 ] DEBUG InitAppTask          - Clearing previous game
09:15:58.326 [FXGL Background Thread 1 ] DEBUG GameWorld            - Clearing game world
09:15:58.326 [FXGL Background Thread 1 ] DEBUG PhysicsWorld         - Clearing physics world
09:15:58.326 [FXGL Background Thread 1 ] DEBUG GameScene            - Clearing game scene
09:15:58.326 [FXGL Background Thread 1 ] DEBUG InitAppTask          - Initializing Game
09:15:58.329 [FXGL Background Thread 1 ] DEBUG AssetLoader          - Loading from file system: /assets/textures/fondoNivel1.jpeg
09:15:58.375 [FXGL Background Thread 1 ] DEBUG AssetLoader          - Loading from file system: /assets/textures/player1.png
09:15:58.402 [FXGL Background Thread 1 ] DEBUG AssetLoader          - Loading from file system: /assets/textures/arma2.png
09:15:58.417 [FXGL Background Thread 1 ] DEBUG InitAppTask          - Initializing Physics
09:15:58.418 [FXGL Background Thread 1 ] DEBUG InitAppTask          - Initializing UI
09:15:58.448 [FXGL Background Thread 1 ] DEBUG InitAppTask          - Initialization Complete
09:15:58.448 [FXGL Background Thread 1 ] INFO  InitAppTask          - Game initialization took: 0,122 sec
09:15:58.563 [JavaFX Application Thread] DEBUG MainWindow           - Applying CSS: fxgl_dark.css
09:15:58.563 [JavaFX Application Thread] DEBUG AssetLoader          - Loading from file system: /assets/ui/css/fxgl_dark.css
09:15:58.564 [JavaFX Application Thread] DEBUG AssetLoader          - Loading from file system: /assets/ui/cursors/fxgl_default.png
09:15:58.565 [JavaFX Application Thread] DEBUG Input                - Clearing active input actions
09:15:58.584 [JavaFX Application Thread] DEBUG MainWindow           - LoadingScene -> GameScene
09:15:58.584 [JavaFX Application Thread] DEBUG Engine               - Removing overlay from LoadingScene and adding to GameScene
09:15:58.677 [JavaFX Application Thread] DEBUG AssetLoader          - Loading from file system: /assets/textures/vida.png
09:15:58.689 [JavaFX Application Thread] DEBUG AssetLoader          - Loading from file system: /assets/textures/bullet.png
09:15:58.708 [JavaFX Application Thread] DEBUG AssetLoader          - Loading from cache: /assets/textures/vida.png
09:15:58.709 [JavaFX Application Thread] DEBUG AssetLoader          - Loading from cache: /assets/textures/bullet.png
09:15:58.724 [JavaFX Application Thread] DEBUG AssetLoader          - Loading from cache: /assets/textures/vida.png
09:15:58.725 [JavaFX Application Thread] DEBUG AssetLoader          - Loading from cache: /assets/textures/bullet.png
09:15:58.740 [JavaFX Application Thread] DEBUG AssetLoader          - Loading from cache: /assets/textures/vida.png
09:15:58.741 [JavaFX Application Thread] DEBUG AssetLoader          - Loading from cache: /assets/textures/bullet.png
09:15:58.750 [JavaFX Application Thread] DEBUG AssetLoader          - Loading from cache: /assets/textures/vida.png
09:15:58.751 [JavaFX Application Thread] DEBUG AssetLoader          - Loading from cache: /assets/textures/bullet.png
09:15:58.754 [JavaFX Application Thread] DEBUG AssetLoader          - Loading from cache: /assets/textures/vida.png
09:15:58.755 [JavaFX Application Thread] DEBUG AssetLoader          - Loading from cache: /assets/textures/bullet.png
09:15:58.773 [JavaFX Application Thread] DEBUG AssetLoader          - Loading from cache: /assets/textures/vida.png
09:15:58.774 [JavaFX Application Thread] DEBUG AssetLoader          - Loading from cache: /assets/textures/bullet.png
09:15:58.788 [JavaFX Application Thread] DEBUG AssetLoader          - Loading from cache: /assets/textures/vida.png
09:15:58.789 [JavaFX Application Thread] DEBUG AssetLoader          - Loading from cache: /assets/textures/bullet.png
09:15:58.803 [JavaFX Application Thread] DEBUG AssetLoader          - Loading from cache: /assets/textures/vida.png
09:15:58.804 [JavaFX Application Thread] DEBUG AssetLoader          - Loading from cache: /assets/textures/bullet.png
09:15:58.819 [JavaFX Application Thread] DEBUG AssetLoader          - Loading from cache: /assets/textures/vida.png
09:15:58.820 [JavaFX Application Thread] DEBUG AssetLoader          - Loading from cache: /assets/textures/bullet.png
09:15:58.827 [JavaFX Application Thread] DEBUG AssetLoader          - Loading from cache: /assets/textures/vida.png
09:15:58.827 [JavaFX Application Thread] DEBUG AssetLoader          - Loading from cache: /assets/textures/bullet.png
09:15:58.832 [JavaFX Application Thread] DEBUG AssetLoader          - Loading from cache: /assets/textures/vida.png
09:15:58.833 [JavaFX Application Thread] DEBUG AssetLoader          - Loading from cache: /assets/textures/bullet.png
09:15:58.850 [JavaFX Application Thread] DEBUG AssetLoader          - Loading from cache: /assets/textures/vida.png
09:15:58.851 [JavaFX Application Thread] DEBUG AssetLoader          - Loading from cache: /assets/textures/bullet.png
09:15:58.858 [JavaFX Application Thread] DEBUG AssetLoader          - Loading from cache: /assets/textures/vida.png
09:15:58.858 [JavaFX Application Thread] DEBUG AssetLoader          - Loading from cache: /assets/textures/bullet.png
09:15:58.868 [JavaFX Application Thread] DEBUG AssetLoader          - Loading from cache: /assets/textures/vida.png
09:15:58.869 [JavaFX Application Thread] DEBUG AssetLoader          - Loading from cache: /assets/textures/bullet.png
09:15:58.884 [JavaFX Application Thread] DEBUG AssetLoader          - Loading from cache: /assets/textures/vida.png
09:15:58.884 [JavaFX Application Thread] DEBUG AssetLoader          - Loading from cache: /assets/textures/bullet.png
09:15:58.899 [JavaFX Application Thread] DEBUG AssetLoader          - Loading from cache: /assets/textures/vida.png
09:15:58.900 [JavaFX Application Thread] DEBUG AssetLoader          - Loading from cache: /assets/textures/bullet.png
09:15:58.904 [JavaFX Application Thread] DEBUG AssetLoader          - Loading from cache: /assets/textures/vida.png
09:15:58.905 [JavaFX Application Thread] DEBUG AssetLoader          - Loading from cache: /assets/textures/bullet.png
09:15:58.913 [JavaFX Application Thread] DEBUG AssetLoader          - Loading from cache: /assets/textures/vida.png
09:15:58.913 [JavaFX Application Thread] DEBUG AssetLoader          - Loading from cache: /assets/textures/bullet.png
09:15:58.931 [JavaFX Application Thread] DEBUG AssetLoader          - Loading from cache: /assets/textures/vida.png
09:15:58.931 [JavaFX Application Thread] DEBUG AssetLoader          - Loading from cache: /assets/textures/bullet.png
09:15:58.941 [JavaFX Application Thread] DEBUG AssetLoader          - Loading from cache: /assets/textures/vida.png
09:15:58.943 [JavaFX Application Thread] DEBUG AssetLoader          - Loading from cache: /assets/textures/bullet.png
09:15:58.948 [JavaFX Application Thread] DEBUG AssetLoader          - Loading from cache: /assets/textures/vida.png
09:15:58.948 [JavaFX Application Thread] DEBUG AssetLoader          - Loading from cache: /assets/textures/bullet.png
09:15:58.953 [JavaFX Application Thread] DEBUG AssetLoader          - Loading from cache: /assets/textures/vida.png
09:15:58.954 [JavaFX Application Thread] DEBUG AssetLoader          - Loading from cache: /assets/textures/bullet.png
09:15:58.963 [JavaFX Application Thread] DEBUG AssetLoader          - Loading from cache: /assets/textures/vida.png
09:15:58.963 [JavaFX Application Thread] DEBUG AssetLoader          - Loading from cache: /assets/textures/bullet.png
09:15:58.978 [JavaFX Application Thread] DEBUG AssetLoader          - Loading from cache: /assets/textures/vida.png
09:15:58.978 [JavaFX Application Thread] DEBUG AssetLoader          - Loading from cache: /assets/textures/bullet.png
09:15:58.985 [JavaFX Application Thread] DEBUG AssetLoader          - Loading from cache: /assets/textures/vida.png
09:15:58.985 [JavaFX Application Thread] DEBUG AssetLoader          - Loading from cache: /assets/textures/bullet.png
09:15:58.990 [JavaFX Application Thread] DEBUG AssetLoader          - Loading from cache: /assets/textures/vida.png
09:15:58.990 [JavaFX Application Thread] DEBUG AssetLoader          - Loading from cache: /assets/textures/bullet.png
09:15:58.994 [JavaFX Application Thread] DEBUG AssetLoader          - Loading from cache: /assets/textures/vida.png
09:15:58.995 [JavaFX Application Thread] DEBUG AssetLoader          - Loading from cache: /assets/textures/bullet.png
09:15:59.020 [JavaFX Application Thread] DEBUG AssetLoader          - Loading from cache: /assets/textures/vida.png
09:15:59.021 [JavaFX Application Thread] DEBUG AssetLoader          - Loading from cache: /assets/textures/bullet.png
09:15:59.025 [JavaFX Application Thread] DEBUG AssetLoader          - Loading from cache: /assets/textures/vida.png
09:15:59.025 [JavaFX Application Thread] DEBUG AssetLoader          - Loading from cache: /assets/textures/bullet.png
09:15:59.031 [JavaFX Application Thread] DEBUG AssetLoader          - Loading from cache: /assets/textures/vida.png
09:15:59.032 [JavaFX Application Thread] DEBUG AssetLoader          - Loading from cache: /assets/textures/bullet.png
09:15:59.044 [JavaFX Application Thread] DEBUG AssetLoader          - Loading from cache: /assets/textures/vida.png
09:15:59.044 [JavaFX Application Thread] DEBUG AssetLoader          - Loading from cache: /assets/textures/bullet.png
09:15:59.057 [JavaFX Application Thread] DEBUG AssetLoader          - Loading from cache: /assets/textures/vida.png
09:15:59.057 [JavaFX Application Thread] DEBUG AssetLoader          - Loading from cache: /assets/textures/bullet.png
09:15:59.064 [JavaFX Application Thread] DEBUG AssetLoader          - Loading from cache: /assets/textures/vida.png
09:15:59.064 [JavaFX Application Thread] DEBUG AssetLoader          - Loading from cache: /assets/textures/bullet.png
09:15:59.068 [JavaFX Application Thread] DEBUG AssetLoader          - Loading from cache: /assets/textures/vida.png
09:15:59.069 [JavaFX Application Thread] DEBUG AssetLoader          - Loading from cache: /assets/textures/bullet.png
09:15:59.075 [JavaFX Application Thread] DEBUG AssetLoader          - Loading from cache: /assets/textures/vida.png
09:15:59.075 [JavaFX Application Thread] DEBUG AssetLoader          - Loading from cache: /assets/textures/bullet.png
09:15:59.091 [JavaFX Application Thread] DEBUG AssetLoader          - Loading from cache: /assets/textures/vida.png
09:15:59.092 [JavaFX Application Thread] DEBUG AssetLoader          - Loading from cache: /assets/textures/bullet.png
09:15:59.100 [JavaFX Application Thread] DEBUG AssetLoader          - Loading from cache: /assets/textures/vida.png
09:15:59.101 [JavaFX Application Thread] DEBUG AssetLoader          - Loading from cache: /assets/textures/bullet.png
09:15:59.105 [JavaFX Application Thread] DEBUG AssetLoader          - Loading from cache: /assets/textures/vida.png
09:15:59.106 [JavaFX Application Thread] DEBUG AssetLoader          - Loading from cache: /assets/textures/bullet.png
09:15:59.110 [JavaFX Application Thread] DEBUG AssetLoader          - Loading from cache: /assets/textures/vida.png
09:15:59.111 [JavaFX Application Thread] DEBUG AssetLoader          - Loading from cache: /assets/textures/bullet.png
09:15:59.117 [JavaFX Application Thread] DEBUG AssetLoader          - Loading from cache: /assets/textures/vida.png
09:15:59.117 [JavaFX Application Thread] DEBUG AssetLoader          - Loading from cache: /assets/textures/bullet.png
09:15:59.123 [JavaFX Application Thread] DEBUG AssetLoader          - Loading from cache: /assets/textures/vida.png
09:15:59.123 [JavaFX Application Thread] DEBUG AssetLoader          - Loading from cache: /assets/textures/bullet.png
09:15:59.142 [JavaFX Application Thread] DEBUG AssetLoader          - Loading from cache: /assets/textures/vida.png
09:15:59.143 [JavaFX Application Thread] DEBUG AssetLoader          - Loading from cache: /assets/textures/bullet.png
09:15:59.148 [JavaFX Application Thread] DEBUG AssetLoader          - Loading from cache: /assets/textures/vida.png
09:15:59.149 [JavaFX Application Thread] DEBUG AssetLoader          - Loading from cache: /assets/textures/bullet.png
09:15:59.155 [JavaFX Application Thread] DEBUG AssetLoader          - Loading from cache: /assets/textures/vida.png
09:15:59.155 [JavaFX Application Thread] DEBUG AssetLoader          - Loading from cache: /assets/textures/bullet.png
09:15:59.172 [JavaFX Application Thread] DEBUG AssetLoader          - Loading from cache: /assets/textures/vida.png
09:15:59.172 [JavaFX Application Thread] DEBUG AssetLoader          - Loading from cache: /assets/textures/bullet.png
09:15:59.182 [JavaFX Application Thread] DEBUG AssetLoader          - Loading from cache: /assets/textures/vida.png
09:15:59.184 [JavaFX Application Thread] DEBUG AssetLoader          - Loading from cache: /assets/textures/bullet.png
09:15:59.187 [JavaFX Application Thread] DEBUG AssetLoader          - Loading from cache: /assets/textures/vida.png
09:15:59.187 [JavaFX Application Thread] DEBUG AssetLoader          - Loading from cache: /assets/textures/bullet.png
09:15:59.197 [JavaFX Application Thread] DEBUG AssetLoader          - Loading from cache: /assets/textures/vida.png
09:15:59.197 [JavaFX Application Thread] DEBUG AssetLoader          - Loading from cache: /assets/textures/bullet.png
09:15:59.201 [JavaFX Application Thread] DEBUG AssetLoader          - Loading from cache: /assets/textures/vida.png
09:15:59.202 [JavaFX Application Thread] DEBUG AssetLoader          - Loading from cache: /assets/textures/bullet.png
09:15:59.219 [JavaFX Application Thread] DEBUG AssetLoader          - Loading from cache: /assets/textures/vida.png
09:15:59.219 [JavaFX Application Thread] DEBUG AssetLoader          - Loading from cache: /assets/textures/bullet.png
09:15:59.226 [JavaFX Application Thread] DEBUG AssetLoader          - Loading from cache: /assets/textures/vida.png
09:15:59.227 [JavaFX Application Thread] DEBUG AssetLoader          - Loading from cache: /assets/textures/bullet.png
09:15:59.232 [JavaFX Application Thread] DEBUG AssetLoader          - Loading from cache: /assets/textures/vida.png
09:15:59.233 [JavaFX Application Thread] DEBUG AssetLoader          - Loading from cache: /assets/textures/bullet.png
09:15:59.237 [JavaFX Application Thread] DEBUG AssetLoader          - Loading from cache: /assets/textures/vida.png
09:15:59.237 [JavaFX Application Thread] DEBUG AssetLoader          - Loading from cache: /assets/textures/bullet.png
09:15:59.243 [JavaFX Application Thread] DEBUG AssetLoader          - Loading from cache: /assets/textures/vida.png
09:15:59.243 [JavaFX Application Thread] DEBUG AssetLoader          - Loading from cache: /assets/textures/bullet.png
09:15:59.252 [JavaFX Application Thread] DEBUG AssetLoader          - Loading from cache: /assets/textures/vida.png
09:15:59.252 [JavaFX Application Thread] DEBUG AssetLoader          - Loading from cache: /assets/textures/bullet.png
09:15:59.268 [JavaFX Application Thread] DEBUG AssetLoader          - Loading from cache: /assets/textures/vida.png
09:15:59.269 [JavaFX Application Thread] DEBUG AssetLoader          - Loading from cache: /assets/textures/bullet.png
09:15:59.280 [JavaFX Application Thread] DEBUG AssetLoader          - Loading from cache: /assets/textures/vida.png
09:15:59.281 [JavaFX Application Thread] DEBUG AssetLoader          - Loading from cache: /assets/textures/bullet.png
09:15:59.284 [JavaFX Application Thread] DEBUG AssetLoader          - Loading from cache: /assets/textures/vida.png
09:15:59.284 [JavaFX Application Thread] DEBUG AssetLoader          - Loading from cache: /assets/textures/bullet.png
09:15:59.293 [JavaFX Application Thread] DEBUG AssetLoader          - Loading from cache: /assets/textures/vida.png
09:15:59.293 [JavaFX Application Thread] DEBUG AssetLoader          - Loading from cache: /assets/textures/bullet.png
09:15:59.299 [JavaFX Application Thread] DEBUG AssetLoader          - Loading from cache: /assets/textures/vida.png
09:15:59.300 [JavaFX Application Thread] DEBUG AssetLoader          - Loading from cache: /assets/textures/bullet.png
09:15:59.315 [JavaFX Application Thread] DEBUG AssetLoader          - Loading from cache: /assets/textures/vida.png
09:15:59.316 [JavaFX Application Thread] DEBUG AssetLoader          - Loading from cache: /assets/textures/bullet.png
09:15:59.323 [JavaFX Application Thread] DEBUG AssetLoader          - Loading from cache: /assets/textures/vida.png
09:15:59.323 [JavaFX Application Thread] DEBUG AssetLoader          - Loading from cache: /assets/textures/bullet.png
09:15:59.327 [JavaFX Application Thread] DEBUG AssetLoader          - Loading from cache: /assets/textures/vida.png
09:15:59.328 [JavaFX Application Thread] DEBUG AssetLoader          - Loading from cache: /assets/textures/bullet.png
09:15:59.330 [JavaFX Application Thread] DEBUG AssetLoader          - Loading from cache: /assets/textures/vida.png
09:15:59.331 [JavaFX Application Thread] DEBUG AssetLoader          - Loading from cache: /assets/textures/bullet.png
09:15:59.347 [JavaFX Application Thread] DEBUG AssetLoader          - Loading from cache: /assets/textures/vida.png
09:15:59.347 [JavaFX Application Thread] DEBUG AssetLoader          - Loading from cache: /assets/textures/bullet.png
09:15:59.360 [JavaFX Application Thread] DEBUG AssetLoader          - Loading from cache: /assets/textures/vida.png
09:15:59.360 [JavaFX Application Thread] DEBUG AssetLoader          - Loading from cache: /assets/textures/bullet.png
09:15:59.363 [JavaFX Application Thread] DEBUG AssetLoader          - Loading from cache: /assets/textures/vida.png
09:15:59.364 [JavaFX Application Thread] DEBUG AssetLoader          - Loading from cache: /assets/textures/bullet.png
09:15:59.371 [JavaFX Application Thread] DEBUG AssetLoader          - Loading from cache: /assets/textures/vida.png
09:15:59.371 [JavaFX Application Thread] DEBUG AssetLoader          - Loading from cache: /assets/textures/bullet.png
09:15:59.378 [JavaFX Application Thread] DEBUG AssetLoader          - Loading from cache: /assets/textures/vida.png
09:15:59.378 [JavaFX Application Thread] DEBUG AssetLoader          - Loading from cache: /assets/textures/bullet.png
09:15:59.395 [JavaFX Application Thread] DEBUG AssetLoader          - Loading from cache: /assets/textures/vida.png
09:15:59.395 [JavaFX Application Thread] DEBUG AssetLoader          - Loading from cache: /assets/textures/bullet.png
09:15:59.402 [JavaFX Application Thread] DEBUG AssetLoader          - Loading from cache: /assets/textures/vida.png
09:15:59.402 [JavaFX Application Thread] DEBUG AssetLoader          - Loading from cache: /assets/textures/bullet.png
09:15:59.408 [JavaFX Application Thread] DEBUG AssetLoader          - Loading from cache: /assets/textures/vida.png
09:15:59.409 [JavaFX Application Thread] DEBUG AssetLoader          - Loading from cache: /assets/textures/bullet.png
09:15:59.411 [JavaFX Application Thread] DEBUG AssetLoader          - Loading from cache: /assets/textures/vida.png
09:15:59.411 [JavaFX Application Thread] DEBUG AssetLoader          - Loading from cache: /assets/textures/bullet.png
09:15:59.419 [JavaFX Application Thread] DEBUG AssetLoader          - Loading from cache: /assets/textures/vida.png
09:15:59.419 [JavaFX Application Thread] DEBUG AssetLoader          - Loading from cache: /assets/textures/bullet.png
09:15:59.427 [JavaFX Application Thread] DEBUG AssetLoader          - Loading from cache: /assets/textures/vida.png
09:15:59.427 [JavaFX Application Thread] DEBUG AssetLoader          - Loading from cache: /assets/textures/bullet.png
09:15:59.443 [JavaFX Application Thread] DEBUG AssetLoader          - Loading from cache: /assets/textures/vida.png
09:15:59.443 [JavaFX Application Thread] DEBUG AssetLoader          - Loading from cache: /assets/textures/bullet.png
09:15:59.450 [JavaFX Application Thread] DEBUG AssetLoader          - Loading from cache: /assets/textures/vida.png
09:15:59.451 [JavaFX Application Thread] DEBUG AssetLoader          - Loading from cache: /assets/textures/bullet.png
09:15:59.456 [JavaFX Application Thread] DEBUG AssetLoader          - Loading from cache: /assets/textures/vida.png
09:15:59.457 [JavaFX Application Thread] DEBUG AssetLoader          - Loading from cache: /assets/textures/bullet.png
09:15:59.462 [JavaFX Application Thread] DEBUG AssetLoader          - Loading from cache: /assets/textures/vida.png
09:15:59.463 [JavaFX Application Thread] DEBUG AssetLoader          - Loading from cache: /assets/textures/bullet.png
09:15:59.475 [JavaFX Application Thread] DEBUG AssetLoader          - Loading from cache: /assets/textures/vida.png
09:15:59.476 [JavaFX Application Thread] DEBUG AssetLoader          - Loading from cache: /assets/textures/bullet.png
09:15:59.486 [JavaFX Application Thread] DEBUG AssetLoader          - Loading from cache: /assets/textures/vida.png
09:15:59.487 [JavaFX Application Thread] DEBUG AssetLoader          - Loading from cache: /assets/textures/bullet.png
09:15:59.492 [JavaFX Application Thread] DEBUG AssetLoader          - Loading from cache: /assets/textures/vida.png
09:15:59.492 [JavaFX Application Thread] DEBUG AssetLoader          - Loading from cache: /assets/textures/bullet.png
09:15:59.498 [JavaFX Application Thread] DEBUG AssetLoader          - Loading from cache: /assets/textures/vida.png
09:15:59.500 [JavaFX Application Thread] DEBUG AssetLoader          - Loading from cache: /assets/textures/bullet.png
09:15:59.506 [JavaFX Application Thread] DEBUG AssetLoader          - Loading from cache: /assets/textures/vida.png
09:15:59.506 [JavaFX Application Thread] DEBUG AssetLoader          - Loading from cache: /assets/textures/bullet.png
09:15:59.524 [JavaFX Application Thread] DEBUG AssetLoader          - Loading from cache: /assets/textures/vida.png
09:15:59.524 [JavaFX Application Thread] DEBUG AssetLoader          - Loading from cache: /assets/textures/bullet.png
09:15:59.534 [JavaFX Application Thread] DEBUG AssetLoader          - Loading from cache: /assets/textures/vida.png
09:15:59.536 [JavaFX Application Thread] DEBUG AssetLoader          - Loading from cache: /assets/textures/bullet.png
09:15:59.539 [JavaFX Application Thread] DEBUG AssetLoader          - Loading from cache: /assets/textures/vida.png
09:15:59.539 [JavaFX Application Thread] DEBUG AssetLoader          - Loading from cache: /assets/textures/bullet.png
09:15:59.548 [JavaFX Application Thread] DEBUG AssetLoader          - Loading from cache: /assets/textures/vida.png
09:15:59.548 [JavaFX Application Thread] DEBUG AssetLoader          - Loading from cache: /assets/textures/bullet.png
09:15:59.554 [JavaFX Application Thread] DEBUG AssetLoader          - Loading from cache: /assets/textures/vida.png
09:15:59.555 [JavaFX Application Thread] DEBUG AssetLoader          - Loading from cache: /assets/textures/bullet.png
09:15:59.570 [JavaFX Application Thread] DEBUG AssetLoader          - Loading from cache: /assets/textures/vida.png
09:15:59.571 [JavaFX Application Thread] DEBUG AssetLoader          - Loading from cache: /assets/textures/bullet.png
09:15:59.578 [JavaFX Application Thread] DEBUG AssetLoader          - Loading from cache: /assets/textures/vida.png
09:15:59.578 [JavaFX Application Thread] DEBUG AssetLoader          - Loading from cache: /assets/textures/bullet.png
09:15:59.583 [JavaFX Application Thread] DEBUG AssetLoader          - Loading from cache: /assets/textures/vida.png
09:15:59.583 [JavaFX Application Thread] DEBUG AssetLoader          - Loading from cache: /assets/textures/bullet.png
09:15:59.587 [JavaFX Application Thread] DEBUG AssetLoader          - Loading from cache: /assets/textures/vida.png
09:15:59.588 [JavaFX Application Thread] DEBUG AssetLoader          - Loading from cache: /assets/textures/bullet.png
09:15:59.602 [JavaFX Application Thread] DEBUG AssetLoader          - Loading from cache: /assets/textures/vida.png
09:15:59.603 [JavaFX Application Thread] DEBUG AssetLoader          - Loading from cache: /assets/textures/bullet.png
09:15:59.614 [JavaFX Application Thread] DEBUG AssetLoader          - Loading from cache: /assets/textures/vida.png
09:15:59.615 [JavaFX Application Thread] DEBUG AssetLoader          - Loading from cache: /assets/textures/bullet.png
09:15:59.619 [JavaFX Application Thread] DEBUG AssetLoader          - Loading from cache: /assets/textures/vida.png
09:15:59.619 [JavaFX Application Thread] DEBUG AssetLoader          - Loading from cache: /assets/textures/bullet.png
09:15:59.626 [JavaFX Application Thread] DEBUG AssetLoader          - Loading from cache: /assets/textures/vida.png
09:15:59.626 [JavaFX Application Thread] DEBUG AssetLoader          - Loading from cache: /assets/textures/bullet.png
09:15:59.630 [JavaFX Application Thread] DEBUG AssetLoader          - Loading from cache: /assets/textures/vida.png
09:15:59.632 [JavaFX Application Thread] DEBUG AssetLoader          - Loading from cache: /assets/textures/bullet.png
09:15:59.634 [JavaFX Application Thread] DEBUG AssetLoader          - Loading from cache: /assets/textures/vida.png
09:15:59.634 [JavaFX Application Thread] DEBUG AssetLoader          - Loading from cache: /assets/textures/bullet.png
09:15:59.652 [JavaFX Application Thread] DEBUG AssetLoader          - Loading from cache: /assets/textures/vida.png
09:15:59.652 [JavaFX Application Thread] DEBUG AssetLoader          - Loading from cache: /assets/textures/bullet.png
09:15:59.662 [JavaFX Application Thread] DEBUG AssetLoader          - Loading from cache: /assets/textures/vida.png
09:15:59.663 [JavaFX Application Thread] DEBUG AssetLoader          - Loading from cache: /assets/textures/bullet.png
09:15:59.668 [JavaFX Application Thread] DEBUG AssetLoader          - Loading from cache: /assets/textures/vida.png
09:15:59.668 [JavaFX Application Thread] DEBUG AssetLoader          - Loading from cache: /assets/textures/bullet.png
09:15:59.683 [JavaFX Application Thread] DEBUG AssetLoader          - Loading from cache: /assets/textures/vida.png
09:15:59.684 [JavaFX Application Thread] DEBUG AssetLoader          - Loading from cache: /assets/textures/bullet.png
09:15:59.693 [JavaFX Application Thread] DEBUG AssetLoader          - Loading from cache: /assets/textures/vida.png
09:15:59.693 [JavaFX Application Thread] DEBUG AssetLoader          - Loading from cache: /assets/textures/bullet.png
09:15:59.699 [JavaFX Application Thread] DEBUG AssetLoader          - Loading from cache: /assets/textures/vida.png
09:15:59.699 [JavaFX Application Thread] DEBUG AssetLoader          - Loading from cache: /assets/textures/bullet.png
09:15:59.705 [JavaFX Application Thread] DEBUG AssetLoader          - Loading from cache: /assets/textures/vida.png
09:15:59.705 [JavaFX Application Thread] DEBUG AssetLoader          - Loading from cache: /assets/textures/bullet.png
09:15:59.711 [JavaFX Application Thread] DEBUG AssetLoader          - Loading from cache: /assets/textures/vida.png
09:15:59.711 [JavaFX Application Thread] DEBUG AssetLoader          - Loading from cache: /assets/textures/bullet.png
09:15:59.715 [JavaFX Application Thread] DEBUG AssetLoader          - Loading from cache: /assets/textures/vida.png
09:15:59.715 [JavaFX Application Thread] DEBUG AssetLoader          - Loading from cache: /assets/textures/bullet.png
09:15:59.731 [JavaFX Application Thread] DEBUG AssetLoader          - Loading from cache: /assets/textures/vida.png
09:15:59.732 [JavaFX Application Thread] DEBUG AssetLoader          - Loading from cache: /assets/textures/bullet.png
09:15:59.742 [JavaFX Application Thread] DEBUG AssetLoader          - Loading from cache: /assets/textures/vida.png
09:15:59.742 [JavaFX Application Thread] DEBUG AssetLoader          - Loading from cache: /assets/textures/bullet.png
09:15:59.746 [JavaFX Application Thread] DEBUG AssetLoader          - Loading from cache: /assets/textures/vida.png
09:15:59.746 [JavaFX Application Thread] DEBUG AssetLoader          - Loading from cache: /assets/textures/bullet.png
09:15:59.753 [JavaFX Application Thread] DEBUG AssetLoader          - Loading from cache: /assets/textures/vida.png
09:15:59.753 [JavaFX Application Thread] DEBUG AssetLoader          - Loading from cache: /assets/textures/bullet.png
09:15:59.762 [JavaFX Application Thread] DEBUG AssetLoader          - Loading from cache: /assets/textures/vida.png
09:15:59.762 [JavaFX Application Thread] DEBUG AssetLoader          - Loading from cache: /assets/textures/bullet.png
09:15:59.778 [JavaFX Application Thread] DEBUG AssetLoader          - Loading from cache: /assets/textures/vida.png
09:15:59.778 [JavaFX Application Thread] DEBUG AssetLoader          - Loading from cache: /assets/textures/bullet.png
09:15:59.784 [JavaFX Application Thread] DEBUG AssetLoader          - Loading from cache: /assets/textures/vida.png
09:15:59.785 [JavaFX Application Thread] DEBUG AssetLoader          - Loading from cache: /assets/textures/bullet.png
09:15:59.797 [JavaFX Application Thread] DEBUG AssetLoader          - Loading from cache: /assets/textures/vida.png
09:15:59.797 [JavaFX Application Thread] DEBUG AssetLoader          - Loading from cache: /assets/textures/bullet.png
09:15:59.800 [JavaFX Application Thread] DEBUG AssetLoader          - Loading from cache: /assets/textures/vida.png
09:15:59.800 [JavaFX Application Thread] DEBUG AssetLoader          - Loading from cache: /assets/textures/bullet.png
09:15:59.808 [JavaFX Application Thread] DEBUG AssetLoader          - Loading from cache: /assets/textures/vida.png
09:15:59.808 [JavaFX Application Thread] DEBUG AssetLoader          - Loading from cache: /assets/textures/bullet.png
09:15:59.811 [JavaFX Application Thread] DEBUG AssetLoader          - Loading from cache: /assets/textures/vida.png
09:15:59.812 [JavaFX Application Thread] DEBUG AssetLoader          - Loading from cache: /assets/textures/bullet.png
09:15:59.833 [JavaFX Application Thread] DEBUG AssetLoader          - Loading from file system: /assets/textures/enemy1.png
09:15:59.852 [JavaFX Application Thread] DEBUG AssetLoader          - Loading from cache: /assets/textures/vida.png
09:15:59.852 [JavaFX Application Thread] DEBUG AssetLoader          - Loading from cache: /assets/textures/bullet.png
09:15:59.861 [JavaFX Application Thread] DEBUG AssetLoader          - Loading from cache: /assets/textures/vida.png
09:15:59.861 [JavaFX Application Thread] DEBUG AssetLoader          - Loading from cache: /assets/textures/bullet.png
09:15:59.869 [JavaFX Application Thread] DEBUG AssetLoader          - Loading from cache: /assets/textures/vida.png
09:15:59.870 [JavaFX Application Thread] DEBUG AssetLoader          - Loading from cache: /assets/textures/bullet.png
09:15:59.876 [JavaFX Application Thread] DEBUG AssetLoader          - Loading from cache: /assets/textures/vida.png
09:15:59.876 [JavaFX Application Thread] DEBUG AssetLoader          - Loading from cache: /assets/textures/bullet.png
09:15:59.885 [JavaFX Application Thread] DEBUG AssetLoader          - Loading from cache: /assets/textures/vida.png
09:15:59.887 [JavaFX Application Thread] DEBUG AssetLoader          - Loading from cache: /assets/textures/bullet.png
09:15:59.893 [JavaFX Application Thread] DEBUG AssetLoader          - Loading from cache: /assets/textures/vida.png
09:15:59.893 [JavaFX Application Thread] DEBUG AssetLoader          - Loading from cache: /assets/textures/bullet.png
09:15:59.910 [JavaFX Application Thread] DEBUG AssetLoader          - Loading from cache: /assets/textures/vida.png
09:15:59.910 [JavaFX Application Thread] DEBUG AssetLoader          - Loading from cache: /assets/textures/bullet.png
09:15:59.923 [JavaFX Application Thread] DEBUG AssetLoader          - Loading from cache: /assets/textures/vida.png
09:15:59.924 [JavaFX Application Thread] DEBUG AssetLoader          - Loading from cache: /assets/textures/bullet.png
09:15:59.928 [JavaFX Application Thread] DEBUG AssetLoader          - Loading from cache: /assets/textures/vida.png
09:15:59.928 [JavaFX Application Thread] DEBUG AssetLoader          - Loading from cache: /assets/textures/bullet.png
09:15:59.936 [JavaFX Application Thread] DEBUG AssetLoader          - Loading from cache: /assets/textures/vida.png
09:15:59.937 [JavaFX Application Thread] DEBUG AssetLoader          - Loading from cache: /assets/textures/bullet.png
09:15:59.954 [JavaFX Application Thread] DEBUG AssetLoader          - Loading from cache: /assets/textures/vida.png
09:15:59.954 [JavaFX Application Thread] DEBUG AssetLoader          - Loading from cache: /assets/textures/bullet.png
09:15:59.959 [JavaFX Application Thread] DEBUG AssetLoader          - Loading from cache: /assets/textures/vida.png
09:15:59.959 [JavaFX Application Thread] DEBUG AssetLoader          - Loading from cache: /assets/textures/bullet.png
09:15:59.966 [JavaFX Application Thread] DEBUG AssetLoader          - Loading from cache: /assets/textures/vida.png
09:15:59.966 [JavaFX Application Thread] DEBUG AssetLoader          - Loading from cache: /assets/textures/bullet.png
09:15:59.970 [JavaFX Application Thread] DEBUG AssetLoader          - Loading from cache: /assets/textures/vida.png
09:15:59.970 [JavaFX Application Thread] DEBUG AssetLoader          - Loading from cache: /assets/textures/bullet.png
09:15:59.977 [JavaFX Application Thread] DEBUG AssetLoader          - Loading from cache: /assets/textures/vida.png
09:15:59.977 [JavaFX Application Thread] DEBUG AssetLoader          - Loading from cache: /assets/textures/bullet.png
09:15:59.988 [JavaFX Application Thread] DEBUG AssetLoader          - Loading from cache: /assets/textures/vida.png
09:15:59.989 [JavaFX Application Thread] DEBUG AssetLoader          - Loading from cache: /assets/textures/bullet.png
09:16:00.004 [JavaFX Application Thread] DEBUG AssetLoader          - Loading from cache: /assets/textures/vida.png
09:16:00.004 [JavaFX Application Thread] DEBUG AssetLoader          - Loading from cache: /assets/textures/bullet.png
09:16:00.014 [JavaFX Application Thread] DEBUG AssetLoader          - Loading from cache: /assets/textures/vida.png
09:16:00.015 [JavaFX Application Thread] DEBUG AssetLoader          - Loading from cache: /assets/textures/bullet.png
09:16:00.019 [JavaFX Application Thread] DEBUG AssetLoader          - Loading from cache: /assets/textures/vida.png
09:16:00.019 [JavaFX Application Thread] DEBUG AssetLoader          - Loading from cache: /assets/textures/bullet.png
09:16:00.035 [JavaFX Application Thread] DEBUG AssetLoader          - Loading from cache: /assets/textures/vida.png
09:16:00.035 [JavaFX Application Thread] DEBUG AssetLoader          - Loading from cache: /assets/textures/bullet.png
09:16:00.051 [JavaFX Application Thread] DEBUG AssetLoader          - Loading from cache: /assets/textures/vida.png
09:16:00.051 [JavaFX Application Thread] DEBUG AssetLoader          - Loading from cache: /assets/textures/bullet.png
09:16:00.056 [JavaFX Application Thread] DEBUG AssetLoader          - Loading from cache: /assets/textures/vida.png
09:16:00.057 [JavaFX Application Thread] DEBUG AssetLoader          - Loading from cache: /assets/textures/bullet.png
09:16:00.064 [JavaFX Application Thread] DEBUG AssetLoader          - Loading from cache: /assets/textures/vida.png
09:16:00.064 [JavaFX Application Thread] DEBUG AssetLoader          - Loading from cache: /assets/textures/bullet.png
09:16:00.067 [JavaFX Application Thread] DEBUG AssetLoader          - Loading from cache: /assets/textures/vida.png
09:16:00.067 [JavaFX Application Thread] DEBUG AssetLoader          - Loading from cache: /assets/textures/bullet.png
09:16:00.083 [JavaFX Application Thread] DEBUG AssetLoader          - Loading from cache: /assets/textures/vida.png
09:16:00.083 [JavaFX Application Thread] DEBUG AssetLoader          - Loading from cache: /assets/textures/bullet.png
09:16:00.099 [JavaFX Application Thread] DEBUG AssetLoader          - Loading from cache: /assets/textures/vida.png
09:16:00.100 [JavaFX Application Thread] DEBUG AssetLoader          - Loading from cache: /assets/textures/bullet.png
09:16:00.104 [JavaFX Application Thread] DEBUG AssetLoader          - Loading from cache: /assets/textures/vida.png
09:16:00.105 [JavaFX Application Thread] DEBUG AssetLoader          - Loading from cache: /assets/textures/bullet.png
09:16:00.116 [JavaFX Application Thread] DEBUG AssetLoader          - Loading from cache: /assets/textures/vida.png
09:16:00.116 [JavaFX Application Thread] DEBUG AssetLoader          - Loading from cache: /assets/textures/bullet.png
09:16:00.131 [JavaFX Application Thread] DEBUG AssetLoader          - Loading from cache: /assets/textures/vida.png
09:16:00.131 [JavaFX Application Thread] DEBUG AssetLoader          - Loading from cache: /assets/textures/bullet.png
09:16:00.142 [JavaFX Application Thread] DEBUG AssetLoader          - Loading from cache: /assets/textures/vida.png
09:16:00.142 [JavaFX Application Thread] DEBUG AssetLoader          - Loading from cache: /assets/textures/bullet.png
09:16:00.147 [JavaFX Application Thread] DEBUG AssetLoader          - Loading from cache: /assets/textures/vida.png
09:16:00.147 [JavaFX Application Thread] DEBUG AssetLoader          - Loading from cache: /assets/textures/bullet.png
09:16:00.163 [JavaFX Application Thread] DEBUG AssetLoader          - Loading from cache: /assets/textures/vida.png
09:16:00.163 [JavaFX Application Thread] DEBUG AssetLoader          - Loading from cache: /assets/textures/bullet.png
09:16:00.172 [JavaFX Application Thread] DEBUG AssetLoader          - Loading from cache: /assets/textures/vida.png
09:16:00.172 [JavaFX Application Thread] DEBUG AssetLoader          - Loading from cache: /assets/textures/bullet.png
09:16:00.178 [JavaFX Application Thread] DEBUG AssetLoader          - Loading from cache: /assets/textures/vida.png
09:16:00.178 [JavaFX Application Thread] DEBUG AssetLoader          - Loading from cache: /assets/textures/bullet.png
09:16:00.183 [JavaFX Application Thread] DEBUG AssetLoader          - Loading from cache: /assets/textures/vida.png
09:16:00.183 [JavaFX Application Thread] DEBUG AssetLoader          - Loading from cache: /assets/textures/bullet.png
09:16:00.190 [JavaFX Application Thread] DEBUG AssetLoader          - Loading from cache: /assets/textures/vida.png
09:16:00.190 [JavaFX Application Thread] DEBUG AssetLoader          - Loading from cache: /assets/textures/bullet.png
09:16:00.194 [JavaFX Application Thread] DEBUG AssetLoader          - Loading from cache: /assets/textures/vida.png
09:16:00.195 [JavaFX Application Thread] DEBUG AssetLoader          - Loading from cache: /assets/textures/bullet.png
09:16:00.220 [JavaFX Application Thread] DEBUG AssetLoader          - Loading from cache: /assets/textures/vida.png
09:16:00.220 [JavaFX Application Thread] DEBUG AssetLoader          - Loading from cache: /assets/textures/bullet.png
09:16:00.225 [JavaFX Application Thread] DEBUG AssetLoader          - Loading from cache: /assets/textures/vida.png
09:16:00.225 [JavaFX Application Thread] DEBUG AssetLoader          - Loading from cache: /assets/textures/bullet.png
09:16:00.226 [JavaFX Application Thread] DEBUG AssetLoader          - Loading from cache: /assets/textures/vida.png
09:16:00.226 [JavaFX Application Thread] DEBUG AssetLoader          - Loading from cache: /assets/textures/bullet.png
09:16:00.243 [JavaFX Application Thread] DEBUG AssetLoader          - Loading from cache: /assets/textures/vida.png
09:16:00.243 [JavaFX Application Thread] DEBUG AssetLoader          - Loading from cache: /assets/textures/bullet.png
09:16:00.257 [JavaFX Application Thread] DEBUG AssetLoader          - Loading from cache: /assets/textures/vida.png
09:16:00.257 [JavaFX Application Thread] DEBUG AssetLoader          - Loading from cache: /assets/textures/bullet.png
09:16:00.262 [JavaFX Application Thread] DEBUG AssetLoader          - Loading from cache: /assets/textures/vida.png
09:16:00.262 [JavaFX Application Thread] DEBUG AssetLoader          - Loading from cache: /assets/textures/bullet.png
09:16:00.268 [JavaFX Application Thread] DEBUG AssetLoader          - Loading from cache: /assets/textures/vida.png
09:16:00.269 [JavaFX Application Thread] DEBUG AssetLoader          - Loading from cache: /assets/textures/bullet.png
09:16:00.275 [JavaFX Application Thread] DEBUG AssetLoader          - Loading from cache: /assets/textures/vida.png
09:16:00.275 [JavaFX Application Thread] DEBUG AssetLoader          - Loading from cache: /assets/textures/bullet.png
09:16:00.291 [JavaFX Application Thread] DEBUG AssetLoader          - Loading from cache: /assets/textures/vida.png
09:16:00.292 [JavaFX Application Thread] DEBUG AssetLoader          - Loading from cache: /assets/textures/bullet.png
09:16:00.299 [JavaFX Application Thread] DEBUG AssetLoader          - Loading from cache: /assets/textures/vida.png
09:16:00.299 [JavaFX Application Thread] DEBUG AssetLoader          - Loading from cache: /assets/textures/bullet.png
09:16:00.304 [JavaFX Application Thread] DEBUG AssetLoader          - Loading from cache: /assets/textures/vida.png
09:16:00.304 [JavaFX Application Thread] DEBUG AssetLoader          - Loading from cache: /assets/textures/bullet.png
09:16:00.307 [JavaFX Application Thread] DEBUG AssetLoader          - Loading from cache: /assets/textures/vida.png
09:16:00.307 [JavaFX Application Thread] DEBUG AssetLoader          - Loading from cache: /assets/textures/bullet.png
09:16:00.324 [JavaFX Application Thread] DEBUG AssetLoader          - Loading from cache: /assets/textures/vida.png
09:16:00.324 [JavaFX Application Thread] DEBUG AssetLoader          - Loading from cache: /assets/textures/bullet.png
09:16:00.339 [JavaFX Application Thread] DEBUG AssetLoader          - Loading from cache: /assets/textures/vida.png
09:16:00.340 [JavaFX Application Thread] DEBUG AssetLoader          - Loading from cache: /assets/textures/bullet.png
09:16:00.344 [JavaFX Application Thread] DEBUG AssetLoader          - Loading from cache: /assets/textures/vida.png
09:16:00.345 [JavaFX Application Thread] DEBUG AssetLoader          - Loading from cache: /assets/textures/bullet.png
09:16:00.355 [JavaFX Application Thread] DEBUG AssetLoader          - Loading from cache: /assets/textures/vida.png
09:16:00.356 [JavaFX Application Thread] DEBUG AssetLoader          - Loading from cache: /assets/textures/bullet.png
09:16:00.372 [JavaFX Application Thread] DEBUG AssetLoader          - Loading from cache: /assets/textures/vida.png
09:16:00.373 [JavaFX Application Thread] DEBUG AssetLoader          - Loading from cache: /assets/textures/bullet.png
09:16:00.377 [JavaFX Application Thread] DEBUG AssetLoader          - Loading from cache: /assets/textures/vida.png
09:16:00.378 [JavaFX Application Thread] DEBUG AssetLoader          - Loading from cache: /assets/textures/bullet.png
09:16:00.382 [JavaFX Application Thread] DEBUG AssetLoader          - Loading from cache: /assets/textures/vida.png
09:16:00.382 [JavaFX Application Thread] DEBUG AssetLoader          - Loading from cache: /assets/textures/bullet.png
09:16:00.387 [JavaFX Application Thread] DEBUG AssetLoader          - Loading from cache: /assets/textures/vida.png
09:16:00.387 [JavaFX Application Thread] DEBUG AssetLoader          - Loading from cache: /assets/textures/bullet.png
09:16:00.402 [JavaFX Application Thread] DEBUG AssetLoader          - Loading from cache: /assets/textures/vida.png
09:16:00.402 [JavaFX Application Thread] DEBUG AssetLoader          - Loading from cache: /assets/textures/bullet.png
09:16:00.419 [JavaFX Application Thread] DEBUG AssetLoader          - Loading from cache: /assets/textures/vida.png
09:16:00.419 [JavaFX Application Thread] DEBUG AssetLoader          - Loading from cache: /assets/textures/bullet.png
09:16:00.426 [JavaFX Application Thread] DEBUG AssetLoader          - Loading from cache: /assets/textures/vida.png
09:16:00.426 [JavaFX Application Thread] DEBUG AssetLoader          - Loading from cache: /assets/textures/bullet.png
09:16:00.432 [JavaFX Application Thread] DEBUG AssetLoader          - Loading from cache: /assets/textures/vida.png
09:16:00.432 [JavaFX Application Thread] DEBUG AssetLoader          - Loading from cache: /assets/textures/bullet.png
09:16:00.436 [JavaFX Application Thread] DEBUG AssetLoader          - Loading from cache: /assets/textures/vida.png
09:16:00.436 [JavaFX Application Thread] DEBUG AssetLoader          - Loading from cache: /assets/textures/bullet.png
09:16:00.455 [JavaFX Application Thread] DEBUG AssetLoader          - Loading from cache: /assets/textures/vida.png
09:16:00.457 [JavaFX Application Thread] DEBUG AssetLoader          - Loading from cache: /assets/textures/bullet.png
09:16:00.462 [JavaFX Application Thread] DEBUG AssetLoader          - Loading from cache: /assets/textures/vida.png
09:16:00.462 [JavaFX Application Thread] DEBUG AssetLoader          - Loading from cache: /assets/textures/bullet.png
09:16:00.488 [JavaFX Application Thread] DEBUG AssetLoader          - Loading from cache: /assets/textures/vida.png
09:16:00.489 [JavaFX Application Thread] DEBUG AssetLoader          - Loading from cache: /assets/textures/bullet.png
09:16:00.492 [JavaFX Application Thread] DEBUG AssetLoader          - Loading from cache: /assets/textures/vida.png
09:16:00.492 [JavaFX Application Thread] DEBUG AssetLoader          - Loading from cache: /assets/textures/bullet.png
09:16:00.499 [JavaFX Application Thread] DEBUG AssetLoader          - Loading from cache: /assets/textures/vida.png
09:16:00.499 [JavaFX Application Thread] DEBUG AssetLoader          - Loading from cache: /assets/textures/bullet.png
09:16:00.503 [JavaFX Application Thread] DEBUG AssetLoader          - Loading from cache: /assets/textures/vida.png
09:16:00.503 [JavaFX Application Thread] DEBUG AssetLoader          - Loading from cache: /assets/textures/bullet.png
09:16:00.510 [JavaFX Application Thread] DEBUG AssetLoader          - Loading from cache: /assets/textures/vida.png
09:16:00.510 [JavaFX Application Thread] DEBUG AssetLoader          - Loading from cache: /assets/textures/bullet.png
09:16:00.531 [JavaFX Application Thread] DEBUG AssetLoader          - Loading from cache: /assets/textures/vida.png
09:16:00.531 [JavaFX Application Thread] DEBUG AssetLoader          - Loading from cache: /assets/textures/bullet.png
09:16:00.535 [JavaFX Application Thread] DEBUG AssetLoader          - Loading from cache: /assets/textures/vida.png
09:16:00.535 [JavaFX Application Thread] DEBUG AssetLoader          - Loading from cache: /assets/textures/bullet.png
09:16:00.548 [JavaFX Application Thread] DEBUG AssetLoader          - Loading from cache: /assets/textures/vida.png
09:16:00.548 [JavaFX Application Thread] DEBUG AssetLoader          - Loading from cache: /assets/textures/bullet.png
09:16:00.553 [JavaFX Application Thread] DEBUG AssetLoader          - Loading from cache: /assets/textures/vida.png
09:16:00.553 [JavaFX Application Thread] DEBUG AssetLoader          - Loading from cache: /assets/textures/bullet.png
09:16:00.558 [JavaFX Application Thread] DEBUG AssetLoader          - Loading from cache: /assets/textures/vida.png
09:16:00.559 [JavaFX Application Thread] DEBUG AssetLoader          - Loading from cache: /assets/textures/bullet.png
09:16:00.581 [JavaFX Application Thread] DEBUG AssetLoader          - Loading from cache: /assets/textures/vida.png
09:16:00.581 [JavaFX Application Thread] DEBUG AssetLoader          - Loading from cache: /assets/textures/bullet.png
09:16:00.584 [JavaFX Application Thread] DEBUG AssetLoader          - Loading from cache: /assets/textures/vida.png
09:16:00.585 [JavaFX Application Thread] DEBUG AssetLoader          - Loading from cache: /assets/textures/bullet.png
09:16:00.595 [JavaFX Application Thread] DEBUG AssetLoader          - Loading from cache: /assets/textures/vida.png
09:16:00.595 [JavaFX Application Thread] DEBUG AssetLoader          - Loading from cache: /assets/textures/bullet.png
09:16:00.606 [JavaFX Application Thread] DEBUG AssetLoader          - Loading from cache: /assets/textures/vida.png
09:16:00.607 [JavaFX Application Thread] DEBUG AssetLoader          - Loading from cache: /assets/textures/bullet.png
09:16:00.629 [JavaFX Application Thread] DEBUG AssetLoader          - Loading from cache: /assets/textures/vida.png
09:16:00.629 [JavaFX Application Thread] DEBUG AssetLoader          - Loading from cache: /assets/textures/bullet.png
09:16:00.632 [JavaFX Application Thread] DEBUG AssetLoader          - Loading from cache: /assets/textures/vida.png
09:16:00.632 [JavaFX Application Thread] DEBUG AssetLoader          - Loading from cache: /assets/textures/bullet.png
09:16:00.644 [JavaFX Application Thread] DEBUG AssetLoader          - Loading from cache: /assets/textures/vida.png
09:16:00.644 [JavaFX Application Thread] DEBUG AssetLoader          - Loading from cache: /assets/textures/bullet.png
09:16:00.649 [JavaFX Application Thread] DEBUG AssetLoader          - Loading from cache: /assets/textures/vida.png
09:16:00.649 [JavaFX Application Thread] DEBUG AssetLoader          - Loading from cache: /assets/textures/bullet.png
09:16:00.656 [JavaFX Application Thread] DEBUG AssetLoader          - Loading from cache: /assets/textures/vida.png
09:16:00.656 [JavaFX Application Thread] DEBUG AssetLoader          - Loading from cache: /assets/textures/bullet.png
09:16:00.658 [JavaFX Application Thread] DEBUG AssetLoader          - Loading from cache: /assets/textures/vida.png
09:16:00.658 [JavaFX Application Thread] DEBUG AssetLoader          - Loading from cache: /assets/textures/bullet.png
09:16:00.687 [JavaFX Application Thread] DEBUG AssetLoader          - Loading from cache: /assets/textures/vida.png
09:16:00.687 [JavaFX Application Thread] DEBUG AssetLoader          - Loading from cache: /assets/textures/bullet.png
09:16:00.691 [JavaFX Application Thread] DEBUG AssetLoader          - Loading from cache: /assets/textures/vida.png
09:16:00.691 [JavaFX Application Thread] DEBUG AssetLoader          - Loading from cache: /assets/textures/bullet.png
09:16:00.699 [JavaFX Application Thread] DEBUG AssetLoader          - Loading from cache: /assets/textures/vida.png
09:16:00.699 [JavaFX Application Thread] DEBUG AssetLoader          - Loading from cache: /assets/textures/bullet.png
09:16:00.707 [JavaFX Application Thread] DEBUG AssetLoader          - Loading from cache: /assets/textures/vida.png
09:16:00.708 [JavaFX Application Thread] DEBUG AssetLoader          - Loading from cache: /assets/textures/bullet.png
09:16:00.723 [JavaFX Application Thread] DEBUG AssetLoader          - Loading from cache: /assets/textures/vida.png
09:16:00.723 [JavaFX Application Thread] DEBUG AssetLoader          - Loading from cache: /assets/textures/bullet.png
09:16:00.733 [JavaFX Application Thread] DEBUG AssetLoader          - Loading from cache: /assets/textures/vida.png
09:16:00.733 [JavaFX Application Thread] DEBUG AssetLoader          - Loading from cache: /assets/textures/bullet.png
09:16:00.738 [JavaFX Application Thread] DEBUG AssetLoader          - Loading from cache: /assets/textures/vida.png
09:16:00.738 [JavaFX Application Thread] DEBUG AssetLoader          - Loading from cache: /assets/textures/bullet.png
09:16:00.755 [JavaFX Application Thread] DEBUG AssetLoader          - Loading from cache: /assets/textures/vida.png
09:16:00.755 [JavaFX Application Thread] DEBUG AssetLoader          - Loading from cache: /assets/textures/bullet.png
09:16:00.765 [JavaFX Application Thread] DEBUG AssetLoader          - Loading from cache: /assets/textures/vida.png
09:16:00.766 [JavaFX Application Thread] DEBUG AssetLoader          - Loading from cache: /assets/textures/bullet.png
09:16:00.772 [JavaFX Application Thread] DEBUG AssetLoader          - Loading from cache: /assets/textures/vida.png
09:16:00.773 [JavaFX Application Thread] DEBUG AssetLoader          - Loading from cache: /assets/textures/bullet.png
09:16:00.777 [JavaFX Application Thread] DEBUG AssetLoader          - Loading from cache: /assets/textures/vida.png
09:16:00.777 [JavaFX Application Thread] DEBUG AssetLoader          - Loading from cache: /assets/textures/bullet.png
09:16:00.784 [JavaFX Application Thread] DEBUG AssetLoader          - Loading from cache: /assets/textures/vida.png
09:16:00.784 [JavaFX Application Thread] DEBUG AssetLoader          - Loading from cache: /assets/textures/bullet.png
09:16:00.788 [JavaFX Application Thread] DEBUG AssetLoader          - Loading from cache: /assets/textures/vida.png
09:16:00.788 [JavaFX Application Thread] DEBUG AssetLoader          - Loading from cache: /assets/textures/bullet.png
09:16:00.802 [JavaFX Application Thread] DEBUG AssetLoader          - Loading from cache: /assets/textures/vida.png
09:16:00.803 [JavaFX Application Thread] DEBUG AssetLoader          - Loading from cache: /assets/textures/bullet.png
09:16:00.813 [JavaFX Application Thread] DEBUG AssetLoader          - Loading from cache: /assets/textures/vida.png
09:16:00.814 [JavaFX Application Thread] DEBUG AssetLoader          - Loading from cache: /assets/textures/bullet.png
09:16:00.819 [JavaFX Application Thread] DEBUG AssetLoader          - Loading from cache: /assets/textures/vida.png
09:16:00.820 [JavaFX Application Thread] DEBUG AssetLoader          - Loading from cache: /assets/textures/bullet.png
09:16:00.827 [JavaFX Application Thread] DEBUG AssetLoader          - Loading from cache: /assets/textures/vida.png
09:16:00.827 [JavaFX Application Thread] DEBUG AssetLoader          - Loading from cache: /assets/textures/bullet.png
09:16:00.835 [JavaFX Application Thread] DEBUG AssetLoader          - Loading from cache: /assets/textures/vida.png
09:16:00.835 [JavaFX Application Thread] DEBUG AssetLoader          - Loading from cache: /assets/textures/bullet.png
09:16:00.852 [JavaFX Application Thread] DEBUG AssetLoader          - Loading from cache: /assets/textures/vida.png
09:16:00.852 [JavaFX Application Thread] DEBUG AssetLoader          - Loading from cache: /assets/textures/bullet.png
09:16:00.862 [JavaFX Application Thread] DEBUG AssetLoader          - Loading from cache: /assets/textures/vida.png
09:16:00.862 [JavaFX Application Thread] DEBUG AssetLoader          - Loading from cache: /assets/textures/bullet.png
09:16:00.868 [JavaFX Application Thread] DEBUG AssetLoader          - Loading from cache: /assets/textures/vida.png
09:16:00.868 [JavaFX Application Thread] DEBUG AssetLoader          - Loading from cache: /assets/textures/bullet.png
09:16:00.883 [JavaFX Application Thread] DEBUG AssetLoader          - Loading from cache: /assets/textures/vida.png
09:16:00.883 [JavaFX Application Thread] DEBUG AssetLoader          - Loading from cache: /assets/textures/bullet.png
09:16:00.893 [JavaFX Application Thread] DEBUG AssetLoader          - Loading from cache: /assets/textures/vida.png
09:16:00.894 [JavaFX Application Thread] DEBUG AssetLoader          - Loading from cache: /assets/textures/bullet.png
09:16:00.900 [JavaFX Application Thread] DEBUG AssetLoader          - Loading from cache: /assets/textures/vida.png
09:16:00.900 [JavaFX Application Thread] DEBUG AssetLoader          - Loading from cache: /assets/textures/bullet.png
09:16:00.904 [JavaFX Application Thread] DEBUG AssetLoader          - Loading from cache: /assets/textures/vida.png
09:16:00.904 [JavaFX Application Thread] DEBUG AssetLoader          - Loading from cache: /assets/textures/bullet.png
09:16:00.925 [JavaFX Application Thread] DEBUG AssetLoader          - Loading from cache: /assets/textures/vida.png
09:16:00.925 [JavaFX Application Thread] DEBUG AssetLoader          - Loading from cache: /assets/textures/bullet.png
09:16:00.928 [JavaFX Application Thread] DEBUG AssetLoader          - Loading from cache: /assets/textures/vida.png
09:16:00.929 [JavaFX Application Thread] DEBUG AssetLoader          - Loading from cache: /assets/textures/bullet.png
09:16:00.931 [JavaFX Application Thread] DEBUG AssetLoader          - Loading from cache: /assets/textures/vida.png
09:16:00.931 [JavaFX Application Thread] DEBUG AssetLoader          - Loading from cache: /assets/textures/bullet.png
09:16:00.947 [JavaFX Application Thread] DEBUG AssetLoader          - Loading from cache: /assets/textures/vida.png
09:16:00.947 [JavaFX Application Thread] DEBUG AssetLoader          - Loading from cache: /assets/textures/bullet.png
09:16:00.962 [JavaFX Application Thread] DEBUG AssetLoader          - Loading from cache: /assets/textures/vida.png
09:16:00.962 [JavaFX Application Thread] DEBUG AssetLoader          - Loading from cache: /assets/textures/bullet.png
09:16:00.979 [JavaFX Application Thread] DEBUG AssetLoader          - Loading from cache: /assets/textures/vida.png
09:16:00.979 [JavaFX Application Thread] DEBUG AssetLoader          - Loading from cache: /assets/textures/bullet.png
09:16:00.989 [JavaFX Application Thread] DEBUG AssetLoader          - Loading from cache: /assets/textures/vida.png
09:16:00.989 [JavaFX Application Thread] DEBUG AssetLoader          - Loading from cache: /assets/textures/bullet.png
09:16:00.994 [JavaFX Application Thread] DEBUG AssetLoader          - Loading from cache: /assets/textures/vida.png
09:16:00.994 [JavaFX Application Thread] DEBUG AssetLoader          - Loading from cache: /assets/textures/bullet.png
09:16:01.011 [JavaFX Application Thread] DEBUG AssetLoader          - Loading from cache: /assets/textures/vida.png
09:16:01.011 [JavaFX Application Thread] DEBUG AssetLoader          - Loading from cache: /assets/textures/bullet.png
09:16:01.027 [JavaFX Application Thread] DEBUG AssetLoader          - Loading from cache: /assets/textures/vida.png
09:16:01.027 [JavaFX Application Thread] DEBUG AssetLoader          - Loading from cache: /assets/textures/bullet.png
09:16:01.082 [JavaFX Application Thread] DEBUG Engine               - Exiting FXGL
09:16:01.082 [JavaFX Application Thread] DEBUG Engine               - Shutting down background threads
09:16:01.083 [JavaFX Application Thread] DEBUG Engine               - Saving FXGL system data
09:16:01.087 [JavaFX Application Thread] DEBUG FSServiceImpl        - Writing to: C:\Users\daron\Downloads\workspace\Programas java\Avanzado\Game2D\system\fxgl.bundle
09:16:01.091 [JavaFX Application Thread] DEBUG Engine               - Closing logger and exiting JavaFX
