08:41:18.199 [main                     ] DEBUG GameApplication      - Logger initialized
08:41:18.203 [main                     ] DEBUG GameApplication      - Logging settings
Title: Nuke Dungeons
Version: 0.3
Width: 750
Height: 750
Fullscreen: true
Intro: false
Menus: false
Profiling: false
Single step:false
App Mode: DEVELOPER
Menu Key: ESCAPE
Stage Style: DECORATED
Scene Factory: class com.almasb.fxgl.app.SceneFactory
Dialog Factory: class com.almasb.fxgl.ui.FXGLDialogFactory
UI Factory: class com.almasb.fxgl.ui.FXGLUIFactory

08:41:18.856 [JavaFX Application Thread] DEBUG Engine               - Initializing FXGL
08:41:18.857 [JavaFX Application Thread] INFO  Engine               - FXGL-11.4 (06.08.2019 18.29) on WINDOWS (J:18.0.2 FX:12.0.1)
08:41:18.857 [JavaFX Application Thread] INFO  Engine               - Source code and latest versions at: https://github.com/AlmasB/FXGL
08:41:18.857 [JavaFX Application Thread] INFO  Engine               -              Join the FXGL chat at: https://gitter.im/AlmasB/FXGL
08:41:18.862 [JavaFX Application Thread] DEBUG Engine               - Adding new engine service: class com.almasb.fxgl.audio.AudioPlayer
08:41:18.863 [JavaFX Application Thread] DEBUG Engine               - Adding new engine service: class com.almasb.fxgl.notification.impl.NotificationServiceProvider
08:41:18.864 [JavaFX Application Thread] DEBUG Engine               - Adding new engine service: class com.almasb.fxgl.achievement.AchievementManager
08:41:18.873 [JavaFX Application Thread] DEBUG FS                   - Loaded FSServiceImpl
08:41:18.873 [JavaFX Application Thread] DEBUG SaveLoadManager      - Checking profiles dir: profiles/
08:41:18.874 [JavaFX Application Thread] DEBUG Engine               - Loading localizations
08:41:18.891 [JavaFX Application Thread] DEBUG AssetLoader          - Loading from file system: /assets/properties/languages/english.properties
08:41:18.896 [JavaFX Application Thread] DEBUG AssetLoader          - Loading from file system: /assets/properties/languages/french.properties
08:41:18.898 [JavaFX Application Thread] DEBUG AssetLoader          - Loading from file system: /assets/properties/languages/german.properties
08:41:18.900 [JavaFX Application Thread] DEBUG AssetLoader          - Loading from file system: /assets/properties/languages/russian.properties
08:41:18.902 [JavaFX Application Thread] DEBUG AssetLoader          - Loading from file system: /assets/properties/languages/hungarian.properties
08:41:18.904 [JavaFX Application Thread] DEBUG Engine               - Registering font factories
08:41:18.905 [JavaFX Application Thread] DEBUG AssetLoader          - Loading from file system: /assets/ui/fonts/VarelaRound-Regular.ttf
08:41:19.030 [JavaFX Application Thread] DEBUG AssetLoader          - Loading from file system: /assets/ui/fonts/Abel-Regular.ttf
08:41:19.037 [JavaFX Application Thread] DEBUG AssetLoader          - Loading from file system: /assets/ui/fonts/lucida_console.ttf
08:41:19.045 [JavaFX Application Thread] DEBUG AssetLoader          - Loading from file system: /assets/ui/fonts/Courier-Prime.ttf
08:41:19.053 [JavaFX Application Thread] DEBUG Engine               - Setting UI factory
08:41:19.202 [JavaFX Application Thread] DEBUG AssetLoader          - Loading from file system: /assets/textures/fxgl_logo.png
08:41:19.301 [JavaFX Application Thread] DEBUG MainWindow           - Creating a JavaFX scene
08:41:19.371 [JavaFX Application Thread] DEBUG MainWindow           - Target settings size: 750.0 x 750.0
08:41:19.371 [JavaFX Application Thread] DEBUG MainWindow           - Scaled scene size:    750.0 x 750.0
08:41:19.371 [JavaFX Application Thread] DEBUG MainWindow           - Scaled ratio: (1.0, 1.0)
08:41:19.373 [JavaFX Application Thread] DEBUG MainWindow           - Applying CSS: fxgl_dark.css
08:41:19.374 [JavaFX Application Thread] DEBUG AssetLoader          - Loading from file system: /assets/ui/css/fxgl_dark.css
08:41:19.375 [JavaFX Application Thread] DEBUG AssetLoader          - Loading from file system: /assets/ui/cursors/fxgl_default.png
08:41:19.385 [JavaFX Application Thread] DEBUG Input                - Clearing active input actions
08:41:19.385 [JavaFX Application Thread] DEBUG MainWindow           - StartupScene -> StartupScene
08:41:19.391 [JavaFX Application Thread] DEBUG AssetLoader          - Loading from file system: /assets/textures/fxgl_icon.png
08:41:19.423 [JavaFX Application Thread] DEBUG MainWindow           - Opening main window
08:41:19.645 [JavaFX Application Thread] DEBUG MainWindow           - Window border size: (14.79998779296875, 38.0)
08:41:19.645 [JavaFX Application Thread] DEBUG MainWindow           - Scaled size: 750.0 x 750.0
08:41:19.645 [JavaFX Application Thread] DEBUG MainWindow           - Scaled ratio: (1.0, 1.0)
08:41:19.645 [JavaFX Application Thread] DEBUG MainWindow           - Scene size: 750.0 x 750.0
08:41:19.645 [JavaFX Application Thread] DEBUG MainWindow           - Stage size: 764.7999877929688 x 788.0
08:41:19.655 [FXGL Background Thread 1 ] DEBUG FS                   - Loaded FSServiceImpl
08:41:19.655 [FXGL Background Thread 1 ] DEBUG Engine               - Loading FXGL system data
08:41:19.665 [FXGL Background Thread 1 ] DEBUG FSServiceImpl        - Reading from: C:\Users\daron\Downloads\workspace\Programas java\Avanzado\Game2D\system\fxgl.bundle
08:41:19.691 [FXGL Background Thread 1 ] DEBUG Engine               - Bundle FXGL: {}
08:41:19.691 [FXGL Background Thread 1 ] DEBUG Engine               - Initializing application scenes
08:41:19.734 [FXGL Background Thread 1 ] DEBUG GameWorld            - Game world initialized
08:41:19.808 [FXGL Background Thread 1 ] DEBUG PhysicsWorld         - Physics world initialized: appHeight=750, physics.ppm=50,0
08:41:19.810 [FXGL Background Thread 1 ] DEBUG GameScene            - Game scene initialized: 750x750
08:41:19.852 [FXGL Background Thread 1 ] DEBUG Input                - Registered new binding: Resume - Esc
08:41:19.852 [FXGL Background Thread 1 ] DEBUG AssetLoader          - Loading from file system: /assets/textures/pause_menu_bg.png
08:41:19.890 [FXGL Background Thread 1 ] DEBUG Input                - Registered new binding: Pause - Esc
08:41:19.890 [FXGL Background Thread 1 ] DEBUG Engine               - Application scenes initialized
08:41:19.896 [JavaFX Application Thread] DEBUG Engine               - Running preInit()
08:41:19.897 [JavaFX Application Thread] DEBUG Input                - Registered new binding: MoveUp - W
08:41:19.897 [JavaFX Application Thread] DEBUG Input                - Registered new binding: MoveDown - S
08:41:19.897 [JavaFX Application Thread] DEBUG Input                - Registered new binding: MoveRight - D
08:41:19.897 [JavaFX Application Thread] DEBUG Input                - Registered new binding: MoveLeft - A
08:41:19.899 [JavaFX Application Thread] DEBUG Input                - Registered new binding: Shoot - LMB
08:41:19.900 [JavaFX Application Thread] DEBUG Input                - Registered new binding: Screenshot - P
08:41:19.900 [JavaFX Application Thread] DEBUG Input                - Registered new binding: System info dump - CTRL+9
08:41:19.901 [JavaFX Application Thread] DEBUG Input                - Registered new binding: Restart - CTRL+R
08:41:19.901 [JavaFX Application Thread] DEBUG Engine               - generateDefaultProfile()
08:41:19.901 [JavaFX Application Thread] DEBUG Engine               - Creating default profile
08:41:19.902 [JavaFX Application Thread] DEBUG EventBus             - Firing event: SaveEvent
08:41:19.914 [JavaFX Application Thread] DEBUG Engine               - Logging environment variables
08:41:19.914 [JavaFX Application Thread] DEBUG Engine               - achievements: []
08:41:19.914 [JavaFX Application Thread] DEBUG Engine               - language: ObjectProperty [value: ENGLISH]
08:41:19.914 [JavaFX Application Thread] DEBUG Engine               - isCloseConfirmation: false
08:41:19.914 [JavaFX Application Thread] DEBUG Engine               - isProfilingEnabled: false
08:41:19.914 [JavaFX Application Thread] DEBUG Engine               - soundNotification: core/notification.wav
08:41:19.915 [JavaFX Application Thread] DEBUG Engine               - devShowBBoxProperty: BooleanProperty [value: false]
08:41:19.915 [JavaFX Application Thread] DEBUG Engine               - pixelsPerMeter: 50.0
08:41:19.915 [JavaFX Application Thread] DEBUG Engine               - overlayRoot: Group@16ec9f76
08:41:19.915 [JavaFX Application Thread] DEBUG Engine               - appIcon: fxgl_icon.png
08:41:19.915 [JavaFX Application Thread] DEBUG Engine               - soundMenuBack: menu/back.wav
08:41:19.915 [JavaFX Application Thread] DEBUG Engine               - isFullScreenAllowed: true
08:41:19.915 [JavaFX Application Thread] DEBUG Engine               - isIntroEnabled: false
08:41:19.915 [JavaFX Application Thread] DEBUG Engine               - eventBus: com.almasb.fxgl.event.EventBus@52122501
08:41:19.915 [JavaFX Application Thread] DEBUG Engine               - fontMono: lucida_console.ttf
08:41:19.916 [JavaFX Application Thread] DEBUG Engine               - soundMenuSelect: menu/select.wav
08:41:19.916 [JavaFX Application Thread] DEBUG Engine               - isWindows: true
08:41:19.916 [JavaFX Application Thread] DEBUG Engine               - isMobile: false
08:41:19.916 [JavaFX Application Thread] DEBUG Engine               - height: 750
08:41:19.916 [JavaFX Application Thread] DEBUG Engine               - isExperimentalNative: false
08:41:19.916 [JavaFX Application Thread] DEBUG Engine               - isSingleStep: false
08:41:19.916 [JavaFX Application Thread] DEBUG Engine               - cSSList: [fxgl_dark.css]
08:41:19.916 [JavaFX Application Thread] DEBUG Engine               - fontGame: Abel-Regular.ttf
08:41:19.916 [JavaFX Application Thread] DEBUG Engine               - menuKey: ESCAPE
08:41:19.916 [JavaFX Application Thread] DEBUG Engine               - devShowPositionProperty: BooleanProperty [value: false]
08:41:19.916 [JavaFX Application Thread] DEBUG Engine               - versionCheckDays: 7
08:41:19.917 [JavaFX Application Thread] DEBUG Engine               - masterTimer: com.almasb.fxgl.time.Timer@61d7f767
08:41:19.917 [JavaFX Application Thread] DEBUG Engine               - configClass: Optional.empty
08:41:19.917 [JavaFX Application Thread] DEBUG Engine               - version: 0.3
08:41:19.917 [JavaFX Application Thread] DEBUG Engine               - fullScreen: BooleanProperty [value: false]
08:41:19.917 [JavaFX Application Thread] DEBUG Engine               - dialogFactory: com.almasb.fxgl.ui.FXGLDialogFactory@6d2fb48f
08:41:19.917 [JavaFX Application Thread] DEBUG Engine               - applicationMode: DEVELOPER
08:41:19.917 [JavaFX Application Thread] DEBUG Engine               - isMac: false
08:41:19.917 [JavaFX Application Thread] DEBUG Engine               - urlGoogleForms: https://goo.gl/forms/6wrMnOBxTE1fEpOy2
08:41:19.917 [JavaFX Application Thread] DEBUG Engine               - isMenuEnabled: false
08:41:19.917 [JavaFX Application Thread] DEBUG Engine               - urlPOM: https://raw.githubusercontent.com/AlmasB/FXGL/master/pom.xml
08:41:19.917 [JavaFX Application Thread] DEBUG Engine               - profileName: user.profile
08:41:19.917 [JavaFX Application Thread] DEBUG Engine               - notificationViewClass: class com.almasb.fxgl.notification.view.XboxNotificationView
08:41:19.918 [JavaFX Application Thread] DEBUG Engine               - devSensorColorProperty: ObjectProperty [value: 0xffff00ff]
08:41:19.918 [JavaFX Application Thread] DEBUG Engine               - sceneFactory: com.almasb.fxgl.app.SceneFactory@14861bc2
08:41:19.918 [JavaFX Application Thread] DEBUG Engine               - dataFileExt: .dat
08:41:19.918 [JavaFX Application Thread] DEBUG Engine               - stageStyle: DECORATED
08:41:19.918 [JavaFX Application Thread] DEBUG Engine               - isManualResizeEnabled: false
08:41:19.918 [JavaFX Application Thread] DEBUG Engine               - title: Nuke Dungeons
08:41:19.918 [JavaFX Application Thread] DEBUG Engine               - platform: WINDOWS
08:41:19.918 [JavaFX Application Thread] DEBUG Engine               - devBBoxColorProperty: ObjectProperty [value: 0xff0000ff]
08:41:19.918 [JavaFX Application Thread] DEBUG Engine               - isDesktop: true
08:41:19.919 [JavaFX Application Thread] DEBUG Engine               - credits: []
08:41:19.919 [JavaFX Application Thread] DEBUG Engine               - globalMusicVolumeProperty: DoubleProperty [value: 0.5]
08:41:19.919 [JavaFX Application Thread] DEBUG Engine               - isPreserveResizeRatio: false
08:41:19.919 [JavaFX Application Thread] DEBUG Engine               - uIFactory: com.almasb.fxgl.ui.FXGLUIFactory@57ff0e7e
08:41:19.919 [JavaFX Application Thread] DEBUG Engine               - fontText: Courier-Prime.ttf
08:41:19.919 [JavaFX Application Thread] DEBUG Engine               - isExperimentalTiledLargeMap: false
08:41:19.919 [JavaFX Application Thread] DEBUG Engine               - secondsIn24h: 60
08:41:19.919 [JavaFX Application Thread] DEBUG Engine               - runtimeInfo: RuntimeInfo(platform=WINDOWS, version=11.4, build=06.08.2019 18.29)
08:41:19.919 [JavaFX Application Thread] DEBUG Engine               - soundMenuPress: menu/press.wav
08:41:19.919 [JavaFX Application Thread] DEBUG Engine               - urlGithub: https://github.com/AlmasB/FXGL
08:41:19.919 [JavaFX Application Thread] DEBUG Engine               - isLinux: false
08:41:19.920 [JavaFX Application Thread] DEBUG Engine               - profileDir: profiles/
08:41:19.920 [JavaFX Application Thread] DEBUG Engine               - isDeveloperMenuEnabled: false
08:41:19.920 [JavaFX Application Thread] DEBUG Engine               - globalSoundVolumeProperty: DoubleProperty [value: 0.5]
08:41:19.920 [JavaFX Application Thread] DEBUG Engine               - isBrowser: false
08:41:19.920 [JavaFX Application Thread] DEBUG Engine               - globalSoundVolume: 0.5
08:41:19.920 [JavaFX Application Thread] DEBUG Engine               - urlLeaderboard: http://fxgl-top.herokuapp.com/
08:41:19.920 [JavaFX Application Thread] DEBUG Engine               - saveDir: saves/
08:41:19.920 [JavaFX Application Thread] DEBUG Engine               - engineServices: [class com.almasb.fxgl.audio.AudioPlayer, class com.almasb.fxgl.notification.impl.NotificationServiceProvider, class com.almasb.fxgl.achievement.AchievementManager]
08:41:19.920 [JavaFX Application Thread] DEBUG Engine               - globalMusicVolume: 0.5
08:41:19.920 [JavaFX Application Thread] DEBUG Engine               - width: 750
08:41:19.921 [JavaFX Application Thread] DEBUG Engine               - saveFileExt: .sav
08:41:19.921 [JavaFX Application Thread] DEBUG Engine               - isAndroid: false
08:41:19.921 [JavaFX Application Thread] DEBUG Engine               - fontUI: VarelaRound-Regular.ttf
08:41:19.921 [JavaFX Application Thread] DEBUG Engine               - enabledMenuItems: []
08:41:19.921 [JavaFX Application Thread] DEBUG Engine               - isIOS: false
08:41:19.944 [JavaFX Application Thread] INFO  Engine               - FXGL initialization took: 1,069 sec
08:41:19.944 [JavaFX Application Thread] DEBUG LoopRunner           - Starting loop
08:41:19.953 [JavaFX Application Thread] DEBUG StartupScene         - STARTUP
08:41:19.953 [JavaFX Application Thread] DEBUG Engine               - Starting new game
08:41:19.954 [JavaFX Application Thread] DEBUG MainWindow           - Applying CSS: fxgl_dark.css
08:41:19.954 [JavaFX Application Thread] DEBUG AssetLoader          - Loading from file system: /assets/ui/css/fxgl_dark.css
08:41:19.954 [JavaFX Application Thread] DEBUG AssetLoader          - Loading from file system: /assets/ui/cursors/fxgl_default.png
08:41:19.956 [JavaFX Application Thread] DEBUG Input                - Clearing active input actions
08:41:19.974 [JavaFX Application Thread] DEBUG MainWindow           - StartupScene -> LoadingScene
08:41:19.981 [JavaFX Application Thread] DEBUG Engine               - Removing overlay from StartupScene and adding to LoadingScene
08:41:19.982 [FXGL Background Thread 1 ] DEBUG InitAppTask          - Clearing previous game
08:41:19.982 [FXGL Background Thread 1 ] DEBUG GameWorld            - Clearing game world
08:41:19.982 [FXGL Background Thread 1 ] DEBUG PhysicsWorld         - Clearing physics world
08:41:19.982 [FXGL Background Thread 1 ] DEBUG GameScene            - Clearing game scene
08:41:19.983 [FXGL Background Thread 1 ] DEBUG InitAppTask          - Initializing Game
08:41:19.984 [FXGL Background Thread 1 ] DEBUG AssetLoader          - Loading from file system: /assets/textures/fondoNivel1.jpeg
08:41:20.029 [FXGL Background Thread 1 ] DEBUG AssetLoader          - Loading from file system: /assets/textures/player1.png
08:41:20.050 [FXGL Background Thread 1 ] DEBUG AssetLoader          - Loading from file system: /assets/textures/arma2.png
08:41:20.060 [FXGL Background Thread 1 ] DEBUG InitAppTask          - Initializing Physics
08:41:20.069 [FXGL Background Thread 1 ] DEBUG InitAppTask          - Initializing UI
08:41:20.074 [FXGL Background Thread 1 ] DEBUG InitAppTask          - Initialization Complete
08:41:20.074 [FXGL Background Thread 1 ] INFO  InitAppTask          - Game initialization took: 0,092 sec
08:41:20.154 [JavaFX Application Thread] DEBUG MainWindow           - Applying CSS: fxgl_dark.css
08:41:20.154 [JavaFX Application Thread] DEBUG AssetLoader          - Loading from file system: /assets/ui/css/fxgl_dark.css
08:41:20.155 [JavaFX Application Thread] DEBUG AssetLoader          - Loading from file system: /assets/ui/cursors/fxgl_default.png
08:41:20.157 [JavaFX Application Thread] DEBUG Input                - Clearing active input actions
08:41:20.178 [JavaFX Application Thread] DEBUG MainWindow           - LoadingScene -> GameScene
08:41:20.178 [JavaFX Application Thread] DEBUG Engine               - Removing overlay from LoadingScene and adding to GameScene
08:41:20.279 [JavaFX Application Thread] DEBUG AssetLoader          - Loading from file system: /assets/textures/vida.png
08:41:20.292 [JavaFX Application Thread] FATAL Engine               - Uncaught Exception:

Fatal exception occurred: java.lang.IllegalArgumentException : Component WithWeapon not found!
E: com.almasb.fxgl.entity.Entity.getComponent(Entity.java:270)
E: org.example.MainApp.onUpdate(MainApp.java:89)
E: com.almasb.fxgl.app.Engine$initAppScenes$1.onUpdate(Engine.kt:297)
E: com.almasb.fxgl.scene.Scene.update$fxgl(Scene.kt:80)
E: com.almasb.fxgl.app.MainWindow.onUpdate$fxgl(MainWindow.kt:191)
E: com.almasb.fxgl.app.Engine.loop(Engine.kt:439)
E: com.almasb.fxgl.app.Engine.access$loop(Engine.kt:41)
E: com.almasb.fxgl.app.Engine$loop$1.invoke(Engine.kt:69)
E: com.almasb.fxgl.app.Engine$loop$1.invoke(Engine.kt:41)
E: com.almasb.fxgl.app.LoopRunner.frame(LoopRunner.kt:86)
E: com.almasb.fxgl.app.LoopRunner.access$frame(LoopRunner.kt:17)
E: com.almasb.fxgl.app.LoopRunner$impl$2$1.handle(LoopRunner.kt:37)
E: javafx.animation.AnimationTimer$AnimationTimerReceiver.lambda$handle$0(AnimationTimer.java:57)
E: java.base/java.security.AccessController.doPrivileged(AccessController.java:399)
E: javafx.animation.AnimationTimer$AnimationTimerReceiver.handle(AnimationTimer.java:56)
E: com.sun.scenario.animation.AbstractMasterTimer.timePulseImpl(AbstractMasterTimer.java:357)
E: com.sun.scenario.animation.AbstractMasterTimer$MainLoop.run(AbstractMasterTimer.java:267)
E: com.sun.javafx.tk.quantum.QuantumToolkit.pulse(QuantumToolkit.java:558)
E: com.sun.javafx.tk.quantum.QuantumToolkit.pulse(QuantumToolkit.java:542)
E: com.sun.javafx.tk.quantum.QuantumToolkit.pulseFromQueue(QuantumToolkit.java:535)
E: com.sun.javafx.tk.quantum.QuantumToolkit.lambda$runToolkit$11(QuantumToolkit.java:341)
E: com.sun.glass.ui.InvokeLaterDispatcher$Future.run(InvokeLaterDispatcher.java:96)
E: com.sun.glass.ui.win.WinApplication._runLoop(Native Method)
E: com.sun.glass.ui.win.WinApplication.lambda$runLoop$3(WinApplication.java:174)
E: java.base/java.lang.Thread.run(Thread.java:833)

08:41:20.292 [JavaFX Application Thread] FATAL Engine               - Application will now exit
08:41:20.292 [JavaFX Application Thread] DEBUG LoopRunner           - Stopping loop
08:41:21.629 [JavaFX Application Thread] DEBUG Engine               - Exiting FXGL
08:41:21.630 [JavaFX Application Thread] DEBUG Engine               - Shutting down background threads
08:41:21.630 [JavaFX Application Thread] DEBUG Engine               - Saving FXGL system data
08:41:21.637 [JavaFX Application Thread] DEBUG FSServiceImpl        - Writing to: C:\Users\daron\Downloads\workspace\Programas java\Avanzado\Game2D\system\fxgl.bundle
08:41:21.642 [JavaFX Application Thread] DEBUG Engine               - Closing logger and exiting JavaFX
